This is pdfTeX, Version 3.141592-1.40.3 (Web2C 7.5.6) (format=pdflatex 2010.3.24)  16 NOV 2010 13:19
entering extended mode
**tendenser-i-sikkerhed.tex
(./tendenser-i-sikkerhed.tex
LaTeX2e <2005/12/01>
Babel <v3.8h> and hyphenation patterns for english, usenglishmax, dumylang, noh
yphenation, arabic, basque, bulgarian, coptic, welsh, czech, slovak, german, ng
erman, danish, esperanto, spanish, catalan, galician, estonian, farsi, finnish,
 french, greek, monogreek, ancientgreek, croatian, hungarian, interlingua, ibyc
us, indonesian, icelandic, italian, latin, mongolian, dutch, norsk, polish, por
tuguese, pinyin, romanian, russian, slovenian, uppersorbian, serbian, swedish, 
turkish, ukenglish, ukrainian, loaded.
(/userdata/projects/security-courses/texfiles/foiltex/foils.cls
Document Class: foils 2002/10/29 v2.1.4a FoilTeX Class File, Copyright IBM 1995
,1997,1998,2002
(/userdata/projects/security-courses/texfiles/foiltex/fltfonts.def
File: fltfonts.def 2002/10/29 v2.1.4a FoilTeX font definition file, Copyright I
BM 1995,1997,1998,2002
\symflasy=\mathgroup4
LaTeX Info: Redefining \em on input line 243.
LaTeX Font Info:    Overwriting symbol font `operators' in version `normal'
(Font)                  OT1/cmr/m/n --> OT1/fcmr/m/n on input line 245.
LaTeX Font Info:    Overwriting symbol font `letters' in version `normal'
(Font)                  OML/cmm/m/it --> OML/fcmm/m/it on input line 246.
LaTeX Font Info:    Overwriting symbol font `symbols' in version `normal'
(Font)                  OMS/cmsy/m/n --> OMS/fcmsy/m/n on input line 247.
LaTeX Font Info:    Overwriting symbol font `largesymbols' in version `normal'
(Font)                  OMX/cmex/m/n --> OMX/fcmex/m/n on input line 248.
LaTeX Font Info:    Overwriting symbol font `operators' in version `bold'
(Font)                  OT1/cmr/bx/n --> OT1/fcmr/bx/n on input line 249.
LaTeX Font Info:    Overwriting symbol font `letters' in version `bold'
(Font)                  OML/cmm/b/it --> OML/fcmm/b/it on input line 250.
LaTeX Font Info:    Overwriting symbol font `symbols' in version `bold'
(Font)                  OMS/cmsy/b/n --> OMS/fcmsy/b/n on input line 251.
LaTeX Font Info:    Overwriting symbol font `largesymbols' in version `bold'
(Font)                  OMX/cmex/m/n --> OMX/fcmex/m/n on input line 252.
LaTeX Font Info:    Redeclaring math alphabet \mathrm on input line 253.
LaTeX Font Info:    Redeclaring math alphabet \mathbf on input line 254.
LaTeX Font Info:    Overwriting math alphabet `\mathbf' in version `normal'
(Font)                  OT1/cmr/bx/n --> OT1/fcmr/bx/n on input line 254.
LaTeX Font Info:    Overwriting math alphabet `\mathbf' in version `bold'
(Font)                  OT1/cmr/bx/n --> OT1/fcmr/bx/n on input line 254.
LaTeX Font Info:    Redeclaring math alphabet \mathsf on input line 255.
LaTeX Font Info:    Overwriting math alphabet `\mathsf' in version `normal'
(Font)                  OT1/cmss/m/n --> OT1/fcmss/m/n on input line 255.
LaTeX Font Info:    Overwriting math alphabet `\mathsf' in version `bold'
(Font)                  OT1/cmss/bx/n --> OT1/fcmss/m/n on input line 255.
LaTeX Font Info:    Redeclaring math alphabet \mathit on input line 256.
LaTeX Font Info:    Overwriting math alphabet `\mathit' in version `normal'
(Font)                  OT1/cmr/m/it --> OT1/fcmr/m/it on input line 256.
LaTeX Font Info:    Overwriting math alphabet `\mathit' in version `bold'
(Font)                  OT1/cmr/bx/it --> OT1/fcmr/m/it on input line 256.
LaTeX Font Info:    Redeclaring math alphabet \mathtt on input line 257.
LaTeX Font Info:    Overwriting math alphabet `\mathtt' in version `normal'
(Font)                  OT1/cmtt/m/n --> OT1/fcmtt/m/n on input line 257.
LaTeX Font Info:    Overwriting math alphabet `\mathtt' in version `bold'
(Font)                  OT1/cmtt/m/n --> OT1/fcmtt/m/n on input line 257.
)
(/userdata/projects/security-courses/texfiles/foiltex/foil20.clo
File: foil20.clo 2002/10/29 v2.1.4a FoilTeX file (size option), Copyright IBM 1
995,1997,1998,2002
)
\head@footskip=\dimen102
\@foilheight=\dimen103
\@foilwidth=\dimen104
\abovetitleskip=\skip41
\titleauthorskip=\skip42
\authorauthorskip=\skip43
\authordateskip=\skip44
\dateabstractskip=\skip45
\@tempfootbox=\box26
\@tempfootht=\dimen105
\bibindent=\dimen106
\abovecaptionskip=\skip46
\belowcaptionskip=\skip47
\@captionwidth=\skip48
\captionwidth=\skip49
\abovefloatskip=\skip50
\c@table=\count79
\c@figure=\count80
\foilheadskip=\skip51
\c@Theorem=\count81
\c@Lemma=\count82
\c@Corollary=\count83
\c@Proposition=\count84
\c@Definition=\count85
)
(/userdata/projects/security-courses/texfiles/solido-network-slides.sty
(/usr/local/share/texmf-dist/tex/latex/base/inputenc.sty
Package: inputenc 2006/05/05 v1.1b Input encoding file
\inpenc@prehook=\toks14
\inpenc@posthook=\toks15

(/usr/local/share/texmf-dist/tex/latex/base/latin1.def
File: latin1.def 2006/05/05 v1.1b Input encoding file
))
(/usr/local/share/texmf-dist/tex/latex/psnfss/times.sty
Package: times 2005/04/12 PSNFSS-v9.2a (SPQR) 
)
(/usr/local/share/texmf-dist/tex/latex/graphics/color.sty
Package: color 2005/11/14 v1.0j Standard LaTeX Color (DPC)

(/usr/local/share/texmf/tex/latex/config/color.cfg
File: color.cfg 2007/01/18 v1.5 color configuration of teTeX/TeXLive
)
Package color Info: Driver file: pdftex.def on input line 130.

(/usr/local/share/texmf-dist/tex/latex/pdftex-def/pdftex.def
File: pdftex.def 2007/01/08 v0.04d Graphics/color for pdfTeX
\Gread@gobject=\count86
))
(/usr/local/share/texmf-dist/tex/latex/wallpaper/wallpaper.sty
Package: wallpaper 2005/01/18, v1.01 easy wallpaper formatting (MHFW)

(/usr/local/share/texmf-dist/tex/latex/base/ifthen.sty
Package: ifthen 2001/05/26 v1.1c Standard LaTeX ifthen package (DPC)
)
(/usr/local/share/texmf-dist/tex/latex/tools/calc.sty
Package: calc 2005/08/06 v4.2 Infix arithmetic (KKT,FJ)
\calc@Acount=\count87
\calc@Bcount=\count88
\calc@Adimen=\dimen107
\calc@Bdimen=\dimen108
\calc@Askip=\skip52
\calc@Bskip=\skip53
LaTeX Info: Redefining \setlength on input line 75.
LaTeX Info: Redefining \addtolength on input line 76.
\calc@Ccount=\count89
\calc@Cskip=\skip54
)
(/usr/local/share/texmf-dist/tex/latex/eso-pic/eso-pic.sty
Package: eso-pic 2006/07/14 v1.1d eso-pic (RN)

(/usr/local/share/texmf-dist/tex/latex/everyshi/everyshi.sty
Package: everyshi 2001/05/15 v3.00 EveryShipout Package (MS)
)
(/usr/local/share/texmf-dist/tex/latex/graphics/keyval.sty
Package: keyval 1999/03/16 v1.13 key=value parser (DPC)
\KV@toks@=\toks16
))
(/usr/local/share/texmf-dist/tex/latex/graphics/graphicx.sty
Package: graphicx 1999/02/16 v1.0f Enhanced LaTeX Graphics (DPC,SPQR)

(/usr/local/share/texmf-dist/tex/latex/graphics/graphics.sty
Package: graphics 2006/02/20 v1.0o Standard LaTeX Graphics (DPC,SPQR)

(/usr/local/share/texmf-dist/tex/latex/graphics/trig.sty
Package: trig 1999/03/16 v1.09 sin cos tan (DPC)
)
(/usr/local/share/texmf/tex/latex/config/graphics.cfg
File: graphics.cfg 2007/01/18 v1.5 graphics configuration of teTeX/TeXLive
)
Package graphics Info: Driver file: pdftex.def on input line 90.
)
\Gin@req@height=\dimen109
\Gin@req@width=\dimen110
)
\wpXoffset=\skip55
\wpYoffset=\skip56
\tileXoffset=\skip57
\tileYoffset=\skip58
\tilewidth=\skip59
\tileheight=\skip60
\tileX=\skip61
\tileY=\skip62
)
(/usr/local/share/texmf-dist/tex/latex/hyperref/hyperref.sty
Package: hyperref 2007/02/07 v6.75r Hypertext links for LaTeX
\@linkdim=\dimen111
\Hy@linkcounter=\count90
\Hy@pagecounter=\count91

(/usr/local/share/texmf-dist/tex/latex/hyperref/pd1enc.def
File: pd1enc.def 2007/02/07 v6.75r Hyperref: PDFDocEncoding definition (HO)
)
(/usr/local/share/texmf/tex/latex/config/hyperref.cfg
File: hyperref.cfg 2002/06/06 v1.2 hyperref configuration of TeXLive
)
(/usr/local/share/texmf-dist/tex/latex/oberdiek/kvoptions.sty
Package: kvoptions 2006/08/22 v2.4 Connects package keyval with LaTeX options (
HO)
)
Package hyperref Info: Hyper figures OFF on input line 2288.
Package hyperref Info: Link nesting OFF on input line 2293.
Package hyperref Info: Hyper index ON on input line 2296.
Package hyperref Info: Plain pages OFF on input line 2303.
Package hyperref Info: Backreferencing OFF on input line 2308.

Implicit mode ON; LaTeX internals redefined
Package hyperref Info: Bookmarks ON on input line 2444.
(/usr/local/share/texmf-dist/tex/latex/ltxmisc/url.sty
\Urlmuskip=\muskip10
Package: url 2005/06/27  ver 3.2  Verb mode for urls, etc.
)
LaTeX Info: Redefining \url on input line 2599.
\Fld@menulength=\count92
\Field@Width=\dimen112
\Fld@charsize=\dimen113
\Choice@toks=\toks17
\Field@toks=\toks18
Package hyperref Info: Hyper figures OFF on input line 3102.
Package hyperref Info: Link nesting OFF on input line 3107.
Package hyperref Info: Hyper index ON on input line 3110.
Package hyperref Info: backreferencing OFF on input line 3117.
Package hyperref Info: Link coloring OFF on input line 3122.
\Hy@abspage=\count93
\c@Item=\count94
\c@Hfootnote=\count95
)
*hyperref using default driver hpdftex*
(/usr/local/share/texmf-dist/tex/latex/hyperref/hpdftex.def
File: hpdftex.def 2007/02/07 v6.75r Hyperref driver for pdfTeX
\Fld@listcount=\count96
)
(/userdata/projects/security-courses/texfiles/pagetrans.sty)
(/usr/local/share/texmf-dist/tex/latex/ppower4/pause.sty)
(/usr/local/share/texmf-dist/tex/latex/base/alltt.sty
Package: alltt 1997/06/16 v2.0g defines alltt environment
)
(/usr/local/share/texmf-dist/tex/latex/floatflt/floatflt.sty
Package: floatflt 1997/07/16 v. 1.31
\c@OptionTest=\count97
\figbox=\box27
\tabbox=\box28
\pagebox=\box29
\ffigcount=\count98
\ftabcount=\count99
\fftest=\count100
\hangcount=\count101
\nosuccesstryfig=\count102
\nosuccesstrytab=\count103
\figgutter=\dimen114
\tabgutter=\dimen115
\htdone=\dimen116
\pageht=\dimen117
\startpageht=\dimen118
\tabbredd=\dimen119
\floatfltwidth=\dimen120
\fltitemwidth=\dimen121
\outputpretest=\toks19
)
(/usr/local/share/texmf-dist/tex/latex/wasysym/wasysym.sty
Package: wasysym 2003/10/30 v2.0 Wasy-2 symbol support package
\symwasy=\mathgroup5
LaTeX Font Info:    Overwriting symbol font `wasy' in version `bold'
(Font)                  U/wasy/m/n --> U/wasy/b/n on input line 90.
)
(/usr/local/share/texmf-dist/tex/generic/babel/babel.sty
Package: babel 2005/11/23 v3.8h The Babel package

(/usr/local/share/texmf-dist/tex/generic/babel/danish.ldf
Language: danish 2005/03/30 v1.3p Danish support from the babel system

(/usr/local/share/texmf-dist/tex/generic/babel/babel.def
File: babel.def 2005/11/23 v3.8h Babel common definitions
\babel@savecnt=\count104
\U@D=\dimen122
)
Package babel Info: Making " an active character on input line 82.
)
(/usr/local/share/texmf-dist/tex/generic/babel/english.ldf
Language: english 2005/03/30 v3.3o English support from the babel system
\l@british = a dialect from \language\l@english 
\l@UKenglish = a dialect from \language\l@english 
\l@canadian = a dialect from \language\l@american 
\l@australian = a dialect from \language\l@british 
\l@newzealand = a dialect from \language\l@british 
))
(/usr/local/share/texmf-dist/tex/latex/fancyhdr/fancyhdr.sty
\fancy@headwidth=\skip63
\f@ncyO@elh=\skip64
\f@ncyO@erh=\skip65
\f@ncyO@olh=\skip66
\f@ncyO@orh=\skip67
\f@ncyO@elf=\skip68
\f@ncyO@erf=\skip69
\f@ncyO@olf=\skip70
\f@ncyO@orf=\skip71
)
(/usr/local/share/texmf-dist/tex/latex/moreverb/moreverb.sty
Package: moreverb 1997/12/07 v2.2d.2 `more' verbatim facilities

(/usr/local/share/texmf-dist/tex/latex/tools/verbatim.sty
Package: verbatim 2003/08/22 v1.5q LaTeX2e package for verbatim enhancements
\every@verbatim=\toks20
\verbatim@line=\toks21
\verbatim@in@stream=\read1
)
\verbatim@out=\write3
\tab@position=\count105
\tab@size=\count106
\listing@line=\count107
)
(/usr/local/share/texmf-dist/tex/latex/tools/xr.sty
Package: xr 1994/05/28 v5.02 eXternal References (DPC)
)
Package hyperref Info: Option `colorlinks' set `true' on input line 67.
Package hyperref Info: Option `pdfmenubar' set `true' on input line 67.
Package hyperref Info: Option `pdftoolbar' set `true' on input line 67.
Package color Info: Redefining color titlecolor on input line 282.
)
(./tendenser-i-sikkerhed.aux)
\openout1 = `tendenser-i-sikkerhed.aux'.

LaTeX Font Info:    Checking defaults for OML/cmm/m/it on input line 4.
LaTeX Font Info:    ... okay on input line 4.
LaTeX Font Info:    Checking defaults for T1/cmr/m/n on input line 4.
LaTeX Font Info:    ... okay on input line 4.
LaTeX Font Info:    Checking defaults for OT1/cmr/m/n on input line 4.
LaTeX Font Info:    ... okay on input line 4.
LaTeX Font Info:    Checking defaults for OMS/cmsy/m/n on input line 4.
LaTeX Font Info:    ... okay on input line 4.
LaTeX Font Info:    Checking defaults for OMX/cmex/m/n on input line 4.
LaTeX Font Info:    ... okay on input line 4.
LaTeX Font Info:    Checking defaults for U/cmr/m/n on input line 4.
LaTeX Font Info:    ... okay on input line 4.
LaTeX Font Info:    Checking defaults for PD1/pdf/m/n on input line 4.
LaTeX Font Info:    ... okay on input line 4.
LaTeX Font Info:    Try loading font information for OT1+phv on input line 4.

(/usr/local/share/texmf-dist/tex/latex/psnfss/ot1phv.fd
File: ot1phv.fd 2001/06/04 scalable font definitions for OT1/phv.
)
(/usr/local/share/texmf-dist/tex/context/base/supp-pdf.tex
[Loading MPS to PDF converter (version 2006.09.02).]
\scratchcounter=\count108
\scratchdimen=\dimen123
\scratchbox=\box30
\nofMPsegments=\count109
\nofMParguments=\count110
\MPscratchCnt=\count111
\MPscratchDim=\dimen124
\MPnumerator=\count112
\everyMPtoPDFconversion=\toks22
) ABD: EveryShipout initializing macros
Package hyperref Info: Link coloring ON on input line 4.

(/usr/local/share/texmf-dist/tex/latex/hyperref/nameref.sty
Package: nameref 2006/12/27 v2.28 Cross-referencing by name of section

(/usr/local/share/texmf-dist/tex/latex/oberdiek/refcount.sty
Package: refcount 2006/02/20 v3.0 Data extraction from references (HO)
)
\c@section@level=\count113
)
LaTeX Info: Redefining \ref on input line 4.
LaTeX Info: Redefining \pageref on input line 4.

(./tendenser-i-sikkerhed.out) (./tendenser-i-sikkerhed.out)
\@outlinefile=\write4
\openout4 = `tendenser-i-sikkerhed.out'.

LaTeX Font Info:    Font shape `OT1/phv/bx/n' in size <24.88> not available
(Font)              Font shape `OT1/phv/b/n' tried instead on input line 7.
LaTeX Font Info:    Font shape `OT1/phv/bx/n' in size <35.83> not available
(Font)              Font shape `OT1/phv/b/n' tried instead on input line 7.
LaTeX Font Info:    Font shape `OT1/phv/bx/n' in size <17.28> not available
(Font)              Font shape `OT1/phv/b/n' tried instead on input line 7.
LaTeX Font Info:    Try loading font information for OT1+pcr on input line 7.

(/usr/local/share/texmf-dist/tex/latex/psnfss/ot1pcr.fd
File: ot1pcr.fd 2001/06/04 font definitions for OT1/pcr.
)
LaTeX Font Info:    Try loading font information for U+wasy on input line 7.

(/usr/local/share/texmf-dist/tex/latex/wasysym/uwasy.fd
File: uwasy.fd 2003/10/30 v2.0 Wasy-2 symbol font definitions
)
<solido_networks_solid_RGB.png, id=8, 1003.75pt x 387.4475pt>
File: solido_networks_solid_RGB.png Graphic file (type png)

<use solido_networks_solid_RGB.png>
Overfull \vbox (45.39008pt too high) has occurred while \output is active []

LaTeX Font Info:    Try loading font information for OMS+phv on input line 12.

(/usr/local/share/texmf-dist/tex/latex/psnfss/omsphv.fd
File: omsphv.fd 
)
LaTeX Font Info:    Font shape `OMS/phv/m/n' in size <12> not available
(Font)              Font shape `OMS/cmsy/m/n' tried instead on input line 12.

<networks_front_divider.jpg, id=9, 971.63pt x 257.96375pt>
File: networks_front_divider.jpg Graphic file (type jpg)

<use networks_front_divider.jpg> [1

{/usr/local/share/texmf/fonts/map/pdftex/updmap/pdftex.map} </userdata/projects
/security-courses/images/networks_front_divider.jpg> </userdata/projects/securi
ty-courses/images/solido_networks_solid_RGB.png>]
File: solido_networks_solid_RGB.png Graphic file (type png)
 <use solido_networks_solid_RGB.png>
Overfull \vbox (45.39008pt too high) has occurred while \output is active []


[2] <Shaking-hands_web.jpg, id=24, 602.25pt x 401.5pt>
File: Shaking-hands_web.jpg Graphic file (type jpg)

<use Shaking-hands_web.jpg>
File: solido_networks_solid_RGB.png Graphic file (type png)
 <use solido_networks_solid_RGB.png>
Overfull \vbox (45.39008pt too high) has occurred while \output is active []


[3 </userdata/projects/security-courses/images/Shaking-hands_web.jpg>]
File: solido_networks_solid_RGB.png Graphic file (type png)

<use solido_networks_solid_RGB.png>
Overfull \vbox (45.39008pt too high) has occurred while \output is active []


[4] <DDoS-2010.png, id=34, 871.255pt x 763.85374pt>
File: DDoS-2010.png Graphic file (type png)
 <use DDoS-2010.png>
File: solido_networks_solid_RGB.png Graphic file (type png)

<use solido_networks_solid_RGB.png>
Overfull \vbox (45.39008pt too high) has occurred while \output is active []


[5 </userdata/projects/security-courses/images/DDoS-2010.png (PNG copy)>]
<trustwave-entry.png, id=40, 1229.59375pt x 611.28375pt>
File: trustwave-entry.png Graphic file (type png)

<use trustwave-entry.png>
File: solido_networks_solid_RGB.png Graphic file (type png)
 <use solido_networks_solid_RGB.png>
Overfull \vbox (45.39008pt too high) has occurred while \output is active []


[6 </userdata/projects/security-courses/images/trustwave-entry.png (PNG copy)>]
File: solido_networks_solid_RGB.png Graphic file (type png)
<use solido_networks_solid_RGB.png>
Overfull \vbox (45.39008pt too high) has occurred while \output is active []


[7]
File: solido_networks_solid_RGB.png Graphic file (type png)
 <use solido_networks_solid_RGB.png>
Overfull \vbox (45.39008pt too high) has occurred while \output is active []


[8]
Overfull \hbox (49.93861pt too wide) in paragraph at lines 109--111
[][][]$\OT1/pcr/m/n/14.4 http : / / www . symantec . com / content / en / us / 
enterprise / media / security _ response / whitepapers / w32 _ stuxnet _
 []

File: solido_networks_solid_RGB.png Graphic file (type png)
<use solido_networks_solid_RGB.png>
Overfull \vbox (45.39008pt too high) has occurred while \output is active []


[9]
File: solido_networks_solid_RGB.png Graphic file (type png)
 <use solido_networks_solid_RGB.png>
Overfull \vbox (45.39008pt too high) has occurred while \output is active []


[10]
File: solido_networks_solid_RGB.png Graphic file (type png)
 <use solido_networks_solid_RGB.png>
Overfull \vbox (45.39008pt too high) has occurred while \output is active []


[11] <firesheep.png, id=72, 705.63625pt x 426.59375pt>
File: firesheep.png Graphic file (type png)
 <use firesheep.png>
File: solido_networks_solid_RGB.png Graphic file (type png)

<use solido_networks_solid_RGB.png>
Overfull \vbox (45.39008pt too high) has occurred while \output is active []


[12 </userdata/projects/security-courses/images/firesheep.png>]
<PDF-dissector.png, id=79, 714.67pt x 183.68625pt>
File: PDF-dissector.png Graphic file (type png)
 <use PDF-dissector.png>
File: solido_networks_solid_RGB.png Graphic file (type png)

<use solido_networks_solid_RGB.png>
Overfull \vbox (45.39008pt too high) has occurred while \output is active []


[13 </userdata/projects/security-courses/images/PDF-dissector.png (PNG copy)>]
Overfull \hbox (227.2386pt too wide) in paragraph at lines 179--182
[][]$\OT1/pcr/m/n/14.4 https : / / media . blackhat . com / bh-[]us-[]10 / pres
entations / Zovi / BlackHat-[]USA-[]2010-[]DaiZovi-[]Return-[]Oriented-[]Exploi
tation-[]slides .
 []

File: solido_networks_solid_RGB.png Graphic file (type png)
<use solido_networks_solid_RGB.png>
Overfull \vbox (45.39008pt too high) has occurred while \output is active []


[14]
File: solido_networks_solid_RGB.png Graphic file (type png)
 <use solido_networks_solid_RGB.png>
Overfull \vbox (45.39008pt too high) has occurred while \output is active []


[15]
File: solido_networks_solid_RGB.png Graphic file (type png)
 <use solido_networks_solid_RGB.png>
Overfull \vbox (45.39008pt too high) has occurred while \output is active []


[16]
File: solido_networks_solid_RGB.png Graphic file (type png)
 <use solido_networks_solid_RGB.png>
Overfull \vbox (45.39008pt too high) has occurred while \output is active []


[17] <IPv6ready.png, id=114, 110.4125pt x 140.525pt>
File: IPv6ready.png Graphic file (type png)
 <use IPv6ready.png>
File: solido_networks_solid_RGB.png Graphic file (type png)

<use solido_networks_solid_RGB.png>
Overfull \vbox (45.39008pt too high) has occurred while \output is active []


[18 </userdata/projects/security-courses/images/IPv6ready.png (PNG copy)>]
<twitter-security-feed.png, id=121, 546.04pt x 361.35pt>
File: twitter-security-feed.png Graphic file (type png)

<use twitter-security-feed.png>
File: solido_networks_solid_RGB.png Graphic file (type png)
 <use solido_networks_solid_RGB.png>
Overfull \vbox (45.39008pt too high) has occurred while \output is active []


[19 </userdata/projects/security-courses/images/twitter-security-feed.png (PNG 
copy)>]
File: solido_networks_solid_RGB.png Graphic file (type png)
 <use solido_networks_solid_RGB.png>
Overfull \vbox (45.39008pt too high) has occurred while \output is active []


[20]
Overfull \hbox (8.27469pt too wide) in paragraph at lines 293--295
[][]$\OT1/pcr/m/n/20.74 http : / / samate . nist . gov / index . php / Source _
 Code _ Security _ Analyzers .
 []

File: solido_networks_solid_RGB.png Graphic file (type png)
<use solido_networks_solid_RGB.png>
Overfull \vbox (45.39008pt too high) has occurred while \output is active []


[21]
File: solido_networks_solid_RGB.png Graphic file (type png)
 <use solido_networks_solid_RGB.png>
Overfull \vbox (45.39008pt too high) has occurred while \output is active []


[22] <wwwdnsseckeys_02.png, id=154, 512.91624pt x 152.57pt>
File: wwwdnsseckeys_02.png Graphic file (type png)

<use wwwdnsseckeys_02.png>
File: solido_networks_solid_RGB.png Graphic file (type png)
 <use solido_networks_solid_RGB.png>
Overfull \vbox (45.39008pt too high) has occurred while \output is active []


[23 </userdata/projects/security-courses/images/wwwdnsseckeys_02.png>]
Underfull \hbox (badness 10000) in paragraph at lines 342--343

 []

File: solido_networks_solid_RGB.png Graphic file (type png)
<use solido_networks_solid_RGB.png>
Overfull \vbox (45.39008pt too high) has occurred while \output is active []


[24]
File: solido_networks_solid_RGB.png Graphic file (type png)
 <use solido_networks_solid_RGB.png>
Overfull \vbox (45.39008pt too high) has occurred while \output is active []


[25]
File: solido_networks_solid_RGB.png Graphic file (type png)
 <use solido_networks_solid_RGB.png>
Overfull \vbox (45.39008pt too high) has occurred while \output is active []


[26]
LaTeX Font Info:    Font shape `OMS/phv/m/n' in size <20.74> not available
(Font)              Font shape `OMS/cmsy/m/n' tried instead on input line 392.

Overfull \hbox (272.4386pt too wide) in paragraph at lines 391--394
[][]$\OT1/pcr/m/n/14.4 https : / / media . blackhat . com / bh-[]us-[]10 / whit
epapers / Ristic / BlackHat-[]USA-[]2010-[]Ristic-[]Qualys-[]SSL-[]Survey-[]HTT
P-[]Rating-[]Guide-[]wp-[]v1 .
 []

File: solido_networks_solid_RGB.png Graphic file (type png)
<use solido_networks_solid_RGB.png>
Overfull \vbox (45.39008pt too high) has occurred while \output is active []


[27]
Overfull \hbox (310.9307pt too wide) in paragraph at lines 403--405
[][]$\OT1/pcr/m/n/20.74 http : / / stacksmashing . net / 2010 / 11 / 15 / crack
ing-[]in-[]the-[]cloud-[]amazons-[]new-[]ec2-[]gpu-[]instances/$[][] 
 []

File: solido_networks_solid_RGB.png Graphic file (type png)
<use solido_networks_solid_RGB.png>
Overfull \vbox (45.39008pt too high) has occurred while \output is active []


[28]
File: solido_networks_solid_RGB.png Graphic file (type png)
 <use solido_networks_solid_RGB.png>
Overfull \vbox (45.39008pt too high) has occurred while \output is active []


[29]
File: solido_networks_solid_RGB.png Graphic file (type png)
 <use solido_networks_solid_RGB.png>
Overfull \vbox (45.39008pt too high) has occurred while \output is active []


[30]
File: solido_networks_solid_RGB.png Graphic file (type png)
 <use solido_networks_solid_RGB.png>
Overfull \vbox (45.39008pt too high) has occurred while \output is active []


[31]
File: solido_networks_solid_RGB.png Graphic file (type png)
 <use solido_networks_solid_RGB.png>
Overfull \vbox (45.39008pt too high) has occurred while \output is active []


[32] <DSCF3910s.jpg, id=210, 1027.84pt x 770.88pt>
File: DSCF3910s.jpg Graphic file (type jpg)
 <use DSCF3910s.jpg>
File: solido_networks_solid_RGB.png Graphic file (type png)

<use solido_networks_solid_RGB.png>
Overfull \vbox (45.39008pt too high) has occurred while \output is active []


[33 </userdata/projects/security-courses/images/DSCF3910s.jpg>]
File: solido_networks_solid_RGB.png Graphic file (type png)

<use solido_networks_solid_RGB.png>
Overfull \vbox (45.39008pt too high) has occurred while \output is active []


[34]
File: solido_networks_solid_RGB.png Graphic file (type png)
 <use solido_networks_solid_RGB.png>
Overfull \vbox (45.39008pt too high) has occurred while \output is active []


[35]
File: solido_networks_solid_RGB.png Graphic file (type png)
 <use solido_networks_solid_RGB.png>
Overfull \vbox (45.39008pt too high) has occurred while \output is active []


[36]

LaTeX Font Warning: Font shape `U/wasy/m/n' in size <29.86> not available
(Font)              size <24.88> substituted on input line 525.

File: solido_networks_solid_RGB.png Graphic file (type png)
<use solido_networks_solid_RGB.png>
Overfull \vbox (45.39008pt too high) has occurred while \output is active []


[37] <vikingscan.png, id=237, 887.315pt x 683.55376pt>
File: vikingscan.png Graphic file (type png)
 <use vikingscan.png>
File: solido_networks_solid_RGB.png Graphic file (type png)

<use solido_networks_solid_RGB.png>
Overfull \vbox (45.39008pt too high) has occurred while \output is active []


[38 </userdata/projects/security-courses/images/vikingscan.png (PNG copy)>]
<images/henrik-2009.jpg, id=242, 2793.43625pt x 2285.53876pt>
File: images/henrik-2009.jpg Graphic file (type jpg)

<use images/henrik-2009.jpg>
File: solido_networks_solid_RGB.png Graphic file (type png)
 <use solido_networks_solid_RGB.png>
Overfull \vbox (45.39008pt too high) has occurred while \output is active []


[39 </userdata/projects/security-courses/images/henrik-2009.jpg>]
(./tendenser-i-sikkerhed.aux)

LaTeX Font Warning: Size substitutions with differences
(Font)              up to 4.98pt have occurred.

 ) 
Here is how much of TeX's memory you used:
 4531 strings out of 94073
 64445 string characters out of 1164797
 121042 words of memory out of 1500000
 7671 multiletter control sequences out of 10000+50000
 30363 words of font info for 74 fonts, out of 1200000 for 2000
 645 hyphenation exceptions out of 8191
 39i,11n,45p,506b,365s stack positions out of 5000i,500n,6000p,200000b,5000s
{/usr/local/share/texmf-dist/fonts/enc/dvips/base/8r.enc}</usr/local/share/te
xmf-dist/fonts/type1/bluesky/cm/cmsy10.pfb></usr/local/share/texmf-dist/fonts/t
ype1/bluesky/cm/cmsy7.pfb></usr/local/share/texmf-dist/fonts/type1/urw/courier/
ucrr8a.pfb></usr/local/share/texmf-dist/fonts/type1/urw/helvetic/uhvb8a.pfb></u
sr/local/share/texmf-dist/fonts/type1/urw/helvetic/uhvr8a.pfb></usr/local/share
/texmf-dist/fonts/type1/urw/helvetic/uhvro8a.pfb>
Output written on tendenser-i-sikkerhed.pdf (39 pages, 1184490 bytes).
PDF statistics:
 281 PDF objects out of 1000 (max. 8388607)
 40 named destinations out of 1000 (max. 131072)
 82 words of extra memory for PDF output out of 10000 (max. 10000000)

