This is pdfTeX, Version 3.1415926-2.4-1.40.13 (TeX Live 2012) (format=pdflatex 2012.7.16)  25 JUL 2012 13:35
entering extended mode
 restricted \write18 enabled.
 %&-line parsing enabled.
**network-camp-2012.tex
(./network-camp-2012.tex
LaTeX2e <2011/06/27>
Babel <v3.8m> and hyphenation patterns for english, dumylang, nohyphenation, ge
rman-x-2012-05-30, ngerman-x-2012-05-30, afrikaans, ancientgreek, ibycus, arabi
c, armenian, basque, bulgarian, catalan, pinyin, coptic, croatian, czech, danis
h, dutch, ukenglish, usenglishmax, esperanto, estonian, ethiopic, farsi, finnis
h, french, friulan, galician, german, ngerman, swissgerman, monogreek, greek, h
ungarian, icelandic, assamese, bengali, gujarati, hindi, kannada, malayalam, ma
rathi, oriya, panjabi, tamil, telugu, indonesian, interlingua, irish, italian, 
kurmanji, latin, latvian, lithuanian, mongolian, mongolianlmc, bokmal, nynorsk,
 polish, portuguese, romanian, romansh, russian, sanskrit, serbian, serbianc, s
lovak, slovenian, spanish, swedish, turkish, turkmen, ukrainian, uppersorbian, 
welsh, loaded.
(/userdata/projects/github/security-courses/texfiles/foiltex/foils.cls
Document Class: foils 2002/10/29 v2.1.4a FoilTeX Class File, Copyright IBM 1995
,1997,1998,2002
(/userdata/projects/github/security-courses/texfiles/foiltex/fltfonts.def
File: fltfonts.def 2002/10/29 v2.1.4a FoilTeX font definition file, Copyright I
BM 1995,1997,1998,2002
\symflasy=\mathgroup4
LaTeX Info: Redefining \em on input line 243.
LaTeX Font Info:    Overwriting symbol font `operators' in version `normal'
(Font)                  OT1/cmr/m/n --> OT1/fcmr/m/n on input line 245.
LaTeX Font Info:    Overwriting symbol font `letters' in version `normal'
(Font)                  OML/cmm/m/it --> OML/fcmm/m/it on input line 246.
LaTeX Font Info:    Overwriting symbol font `symbols' in version `normal'
(Font)                  OMS/cmsy/m/n --> OMS/fcmsy/m/n on input line 247.
LaTeX Font Info:    Overwriting symbol font `largesymbols' in version `normal'
(Font)                  OMX/cmex/m/n --> OMX/fcmex/m/n on input line 248.
LaTeX Font Info:    Overwriting symbol font `operators' in version `bold'
(Font)                  OT1/cmr/bx/n --> OT1/fcmr/bx/n on input line 249.
LaTeX Font Info:    Overwriting symbol font `letters' in version `bold'
(Font)                  OML/cmm/b/it --> OML/fcmm/b/it on input line 250.
LaTeX Font Info:    Overwriting symbol font `symbols' in version `bold'
(Font)                  OMS/cmsy/b/n --> OMS/fcmsy/b/n on input line 251.
LaTeX Font Info:    Overwriting symbol font `largesymbols' in version `bold'
(Font)                  OMX/cmex/m/n --> OMX/fcmex/m/n on input line 252.
LaTeX Font Info:    Redeclaring math alphabet \mathrm on input line 253.
LaTeX Font Info:    Redeclaring math alphabet \mathbf on input line 254.
LaTeX Font Info:    Overwriting math alphabet `\mathbf' in version `normal'
(Font)                  OT1/cmr/bx/n --> OT1/fcmr/bx/n on input line 254.
LaTeX Font Info:    Overwriting math alphabet `\mathbf' in version `bold'
(Font)                  OT1/cmr/bx/n --> OT1/fcmr/bx/n on input line 254.
LaTeX Font Info:    Redeclaring math alphabet \mathsf on input line 255.
LaTeX Font Info:    Overwriting math alphabet `\mathsf' in version `normal'
(Font)                  OT1/cmss/m/n --> OT1/fcmss/m/n on input line 255.
LaTeX Font Info:    Overwriting math alphabet `\mathsf' in version `bold'
(Font)                  OT1/cmss/bx/n --> OT1/fcmss/m/n on input line 255.
LaTeX Font Info:    Redeclaring math alphabet \mathit on input line 256.
LaTeX Font Info:    Overwriting math alphabet `\mathit' in version `normal'
(Font)                  OT1/cmr/m/it --> OT1/fcmr/m/it on input line 256.
LaTeX Font Info:    Overwriting math alphabet `\mathit' in version `bold'
(Font)                  OT1/cmr/bx/it --> OT1/fcmr/m/it on input line 256.
LaTeX Font Info:    Redeclaring math alphabet \mathtt on input line 257.
LaTeX Font Info:    Overwriting math alphabet `\mathtt' in version `normal'
(Font)                  OT1/cmtt/m/n --> OT1/fcmtt/m/n on input line 257.
LaTeX Font Info:    Overwriting math alphabet `\mathtt' in version `bold'
(Font)                  OT1/cmtt/m/n --> OT1/fcmtt/m/n on input line 257.
)
(/userdata/projects/github/security-courses/texfiles/foiltex/foil20.clo
File: foil20.clo 2002/10/29 v2.1.4a FoilTeX file (size option), Copyright IBM 1
995,1997,1998,2002
)
\head@footskip=\dimen102
\@foilheight=\dimen103
\@foilwidth=\dimen104
\abovetitleskip=\skip41
\titleauthorskip=\skip42
\authorauthorskip=\skip43
\authordateskip=\skip44
\dateabstractskip=\skip45
\@tempfootbox=\box26
\@tempfootht=\dimen105
\bibindent=\dimen106
\abovecaptionskip=\skip46
\belowcaptionskip=\skip47
\@captionwidth=\skip48
\captionwidth=\skip49
\abovefloatskip=\skip50
\c@table=\count79
\c@figure=\count80
\foilheadskip=\skip51
\c@Theorem=\count81
\c@Lemma=\count82
\c@Corollary=\count83
\c@Proposition=\count84
\c@Definition=\count85
)
(/userdata/projects/github/security-courses/texfiles/thecamp-slides.sty
(/usr/local/texlive/2012/texmf-dist/tex/latex/base/inputenc.sty
Package: inputenc 2008/03/30 v1.1d Input encoding file
\inpenc@prehook=\toks14
\inpenc@posthook=\toks15

(/usr/local/texlive/2012/texmf-dist/tex/latex/base/latin1.def
File: latin1.def 2008/03/30 v1.1d Input encoding file
))
(/usr/local/texlive/2012/texmf-dist/tex/latex/psnfss/times.sty
Package: times 2005/04/12 PSNFSS-v9.2a (SPQR) 
)
(/usr/local/texlive/2012/texmf-dist/tex/latex/graphics/color.sty
Package: color 2005/11/14 v1.0j Standard LaTeX Color (DPC)

(/usr/local/texlive/2012/texmf-dist/tex/latex/latexconfig/color.cfg
File: color.cfg 2007/01/18 v1.5 color configuration of teTeX/TeXLive
)
Package color Info: Driver file: pdftex.def on input line 130.

(/usr/local/texlive/2012/texmf-dist/tex/latex/pdftex-def/pdftex.def
File: pdftex.def 2011/05/27 v0.06d Graphics/color for pdfTeX

(/usr/local/texlive/2012/texmf-dist/tex/generic/oberdiek/infwarerr.sty
Package: infwarerr 2010/04/08 v1.3 Providing info/warning/error messages (HO)
)
(/usr/local/texlive/2012/texmf-dist/tex/generic/oberdiek/ltxcmds.sty
Package: ltxcmds 2011/11/09 v1.22 LaTeX kernel commands for general use (HO)
)
\Gread@gobject=\count86
))
(/usr/local/texlive/2012/texmf-dist/tex/latex/wallpaper/wallpaper.sty
Package: wallpaper 2005/01/18, v1.01 easy wallpaper formatting (MHFW)

(/usr/local/texlive/2012/texmf-dist/tex/latex/base/ifthen.sty
Package: ifthen 2001/05/26 v1.1c Standard LaTeX ifthen package (DPC)
)
(/usr/local/texlive/2012/texmf-dist/tex/latex/tools/calc.sty
Package: calc 2007/08/22 v4.3 Infix arithmetic (KKT,FJ)
\calc@Acount=\count87
\calc@Bcount=\count88
\calc@Adimen=\dimen107
\calc@Bdimen=\dimen108
\calc@Askip=\skip52
\calc@Bskip=\skip53
LaTeX Info: Redefining \setlength on input line 76.
LaTeX Info: Redefining \addtolength on input line 77.
\calc@Ccount=\count89
\calc@Cskip=\skip54
)
(/usr/local/texlive/2012/texmf-dist/tex/latex/eso-pic/eso-pic.sty
Package: eso-pic 2010/10/06 v2.0c eso-pic (RN)

(/usr/local/texlive/2012/texmf-dist/tex/generic/oberdiek/atbegshi.sty
Package: atbegshi 2011/10/05 v1.16 At begin shipout hook (HO)

(/usr/local/texlive/2012/texmf-dist/tex/generic/oberdiek/ifpdf.sty
Package: ifpdf 2011/01/30 v2.3 Provides the ifpdf switch (HO)
Package ifpdf Info: pdfTeX in PDF mode is detected.
))
(/usr/local/texlive/2012/texmf-dist/tex/latex/graphics/keyval.sty
Package: keyval 1999/03/16 v1.13 key=value parser (DPC)
\KV@toks@=\toks16
))
(/usr/local/texlive/2012/texmf-dist/tex/latex/graphics/graphicx.sty
Package: graphicx 1999/02/16 v1.0f Enhanced LaTeX Graphics (DPC,SPQR)

(/usr/local/texlive/2012/texmf-dist/tex/latex/graphics/graphics.sty
Package: graphics 2009/02/05 v1.0o Standard LaTeX Graphics (DPC,SPQR)

(/usr/local/texlive/2012/texmf-dist/tex/latex/graphics/trig.sty
Package: trig 1999/03/16 v1.09 sin cos tan (DPC)
)
(/usr/local/texlive/2012/texmf-dist/tex/latex/latexconfig/graphics.cfg
File: graphics.cfg 2010/04/23 v1.9 graphics configuration of TeX Live
)
Package graphics Info: Driver file: pdftex.def on input line 91.
)
\Gin@req@height=\dimen109
\Gin@req@width=\dimen110
)
\wpXoffset=\skip55
\wpYoffset=\skip56
\tileXoffset=\skip57
\tileYoffset=\skip58
\tilewidth=\skip59
\tileheight=\skip60
\tileX=\skip61
\tileY=\skip62
)
(/usr/local/texlive/2012/texmf-dist/tex/latex/hyperref/hyperref.sty
Package: hyperref 2012/05/13 v6.82q Hypertext links for LaTeX

(/usr/local/texlive/2012/texmf-dist/tex/generic/oberdiek/hobsub-hyperref.sty
Package: hobsub-hyperref 2012/05/28 v1.13 Bundle oberdiek, subset hyperref (HO)


(/usr/local/texlive/2012/texmf-dist/tex/generic/oberdiek/hobsub-generic.sty
Package: hobsub-generic 2012/05/28 v1.13 Bundle oberdiek, subset generic (HO)
Package: hobsub 2012/05/28 v1.13 Construct package bundles (HO)
Package hobsub Info: Skipping package `infwarerr' (already loaded).
Package hobsub Info: Skipping package `ltxcmds' (already loaded).
Package: ifluatex 2010/03/01 v1.3 Provides the ifluatex switch (HO)
Package ifluatex Info: LuaTeX not detected.
Package: ifvtex 2010/03/01 v1.5 Detect VTeX and its facilities (HO)
Package ifvtex Info: VTeX not detected.
Package: intcalc 2007/09/27 v1.1 Expandable calculations with integers (HO)
Package hobsub Info: Skipping package `ifpdf' (already loaded).
Package: etexcmds 2011/02/16 v1.5 Avoid name clashes with e-TeX commands (HO)
Package etexcmds Info: Could not find \expanded.
(etexcmds)             That can mean that you are not using pdfTeX 1.50 or
(etexcmds)             that some package has redefined \expanded.
(etexcmds)             In the latter case, load this package earlier.
Package: kvsetkeys 2012/04/25 v1.16 Key value parser (HO)
Package: kvdefinekeys 2011/04/07 v1.3 Define keys (HO)
Package: pdftexcmds 2011/11/29 v0.20 Utility functions of pdfTeX for LuaTeX (HO
)
Package pdftexcmds Info: LuaTeX not detected.
Package pdftexcmds Info: \pdf@primitive is available.
Package pdftexcmds Info: \pdf@ifprimitive is available.
Package pdftexcmds Info: \pdfdraftmode found.
Package: pdfescape 2011/11/25 v1.13 Implements pdfTeX's escape features (HO)
Package: bigintcalc 2012/04/08 v1.3 Expandable calculations on big integers (HO
)
Package: bitset 2011/01/30 v1.1 Handle bit-vector datatype (HO)
Package: uniquecounter 2011/01/30 v1.2 Provide unlimited unique counter (HO)
)
Package hobsub Info: Skipping package `hobsub' (already loaded).
Package: letltxmacro 2010/09/02 v1.4 Let assignment for LaTeX macros (HO)
Package: hopatch 2012/05/28 v1.2 Wrapper for package hooks (HO)
Package: xcolor-patch 2011/01/30 xcolor patch
Package: atveryend 2011/06/30 v1.8 Hooks at the very end of document (HO)
Package atveryend Info: \enddocument detected (standard20110627).
Package hobsub Info: Skipping package `atbegshi' (already loaded).
Package: refcount 2011/10/16 v3.4 Data extraction from label references (HO)
Package: hycolor 2011/01/30 v1.7 Color options for hyperref/bookmark (HO)
)
(/usr/local/texlive/2012/texmf-dist/tex/generic/ifxetex/ifxetex.sty
Package: ifxetex 2010/09/12 v0.6 Provides ifxetex conditional
)
(/usr/local/texlive/2012/texmf-dist/tex/latex/oberdiek/kvoptions.sty
Package: kvoptions 2011/06/30 v3.11 Key value format for package options (HO)
)
\@linkdim=\dimen111
\Hy@linkcounter=\count90
\Hy@pagecounter=\count91

(/usr/local/texlive/2012/texmf-dist/tex/latex/hyperref/pd1enc.def
File: pd1enc.def 2012/05/13 v6.82q Hyperref: PDFDocEncoding definition (HO)
)
\Hy@SavedSpaceFactor=\count92

(/usr/local/texlive/2012/texmf-dist/tex/latex/latexconfig/hyperref.cfg
File: hyperref.cfg 2002/06/06 v1.2 hyperref configuration of TeXLive
)
Package hyperref Info: Hyper figures OFF on input line 4062.
Package hyperref Info: Link nesting OFF on input line 4067.
Package hyperref Info: Hyper index ON on input line 4070.
Package hyperref Info: Plain pages OFF on input line 4077.
Package hyperref Info: Backreferencing OFF on input line 4082.
Package hyperref Info: Implicit mode ON; LaTeX internals redefined.
Package hyperref Info: Bookmarks ON on input line 4300.
\c@Hy@tempcnt=\count93

(/usr/local/texlive/2012/texmf-dist/tex/latex/url/url.sty
\Urlmuskip=\muskip10
Package: url 2006/04/12  ver 3.3  Verb mode for urls, etc.
)
LaTeX Info: Redefining \url on input line 4653.
\Fld@menulength=\count94
\Field@Width=\dimen112
\Fld@charsize=\dimen113
Package hyperref Info: Hyper figures OFF on input line 5773.
Package hyperref Info: Link nesting OFF on input line 5778.
Package hyperref Info: Hyper index ON on input line 5781.
Package hyperref Info: backreferencing OFF on input line 5788.
Package hyperref Info: Link coloring OFF on input line 5793.
Package hyperref Info: Link coloring with OCG OFF on input line 5798.
Package hyperref Info: PDF/A mode OFF on input line 5803.
LaTeX Info: Redefining \ref on input line 5843.
LaTeX Info: Redefining \pageref on input line 5847.
\Hy@abspage=\count95
\c@Item=\count96
\c@Hfootnote=\count97
)

Package hyperref Message: Driver (autodetected): hpdftex.

(/usr/local/texlive/2012/texmf-dist/tex/latex/hyperref/hpdftex.def
File: hpdftex.def 2012/05/13 v6.82q Hyperref driver for pdfTeX
\Fld@listcount=\count98
\c@bookmark@seq@number=\count99

(/usr/local/texlive/2012/texmf-dist/tex/latex/oberdiek/rerunfilecheck.sty
Package: rerunfilecheck 2011/04/15 v1.7 Rerun checks for auxiliary files (HO)
Package uniquecounter Info: New unique counter `rerunfilecheck' on input line 2
82.
)
\Hy@SectionHShift=\skip63
)
(/userdata/security6.net/templates/texslides/pause.sty)
(/usr/local/texlive/2012/texmf-dist/tex/latex/base/alltt.sty
Package: alltt 1997/06/16 v2.0g defines alltt environment
)
(/usr/local/texlive/2012/texmf-dist/tex/latex/wasysym/wasysym.sty
Package: wasysym 2003/10/30 v2.0 Wasy-2 symbol support package
\symwasy=\mathgroup5
LaTeX Font Info:    Overwriting symbol font `wasy' in version `bold'
(Font)                  U/wasy/m/n --> U/wasy/b/n on input line 90.
)
(/usr/local/texlive/2012/texmf-dist/tex/generic/babel/babel.sty
Package: babel 2008/07/08 v3.8m The Babel package

(/usr/local/texlive/2012/texmf-dist/tex/generic/babel/danish.ldf
Language: danish 2009/09/19 v1.3r Danish support from the babel system

(/usr/local/texlive/2012/texmf-dist/tex/generic/babel/babel.def
File: babel.def 2008/07/08 v3.8m Babel common definitions
\babel@savecnt=\count100
\U@D=\dimen114
)
Package babel Info: Making " an active character on input line 82.
)
(/usr/local/texlive/2012/texmf-dist/tex/generic/babel/english.ldf
Language: english 2005/03/30 v3.3o English support from the babel system
\l@canadian = a dialect from \language\l@american 
\l@australian = a dialect from \language\l@british 
\l@newzealand = a dialect from \language\l@british 
))
(/usr/local/texlive/2012/texmf-dist/tex/latex/fancyhdr/fancyhdr.sty
\fancy@headwidth=\skip64
\f@ncyO@elh=\skip65
\f@ncyO@erh=\skip66
\f@ncyO@olh=\skip67
\f@ncyO@orh=\skip68
\f@ncyO@elf=\skip69
\f@ncyO@erf=\skip70
\f@ncyO@olf=\skip71
\f@ncyO@orf=\skip72
)
(/usr/local/texlive/2012/texmf-dist/tex/latex/moreverb/moreverb.sty
Package: moreverb 2008/06/03 v2.3a `more' verbatim facilities

(/usr/local/texlive/2012/texmf-dist/tex/latex/tools/verbatim.sty
Package: verbatim 2003/08/22 v1.5q LaTeX2e package for verbatim enhancements
\every@verbatim=\toks17
\verbatim@line=\toks18
\verbatim@in@stream=\read1
)
\tab@position=\count101
\tab@size=\count102
\listing@line=\count103
)
(/usr/local/texlive/2012/texmf-dist/tex/latex/tools/xr.sty
Package: xr 1994/05/28 v5.02 eXternal References (DPC)
)
(/usr/local/texlive/2012/texmf-dist/tex/latex/wrapfig/wrapfig.sty
\wrapoverhang=\dimen115
\WF@size=\dimen116
\c@WF@wrappedlines=\count104
\WF@box=\box27
\WF@everypar=\toks19
Package: wrapfig 2003/01/31  v 3.6
)
Package hyperref Info: Option `colorlinks' set `true' on input line 69.
Package hyperref Info: Option `pdfmenubar' set `true' on input line 69.
Package hyperref Info: Option `pdftoolbar' set `true' on input line 69.
Package color Info: Redefining color titlecolor on input line 294.
Package color Info: Redefining color titlecolor on input line 298.
)
(./network-camp-2012.aux)
\openout1 = `network-camp-2012.aux'.

LaTeX Font Info:    Checking defaults for OML/cmm/m/it on input line 4.
LaTeX Font Info:    ... okay on input line 4.
LaTeX Font Info:    Checking defaults for T1/cmr/m/n on input line 4.
LaTeX Font Info:    ... okay on input line 4.
LaTeX Font Info:    Checking defaults for OT1/cmr/m/n on input line 4.
LaTeX Font Info:    ... okay on input line 4.
LaTeX Font Info:    Checking defaults for OMS/cmsy/m/n on input line 4.
LaTeX Font Info:    ... okay on input line 4.
LaTeX Font Info:    Checking defaults for OMX/cmex/m/n on input line 4.
LaTeX Font Info:    ... okay on input line 4.
LaTeX Font Info:    Checking defaults for U/cmr/m/n on input line 4.
LaTeX Font Info:    ... okay on input line 4.
LaTeX Font Info:    Checking defaults for PD1/pdf/m/n on input line 4.
LaTeX Font Info:    ... okay on input line 4.
LaTeX Font Info:    Try loading font information for OT1+phv on input line 4.

(/usr/local/texlive/2012/texmf-dist/tex/latex/psnfss/ot1phv.fd
File: ot1phv.fd 2001/06/04 scalable font definitions for OT1/phv.
)
(/usr/local/texlive/2012/texmf-dist/tex/context/base/supp-pdf.mkii
[Loading MPS to PDF converter (version 2006.09.02).]
\scratchcounter=\count105
\scratchdimen=\dimen117
\scratchbox=\box28
\nofMPsegments=\count106
\nofMParguments=\count107
\everyMPshowfont=\toks20
\MPscratchCnt=\count108
\MPscratchDim=\dimen118
\MPnumerator=\count109
\makeMPintoPDFobject=\count110
\everyMPtoPDFconversion=\toks21
)
\AtBeginShipoutBox=\box29
 (/usr/local/texlive/2012/texmf-dist/tex/latex/oberdiek/epstopdf-base.sty
Package: epstopdf-base 2010/02/09 v2.5 Base part for package epstopdf

(/usr/local/texlive/2012/texmf-dist/tex/latex/oberdiek/grfext.sty
Package: grfext 2010/08/19 v1.1 Manage graphics extensions (HO)
)
Package grfext Info: Graphics extension search list:
(grfext)             [.png,.pdf,.jpg,.mps,.jpeg,.jbig2,.jb2,.PNG,.PDF,.JPG,.JPE
G,.JBIG2,.JB2,.eps]
(grfext)             \AppendGraphicsExtensions on input line 452.

(/usr/local/texlive/2012/texmf-dist/tex/latex/latexconfig/epstopdf-sys.cfg
File: epstopdf-sys.cfg 2010/07/13 v1.3 Configuration of (r)epstopdf for TeX Liv
e
))
Package hyperref Info: Link coloring ON on input line 4.

(/usr/local/texlive/2012/texmf-dist/tex/latex/hyperref/nameref.sty
Package: nameref 2010/04/30 v2.40 Cross-referencing by name of section

(/usr/local/texlive/2012/texmf-dist/tex/generic/oberdiek/gettitlestring.sty
Package: gettitlestring 2010/12/03 v1.4 Cleanup title references (HO)
)
\c@section@level=\count111
)
LaTeX Info: Redefining \ref on input line 4.
LaTeX Info: Redefining \pageref on input line 4.
LaTeX Info: Redefining \nameref on input line 4.

(./network-camp-2012.out) (./network-camp-2012.out)
\@outlinefile=\write3
\openout3 = `network-camp-2012.out'.

LaTeX Font Info:    Font shape `OT1/phv/bx/n' in size <24.88> not available
(Font)              Font shape `OT1/phv/b/n' tried instead on input line 7.
LaTeX Font Info:    Font shape `OT1/phv/bx/n' in size <29.86> not available
(Font)              Font shape `OT1/phv/b/n' tried instead on input line 7.

<Wiki_thecamp.png, id=4, 505.89pt x 50.1875pt>
File: Wiki_thecamp.png Graphic file (type png)
 <use Wiki_thecamp.png>
Package pdftex.def Info: Wiki_thecamp.png used on input line 7.
(pdftex.def)             Requested size: 455.24408pt x 45.16371pt.

<thecamp-cat5.png, id=5, 135.50626pt x 135.50626pt>
File: thecamp-cat5.png Graphic file (type png)
 <use thecamp-cat5.png>
Package pdftex.def Info: thecamp-cat5.png used on input line 10.
(pdftex.def)             Requested size: 113.81102pt x 113.81412pt.

Overfull \vbox (115.2783pt too high) has occurred while \output is active []

LaTeX Font Info:    Try loading font information for OMS+phv on input line 10.

(/usr/local/texlive/2012/texmf-dist/tex/latex/psnfss/omsphv.fd
File: omsphv.fd 
)
LaTeX Font Info:    Font shape `OMS/phv/m/n' in size <12> not available
(Font)              Font shape `OMS/cmsy/m/n' tried instead on input line 10.
 [1

{/usr/local/texlive/2012/texmf-var/fonts/map/pdftex/updmap/pdftex.map} </userda
ta/projects/github/security-courses/images/thecamp-cat5.png> </userdata/project
s/github/security-courses/images/Wiki_thecamp.png>]
File: thecamp-cat5.png Graphic file (type png)
 <use thecamp-cat5.png>
Package pdftex.def Info: thecamp-cat5.png used on input line 25.
(pdftex.def)             Requested size: 113.81102pt x 113.81412pt.

Overfull \vbox (115.2783pt too high) has occurred while \output is active []


[2] <images/henrik-2009.jpg, id=20, 2793.43625pt x 2285.53876pt>
File: images/henrik-2009.jpg Graphic file (type jpg)

<use images/henrik-2009.jpg>
Package pdftex.def Info: images/henrik-2009.jpg used on input line 25.
(pdftex.def)             Requested size: 227.62204pt x 186.22966pt.
LaTeX Font Info:    Try loading font information for U+wasy on input line 25.

(/usr/local/texlive/2012/texmf-dist/tex/latex/wasysym/uwasy.fd
File: uwasy.fd 2003/10/30 v2.0 Wasy-2 symbol font definitions
)
File: thecamp-cat5.png Graphic file (type png)

<use thecamp-cat5.png>
Package pdftex.def Info: thecamp-cat5.png used on input line 27.
(pdftex.def)             Requested size: 113.81102pt x 113.81412pt.

Overfull \vbox (115.2783pt too high) has occurred while \output is active []


[3 </userdata/projects/github/security-courses/images/henrik-2009.jpg>]
File: thecamp-cat5.png Graphic file (type png)

<use thecamp-cat5.png>
Package pdftex.def Info: thecamp-cat5.png used on input line 44.
(pdftex.def)             Requested size: 113.81102pt x 113.81412pt.

Overfull \vbox (115.2783pt too high) has occurred while \output is active []


[4] <images/transit-net-cph-1-customer.pdf, id=30, 387.4475pt x 247.92625pt>
File: images/transit-net-cph-1-customer.pdf Graphic file (type pdf)

<use images/transit-net-cph-1-customer.pdf>
Package pdftex.def Info: images/transit-net-cph-1-customer.pdf used on input li
ne 46.
(pdftex.def)             Requested size: 483.69684pt x 309.52118pt.
LaTeX Font Info:    Try loading font information for OT1+pcr on input line 51.

(/usr/local/texlive/2012/texmf-dist/tex/latex/psnfss/ot1pcr.fd
File: ot1pcr.fd 2001/06/04 font definitions for OT1/pcr.
)
File: thecamp-cat5.png Graphic file (type png)

<use thecamp-cat5.png>
Package pdftex.def Info: thecamp-cat5.png used on input line 54.
(pdftex.def)             Requested size: 113.81102pt x 113.81412pt.

Overfull \vbox (115.2783pt too high) has occurred while \output is active []


[5 <./images/transit-net-cph-1-customer.pdf>]
<images/europe-interxion-luxconnect.pdf, id=167, 551.05875pt x 277.035pt>
File: images/europe-interxion-luxconnect.pdf Graphic file (type pdf)

<use images/europe-interxion-luxconnect.pdf>
Package pdftex.def Info: images/europe-interxion-luxconnect.pdf used on input l
ine 56.
(pdftex.def)             Requested size: 654.41338pt x 329.02475pt.
File: thecamp-cat5.png Graphic file (type png)
 <use thecamp-cat5.png>
Package pdftex.def Info: thecamp-cat5.png used on input line 60.
(pdftex.def)             Requested size: 113.81102pt x 113.81412pt.

Overfull \vbox (115.2783pt too high) has occurred while \output is active []


[6 <./images/europe-interxion-luxconnect.pdf>]
File: thecamp-cat5.png Graphic file (type png)
 <use thecamp-cat5.png>
Package pdftex.def Info: thecamp-cat5.png used on input line 71.
(pdftex.def)             Requested size: 113.81102pt x 113.81412pt.

Overfull \vbox (115.2783pt too high) has occurred while \output is active []


[7] <images/shuttle-sx58h7.png, id=214, 207.174pt x 152.9715pt>
File: images/shuttle-sx58h7.png Graphic file (type png)

<use images/shuttle-sx58h7.png>
Package pdftex.def Info: images/shuttle-sx58h7.png used on input line 72.
(pdftex.def)             Requested size: 227.62204pt x 168.07074pt.
File: thecamp-cat5.png Graphic file (type png)
 <use thecamp-cat5.png>
Package pdftex.def Info: thecamp-cat5.png used on input line 84.
(pdftex.def)             Requested size: 113.81102pt x 113.81412pt.

Overfull \vbox (115.2783pt too high) has occurred while \output is active []


[8 <./images/shuttle-sx58h7.png>]
File: thecamp-cat5.png Graphic file (type png)
 <use thecamp-cat5.png>
Package pdftex.def Info: thecamp-cat5.png used on input line 104.
(pdftex.def)             Requested size: 113.81102pt x 113.81412pt.

Overfull \vbox (115.2783pt too high) has occurred while \output is active []


[9] <images/compare-osi-ip.pdf, id=226, 451.6875pt x 717.68124pt>
File: images/compare-osi-ip.pdf Graphic file (type pdf)

<use images/compare-osi-ip.pdf>
Package pdftex.def Info: images/compare-osi-ip.pdf used on input line 106.
(pdftex.def)             Requested size: 398.33858pt x 632.95221pt.
File: thecamp-cat5.png Graphic file (type png)
 <use thecamp-cat5.png>
Package pdftex.def Info: thecamp-cat5.png used on input line 108.
(pdftex.def)             Requested size: 113.81102pt x 113.81412pt.

Overfull \vbox (115.2783pt too high) has occurred while \output is active []


[10 </userdata/projects/github/security-courses/images/compare-osi-ip.pdf, page
 is rotated 90 degrees>]
File: thecamp-cat5.png Graphic file (type png)
 <use thecamp-cat5.png>
Package pdftex.def Info: thecamp-cat5.png used on input line 121.
(pdftex.def)             Requested size: 113.81102pt x 113.81412pt.

Overfull \vbox (115.2783pt too high) has occurred while \output is active []


[11] <images/email-to-porn.pdf, id=241, 500.87125pt x 233.87375pt>
File: images/email-to-porn.pdf Graphic file (type pdf)

<use images/email-to-porn.pdf>
Package pdftex.def Info: images/email-to-porn.pdf used on input line 122.
(pdftex.def)             Requested size: 398.33858pt x 186.00723pt.
File: thecamp-cat5.png Graphic file (type png)
 <use thecamp-cat5.png>
Package pdftex.def Info: thecamp-cat5.png used on input line 134.
(pdftex.def)             Requested size: 113.81102pt x 113.81412pt.

Overfull \vbox (115.2783pt too high) has occurred while \output is active []


[12 <./images/email-to-porn.pdf>]
File: thecamp-cat5.png Graphic file (type png)
 <use thecamp-cat5.png>
Package pdftex.def Info: thecamp-cat5.png used on input line 144.
(pdftex.def)             Requested size: 113.81102pt x 113.81412pt.

Overfull \vbox (115.2783pt too high) has occurred while \output is active []


[13]
File: thecamp-cat5.png Graphic file (type png)
 <use thecamp-cat5.png>
Package pdftex.def Info: thecamp-cat5.png used on input line 161.
(pdftex.def)             Requested size: 113.81102pt x 113.81412pt.

Overfull \vbox (115.2783pt too high) has occurred while \output is active []


[14] <images/bdp-examples.png, id=284, 524.96124pt x 273.02pt>
File: images/bdp-examples.png Graphic file (type png)

<use images/bdp-examples.png>
Package pdftex.def Info: images/bdp-examples.png used on input line 162.
(pdftex.def)             Requested size: 512.1496pt x 266.36632pt.
File: thecamp-cat5.png Graphic file (type png)
 <use thecamp-cat5.png>
Package pdftex.def Info: thecamp-cat5.png used on input line 166.
(pdftex.def)             Requested size: 113.81102pt x 113.81412pt.

Overfull \vbox (115.2783pt too high) has occurred while \output is active []


[15 <./images/bdp-examples.png>]
File: thecamp-cat5.png Graphic file (type png)
 <use thecamp-cat5.png>
Package pdftex.def Info: thecamp-cat5.png used on input line 179.
(pdftex.def)             Requested size: 113.81102pt x 113.81412pt.

Overfull \vbox (115.2783pt too high) has occurred while \output is active []


[16]
File: thecamp-cat5.png Graphic file (type png)
 <use thecamp-cat5.png>
Package pdftex.def Info: thecamp-cat5.png used on input line 197.
(pdftex.def)             Requested size: 113.81102pt x 113.81412pt.

Overfull \vbox (115.2783pt too high) has occurred while \output is active []


[17]
File: thecamp-cat5.png Graphic file (type png)
 <use thecamp-cat5.png>
Package pdftex.def Info: thecamp-cat5.png used on input line 214.
(pdftex.def)             Requested size: 113.81102pt x 113.81412pt.

Overfull \vbox (115.2783pt too high) has occurred while \output is active []


[18]
File: thecamp-cat5.png Graphic file (type png)
 <use thecamp-cat5.png>
Package pdftex.def Info: thecamp-cat5.png used on input line 228.
(pdftex.def)             Requested size: 113.81102pt x 113.81412pt.

Overfull \vbox (115.2783pt too high) has occurred while \output is active []


[19]
LaTeX Font Info:    Font shape `OT1/phv/bx/n' in size <20.74> not available
(Font)              Font shape `OT1/phv/b/n' tried instead on input line 243.
File: thecamp-cat5.png Graphic file (type png)
 <use thecamp-cat5.png>
Package pdftex.def Info: thecamp-cat5.png used on input line 247.
(pdftex.def)             Requested size: 113.81102pt x 113.81412pt.

Overfull \vbox (115.2783pt too high) has occurred while \output is active []


[20]
Underfull \hbox (badness 10000) in paragraph at lines 252--254

 []

File: thecamp-cat5.png Graphic file (type png)
<use thecamp-cat5.png>
Package pdftex.def Info: thecamp-cat5.png used on input line 264.
(pdftex.def)             Requested size: 113.81102pt x 113.81412pt.

Overfull \vbox (115.2783pt too high) has occurred while \output is active []


[21]
File: thecamp-cat5.png Graphic file (type png)
 <use thecamp-cat5.png>
Package pdftex.def Info: thecamp-cat5.png used on input line 284.
(pdftex.def)             Requested size: 113.81102pt x 113.81412pt.

Overfull \vbox (115.2783pt too high) has occurred while \output is active []


[22] <images/linux-tsung-size_rcv.png, id=322, 578.16pt x 433.62pt>
File: images/linux-tsung-size_rcv.png Graphic file (type png)

<use images/linux-tsung-size_rcv.png>
Package pdftex.def Info: images/linux-tsung-size_rcv.png used on input line 286
.
(pdftex.def)             Requested size: 369.88582pt x 277.40999pt.
File: thecamp-cat5.png Graphic file (type png)
 <use thecamp-cat5.png>
Package pdftex.def Info: thecamp-cat5.png used on input line 293.
(pdftex.def)             Requested size: 113.81102pt x 113.81412pt.

Overfull \vbox (115.2783pt too high) has occurred while \output is active []


[23 <./images/linux-tsung-size_rcv.png>]
File: thecamp-cat5.png Graphic file (type png)
 <use thecamp-cat5.png>
Package pdftex.def Info: thecamp-cat5.png used on input line 305.
(pdftex.def)             Requested size: 113.81102pt x 113.81412pt.

Overfull \vbox (115.2783pt too high) has occurred while \output is active []


[24]
Overfull \hbox (279.76228pt too wide) in paragraph at lines 331--333
[]\OT1/pcr/m/n/17.28 Linux xpc03 3.2.0-26-generic #41-Ubuntu SMP Thu Jun 14 17:
49:24 UTC 2012 x86_64 x86_64 x86_64 GNU/Linux 
 []

File: thecamp-cat5.png Graphic file (type png)
<use thecamp-cat5.png>
Package pdftex.def Info: thecamp-cat5.png used on input line 334.
(pdftex.def)             Requested size: 113.81102pt x 113.81412pt.

Overfull \vbox (115.2783pt too high) has occurred while \output is active []


[25]
File: thecamp-cat5.png Graphic file (type png)
 <use thecamp-cat5.png>
Package pdftex.def Info: thecamp-cat5.png used on input line 344.
(pdftex.def)             Requested size: 113.81102pt x 113.81412pt.

Overfull \vbox (115.2783pt too high) has occurred while \output is active []


[26]
File: thecamp-cat5.png Graphic file (type png)
 <use thecamp-cat5.png>
Package pdftex.def Info: thecamp-cat5.png used on input line 371.
(pdftex.def)             Requested size: 113.81102pt x 113.81412pt.

Overfull \vbox (115.2783pt too high) has occurred while \output is active []


[27]
Overfull \hbox (279.76228pt too wide) in paragraph at lines 395--397
[]\OT1/pcr/m/n/17.28 Linux xpc03 3.2.0-26-generic #41-Ubuntu SMP Thu Jun 14 17:
49:24 UTC 2012 x86_64 x86_64 x86_64 GNU/Linux 
 []

File: thecamp-cat5.png Graphic file (type png)
<use thecamp-cat5.png>
Package pdftex.def Info: thecamp-cat5.png used on input line 399.
(pdftex.def)             Requested size: 113.81102pt x 113.81412pt.

Overfull \vbox (115.2783pt too high) has occurred while \output is active []


[28]
File: thecamp-cat5.png Graphic file (type png)
 <use thecamp-cat5.png>
Package pdftex.def Info: thecamp-cat5.png used on input line 425.
(pdftex.def)             Requested size: 113.81102pt x 113.81412pt.

Overfull \vbox (115.2783pt too high) has occurred while \output is active []


[29]
File: thecamp-cat5.png Graphic file (type png)
 <use thecamp-cat5.png>
Package pdftex.def Info: thecamp-cat5.png used on input line 441.
(pdftex.def)             Requested size: 113.81102pt x 113.81412pt.

Overfull \vbox (115.2783pt too high) has occurred while \output is active []


[30]
File: thecamp-cat5.png Graphic file (type png)
 <use thecamp-cat5.png>
Package pdftex.def Info: thecamp-cat5.png used on input line 469.
(pdftex.def)             Requested size: 113.81102pt x 113.81412pt.

Overfull \vbox (115.2783pt too high) has occurred while \output is active []


[31]
File: thecamp-cat5.png Graphic file (type png)
 <use thecamp-cat5.png>
Package pdftex.def Info: thecamp-cat5.png used on input line 487.
(pdftex.def)             Requested size: 113.81102pt x 113.81412pt.

Overfull \vbox (115.2783pt too high) has occurred while \output is active []


[32]
File: thecamp-cat5.png Graphic file (type png)
 <use thecamp-cat5.png>
Package pdftex.def Info: thecamp-cat5.png used on input line 504.
(pdftex.def)             Requested size: 113.81102pt x 113.81412pt.

Overfull \vbox (115.2783pt too high) has occurred while \output is active []


[33]
Underfull \hbox (badness 10000) in paragraph at lines 508--511

 []

File: thecamp-cat5.png Graphic file (type png)
<use thecamp-cat5.png>
Package pdftex.def Info: thecamp-cat5.png used on input line 519.
(pdftex.def)             Requested size: 113.81102pt x 113.81412pt.

Overfull \vbox (115.2783pt too high) has occurred while \output is active []


[34]
File: thecamp-cat5.png Graphic file (type png)
 <use thecamp-cat5.png>
Package pdftex.def Info: thecamp-cat5.png used on input line 541.
(pdftex.def)             Requested size: 113.81102pt x 113.81412pt.

Overfull \vbox (115.2783pt too high) has occurred while \output is active []


[35]
LaTeX Font Info:    Font shape `OT1/phv/bx/n' in size <17.28> not available
(Font)              Font shape `OT1/phv/b/n' tried instead on input line 553.
File: thecamp-cat5.png Graphic file (type png)
 <use thecamp-cat5.png>
Package pdftex.def Info: thecamp-cat5.png used on input line 556.
(pdftex.def)             Requested size: 113.81102pt x 113.81412pt.

Overfull \vbox (115.2783pt too high) has occurred while \output is active []


[36]
File: thecamp-cat5.png Graphic file (type png)
 <use thecamp-cat5.png>
Package pdftex.def Info: thecamp-cat5.png used on input line 570.
(pdftex.def)             Requested size: 113.81102pt x 113.81412pt.

Overfull \vbox (115.2783pt too high) has occurred while \output is active []


[37]
File: thecamp-cat5.png Graphic file (type png)
 <use thecamp-cat5.png>
Package pdftex.def Info: thecamp-cat5.png used on input line 592.
(pdftex.def)             Requested size: 113.81102pt x 113.81412pt.

Overfull \vbox (115.2783pt too high) has occurred while \output is active []


[38]
File: thecamp-cat5.png Graphic file (type png)
 <use thecamp-cat5.png>
Package pdftex.def Info: thecamp-cat5.png used on input line 616.
(pdftex.def)             Requested size: 113.81102pt x 113.81412pt.

Overfull \vbox (115.2783pt too high) has occurred while \output is active []


[39]
File: thecamp-cat5.png Graphic file (type png)
 <use thecamp-cat5.png>
Package pdftex.def Info: thecamp-cat5.png used on input line 626.
(pdftex.def)             Requested size: 113.81102pt x 113.81412pt.

Overfull \vbox (115.2783pt too high) has occurred while \output is active []


[40]
Overfull \hbox (18.25833pt too wide) in paragraph at lines 635--635
[]\OT1/pcr/m/n/12 net.inet.ip.mtudisc=0          # TCP MTU (Maximum Transmissio
n Unit) discovery off since our mss is small enough[] 
 []

File: thecamp-cat5.png Graphic file (type png)
<use thecamp-cat5.png>
Package pdftex.def Info: thecamp-cat5.png used on input line 645.
(pdftex.def)             Requested size: 113.81102pt x 113.81412pt.

Overfull \vbox (115.2783pt too high) has occurred while \output is active []


[41]
File: thecamp-cat5.png Graphic file (type png)
 <use thecamp-cat5.png>
Package pdftex.def Info: thecamp-cat5.png used on input line 657.
(pdftex.def)             Requested size: 113.81102pt x 113.81412pt.

Overfull \vbox (115.2783pt too high) has occurred while \output is active []


[42]
File: thecamp-cat5.png Graphic file (type png)
 <use thecamp-cat5.png>
Package pdftex.def Info: thecamp-cat5.png used on input line 673.
(pdftex.def)             Requested size: 113.81102pt x 113.81412pt.

Overfull \vbox (115.2783pt too high) has occurred while \output is active []


[43]
File: thecamp-cat5.png Graphic file (type png)
 <use thecamp-cat5.png>
Package pdftex.def Info: thecamp-cat5.png used on input line 687.
(pdftex.def)             Requested size: 113.81102pt x 113.81412pt.

Overfull \vbox (115.2783pt too high) has occurred while \output is active []


[44]
Package atveryend Info: Empty hook `BeforeClearDocument' on input line 699.
File: thecamp-cat5.png Graphic file (type png)
 <use thecamp-cat5.png>
Package pdftex.def Info: thecamp-cat5.png used on input line 699.
(pdftex.def)             Requested size: 113.81102pt x 113.81412pt.

Overfull \vbox (115.2783pt too high) has occurred while \output is active []


[45]
Package atveryend Info: Empty hook `AfterLastShipout' on input line 699.
 (./network-camp-2012.aux)
Package atveryend Info: Executing hook `AtVeryEndDocument' on input line 699.
Package atveryend Info: Executing hook `AtEndAfterFileList' on input line 699.
Package rerunfilecheck Info: File `network-camp-2012.out' has not changed.
(rerunfilecheck)             Checksum: D41D8CD98F00B204E9800998ECF8427E;0.
Package atveryend Info: Empty hook `AtVeryVeryEnd' on input line 699.
 ) 
Here is how much of TeX's memory you used:
 6676 strings out of 493488
 99528 string characters out of 3141347
 188346 words of memory out of 3000000
 9805 multiletter control sequences out of 15000+200000
 30057 words of font info for 69 fonts, out of 3000000 for 9000
 957 hyphenation exceptions out of 8191
 39i,10n,45p,276b,334s stack positions out of 5000i,500n,10000p,200000b,50000s
{/usr/local/texlive/2012/texmf-dist/fonts/enc/dvips/base/8r.enc}</usr/local/t
exlive/2012/texmf-dist/fonts/type1/public/amsfonts/cm/cmsy10.pfb></usr/local/te
xlive/2012/texmf-dist/fonts/type1/public/amsfonts/cm/cmsy7.pfb></usr/local/texl
ive/2012/texmf-dist/fonts/type1/urw/courier/ucrr8a.pfb></usr/local/texlive/2012
/texmf-dist/fonts/type1/urw/helvetic/uhvb8a.pfb></usr/local/texlive/2012/texmf-
dist/fonts/type1/urw/helvetic/uhvr8a.pfb></usr/local/texlive/2012/texmf-dist/fo
nts/type1/urw/helvetic/uhvro8a.pfb></usr/local/texlive/2012/texmf-dist/fonts/ty
pe1/public/wasy/wasy10.pfb>
Output written on network-camp-2012.pdf (45 pages, 1387795 bytes).
PDF statistics:
 467 PDF objects out of 1000 (max. 8388607)
 318 compressed objects within 4 object streams
 46 named destinations out of 1000 (max. 500000)
 51 words of extra memory for PDF output out of 10000 (max. 10000000)

