This is pdfTeX, Version 3.1415926-2.5-1.40.14 (TeX Live 2013) (format=pdflatex 2013.6.27)  25 OCT 2014 10:48
entering extended mode
 restricted \write18 enabled.
 %&-line parsing enabled.
**prosa-stud-2014.tex
(./prosa-stud-2014.tex
LaTeX2e <2011/06/27>
Babel <3.9f> and hyphenation patterns for 78 languages loaded.
(/userdata/projects/github/security-courses/texfiles/foiltex/foils.cls
Document Class: foils 2002/10/29 v2.1.4a FoilTeX Class File, Copyright IBM 1995
,1997,1998,2002
(/userdata/projects/github/security-courses/texfiles/foiltex/fltfonts.def
File: fltfonts.def 2002/10/29 v2.1.4a FoilTeX font definition file, Copyright I
BM 1995,1997,1998,2002
\symflasy=\mathgroup4
LaTeX Info: Redefining \em on input line 243.
LaTeX Font Info:    Overwriting symbol font `operators' in version `normal'
(Font)                  OT1/cmr/m/n --> OT1/fcmr/m/n on input line 245.
LaTeX Font Info:    Overwriting symbol font `letters' in version `normal'
(Font)                  OML/cmm/m/it --> OML/fcmm/m/it on input line 246.
LaTeX Font Info:    Overwriting symbol font `symbols' in version `normal'
(Font)                  OMS/cmsy/m/n --> OMS/fcmsy/m/n on input line 247.
LaTeX Font Info:    Overwriting symbol font `largesymbols' in version `normal'
(Font)                  OMX/cmex/m/n --> OMX/fcmex/m/n on input line 248.
LaTeX Font Info:    Overwriting symbol font `operators' in version `bold'
(Font)                  OT1/cmr/bx/n --> OT1/fcmr/bx/n on input line 249.
LaTeX Font Info:    Overwriting symbol font `letters' in version `bold'
(Font)                  OML/cmm/b/it --> OML/fcmm/b/it on input line 250.
LaTeX Font Info:    Overwriting symbol font `symbols' in version `bold'
(Font)                  OMS/cmsy/b/n --> OMS/fcmsy/b/n on input line 251.
LaTeX Font Info:    Overwriting symbol font `largesymbols' in version `bold'
(Font)                  OMX/cmex/m/n --> OMX/fcmex/m/n on input line 252.
LaTeX Font Info:    Redeclaring math alphabet \mathrm on input line 253.
LaTeX Font Info:    Redeclaring math alphabet \mathbf on input line 254.
LaTeX Font Info:    Overwriting math alphabet `\mathbf' in version `normal'
(Font)                  OT1/cmr/bx/n --> OT1/fcmr/bx/n on input line 254.
LaTeX Font Info:    Overwriting math alphabet `\mathbf' in version `bold'
(Font)                  OT1/cmr/bx/n --> OT1/fcmr/bx/n on input line 254.
LaTeX Font Info:    Redeclaring math alphabet \mathsf on input line 255.
LaTeX Font Info:    Overwriting math alphabet `\mathsf' in version `normal'
(Font)                  OT1/cmss/m/n --> OT1/fcmss/m/n on input line 255.
LaTeX Font Info:    Overwriting math alphabet `\mathsf' in version `bold'
(Font)                  OT1/cmss/bx/n --> OT1/fcmss/m/n on input line 255.
LaTeX Font Info:    Redeclaring math alphabet \mathit on input line 256.
LaTeX Font Info:    Overwriting math alphabet `\mathit' in version `normal'
(Font)                  OT1/cmr/m/it --> OT1/fcmr/m/it on input line 256.
LaTeX Font Info:    Overwriting math alphabet `\mathit' in version `bold'
(Font)                  OT1/cmr/bx/it --> OT1/fcmr/m/it on input line 256.
LaTeX Font Info:    Redeclaring math alphabet \mathtt on input line 257.
LaTeX Font Info:    Overwriting math alphabet `\mathtt' in version `normal'
(Font)                  OT1/cmtt/m/n --> OT1/fcmtt/m/n on input line 257.
LaTeX Font Info:    Overwriting math alphabet `\mathtt' in version `bold'
(Font)                  OT1/cmtt/m/n --> OT1/fcmtt/m/n on input line 257.
)
(/userdata/projects/github/security-courses/texfiles/foiltex/foil20.clo
File: foil20.clo 2002/10/29 v2.1.4a FoilTeX file (size option), Copyright IBM 1
995,1997,1998,2002
)
\head@footskip=\dimen102
\@foilheight=\dimen103
\@foilwidth=\dimen104
\abovetitleskip=\skip41
\titleauthorskip=\skip42
\authorauthorskip=\skip43
\authordateskip=\skip44
\dateabstractskip=\skip45
\@tempfootbox=\box26
\@tempfootht=\dimen105
\bibindent=\dimen106
\abovecaptionskip=\skip46
\belowcaptionskip=\skip47
\@captionwidth=\skip48
\captionwidth=\skip49
\abovefloatskip=\skip50
\c@table=\count79
\c@figure=\count80
\foilheadskip=\skip51
\c@Theorem=\count81
\c@Lemma=\count82
\c@Corollary=\count83
\c@Proposition=\count84
\c@Definition=\count85
)
(/userdata/projects/github/security-courses/texfiles/solido-network-slides.sty
(/usr/local/texlive/2013/texmf-dist/tex/latex/base/inputenc.sty
Package: inputenc 2008/03/30 v1.1d Input encoding file
\inpenc@prehook=\toks14
\inpenc@posthook=\toks15

(/usr/local/texlive/2013/texmf-dist/tex/latex/base/latin1.def
File: latin1.def 2008/03/30 v1.1d Input encoding file
))
(/usr/local/texlive/2013/texmf-dist/tex/latex/psnfss/times.sty
Package: times 2005/04/12 PSNFSS-v9.2a (SPQR) 
)
(/usr/local/texlive/2013/texmf-dist/tex/latex/graphics/color.sty
Package: color 2005/11/14 v1.0j Standard LaTeX Color (DPC)

(/usr/local/texlive/2013/texmf-dist/tex/latex/latexconfig/color.cfg
File: color.cfg 2007/01/18 v1.5 color configuration of teTeX/TeXLive
)
Package color Info: Driver file: pdftex.def on input line 130.

(/usr/local/texlive/2013/texmf-dist/tex/latex/pdftex-def/pdftex.def
File: pdftex.def 2011/05/27 v0.06d Graphics/color for pdfTeX

(/usr/local/texlive/2013/texmf-dist/tex/generic/oberdiek/infwarerr.sty
Package: infwarerr 2010/04/08 v1.3 Providing info/warning/error messages (HO)
)
(/usr/local/texlive/2013/texmf-dist/tex/generic/oberdiek/ltxcmds.sty
Package: ltxcmds 2011/11/09 v1.22 LaTeX kernel commands for general use (HO)
)
\Gread@gobject=\count86
))
(/usr/local/texlive/2013/texmf-dist/tex/latex/wallpaper/wallpaper.sty
Package: wallpaper 2005/01/18, v1.01 easy wallpaper formatting (MHFW)

(/usr/local/texlive/2013/texmf-dist/tex/latex/base/ifthen.sty
Package: ifthen 2001/05/26 v1.1c Standard LaTeX ifthen package (DPC)
)
(/usr/local/texlive/2013/texmf-dist/tex/latex/tools/calc.sty
Package: calc 2007/08/22 v4.3 Infix arithmetic (KKT,FJ)
\calc@Acount=\count87
\calc@Bcount=\count88
\calc@Adimen=\dimen107
\calc@Bdimen=\dimen108
\calc@Askip=\skip52
\calc@Bskip=\skip53
LaTeX Info: Redefining \setlength on input line 76.
LaTeX Info: Redefining \addtolength on input line 77.
\calc@Ccount=\count89
\calc@Cskip=\skip54
)
(/usr/local/texlive/2013/texmf-dist/tex/latex/eso-pic/eso-pic.sty
Package: eso-pic 2010/10/06 v2.0c eso-pic (RN)

(/usr/local/texlive/2013/texmf-dist/tex/generic/oberdiek/atbegshi.sty
Package: atbegshi 2011/10/05 v1.16 At begin shipout hook (HO)

(/usr/local/texlive/2013/texmf-dist/tex/generic/oberdiek/ifpdf.sty
Package: ifpdf 2011/01/30 v2.3 Provides the ifpdf switch (HO)
Package ifpdf Info: pdfTeX in PDF mode is detected.
))
(/usr/local/texlive/2013/texmf-dist/tex/latex/graphics/keyval.sty
Package: keyval 1999/03/16 v1.13 key=value parser (DPC)
\KV@toks@=\toks16
))
(/usr/local/texlive/2013/texmf-dist/tex/latex/graphics/graphicx.sty
Package: graphicx 1999/02/16 v1.0f Enhanced LaTeX Graphics (DPC,SPQR)

(/usr/local/texlive/2013/texmf-dist/tex/latex/graphics/graphics.sty
Package: graphics 2009/02/05 v1.0o Standard LaTeX Graphics (DPC,SPQR)

(/usr/local/texlive/2013/texmf-dist/tex/latex/graphics/trig.sty
Package: trig 1999/03/16 v1.09 sin cos tan (DPC)
)
(/usr/local/texlive/2013/texmf-dist/tex/latex/latexconfig/graphics.cfg
File: graphics.cfg 2010/04/23 v1.9 graphics configuration of TeX Live
)
Package graphics Info: Driver file: pdftex.def on input line 91.
)
\Gin@req@height=\dimen109
\Gin@req@width=\dimen110
)
\wpXoffset=\skip55
\wpYoffset=\skip56
\tileXoffset=\skip57
\tileYoffset=\skip58
\tilewidth=\skip59
\tileheight=\skip60
\tileX=\skip61
\tileY=\skip62
)
(/usr/local/texlive/2013/texmf-dist/tex/latex/hyperref/hyperref.sty
Package: hyperref 2012/11/06 v6.83m Hypertext links for LaTeX

(/usr/local/texlive/2013/texmf-dist/tex/generic/oberdiek/hobsub-hyperref.sty
Package: hobsub-hyperref 2012/05/28 v1.13 Bundle oberdiek, subset hyperref (HO)


(/usr/local/texlive/2013/texmf-dist/tex/generic/oberdiek/hobsub-generic.sty
Package: hobsub-generic 2012/05/28 v1.13 Bundle oberdiek, subset generic (HO)
Package: hobsub 2012/05/28 v1.13 Construct package bundles (HO)
Package hobsub Info: Skipping package `infwarerr' (already loaded).
Package hobsub Info: Skipping package `ltxcmds' (already loaded).
Package: ifluatex 2010/03/01 v1.3 Provides the ifluatex switch (HO)
Package ifluatex Info: LuaTeX not detected.
Package: ifvtex 2010/03/01 v1.5 Detect VTeX and its facilities (HO)
Package ifvtex Info: VTeX not detected.
Package: intcalc 2007/09/27 v1.1 Expandable calculations with integers (HO)
Package hobsub Info: Skipping package `ifpdf' (already loaded).
Package: etexcmds 2011/02/16 v1.5 Avoid name clashes with e-TeX commands (HO)
Package etexcmds Info: Could not find \expanded.
(etexcmds)             That can mean that you are not using pdfTeX 1.50 or
(etexcmds)             that some package has redefined \expanded.
(etexcmds)             In the latter case, load this package earlier.
Package: kvsetkeys 2012/04/25 v1.16 Key value parser (HO)
Package: kvdefinekeys 2011/04/07 v1.3 Define keys (HO)
Package: pdftexcmds 2011/11/29 v0.20 Utility functions of pdfTeX for LuaTeX (HO
)
Package pdftexcmds Info: LuaTeX not detected.
Package pdftexcmds Info: \pdf@primitive is available.
Package pdftexcmds Info: \pdf@ifprimitive is available.
Package pdftexcmds Info: \pdfdraftmode found.
Package: pdfescape 2011/11/25 v1.13 Implements pdfTeX's escape features (HO)
Package: bigintcalc 2012/04/08 v1.3 Expandable calculations on big integers (HO
)
Package: bitset 2011/01/30 v1.1 Handle bit-vector datatype (HO)
Package: uniquecounter 2011/01/30 v1.2 Provide unlimited unique counter (HO)
)
Package hobsub Info: Skipping package `hobsub' (already loaded).
Package: letltxmacro 2010/09/02 v1.4 Let assignment for LaTeX macros (HO)
Package: hopatch 2012/05/28 v1.2 Wrapper for package hooks (HO)
Package: xcolor-patch 2011/01/30 xcolor patch
Package: atveryend 2011/06/30 v1.8 Hooks at the very end of document (HO)
Package atveryend Info: \enddocument detected (standard20110627).
Package hobsub Info: Skipping package `atbegshi' (already loaded).
Package: refcount 2011/10/16 v3.4 Data extraction from label references (HO)
Package: hycolor 2011/01/30 v1.7 Color options for hyperref/bookmark (HO)
)
(/usr/local/texlive/2013/texmf-dist/tex/generic/ifxetex/ifxetex.sty
Package: ifxetex 2010/09/12 v0.6 Provides ifxetex conditional
)
(/usr/local/texlive/2013/texmf-dist/tex/latex/oberdiek/auxhook.sty
Package: auxhook 2011/03/04 v1.3 Hooks for auxiliary files (HO)
)
(/usr/local/texlive/2013/texmf-dist/tex/latex/oberdiek/kvoptions.sty
Package: kvoptions 2011/06/30 v3.11 Key value format for package options (HO)
)
\@linkdim=\dimen111
\Hy@linkcounter=\count90
\Hy@pagecounter=\count91

(/usr/local/texlive/2013/texmf-dist/tex/latex/hyperref/pd1enc.def
File: pd1enc.def 2012/11/06 v6.83m Hyperref: PDFDocEncoding definition (HO)
)
\Hy@SavedSpaceFactor=\count92

(/usr/local/texlive/2013/texmf-dist/tex/latex/latexconfig/hyperref.cfg
File: hyperref.cfg 2002/06/06 v1.2 hyperref configuration of TeXLive
)
Package hyperref Info: Option `breaklinks' set `true' on input line 4319.
Package hyperref Info: Hyper figures OFF on input line 4443.
Package hyperref Info: Link nesting OFF on input line 4448.
Package hyperref Info: Hyper index ON on input line 4451.
Package hyperref Info: Plain pages OFF on input line 4458.
Package hyperref Info: Backreferencing OFF on input line 4463.
Package hyperref Info: Implicit mode ON; LaTeX internals redefined.
Package hyperref Info: Bookmarks ON on input line 4688.
\c@Hy@tempcnt=\count93

(/usr/local/texlive/2013/texmf-dist/tex/latex/url/url.sty
\Urlmuskip=\muskip10
Package: url 2006/04/12  ver 3.3  Verb mode for urls, etc.
)
LaTeX Info: Redefining \url on input line 5041.
\XeTeXLinkMargin=\dimen112
\Fld@menulength=\count94
\Field@Width=\dimen113
\Fld@charsize=\dimen114
Package hyperref Info: Hyper figures OFF on input line 6295.
Package hyperref Info: Link nesting OFF on input line 6300.
Package hyperref Info: Hyper index ON on input line 6303.
Package hyperref Info: backreferencing OFF on input line 6310.
Package hyperref Info: Link coloring OFF on input line 6315.
Package hyperref Info: Link coloring with OCG OFF on input line 6320.
Package hyperref Info: PDF/A mode OFF on input line 6325.
LaTeX Info: Redefining \ref on input line 6365.
LaTeX Info: Redefining \pageref on input line 6369.
\Hy@abspage=\count95
\c@Item=\count96
\c@Hfootnote=\count97
)

Package hyperref Message: Driver (autodetected): hpdftex.

(/usr/local/texlive/2013/texmf-dist/tex/latex/hyperref/hpdftex.def
File: hpdftex.def 2012/11/06 v6.83m Hyperref driver for pdfTeX
\Fld@listcount=\count98
\c@bookmark@seq@number=\count99

(/usr/local/texlive/2013/texmf-dist/tex/latex/oberdiek/rerunfilecheck.sty
Package: rerunfilecheck 2011/04/15 v1.7 Rerun checks for auxiliary files (HO)
Package uniquecounter Info: New unique counter `rerunfilecheck' on input line 2
82.
)
\Hy@SectionHShift=\skip63
)
(/usr/local/texlive/2013/texmf-dist/tex/latex/breakurl/breakurl.sty
Package: breakurl 2013/04/10 v1.40 Breakable hyperref URLs

(/usr/local/texlive/2013/texmf-dist/tex/latex/xkeyval/xkeyval.sty
Package: xkeyval 2012/10/14 v2.6b package option processing (HA)

(/usr/local/texlive/2013/texmf-dist/tex/generic/xkeyval/xkeyval.tex
\XKV@toks=\toks17
\XKV@tempa@toks=\toks18
\XKV@depth=\count100
File: xkeyval.tex 2012/10/14 v2.6b key=value parser (HA)
))

Package breakurl Warning: You are using breakurl while processing via pdflatex.

(breakurl)                \burl will be just a synonym of \url.
(breakurl)                 on input line 48.

) (/userdata/Dropbox/SolidoNetworks/marketing/latex/texslides/pause.sty)
(/usr/local/texlive/2013/texmf-dist/tex/latex/base/alltt.sty
Package: alltt 1997/06/16 v2.0g defines alltt environment
)
(/usr/local/texlive/2013/texmf-dist/tex/latex/wasysym/wasysym.sty
Package: wasysym 2003/10/30 v2.0 Wasy-2 symbol support package
\symwasy=\mathgroup5
LaTeX Font Info:    Overwriting symbol font `wasy' in version `bold'
(Font)                  U/wasy/m/n --> U/wasy/b/n on input line 90.
)
(/usr/local/texlive/2013/texmf-dist/tex/generic/babel/babel.sty
Package: babel 2013/05/16 v3.9f The Babel package

(/usr/local/texlive/2013/texmf-dist/tex/generic/babel-danish/danish.ldf
Language: danish 2009/09/19 v1.3r Danish support from the babel system

(/usr/local/texlive/2013/texmf-dist/tex/generic/babel/babel.def
File: babel.def 2013/05/16 v3.9f Babel common definitions
\babel@savecnt=\count101
\U@D=\dimen115
)
Package babel Info: Making " an active character on input line 82.
)
(/usr/local/texlive/2013/texmf-dist/tex/generic/babel-english/english.ldf
Language: english 2012/08/20 v3.3p English support from the babel system
\l@canadian = a dialect from \language\l@american 
\l@australian = a dialect from \language\l@british 
\l@newzealand = a dialect from \language\l@british 
))
(/usr/local/texlive/2013/texmf-dist/tex/latex/fancyhdr/fancyhdr.sty
\fancy@headwidth=\skip64
\f@ncyO@elh=\skip65
\f@ncyO@erh=\skip66
\f@ncyO@olh=\skip67
\f@ncyO@orh=\skip68
\f@ncyO@elf=\skip69
\f@ncyO@erf=\skip70
\f@ncyO@olf=\skip71
\f@ncyO@orf=\skip72
)
(/usr/local/texlive/2013/texmf-dist/tex/latex/moreverb/moreverb.sty
Package: moreverb 2008/06/03 v2.3a `more' verbatim facilities

(/usr/local/texlive/2013/texmf-dist/tex/latex/tools/verbatim.sty
Package: verbatim 2003/08/22 v1.5q LaTeX2e package for verbatim enhancements
\every@verbatim=\toks19
\verbatim@line=\toks20
\verbatim@in@stream=\read1
)
\tab@position=\count102
\tab@size=\count103
\listing@line=\count104
)
(/usr/local/texlive/2013/texmf-dist/tex/latex/tools/xr.sty
Package: xr 1994/05/28 v5.02 eXternal References (DPC)
)
(/usr/local/texlive/2013/texmf-dist/tex/latex/wrapfig/wrapfig.sty
\wrapoverhang=\dimen116
\WF@size=\dimen117
\c@WF@wrappedlines=\count105
\WF@box=\box27
\WF@everypar=\toks21
Package: wrapfig 2003/01/31  v 3.6
)
(/usr/local/texlive/2013/texmf-dist/tex/latex/listings/listings.sty
\lst@mode=\count106
\lst@gtempboxa=\box28
\lst@token=\toks22
\lst@length=\count107
\lst@currlwidth=\dimen118
\lst@column=\count108
\lst@pos=\count109
\lst@lostspace=\dimen119
\lst@width=\dimen120
\lst@newlines=\count110
\lst@lineno=\count111
\lst@maxwidth=\dimen121

(/usr/local/texlive/2013/texmf-dist/tex/latex/listings/lstmisc.sty
File: lstmisc.sty 2007/02/22 1.4 (Carsten Heinz)
\c@lstnumber=\count112
\lst@skipnumbers=\count113
\lst@framebox=\box29
)
(/usr/local/texlive/2013/texmf-dist/tex/latex/listings/listings.cfg
File: listings.cfg 2007/02/22 1.4 listings configuration
))
Package: listings 2007/02/22 1.4 (Carsten Heinz)
Package hyperref Info: Option `colorlinks' set `true' on input line 74.
Package hyperref Info: Option `pdfmenubar' set `true' on input line 74.
Package hyperref Info: Option `pdftoolbar' set `true' on input line 74.
Package color Info: Redefining color titlecolor on input line 297.
)
(/usr/local/texlive/2013/texmf-dist/tex/latex/pdf14/pdf14.sty
Package: pdf14 2010/03/26 v0.1 Generate PDF 1.4 documents (mpg)
)

Package xr Warning: 
No file prosa-stud-2014-exercises.aux
LABELS NOT IMPORTED.
 on input line 10.

(./prosa-stud-2014.aux)
\openout1 = `prosa-stud-2014.aux'.

LaTeX Font Info:    Checking defaults for OML/cmm/m/it on input line 42.
LaTeX Font Info:    ... okay on input line 42.
LaTeX Font Info:    Checking defaults for T1/cmr/m/n on input line 42.
LaTeX Font Info:    ... okay on input line 42.
LaTeX Font Info:    Checking defaults for OT1/cmr/m/n on input line 42.
LaTeX Font Info:    ... okay on input line 42.
LaTeX Font Info:    Checking defaults for OMS/cmsy/m/n on input line 42.
LaTeX Font Info:    ... okay on input line 42.
LaTeX Font Info:    Checking defaults for OMX/cmex/m/n on input line 42.
LaTeX Font Info:    ... okay on input line 42.
LaTeX Font Info:    Checking defaults for U/cmr/m/n on input line 42.
LaTeX Font Info:    ... okay on input line 42.
LaTeX Font Info:    Checking defaults for PD1/pdf/m/n on input line 42.
LaTeX Font Info:    ... okay on input line 42.
LaTeX Font Info:    Try loading font information for OT1+phv on input line 42.

(/usr/local/texlive/2013/texmf-dist/tex/latex/psnfss/ot1phv.fd
File: ot1phv.fd 2001/06/04 scalable font definitions for OT1/phv.
)
(/usr/local/texlive/2013/texmf-dist/tex/context/base/supp-pdf.mkii
[Loading MPS to PDF converter (version 2006.09.02).]
\scratchcounter=\count114
\scratchdimen=\dimen122
\scratchbox=\box30
\nofMPsegments=\count115
\nofMParguments=\count116
\everyMPshowfont=\toks23
\MPscratchCnt=\count117
\MPscratchDim=\dimen123
\MPnumerator=\count118
\makeMPintoPDFobject=\count119
\everyMPtoPDFconversion=\toks24
)
\AtBeginShipoutBox=\box31
 (/usr/local/texlive/2013/texmf-dist/tex/latex/oberdiek/epstopdf-base.sty
Package: epstopdf-base 2010/02/09 v2.5 Base part for package epstopdf

(/usr/local/texlive/2013/texmf-dist/tex/latex/oberdiek/grfext.sty
Package: grfext 2010/08/19 v1.1 Manage graphics extensions (HO)
)
Package grfext Info: Graphics extension search list:
(grfext)             [.png,.pdf,.jpg,.mps,.jpeg,.jbig2,.jb2,.PNG,.PDF,.JPG,.JPE
G,.JBIG2,.JB2,.eps]
(grfext)             \AppendGraphicsExtensions on input line 452.

(/usr/local/texlive/2013/texmf-dist/tex/latex/latexconfig/epstopdf-sys.cfg
File: epstopdf-sys.cfg 2010/07/13 v1.3 Configuration of (r)epstopdf for TeX Liv
e
))
Package hyperref Info: Link coloring ON on input line 42.

(/usr/local/texlive/2013/texmf-dist/tex/latex/hyperref/nameref.sty
Package: nameref 2012/10/27 v2.43 Cross-referencing by name of section

(/usr/local/texlive/2013/texmf-dist/tex/generic/oberdiek/gettitlestring.sty
Package: gettitlestring 2010/12/03 v1.4 Cleanup title references (HO)
)
\c@section@level=\count120
)
LaTeX Info: Redefining \ref on input line 42.
LaTeX Info: Redefining \pageref on input line 42.
LaTeX Info: Redefining \nameref on input line 42.

(./prosa-stud-2014.out) (./prosa-stud-2014.out)
\@outlinefile=\write3
\openout3 = `prosa-stud-2014.out'.

\c@lstlisting=\count121
LaTeX Font Info:    Font shape `OT1/phv/bx/n' in size <24.88> not available
(Font)              Font shape `OT1/phv/b/n' tried instead on input line 45.
LaTeX Font Info:    Font shape `OT1/phv/bx/n' in size <35.83> not available
(Font)              Font shape `OT1/phv/b/n' tried instead on input line 45.
LaTeX Font Info:    Try loading font information for OT1+pcr on input line 45.

(/usr/local/texlive/2013/texmf-dist/tex/latex/psnfss/ot1pcr.fd
File: ot1pcr.fd 2001/06/04 font definitions for OT1/pcr.
)
LaTeX Font Info:    Try loading font information for U+wasy on input line 45.

(/usr/local/texlive/2013/texmf-dist/tex/latex/wasysym/uwasy.fd
File: uwasy.fd 2003/10/30 v2.0 Wasy-2 symbol font definitions
)
<solido_networks_solid_RGB.png, id=4, 1003.75pt x 387.4475pt>
File: solido_networks_solid_RGB.png Graphic file (type png)

<use solido_networks_solid_RGB.png>
Package pdftex.def Info: solido_networks_solid_RGB.png used on input line 48.
(pdftex.def)             Requested size: 113.81102pt x 43.92589pt.

Overfull \vbox (45.39008pt too high) has occurred while \output is active []

LaTeX Font Info:    Try loading font information for OMS+phv on input line 48.

(/usr/local/texlive/2013/texmf-dist/tex/latex/psnfss/omsphv.fd
File: omsphv.fd 
)
LaTeX Font Info:    Font shape `OMS/phv/m/n' in size <12> not available
(Font)              Font shape `OMS/cmsy/m/n' tried instead on input line 48.

<networks_front_divider.jpg, id=6, 971.63pt x 257.96375pt>
File: networks_front_divider.jpg Graphic file (type jpg)

<use networks_front_divider.jpg>
Package pdftex.def Info: networks_front_divider.jpg used on input line 48.
(pdftex.def)             Requested size: 845.04443pt x 224.35579pt.
 [1

{/usr/local/texlive/2013/texmf-var/fonts/map/pdftex/updmap/pdftex.map} </userda
ta/projects/github/security-courses/images/networks_front_divider.jpg> </userda
ta/projects/github/security-courses/images/solido_networks_solid_RGB.png>]
<dragon-drawing-6.jpg, id=17, 500.87125pt x 246.9225pt>
File: dragon-drawing-6.jpg Graphic file (type jpg)

<use dragon-drawing-6.jpg>
Package pdftex.def Info: dragon-drawing-6.jpg used on input line 52.
(pdftex.def)             Requested size: 398.33858pt x 196.38531pt.
File: solido_networks_solid_RGB.png Graphic file (type png)
 <use solido_networks_solid_RGB.png>
Package pdftex.def Info: solido_networks_solid_RGB.png used on input line 62.
(pdftex.def)             Requested size: 113.81102pt x 43.92589pt.

Overfull \vbox (45.39008pt too high) has occurred while \output is active []


[2 </userdata/projects/github/security-courses/images/dragon-drawing-6.jpg>]
<jacob-appelbaum.png, id=22, 508.90125pt x 66.2475pt>
File: jacob-appelbaum.png Graphic file (type png)

<use jacob-appelbaum.png>
Package pdftex.def Info: jacob-appelbaum.png used on input line 64.
(pdftex.def)             Requested size: 625.96062pt x 81.48898pt.
LaTeX Font Info:    Font shape `OT1/phv/bx/n' in size <20.74> not available
(Font)              Font shape `OT1/phv/b/n' tried instead on input line 66.
File: solido_networks_solid_RGB.png Graphic file (type png)
 <use solido_networks_solid_RGB.png>
Package pdftex.def Info: solido_networks_solid_RGB.png used on input line 74.
(pdftex.def)             Requested size: 113.81102pt x 43.92589pt.

Overfull \vbox (45.39008pt too high) has occurred while \output is active []


[3 </userdata/projects/github/security-courses/presentations/misc/prosa-stud-20
13/jacob-appelbaum.png>] <homer-end-is-near.jpg, id=27, 401.5pt x 301.125pt>
File: homer-end-is-near.jpg Graphic file (type jpg)

<use homer-end-is-near.jpg>
Package pdftex.def Info: homer-end-is-near.jpg used on input line 76.
(pdftex.def)             Requested size: 284.52756pt x 213.40968pt.
File: solido_networks_solid_RGB.png Graphic file (type png)
 <use solido_networks_solid_RGB.png>
Package pdftex.def Info: solido_networks_solid_RGB.png used on input line 86.
(pdftex.def)             Requested size: 113.81102pt x 43.92589pt.

Overfull \vbox (45.39008pt too high) has occurred while \output is active []


[4 </userdata/projects/github/security-courses/images/homer-end-is-near.jpg>]
<1984-not-instruction-manual.jpg, id=32, 1027.84pt x 770.88pt>
File: 1984-not-instruction-manual.jpg Graphic file (type jpg)

<use 1984-not-instruction-manual.jpg>
Package pdftex.def Info: 1984-not-instruction-manual.jpg used on input line 88.

(pdftex.def)             Requested size: 227.62204pt x 170.71158pt.
File: solido_networks_solid_RGB.png Graphic file (type png)
 <use solido_networks_solid_RGB.png>
Package pdftex.def Info: solido_networks_solid_RGB.png used on input line 97.
(pdftex.def)             Requested size: 113.81102pt x 43.92589pt.

Overfull \vbox (45.39008pt too high) has occurred while \output is active []


[5 </userdata/projects/github/security-courses/images/1984-not-instruction-manu
al.jpg>]
<network-security-book-perlman9780137155880_s.jpeg, id=38, 145.54375pt x 201.75
375pt>
File: network-security-book-perlman9780137155880_s.jpeg Graphic file (type jpg)

 <use network-security-book-perlman9780137155880_s.jpeg>
Package pdftex.def Info: network-security-book-perlman9780137155880_s.jpeg used
 on input line 101.
(pdftex.def)             Requested size: 113.81102pt x 157.76749pt.
File: solido_networks_solid_RGB.png Graphic file (type png)

<use solido_networks_solid_RGB.png>
Package pdftex.def Info: solido_networks_solid_RGB.png used on input line 111.
(pdftex.def)             Requested size: 113.81102pt x 43.92589pt.

Overfull \vbox (45.39008pt too high) has occurred while \output is active []


[6 </userdata/projects/github/security-courses/presentations/misc/internet-self
-defence/network-security-book-perlman9780137155880_s.jpeg>]
<paranoia-definition.png, id=43, 534.99875pt x 456.70625pt>
File: paranoia-definition.png Graphic file (type png)

<use paranoia-definition.png>
Package pdftex.def Info: paranoia-definition.png used on input line 113.
(pdftex.def)             Requested size: 426.79134pt x 364.34804pt.
File: solido_networks_solid_RGB.png Graphic file (type png)
 <use solido_networks_solid_RGB.png>
Package pdftex.def Info: solido_networks_solid_RGB.png used on input line 117.
(pdftex.def)             Requested size: 113.81102pt x 43.92589pt.

Overfull \vbox (45.39008pt too high) has occurred while \output is active []


[7 </userdata/projects/github/security-courses/images/paranoia-definition.png>]
File: solido_networks_solid_RGB.png Graphic file (type png)
<use solido_networks_solid_RGB.png>
Package pdftex.def Info: solido_networks_solid_RGB.png used on input line 143.
(pdftex.def)             Requested size: 113.81102pt x 43.92589pt.

Overfull \vbox (45.39008pt too high) has occurred while \output is active []


[8] <shon-harris-risk-management.png, id=54, 588.1975pt x 205.76875pt>
File: shon-harris-risk-management.png Graphic file (type png)

<use shon-harris-risk-management.png>
Package pdftex.def Info: shon-harris-risk-management.png used on input line 145
.
(pdftex.def)             Requested size: 768.2244pt x 268.74896pt.
File: solido_networks_solid_RGB.png Graphic file (type png)
 <use solido_networks_solid_RGB.png>
Package pdftex.def Info: solido_networks_solid_RGB.png used on input line 150.
(pdftex.def)             Requested size: 113.81102pt x 43.92589pt.

Overfull \vbox (45.39008pt too high) has occurred while \output is active []


[9 </userdata/projects/github/security-courses/images/shon-harris-risk-manageme
nt.png>]
Overfull \hbox (11.51622pt too wide) in paragraph at lines 161--163
[]\OT1/phv/m/n/17.28 Source: http://www.telegraph.co.uk/technology/10177765/Tra
vellers-mobile-phone-data-seized-by-police-
 []

File: solido_networks_solid_RGB.png Graphic file (type png)
<use solido_networks_solid_RGB.png>
Package pdftex.def Info: solido_networks_solid_RGB.png used on input line 165.
(pdftex.def)             Requested size: 113.81102pt x 43.92589pt.

Overfull \vbox (45.39008pt too high) has occurred while \output is active []


[10]
File: solido_networks_solid_RGB.png Graphic file (type png)
 <use solido_networks_solid_RGB.png>
Package pdftex.def Info: solido_networks_solid_RGB.png used on input line 177.
(pdftex.def)             Requested size: 113.81102pt x 43.92589pt.

Overfull \vbox (45.39008pt too high) has occurred while \output is active []


[11] <prism_logo.jpg, id=68, 461.725pt x 347.2975pt>
File: prism_logo.jpg Graphic file (type jpg)
 <use prism_logo.jpg>
Package pdftex.def Info: prism_logo.jpg used on input line 179.
(pdftex.def)             Requested size: 284.52756pt x 214.01329pt.
File: solido_networks_solid_RGB.png Graphic file (type png)

<use solido_networks_solid_RGB.png>
Package pdftex.def Info: solido_networks_solid_RGB.png used on input line 191.
(pdftex.def)             Requested size: 113.81102pt x 43.92589pt.

Overfull \vbox (45.39008pt too high) has occurred while \output is active []


[12 </userdata/projects/github/security-courses/images/prism_logo.jpg>]
<protect-from-governments.jpg, id=74, 301.125pt x 301.125pt>
File: protect-from-governments.jpg Graphic file (type jpg)

<use protect-from-governments.jpg>
Package pdftex.def Info: protect-from-governments.jpg used on input line 193.
(pdftex.def)             Requested size: 398.33858pt x 398.3776pt.
File: solido_networks_solid_RGB.png Graphic file (type png)
 <use solido_networks_solid_RGB.png>
Package pdftex.def Info: solido_networks_solid_RGB.png used on input line 196.
(pdftex.def)             Requested size: 113.81102pt x 43.92589pt.

Overfull \vbox (45.39008pt too high) has occurred while \output is active []


[13 </userdata/projects/github/security-courses/images/protect-from-governments
.jpg>]
LaTeX Font Info:    Font shape `OT1/phv/bx/n' in size <29.86> not available
(Font)              Font shape `OT1/phv/b/n' tried instead on input line 203.

Overfull \hbox (5.16946pt too wide) in paragraph at lines 207--208
[]\OT1/phv/m/n/20.74 Source: [][]$\OT1/pcr/m/n/17.28 https : / / www . schneier
 . com / blog / archives / 2014 / 10 / iphone _ encrypti _ 1 . html$[][] 
 []

File: solido_networks_solid_RGB.png Graphic file (type png)
<use solido_networks_solid_RGB.png>
Package pdftex.def Info: solido_networks_solid_RGB.png used on input line 209.
(pdftex.def)             Requested size: 113.81102pt x 43.92589pt.

Overfull \vbox (45.39008pt too high) has occurred while \output is active []


[14] <dont-panic.png, id=85, 361.35pt x 311.9655pt>
File: dont-panic.png Graphic file (type png)
 <use dont-panic.png>
Package pdftex.def Info: dont-panic.png used on input line 211.
(pdftex.def)             Requested size: 113.81102pt x 98.25537pt.
File: solido_networks_solid_RGB.png Graphic file (type png)

<use solido_networks_solid_RGB.png>
Package pdftex.def Info: solido_networks_solid_RGB.png used on input line 229.
(pdftex.def)             Requested size: 113.81102pt x 43.92589pt.

Overfull \vbox (45.39008pt too high) has occurred while \output is active []


[15 </userdata/projects/github/security-courses/images/dont-panic.png>]
<hackers_JOLIE+1995.jpg, id=92, 301.125pt x 401.5pt>
File: hackers_JOLIE+1995.jpg Graphic file (type jpg)

<use hackers_JOLIE+1995.jpg>
Package pdftex.def Info: hackers_JOLIE+1995.jpg used on input line 231.
(pdftex.def)             Requested size: 85.35826pt x 113.80992pt.
File: solido_networks_solid_RGB.png Graphic file (type png)
 <use solido_networks_solid_RGB.png>
Package pdftex.def Info: solido_networks_solid_RGB.png used on input line 246.
(pdftex.def)             Requested size: 113.81102pt x 43.92589pt.

Overfull \vbox (45.39008pt too high) has occurred while \output is active []


[16 </userdata/projects/github/security-courses/images/hackers_JOLIE+1995.jpg>]
<kali-linux.png, id=103, 1015.795pt x 435.6275pt>
File: kali-linux.png Graphic file (type png)
 <use kali-linux.png>
Package pdftex.def Info: kali-linux.png used on input line 248.
(pdftex.def)             Requested size: 569.05511pt x 244.04944pt.
File: solido_networks_solid_RGB.png Graphic file (type png)

<use solido_networks_solid_RGB.png>
Package pdftex.def Info: solido_networks_solid_RGB.png used on input line 257.
(pdftex.def)             Requested size: 113.81102pt x 43.92589pt.

Overfull \vbox (45.39008pt too high) has occurred while \output is active []


[17 </userdata/projects/github/security-courses/images/kali-linux.png>]
<metasploit-about.png, id=111, 439.6425pt x 150.5625pt>
File: metasploit-about.png Graphic file (type png)

<use metasploit-about.png>
Package pdftex.def Info: metasploit-about.png used on input line 260.
(pdftex.def)             Requested size: 569.05511pt x 194.88806pt.

Overfull \hbox (9.27469pt too wide) in paragraph at lines 266--268
[][]$\OT1/pcr/m/n/20.74 http : / / www . offensive-[]security . com / metasploi
t-[]unleashed / Main _ Page$[][] 
 []

File: solido_networks_solid_RGB.png Graphic file (type png)
<use solido_networks_solid_RGB.png>
Package pdftex.def Info: solido_networks_solid_RGB.png used on input line 274.
(pdftex.def)             Requested size: 113.81102pt x 43.92589pt.

Overfull \vbox (45.39008pt too high) has occurred while \output is active []


[18 </userdata/projects/github/security-courses/images/metasploit-about.png>]
<images/wireshark-website.png, id=119, 823.075pt x 492.84125pt>
File: images/wireshark-website.png Graphic file (type png)

<use images/wireshark-website.png>
Package pdftex.def Info: images/wireshark-website.png used on input line 276.
(pdftex.def)             Requested size: 569.05511pt x 340.73763pt.
File: solido_networks_solid_RGB.png Graphic file (type png)
 <use solido_networks_solid_RGB.png>
Package pdftex.def Info: solido_networks_solid_RGB.png used on input line 282.
(pdftex.def)             Requested size: 113.81102pt x 43.92589pt.

Overfull \vbox (45.39008pt too high) has occurred while \output is active []


[19 </userdata/projects/github/security-courses/images/wireshark-website.png>]
<images/wireshark-http.png, id=126, 1326.9575pt x 991.705pt>
File: images/wireshark-http.png Graphic file (type png)

<use images/wireshark-http.png>
Package pdftex.def Info: images/wireshark-http.png used on input line 284.
(pdftex.def)             Requested size: 540.60236pt x 404.01408pt.
File: solido_networks_solid_RGB.png Graphic file (type png)
 <use solido_networks_solid_RGB.png>
Package pdftex.def Info: solido_networks_solid_RGB.png used on input line 289.
(pdftex.def)             Requested size: 113.81102pt x 43.92589pt.

Overfull \vbox (45.39008pt too high) has occurred while \output is active []


[20 </userdata/projects/github/security-courses/images/wireshark-http.png>]
<images/googledorks-1.pdf, id=132, 609.27625pt x 396.48125pt>
File: images/googledorks-1.pdf Graphic file (type pdf)

<use images/googledorks-1.pdf>
Package pdftex.def Info: images/googledorks-1.pdf used on input line 291.
(pdftex.def)             Requested size: 455.24408pt x 296.25308pt.
File: solido_networks_solid_RGB.png Graphic file (type png)
 <use solido_networks_solid_RGB.png>
Package pdftex.def Info: solido_networks_solid_RGB.png used on input line 300.
(pdftex.def)             Requested size: 113.81102pt x 43.92589pt.

Overfull \vbox (45.39008pt too high) has occurred while \output is active []


[21 </userdata/projects/github/security-courses/images/googledorks-1.pdf>]
<wizard_in_blue_hat.png, id=144, 221.628pt x 320.397pt>
File: wizard_in_blue_hat.png Graphic file (type png)

<use wizard_in_blue_hat.png>
Package pdftex.def Info: wizard_in_blue_hat.png used on input line 302.
(pdftex.def)             Requested size: 199.16928pt x 287.92929pt.
File: solido_networks_solid_RGB.png Graphic file (type png)
 <use solido_networks_solid_RGB.png>
Package pdftex.def Info: solido_networks_solid_RGB.png used on input line 309.
(pdftex.def)             Requested size: 113.81102pt x 43.92589pt.

Overfull \vbox (45.39008pt too high) has occurred while \output is active []


[22 </userdata/projects/github/security-courses/images/wizard_in_blue_hat.png>]
<ninjas.png, id=149, 392.46625pt x 242.9075pt>
File: ninjas.png Graphic file (type png)
 <use ninjas.png>
Package pdftex.def Info: ninjas.png used on input line 311.
(pdftex.def)             Requested size: 483.69684pt x 299.39342pt.
File: solido_networks_solid_RGB.png Graphic file (type png)

<use solido_networks_solid_RGB.png>
Package pdftex.def Info: solido_networks_solid_RGB.png used on input line 320.
(pdftex.def)             Requested size: 113.81102pt x 43.92589pt.

Overfull \vbox (45.39008pt too high) has occurred while \output is active []


[23 </userdata/projects/github/security-courses/images/ninjas.png>]
File: solido_networks_solid_RGB.png Graphic file (type png)

<use solido_networks_solid_RGB.png>
Package pdftex.def Info: solido_networks_solid_RGB.png used on input line 333.
(pdftex.def)             Requested size: 113.81102pt x 43.92589pt.

Overfull \vbox (45.39008pt too high) has occurred while \output is active []


[24]
File: solido_networks_solid_RGB.png Graphic file (type png)
 <use solido_networks_solid_RGB.png>
Package pdftex.def Info: solido_networks_solid_RGB.png used on input line 348.
(pdftex.def)             Requested size: 113.81102pt x 43.92589pt.

Overfull \vbox (45.39008pt too high) has occurred while \output is active []


[25] <stupid-security.jpg, id=164, 113.7048pt x 104.7915pt>
File: stupid-security.jpg Graphic file (type jpg)

<use stupid-security.jpg>
Package pdftex.def Info: stupid-security.jpg used on input line 350.
(pdftex.def)             Requested size: 426.79134pt x 393.39409pt.
File: solido_networks_solid_RGB.png Graphic file (type png)
 <use solido_networks_solid_RGB.png>
Package pdftex.def Info: solido_networks_solid_RGB.png used on input line 352.
(pdftex.def)             Requested size: 113.81102pt x 43.92589pt.

Overfull \vbox (45.39008pt too high) has occurred while \output is active []


[26 </userdata/projects/github/security-courses/images/stupid-security.jpg>]
File: solido_networks_solid_RGB.png Graphic file (type png)

<use solido_networks_solid_RGB.png>
Package pdftex.def Info: solido_networks_solid_RGB.png used on input line 370.
(pdftex.def)             Requested size: 113.81102pt x 43.92589pt.

Overfull \vbox (45.39008pt too high) has occurred while \output is active []


[27]
File: solido_networks_solid_RGB.png Graphic file (type png)
 <use solido_networks_solid_RGB.png>
Package pdftex.def Info: solido_networks_solid_RGB.png used on input line 395.
(pdftex.def)             Requested size: 113.81102pt x 43.92589pt.

Overfull \vbox (45.39008pt too high) has occurred while \output is active []


[28]
File: solido_networks_solid_RGB.png Graphic file (type png)
 <use solido_networks_solid_RGB.png>
Package pdftex.def Info: solido_networks_solid_RGB.png used on input line 415.
(pdftex.def)             Requested size: 113.81102pt x 43.92589pt.

Overfull \vbox (45.39008pt too high) has occurred while \output is active []


[29] <wall-of-sheep-defcon.jpg, id=182, 501.875pt x 376.40625pt>
File: wall-of-sheep-defcon.jpg Graphic file (type jpg)

<use wall-of-sheep-defcon.jpg>
Package pdftex.def Info: wall-of-sheep-defcon.jpg used on input line 417.
(pdftex.def)             Requested size: 455.24408pt x 341.45044pt.
File: solido_networks_solid_RGB.png Graphic file (type png)
 <use solido_networks_solid_RGB.png>
Package pdftex.def Info: solido_networks_solid_RGB.png used on input line 425.
(pdftex.def)             Requested size: 113.81102pt x 43.92589pt.

Overfull \vbox (45.39008pt too high) has occurred while \output is active []


[30 </userdata/projects/github/security-courses/presentations/network/sniffing-
thecamp-2011/images/wall-of-sheep-defcon.jpg>]
File: solido_networks_solid_RGB.png Graphic file (type png)

<use solido_networks_solid_RGB.png>
Package pdftex.def Info: solido_networks_solid_RGB.png used on input line 443.
(pdftex.def)             Requested size: 113.81102pt x 43.92589pt.

Overfull \vbox (45.39008pt too high) has occurred while \output is active []


[31] <yubico-overview.png, id=194, 931.48pt x 379.4175pt>
File: yubico-overview.png Graphic file (type png)

<use yubico-overview.png>
Package pdftex.def Info: yubico-overview.png used on input line 445.
(pdftex.def)             Requested size: 569.05511pt x 231.79749pt.
File: solido_networks_solid_RGB.png Graphic file (type png)
 <use solido_networks_solid_RGB.png>
Package pdftex.def Info: solido_networks_solid_RGB.png used on input line 452.
(pdftex.def)             Requested size: 113.81102pt x 43.92589pt.

Overfull \vbox (45.39008pt too high) has occurred while \output is active []


[32 </userdata/projects/github/security-courses/images/yubico-overview.png>]
<duosecurity-overview.png, id=200, 257.96375pt x 236.885pt>
File: duosecurity-overview.png Graphic file (type png)

<use duosecurity-overview.png>
Package pdftex.def Info: duosecurity-overview.png used on input line 454.
(pdftex.def)             Requested size: 341.43306pt x 313.56387pt.
File: solido_networks_solid_RGB.png Graphic file (type png)
 <use solido_networks_solid_RGB.png>
Package pdftex.def Info: solido_networks_solid_RGB.png used on input line 460.
(pdftex.def)             Requested size: 113.81102pt x 43.92589pt.

Overfull \vbox (45.39008pt too high) has occurred while \output is active []


[33 </userdata/projects/github/security-courses/images/duosecurity-overview.png
>] <google-backup-codes.png, id=207, 318.18875pt x 204.765pt>
File: google-backup-codes.png Graphic file (type png)

<use google-backup-codes.png>
Package pdftex.def Info: google-backup-codes.png used on input line 464.
(pdftex.def)             Requested size: 256.0748pt x 164.79016pt.
File: solido_networks_solid_RGB.png Graphic file (type png)
 <use solido_networks_solid_RGB.png>
Package pdftex.def Info: solido_networks_solid_RGB.png used on input line 474.
(pdftex.def)             Requested size: 113.81102pt x 43.92589pt.

Overfull \vbox (45.39008pt too high) has occurred while \output is active []


[34 </userdata/projects/github/security-courses/images/google-backup-codes.png>
]
File: solido_networks_solid_RGB.png Graphic file (type png)
 <use solido_networks_solid_RGB.png>
Package pdftex.def Info: solido_networks_solid_RGB.png used on input line 493.
(pdftex.def)             Requested size: 113.81102pt x 43.92589pt.

Overfull \vbox (45.39008pt too high) has occurred while \output is active []


[35] <github-credentials.png, id=218, 781.92125pt x 305.14pt>
File: github-credentials.png Graphic file (type png)

<use github-credentials.png>
Package pdftex.def Info: github-credentials.png used on input line 496.
(pdftex.def)             Requested size: 569.05511pt x 222.07986pt.

Overfull \hbox (79.85861pt too wide) in paragraph at lines 498--504
[][]$\OT1/pcr/m/n/14.4 http : / / www . webmonkey . com / 2013 / 01 / users-[]s
cramble-[]as-[]github-[]search-[]exposes-[]passwords-[]security-[]details/$[][]
 
 []

File: solido_networks_solid_RGB.png Graphic file (type png)
<use solido_networks_solid_RGB.png>
Package pdftex.def Info: solido_networks_solid_RGB.png used on input line 511.
(pdftex.def)             Requested size: 113.81102pt x 43.92589pt.

Overfull \vbox (45.39008pt too high) has occurred while \output is active []


[36 </userdata/projects/github/security-courses/images/github-credentials.png>]
<password-window.png, id=227, 401.5pt x 551.05875pt>
File: password-window.png Graphic file (type png)
 <use password-window.png>
Package pdftex.def Info: password-window.png used on input line 513.
(pdftex.def)             Requested size: 284.52756pt x 390.53972pt.
File: solido_networks_solid_RGB.png Graphic file (type png)

<use solido_networks_solid_RGB.png>
Package pdftex.def Info: solido_networks_solid_RGB.png used on input line 518.
(pdftex.def)             Requested size: 113.81102pt x 43.92589pt.

Overfull \vbox (45.39008pt too high) has occurred while \output is active []


[37 </userdata/projects/github/security-courses/images/password-window.png (PNG
 copy)>] <cain-win.png, id=233, 798.985pt x 445.665pt>
File: cain-win.png Graphic file (type png)
 <use cain-win.png>
Package pdftex.def Info: cain-win.png used on input line 522.
(pdftex.def)             Requested size: 569.05511pt x 317.424pt.
File: solido_networks_solid_RGB.png Graphic file (type png)

<use solido_networks_solid_RGB.png>
Package pdftex.def Info: solido_networks_solid_RGB.png used on input line 527.
(pdftex.def)             Requested size: 113.81102pt x 43.92589pt.

Overfull \vbox (45.39008pt too high) has occurred while \output is active []


[38 </userdata/projects/github/security-courses/images/cain-win.png>]
File: solido_networks_solid_RGB.png Graphic file (type png)

<use solido_networks_solid_RGB.png>
Package pdftex.def Info: solido_networks_solid_RGB.png used on input line 545.
(pdftex.def)             Requested size: 113.81102pt x 43.92589pt.

Overfull \vbox (45.39008pt too high) has occurred while \output is active []


[39]
File: solido_networks_solid_RGB.png Graphic file (type png)
 <use solido_networks_solid_RGB.png>
Package pdftex.def Info: solido_networks_solid_RGB.png used on input line 558.
(pdftex.def)             Requested size: 113.81102pt x 43.92589pt.

Overfull \vbox (45.39008pt too high) has occurred while \output is active []


[40] <parallella-john.png, id=250, 527.9725pt x 185.69376pt>
File: parallella-john.png Graphic file (type png)

<use parallella-john.png>
Package pdftex.def Info: parallella-john.png used on input line 560.
(pdftex.def)             Requested size: 569.05511pt x 200.15524pt.
File: solido_networks_solid_RGB.png Graphic file (type png)
 <use solido_networks_solid_RGB.png>
Package pdftex.def Info: solido_networks_solid_RGB.png used on input line 566.
(pdftex.def)             Requested size: 113.81102pt x 43.92589pt.

Overfull \vbox (45.39008pt too high) has occurred while \output is active []


[41 </userdata/projects/github/security-courses/images/parallella-john.png>]
<4BoardStack.jpg, id=256, 246.6816pt x 186.2157pt>
File: 4BoardStack.jpg Graphic file (type jpg)
 <use 4BoardStack.jpg>
Package pdftex.def Info: 4BoardStack.jpg used on input line 567.
(pdftex.def)             Requested size: 455.24408pt x 343.68951pt.
File: solido_networks_solid_RGB.png Graphic file (type png)

<use solido_networks_solid_RGB.png>
Package pdftex.def Info: solido_networks_solid_RGB.png used on input line 571.
(pdftex.def)             Requested size: 113.81102pt x 43.92589pt.

Overfull \vbox (45.39008pt too high) has occurred while \output is active []


[42 </userdata/projects/github/security-courses/images/4BoardStack.jpg>]
<god-sikkerhed.pdf, id=262, 393.47pt x 233.87375pt>
File: god-sikkerhed.pdf Graphic file (type pdf)
 <use god-sikkerhed.pdf>
Package pdftex.def Info: god-sikkerhed.pdf used on input line 573.
(pdftex.def)             Requested size: 426.79134pt x 253.679pt.
File: solido_networks_solid_RGB.png Graphic file (type png)

<use solido_networks_solid_RGB.png>
Package pdftex.def Info: solido_networks_solid_RGB.png used on input line 580.
(pdftex.def)             Requested size: 113.81102pt x 43.92589pt.

Overfull \vbox (45.39008pt too high) has occurred while \output is active []


[43 </userdata/projects/github/security-courses/images/god-sikkerhed.pdf>]
LaTeX Font Info:    Font shape `OT1/phv/bx/n' in size <17.28> not available
(Font)              Font shape `OT1/phv/b/n' tried instead on input line 591.
File: solido_networks_solid_RGB.png Graphic file (type png)

<use solido_networks_solid_RGB.png>
Package pdftex.def Info: solido_networks_solid_RGB.png used on input line 599.
(pdftex.def)             Requested size: 113.81102pt x 43.92589pt.

Overfull \vbox (45.39008pt too high) has occurred while \output is active []


[44]
File: solido_networks_solid_RGB.png Graphic file (type png)
 <use solido_networks_solid_RGB.png>
Package pdftex.def Info: solido_networks_solid_RGB.png used on input line 617.
(pdftex.def)             Requested size: 113.81102pt x 43.92589pt.

Overfull \vbox (45.39008pt too high) has occurred while \output is active []


[45] <security-layers-1-uk.pdf, id=293, 157.58875pt x 265.99374pt>
File: security-layers-1-uk.pdf Graphic file (type pdf)

<use security-layers-1-uk.pdf>
Package pdftex.def Info: security-layers-1-uk.pdf used on input line 619.
(pdftex.def)             Requested size: 227.62204pt x 384.22395pt.
File: solido_networks_solid_RGB.png Graphic file (type png)
 <use solido_networks_solid_RGB.png>
Package pdftex.def Info: solido_networks_solid_RGB.png used on input line 625.
(pdftex.def)             Requested size: 113.81102pt x 43.92589pt.

Overfull \vbox (45.39008pt too high) has occurred while \output is active []


[46 </userdata/projects/github/security-courses/images/security-layers-1-uk.pdf
>]
File: solido_networks_solid_RGB.png Graphic file (type png)
 <use solido_networks_solid_RGB.png>
Package pdftex.def Info: solido_networks_solid_RGB.png used on input line 639.
(pdftex.def)             Requested size: 113.81102pt x 43.92589pt.

Overfull \vbox (45.39008pt too high) has occurred while \output is active []


[47]
File: solido_networks_solid_RGB.png Graphic file (type png)
 <use solido_networks_solid_RGB.png>
Package pdftex.def Info: solido_networks_solid_RGB.png used on input line 651.
(pdftex.def)             Requested size: 113.81102pt x 43.92589pt.

Overfull \vbox (45.39008pt too high) has occurred while \output is active []


[48] <book-ce-150w.jpg, id=324, 54.47487pt x 65.73302pt>
File: book-ce-150w.jpg Graphic file (type jpg)

<use book-ce-150w.jpg>
Package pdftex.def Info: book-ce-150w.jpg used on input line 653.
(pdftex.def)             Requested size: 227.62204pt x 274.69362pt.
File: solido_networks_solid_RGB.png Graphic file (type png)
 <use solido_networks_solid_RGB.png>
Package pdftex.def Info: solido_networks_solid_RGB.png used on input line 660.
(pdftex.def)             Requested size: 113.81102pt x 43.92589pt.

Overfull \vbox (45.39008pt too high) has occurred while \output is active []


[49 </userdata/projects/github/security-courses/images/book-ce-150w.jpg>]
File: solido_networks_solid_RGB.png Graphic file (type png)

<use solido_networks_solid_RGB.png>
Package pdftex.def Info: solido_networks_solid_RGB.png used on input line 677.
(pdftex.def)             Requested size: 113.81102pt x 43.92589pt.

Overfull \vbox (45.39008pt too high) has occurred while \output is active []


[50] <heartbleed-com.png, id=337, 723.70375pt x 352.31625pt>
File: heartbleed-com.png Graphic file (type png)

<use heartbleed-com.png>
Package pdftex.def Info: heartbleed-com.png used on input line 679.
(pdftex.def)             Requested size: 625.96062pt x 304.7386pt.
File: solido_networks_solid_RGB.png Graphic file (type png)
 <use solido_networks_solid_RGB.png>
Package pdftex.def Info: solido_networks_solid_RGB.png used on input line 683.
(pdftex.def)             Requested size: 113.81102pt x 43.92589pt.

Overfull \vbox (45.39008pt too high) has occurred while \output is active []


[51 </userdata/projects/github/security-courses/presentations/misc/heartbleed-b
ug/heartbleed-com.png>]
Overfull \hbox (20.71869pt too wide) in paragraph at lines 696--696
[]\OT1/pcr/m/n/20.74 2012. OpenSSL 1.0.1g released on 7th of April 2014 fixes t
he bug.[] 
 []

File: solido_networks_solid_RGB.png Graphic file (type png)
<use solido_networks_solid_RGB.png>
Package pdftex.def Info: solido_networks_solid_RGB.png used on input line 699.
(pdftex.def)             Requested size: 113.81102pt x 43.92589pt.

Overfull \vbox (45.39008pt too high) has occurred while \output is active []


[52] <heartbleed.png, id=347, 342.27875pt x 414.54875pt>
File: heartbleed.png Graphic file (type png)
 <use heartbleed.png>
Package pdftex.def Info: heartbleed.png used on input line 701.
(pdftex.def)             Requested size: 85.35826pt x 103.37758pt.
File: solido_networks_solid_RGB.png Graphic file (type png)

<use solido_networks_solid_RGB.png>
Package pdftex.def Info: solido_networks_solid_RGB.png used on input line 711.
(pdftex.def)             Requested size: 113.81102pt x 43.92589pt.

Overfull \vbox (45.39008pt too high) has occurred while \output is active []


[53 </userdata/projects/github/security-courses/presentations/misc/heartbleed-b
ug/heartbleed.png>]
<ssl-tls-breaks-timeline.png, id=353, 1405.25pt x 327.2225pt>
File: ssl-tls-breaks-timeline.png Graphic file (type png)

<use ssl-tls-breaks-timeline.png>
Package pdftex.def Info: ssl-tls-breaks-timeline.png used on input line 713.
(pdftex.def)             Requested size: 455.24408pt x 106.00652pt.
File: solido_networks_solid_RGB.png Graphic file (type png)
 <use solido_networks_solid_RGB.png>
Package pdftex.def Info: solido_networks_solid_RGB.png used on input line 725.
(pdftex.def)             Requested size: 113.81102pt x 43.92589pt.

Overfull \vbox (45.39008pt too high) has occurred while \output is active []


[54 </userdata/projects/github/security-courses/images/ssl-tls-breaks-timeline.
png>]
Overfull \hbox (56.3735pt too wide) in paragraph at lines 735--736
[][]$\OT1/pcr/m/n/17.28 https : / / www . michael-[]p-[]davis . com / using-[]h
eartbleed-[]for-[]hijacking-[]user-[]sessions/$[][] 
 []


Overfull \hbox (53.3735pt too wide) in paragraph at lines 737--739
[][]$\OT1/pcr/m/n/17.28 https : / / github . com / rapid7 / metasploit-[]framew
ork / blob / master / modules / auxiliary /
 []

File: solido_networks_solid_RGB.png Graphic file (type png)
<use solido_networks_solid_RGB.png>
Package pdftex.def Info: solido_networks_solid_RGB.png used on input line 742.
(pdftex.def)             Requested size: 113.81102pt x 43.92589pt.

Overfull \vbox (45.39008pt too high) has occurred while \output is active []


[55]
LaTeX Font Info:    Font shape `OT1/phv/bx/n' in size <14.4> not available
(Font)              Font shape `OT1/phv/b/n' tried instead on input line 750.
File: solido_networks_solid_RGB.png Graphic file (type png)
 <use solido_networks_solid_RGB.png>
Package pdftex.def Info: solido_networks_solid_RGB.png used on input line 767.
(pdftex.def)             Requested size: 113.81102pt x 43.92589pt.

Overfull \vbox (45.39008pt too high) has occurred while \output is active []


[56]
Overfull \hbox (49.41774pt too wide) in paragraph at lines 780--781
[][]$\OT1/pcr/m/n/14.4 https : / / github . com / robertdavidgraham / masscan /
 commit / 23497c448b0a1c7058e8443e5202e7bffcab4795$[][] 
 []

File: solido_networks_solid_RGB.png Graphic file (type png)
<use solido_networks_solid_RGB.png>
Package pdftex.def Info: solido_networks_solid_RGB.png used on input line 783.
(pdftex.def)             Requested size: 113.81102pt x 43.92589pt.

Overfull \vbox (45.39008pt too high) has occurred while \output is active []


[57] <bettercrypto-nginx.png, id=394, 464.73625pt x 152.57pt>
File: bettercrypto-nginx.png Graphic file (type png)

<use bettercrypto-nginx.png>
Package pdftex.def Info: bettercrypto-nginx.png used on input line 785.
(pdftex.def)             Requested size: 569.05511pt x 186.83586pt.
File: solido_networks_solid_RGB.png Graphic file (type png)
 <use solido_networks_solid_RGB.png>
Package pdftex.def Info: solido_networks_solid_RGB.png used on input line 795.
(pdftex.def)             Requested size: 113.81102pt x 43.92589pt.

Overfull \vbox (45.39008pt too high) has occurred while \output is active []


[58 </userdata/projects/github/security-courses/images/bettercrypto-nginx.png>]
File: solido_networks_solid_RGB.png Graphic file (type png)
<use solido_networks_solid_RGB.png>
Package pdftex.def Info: solido_networks_solid_RGB.png used on input line 810.
(pdftex.def)             Requested size: 113.81102pt x 43.92589pt.

Overfull \vbox (45.39008pt too high) has occurred while \output is active []


[59] <crypto-cat.png, id=404, 502.87875pt x 418.56375pt>
File: crypto-cat.png Graphic file (type png)
 <use crypto-cat.png>
Package pdftex.def Info: crypto-cat.png used on input line 812.
(pdftex.def)             Requested size: 284.52756pt x 236.82106pt.
File: solido_networks_solid_RGB.png Graphic file (type png)

<use solido_networks_solid_RGB.png>
Package pdftex.def Info: solido_networks_solid_RGB.png used on input line 822.
(pdftex.def)             Requested size: 113.81102pt x 43.92589pt.

Overfull \vbox (45.39008pt too high) has occurred while \output is active []


[60 </userdata/projects/github/security-courses/images/crypto-cat.png>]
File: solido_networks_solid_RGB.png Graphic file (type png)

<use solido_networks_solid_RGB.png>
Package pdftex.def Info: solido_networks_solid_RGB.png used on input line 845.
(pdftex.def)             Requested size: 113.81102pt x 43.92589pt.

Overfull \vbox (45.39008pt too high) has occurred while \output is active []


[61] <images/data-integrity-1.pdf, id=419, 448.67422pt x 195.72925pt>
File: images/data-integrity-1.pdf Graphic file (type pdf)

<use images/data-integrity-1.pdf>
Package pdftex.def Info: images/data-integrity-1.pdf used on input line 847.
(pdftex.def)             Requested size: 426.79134pt x 186.1896pt.
File: solido_networks_solid_RGB.png Graphic file (type png)
 <use solido_networks_solid_RGB.png>
Package pdftex.def Info: solido_networks_solid_RGB.png used on input line 857.
(pdftex.def)             Requested size: 113.81102pt x 43.92589pt.

Overfull \vbox (45.39008pt too high) has occurred while \output is active []


[62 </userdata/projects/github/security-courses/images/data-integrity-1.pdf>]
File: solido_networks_solid_RGB.png Graphic file (type png)

<use solido_networks_solid_RGB.png>
Package pdftex.def Info: solido_networks_solid_RGB.png used on input line 870.
(pdftex.def)             Requested size: 113.81102pt x 43.92589pt.

Overfull \vbox (45.39008pt too high) has occurred while \output is active []


[63] <macbook-black.jpg, id=445, 471.7625pt x 295.1025pt>
File: macbook-black.jpg Graphic file (type jpg)

<use macbook-black.jpg>
Package pdftex.def Info: macbook-black.jpg used on input line 872.
(pdftex.def)             Requested size: 455.24408pt x 284.77211pt.
File: solido_networks_solid_RGB.png Graphic file (type png)
 <use solido_networks_solid_RGB.png>
Package pdftex.def Info: solido_networks_solid_RGB.png used on input line 879.
(pdftex.def)             Requested size: 113.81102pt x 43.92589pt.

Overfull \vbox (45.39008pt too high) has occurred while \output is active []


[64 </userdata/projects/github/security-courses/images/macbook-black.jpg>]
<images/apple-filevault.png, id=451, 577.15625pt x 221.82875pt>
File: images/apple-filevault.png Graphic file (type png)

<use images/apple-filevault.png>
Package pdftex.def Info: images/apple-filevault.png used on input line 881.
(pdftex.def)             Requested size: 369.88582pt x 142.1696pt.

Overfull \hbox (12.40152pt too wide) in paragraph at lines 891--894
[][]$\OT1/pcr/m/n/17.28 http : / / blog . cryptographyengineering . com / 2013 
/ 10 / lets-[]audit-[]truecrypt . html$[][] 
 []

File: solido_networks_solid_RGB.png Graphic file (type png)
<use solido_networks_solid_RGB.png>
Package pdftex.def Info: solido_networks_solid_RGB.png used on input line 898.
(pdftex.def)             Requested size: 113.81102pt x 43.92589pt.

Overfull \vbox (45.39008pt too high) has occurred while \output is active []


[65 </userdata/projects/github/security-courses/images/apple-filevault.png>]
File: solido_networks_solid_RGB.png Graphic file (type png)

<use solido_networks_solid_RGB.png>
Package pdftex.def Info: solido_networks_solid_RGB.png used on input line 921.
(pdftex.def)             Requested size: 113.81102pt x 43.92589pt.

Overfull \vbox (45.39008pt too high) has occurred while \output is active []


[66]
File: solido_networks_solid_RGB.png Graphic file (type png)
 <use solido_networks_solid_RGB.png>
Package pdftex.def Info: solido_networks_solid_RGB.png used on input line 935.
(pdftex.def)             Requested size: 113.81102pt x 43.92589pt.

Overfull \vbox (45.39008pt too high) has occurred while \output is active []


[67]
File: solido_networks_solid_RGB.png Graphic file (type png)
 <use solido_networks_solid_RGB.png>
Package pdftex.def Info: solido_networks_solid_RGB.png used on input line 948.
(pdftex.def)             Requested size: 113.81102pt x 43.92589pt.

Overfull \vbox (45.39008pt too high) has occurred while \output is active []


[68]
File: solido_networks_solid_RGB.png Graphic file (type png)
 <use solido_networks_solid_RGB.png>
Package pdftex.def Info: solido_networks_solid_RGB.png used on input line 961.
(pdftex.def)             Requested size: 113.81102pt x 43.92589pt.

Overfull \vbox (45.39008pt too high) has occurred while \output is active []


[69]
File: solido_networks_solid_RGB.png Graphic file (type png)
 <use solido_networks_solid_RGB.png>
Package pdftex.def Info: solido_networks_solid_RGB.png used on input line 980.
(pdftex.def)             Requested size: 113.81102pt x 43.92589pt.

Overfull \vbox (45.39008pt too high) has occurred while \output is active []


[70] <images/dban-screenshot.png, id=484, 722.7pt x 401.5pt>
File: images/dban-screenshot.png Graphic file (type png)

<use images/dban-screenshot.png>
Package pdftex.def Info: images/dban-screenshot.png used on input line 982.
(pdftex.def)             Requested size: 284.52756pt x 158.07307pt.
File: solido_networks_solid_RGB.png Graphic file (type png)
 <use solido_networks_solid_RGB.png>
Package pdftex.def Info: solido_networks_solid_RGB.png used on input line 996.
(pdftex.def)             Requested size: 113.81102pt x 43.92589pt.

Overfull \vbox (45.39008pt too high) has occurred while \output is active []


[71 </userdata/projects/github/security-courses/images/dban-screenshot.png>]
<images/pgp.png, id=492, 145.54375pt x 190.7125pt>
File: images/pgp.png Graphic file (type png)
 <use images/pgp.png>
Package pdftex.def Info: images/pgp.png used on input line 998.
(pdftex.def)             Requested size: 142.26378pt x 186.42844pt.
File: solido_networks_solid_RGB.png Graphic file (type png)

<use solido_networks_solid_RGB.png>
Package pdftex.def Info: solido_networks_solid_RGB.png used on input line 1010.

(pdftex.def)             Requested size: 113.81102pt x 43.92589pt.

Overfull \vbox (45.39008pt too high) has occurred while \output is active []


[72 </userdata/projects/github/security-courses/images/pgp.png>]
<images/logo-gnupg.png, id=499, 120.45pt x 120.45pt>
File: images/logo-gnupg.png Graphic file (type png)

<use images/logo-gnupg.png>
Package pdftex.def Info: images/logo-gnupg.png used on input line 1012.
(pdftex.def)             Requested size: 142.26378pt x 142.27678pt.
File: solido_networks_solid_RGB.png Graphic file (type png)
 <use solido_networks_solid_RGB.png>
Package pdftex.def Info: solido_networks_solid_RGB.png used on input line 1021.

(pdftex.def)             Requested size: 113.81102pt x 43.92589pt.

Overfull \vbox (45.39008pt too high) has occurred while \output is active []


[73 </userdata/projects/github/security-courses/images/logo-gnupg.png>]
<openvpn-gui-systray.png, id=507, 84.5559pt x 37.8213pt>
File: openvpn-gui-systray.png Graphic file (type png)

<use openvpn-gui-systray.png>
Package pdftex.def Info: openvpn-gui-systray.png used on input line 1023.
(pdftex.def)             Requested size: 341.43306pt x 152.76448pt.
File: solido_networks_solid_RGB.png Graphic file (type png)
 <use solido_networks_solid_RGB.png>
Package pdftex.def Info: solido_networks_solid_RGB.png used on input line 1033.

(pdftex.def)             Requested size: 113.81102pt x 43.92589pt.

Overfull \vbox (45.39008pt too high) has occurred while \output is active []


[74 </userdata/projects/github/security-courses/presentations/network/sniffing-
thecamp-2011/images/openvpn-gui-systray.png>]
<multi-browser-strategy.png, id=513, 670.505pt x 226.8475pt>
File: multi-browser-strategy.png Graphic file (type png)

<use multi-browser-strategy.png>
Package pdftex.def Info: multi-browser-strategy.png used on input line 1035.
(pdftex.def)             Requested size: 569.05511pt x 192.52359pt.
File: solido_networks_solid_RGB.png Graphic file (type png)
 <use solido_networks_solid_RGB.png>
Package pdftex.def Info: solido_networks_solid_RGB.png used on input line 1044.

(pdftex.def)             Requested size: 113.81102pt x 43.92589pt.

Overfull \vbox (45.39008pt too high) has occurred while \output is active []


[75 </userdata/projects/github/security-courses/images/multi-browser-strategy.p
ng>] <HTTPS_Everywhere_new_logo.jpg, id=519, 361.35pt x 312.16624pt>
File: HTTPS_Everywhere_new_logo.jpg Graphic file (type jpg)

<use HTTPS_Everywhere_new_logo.jpg>
Package pdftex.def Info: HTTPS_Everywhere_new_logo.jpg used on input line 1046.

(pdftex.def)             Requested size: 142.26378pt x 122.90181pt.
File: solido_networks_solid_RGB.png Graphic file (type png)
 <use solido_networks_solid_RGB.png>
Package pdftex.def Info: solido_networks_solid_RGB.png used on input line 1054.

(pdftex.def)             Requested size: 113.81102pt x 43.92589pt.

Overfull \vbox (45.39008pt too high) has occurred while \output is active []


[76 </userdata/projects/github/security-courses/images/HTTPS_Everywhere_new_log
o.jpg>]
File: solido_networks_solid_RGB.png Graphic file (type png)
 <use solido_networks_solid_RGB.png>
Package pdftex.def Info: solido_networks_solid_RGB.png used on input line 1074.

(pdftex.def)             Requested size: 113.81102pt x 43.92589pt.

Overfull \vbox (45.39008pt too high) has occurred while \output is active []


[77]
File: solido_networks_solid_RGB.png Graphic file (type png)
 <use solido_networks_solid_RGB.png>
Package pdftex.def Info: solido_networks_solid_RGB.png used on input line 1093.

(pdftex.def)             Requested size: 113.81102pt x 43.92589pt.

Overfull \vbox (45.39008pt too high) has occurred while \output is active []


[78] <dnssec-trigger.png, id=536, 201.09914pt x 201.09914pt>
File: dnssec-trigger.png Graphic file (type png)

<use dnssec-trigger.png>
Package pdftex.def Info: dnssec-trigger.png used on input line 1095.
(pdftex.def)             Requested size: 199.16928pt x 199.1716pt.
File: solido_networks_solid_RGB.png Graphic file (type png)
 <use solido_networks_solid_RGB.png>
Package pdftex.def Info: solido_networks_solid_RGB.png used on input line 1108.

(pdftex.def)             Requested size: 113.81102pt x 43.92589pt.

Overfull \vbox (45.39008pt too high) has occurred while \output is active []


[79 </userdata/projects/github/security-courses/images/dnssec-trigger.png>]
<tor-project.png, id=546, 640.3925pt x 268.00125pt>
File: tor-project.png Graphic file (type png)
 <use tor-project.png>
Package pdftex.def Info: tor-project.png used on input line 1110.
(pdftex.def)             Requested size: 597.50787pt x 250.05644pt.
File: solido_networks_solid_RGB.png Graphic file (type png)

<use solido_networks_solid_RGB.png>
Package pdftex.def Info: solido_networks_solid_RGB.png used on input line 1116.

(pdftex.def)             Requested size: 113.81102pt x 43.92589pt.

Overfull \vbox (45.39008pt too high) has occurred while \output is active []


[80 </userdata/projects/github/security-courses/images/tor-project.png>]
<twitter-turkey.png, id=552, 582.175pt x 660.4675pt>
File: twitter-turkey.png Graphic file (type png)
 <use twitter-turkey.png>
Package pdftex.def Info: twitter-turkey.png used on input line 1118.
(pdftex.def)             Requested size: 341.43306pt x 387.35452pt.
File: solido_networks_solid_RGB.png Graphic file (type png)

<use solido_networks_solid_RGB.png>
Package pdftex.def Info: solido_networks_solid_RGB.png used on input line 1120.

(pdftex.def)             Requested size: 113.81102pt x 43.92589pt.

Overfull \vbox (45.39008pt too high) has occurred while \output is active []


[81 </userdata/projects/github/security-courses/images/twitter-turkey.png>]
<John-Gilmore-quotes.png, id=557, 857.2025pt x 428.60126pt>
File: John-Gilmore-quotes.png Graphic file (type png)

<use John-Gilmore-quotes.png>
Package pdftex.def Info: John-Gilmore-quotes.png used on input line 1124.
(pdftex.def)             Requested size: 625.96062pt x 312.98094pt.
File: solido_networks_solid_RGB.png Graphic file (type png)
 <use solido_networks_solid_RGB.png>
Package pdftex.def Info: solido_networks_solid_RGB.png used on input line 1129.

(pdftex.def)             Requested size: 113.81102pt x 43.92589pt.

Overfull \vbox (45.39008pt too high) has occurred while \output is active []


[82 </userdata/projects/github/security-courses/images/John-Gilmore-quotes.png>
]
<userstats-relay-country-2013-12-25-off-2014-03-25-tr.png, id=564, 578.16pt x 3
61.35pt>
File: userstats-relay-country-2013-12-25-off-2014-03-25-tr.png Graphic file (ty
pe png)
 <use userstats-relay-country-2013-12-25-off-2014-03-25-tr.png>
Package pdftex.def Info: userstats-relay-country-2013-12-25-off-2014-03-25-tr.p
ng used on input line 1131.
(pdftex.def)             Requested size: 569.05511pt x 355.67546pt.
File: solido_networks_solid_RGB.png Graphic file (type png)

<use solido_networks_solid_RGB.png>
Package pdftex.def Info: solido_networks_solid_RGB.png used on input line 1136.

(pdftex.def)             Requested size: 113.81102pt x 43.92589pt.

Overfull \vbox (45.39008pt too high) has occurred while \output is active []


[83 </userdata/projects/github/security-courses/images/userstats-relay-country-
2013-12-25-off-2014-03-25-tr.png>]
<userstats-relay-country-2013-12-25-off-2014-03-26-tr.png, id=572, 578.16pt x 3
61.35pt>
File: userstats-relay-country-2013-12-25-off-2014-03-26-tr.png Graphic file (ty
pe png)
 <use userstats-relay-country-2013-12-25-off-2014-03-26-tr.png>
Package pdftex.def Info: userstats-relay-country-2013-12-25-off-2014-03-26-tr.p
ng used on input line 1138.
(pdftex.def)             Requested size: 569.05511pt x 355.67546pt.
File: solido_networks_solid_RGB.png Graphic file (type png)

<use solido_networks_solid_RGB.png>
Package pdftex.def Info: solido_networks_solid_RGB.png used on input line 1145.

(pdftex.def)             Requested size: 113.81102pt x 43.92589pt.

Overfull \vbox (45.39008pt too high) has occurred while \output is active []


[84 </userdata/projects/github/security-courses/images/userstats-relay-country-
2013-12-25-off-2014-03-26-tr.png (PNG copy)>]
<how-tor-works-1.png, id=580, 511.9125pt x 327.2225pt>
File: how-tor-works-1.png Graphic file (type png)

<use how-tor-works-1.png>
Package pdftex.def Info: how-tor-works-1.png used on input line 1147.
(pdftex.def)             Requested size: 597.50787pt x 381.96002pt.
File: solido_networks_solid_RGB.png Graphic file (type png)
 <use solido_networks_solid_RGB.png>
Package pdftex.def Info: solido_networks_solid_RGB.png used on input line 1151.

(pdftex.def)             Requested size: 113.81102pt x 43.92589pt.

Overfull \vbox (45.39008pt too high) has occurred while \output is active []


[85 </userdata/projects/github/security-courses/images/how-tor-works-1.png>]
<how-tor-works-2.png, id=588, 511.9125pt x 327.2225pt>
File: how-tor-works-2.png Graphic file (type png)

<use how-tor-works-2.png>
Package pdftex.def Info: how-tor-works-2.png used on input line 1153.
(pdftex.def)             Requested size: 597.50787pt x 381.96002pt.
File: solido_networks_solid_RGB.png Graphic file (type png)
 <use solido_networks_solid_RGB.png>
Package pdftex.def Info: solido_networks_solid_RGB.png used on input line 1157.

(pdftex.def)             Requested size: 113.81102pt x 43.92589pt.

Overfull \vbox (45.39008pt too high) has occurred while \output is active []


[86 </userdata/projects/github/security-courses/images/how-tor-works-2.png>]
<how-tor-works-3.png, id=595, 383.93437pt x 245.41687pt>
File: how-tor-works-3.png Graphic file (type png)

<use how-tor-works-3.png>
Package pdftex.def Info: how-tor-works-3.png used on input line 1159.
(pdftex.def)             Requested size: 597.50787pt x 381.99121pt.
File: solido_networks_solid_RGB.png Graphic file (type png)
 <use solido_networks_solid_RGB.png>
Package pdftex.def Info: solido_networks_solid_RGB.png used on input line 1163.

(pdftex.def)             Requested size: 113.81102pt x 43.92589pt.

Overfull \vbox (45.39008pt too high) has occurred while \output is active []


[87 </userdata/projects/github/security-courses/images/how-tor-works-3.png>]
File: tor-project.png Graphic file (type png)

<use tor-project.png>
Package pdftex.def Info: tor-project.png used on input line 1165.
(pdftex.def)             Requested size: 341.43306pt x 142.89056pt.
File: solido_networks_solid_RGB.png Graphic file (type png)
 <use solido_networks_solid_RGB.png>
Package pdftex.def Info: solido_networks_solid_RGB.png used on input line 1172.

(pdftex.def)             Requested size: 113.81102pt x 43.92589pt.

Overfull \vbox (45.39008pt too high) has occurred while \output is active []


[88] <400px-Whonix.jpg, id=607, 401.5pt x 215.80624pt>
File: 400px-Whonix.jpg Graphic file (type jpg)
 <use 400px-Whonix.jpg>
Package pdftex.def Info: 400px-Whonix.jpg used on input line 1174.
(pdftex.def)             Requested size: 483.69684pt x 260.00346pt.
File: solido_networks_solid_RGB.png Graphic file (type png)

<use solido_networks_solid_RGB.png>
Package pdftex.def Info: solido_networks_solid_RGB.png used on input line 1185.

(pdftex.def)             Requested size: 113.81102pt x 43.92589pt.

Overfull \vbox (45.39008pt too high) has occurred while \output is active []


[89 </userdata/projects/github/security-courses/images/400px-Whonix.jpg>]
<the-guardian-project.pdf, id=613, 744.7825pt x 484.81125pt>
File: the-guardian-project.pdf Graphic file (type pdf)

<use the-guardian-project.pdf>
Package pdftex.def Info: the-guardian-project.pdf used on input line 1187.
(pdftex.def)             Requested size: 569.05511pt x 370.43553pt.
File: solido_networks_solid_RGB.png Graphic file (type png)
 <use solido_networks_solid_RGB.png>
Package pdftex.def Info: solido_networks_solid_RGB.png used on input line 1197.

(pdftex.def)             Requested size: 113.81102pt x 43.92589pt.

Overfull \vbox (45.39008pt too high) has occurred while \output is active []


[90 </userdata/projects/github/security-courses/images/the-guardian-project.pdf
>] <MangaRamblo.jpg, id=714, 301.125pt x 255.95625pt>
File: MangaRamblo.jpg Graphic file (type jpg)
 <use MangaRamblo.jpg>
Package pdftex.def Info: MangaRamblo.jpg used on input line 1199.
(pdftex.def)             Requested size: 227.62204pt x 193.48596pt.
File: solido_networks_solid_RGB.png Graphic file (type png)

<use solido_networks_solid_RGB.png>
Package pdftex.def Info: solido_networks_solid_RGB.png used on input line 1212.

(pdftex.def)             Requested size: 113.81102pt x 43.92589pt.

Overfull \vbox (45.39008pt too high) has occurred while \output is active []


[91 </userdata/projects/github/security-courses/images/MangaRamblo.jpg>]
<unity-privacy-problem.png, id=720, 1201.48875pt x 754.82pt>
File: unity-privacy-problem.png Graphic file (type png)

<use unity-privacy-problem.png>
Package pdftex.def Info: unity-privacy-problem.png used on input line 1214.
(pdftex.def)             Requested size: 625.96062pt x 393.25731pt.
File: solido_networks_solid_RGB.png Graphic file (type png)
 <use solido_networks_solid_RGB.png>
Package pdftex.def Info: solido_networks_solid_RGB.png used on input line 1218.

(pdftex.def)             Requested size: 113.81102pt x 43.92589pt.

Overfull \vbox (45.39008pt too high) has occurred while \output is active []


[92 </userdata/projects/github/security-courses/presentations/misc/prosa-stud-2
014/images/unity-privacy-problem.png>]
<mac-os-x-yosemite-privacy-problem.png, id=727, 1189.44376pt x 808.01875pt>
File: mac-os-x-yosemite-privacy-problem.png Graphic file (type png)

<use mac-os-x-yosemite-privacy-problem.png>
Package pdftex.def Info: mac-os-x-yosemite-privacy-problem.png used on input li
ne 1220.
(pdftex.def)             Requested size: 540.60236pt x 367.24223pt.
File: solido_networks_solid_RGB.png Graphic file (type png)

<use solido_networks_solid_RGB.png>
Package pdftex.def Info: solido_networks_solid_RGB.png used on input line 1226.

(pdftex.def)             Requested size: 113.81102pt x 43.92589pt.

Overfull \vbox (45.39008pt too high) has occurred while \output is active []


[93 </userdata/projects/github/security-courses/presentations/misc/prosa-stud-2
014/images/mac-os-x-yosemite-privacy-problem.png>]
<ssd-eff-logo.png, id=733, 752.8125pt x 317.185pt>
File: ssd-eff-logo.png Graphic file (type png)
 <use ssd-eff-logo.png>
Package pdftex.def Info: ssd-eff-logo.png used on input line 1228.
(pdftex.def)             Requested size: 284.52756pt x 119.883pt.
File: solido_networks_solid_RGB.png Graphic file (type png)

<use solido_networks_solid_RGB.png>
Package pdftex.def Info: solido_networks_solid_RGB.png used on input line 1238.

(pdftex.def)             Requested size: 113.81102pt x 43.92589pt.

Overfull \vbox (45.39008pt too high) has occurred while \output is active []


[94 </userdata/projects/github/security-courses/presentations/misc/prosa-stud-2
014/images/ssd-eff-logo.png>]
<tactical-tech-securitybox.png, id=740, 1090.0725pt x 716.6775pt>
File: tactical-tech-securitybox.png Graphic file (type png)

<use tactical-tech-securitybox.png>
Package pdftex.def Info: tactical-tech-securitybox.png used on input line 1240.

(pdftex.def)             Requested size: 569.05511pt x 374.12889pt.
File: solido_networks_solid_RGB.png Graphic file (type png)
 <use solido_networks_solid_RGB.png>
Package pdftex.def Info: solido_networks_solid_RGB.png used on input line 1245.

(pdftex.def)             Requested size: 113.81102pt x 43.92589pt.

Overfull \vbox (45.39008pt too high) has occurred while \output is active []


[95 </userdata/projects/github/security-courses/presentations/misc/prosa-stud-2
014/images/tactical-tech-securitybox.png>]
<twitter-safety.png, id=747, 544.0325pt x 590.205pt>
File: twitter-safety.png Graphic file (type png)
 <use twitter-safety.png>
Package pdftex.def Info: twitter-safety.png used on input line 1248.
(pdftex.def)             Requested size: 284.52756pt x 308.69151pt.
File: solido_networks_solid_RGB.png Graphic file (type png)

<use solido_networks_solid_RGB.png>
Package pdftex.def Info: solido_networks_solid_RGB.png used on input line 1256.

(pdftex.def)             Requested size: 113.81102pt x 43.92589pt.

Overfull \vbox (45.39008pt too high) has occurred while \output is active []


[96 </userdata/projects/github/security-courses/images/twitter-safety.png>]
<Shaking-hands_web.jpg, id=752, 602.25pt x 401.5pt>
File: Shaking-hands_web.jpg Graphic file (type jpg)

<use Shaking-hands_web.jpg>
Package pdftex.def Info: Shaking-hands_web.jpg used on input line 1258.
(pdftex.def)             Requested size: 398.33858pt x 265.5667pt.
File: solido_networks_solid_RGB.png Graphic file (type png)
 <use solido_networks_solid_RGB.png>
Package pdftex.def Info: solido_networks_solid_RGB.png used on input line 1268.

(pdftex.def)             Requested size: 113.81102pt x 43.92589pt.

Overfull \vbox (45.39008pt too high) has occurred while \output is active []


[97 </userdata/projects/github/security-courses/images/Shaking-hands_web.jpg>]
File: solido_networks_solid_RGB.png Graphic file (type png)

<use solido_networks_solid_RGB.png>
Package pdftex.def Info: solido_networks_solid_RGB.png used on input line 1282.

(pdftex.def)             Requested size: 113.81102pt x 43.92589pt.

Overfull \vbox (45.39008pt too high) has occurred while \output is active []


[98] <michael-conrad.jpg, id=762, 361.35pt x 451.6875pt>
File: michael-conrad.jpg Graphic file (type jpg)

<use michael-conrad.jpg>
Package pdftex.def Info: michael-conrad.jpg used on input line 1284.
(pdftex.def)             Requested size: 142.26378pt x 177.83221pt.
File: solido_networks_solid_RGB.png Graphic file (type png)
 <use solido_networks_solid_RGB.png>
Package pdftex.def Info: solido_networks_solid_RGB.png used on input line 1298.

(pdftex.def)             Requested size: 113.81102pt x 43.92589pt.

Overfull \vbox (45.39008pt too high) has occurred while \output is active []


[99 </userdata/projects/github/security-courses/images/michael-conrad.jpg>]
<DSCF3910s.jpg, id=768, 1027.84pt x 770.88pt>
File: DSCF3910s.jpg Graphic file (type jpg)
 <use DSCF3910s.jpg>
Package pdftex.def Info: DSCF3910s.jpg used on input line 1300.
(pdftex.def)             Requested size: 284.52756pt x 213.39828pt.
File: solido_networks_solid_RGB.png Graphic file (type png)

<use solido_networks_solid_RGB.png>
Package pdftex.def Info: solido_networks_solid_RGB.png used on input line 1313.

(pdftex.def)             Requested size: 113.81102pt x 43.92589pt.

Overfull \vbox (45.39008pt too high) has occurred while \output is active []


[100 </userdata/projects/github/security-courses/images/DSCF3910s.jpg>]
File: solido_networks_solid_RGB.png Graphic file (type png)

<use solido_networks_solid_RGB.png>
Package pdftex.def Info: solido_networks_solid_RGB.png used on input line 1336.

(pdftex.def)             Requested size: 113.81102pt x 43.92589pt.

Overfull \vbox (45.39008pt too high) has occurred while \output is active []


[101]
Package atveryend Info: Empty hook `BeforeClearDocument' on input line 1353.
File: solido_networks_solid_RGB.png Graphic file (type png)
 <use solido_networks_solid_RGB.png>
Package pdftex.def Info: solido_networks_solid_RGB.png used on input line 1353.

(pdftex.def)             Requested size: 113.81102pt x 43.92589pt.

Overfull \vbox (45.39008pt too high) has occurred while \output is active []


[102]
Package atveryend Info: Empty hook `AfterLastShipout' on input line 1353.
 (./prosa-stud-2014.aux)
Package atveryend Info: Executing hook `AtVeryEndDocument' on input line 1353.
Package atveryend Info: Executing hook `AtEndAfterFileList' on input line 1353.

Package rerunfilecheck Info: File `prosa-stud-2014.out' has not changed.
(rerunfilecheck)             Checksum: D41D8CD98F00B204E9800998ECF8427E;0.
Package atveryend Info: Empty hook `AtVeryVeryEnd' on input line 1353.
 ) 
Here is how much of TeX's memory you used:
 8773 strings out of 493315
 132897 string characters out of 6137910
 215050 words of memory out of 5000000
 11893 multiletter control sequences out of 15000+600000
 35174 words of font info for 74 fonts, out of 8000000 for 9000
 957 hyphenation exceptions out of 8191
 39i,13n,50p,456b,399s stack positions out of 5000i,500n,10000p,200000b,80000s
{/usr/local/texlive/2013/texmf-dist/fonts/enc/dvips/base/8r.enc}</usr/local/t
exlive/2013/texmf-dist/fonts/type1/public/amsfonts/cm/cmsy10.pfb></usr/local/te
xlive/2013/texmf-dist/fonts/type1/public/amsfonts/cm/cmsy7.pfb></usr/local/texl
ive/2013/texmf-dist/fonts/type1/urw/courier/ucrr8a.pfb></usr/local/texlive/2013
/texmf-dist/fonts/type1/urw/helvetic/uhvb8a.pfb></usr/local/texlive/2013/texmf-
dist/fonts/type1/urw/helvetic/uhvr8a.pfb></usr/local/texlive/2013/texmf-dist/fo
nts/type1/urw/helvetic/uhvro8a.pfb></usr/local/texlive/2013/texmf-dist/fonts/ty
pe1/public/wasy/wasy10.pfb>
Output written on prosa-stud-2014.pdf (102 pages, 5705387 bytes).
PDF statistics:
 834 PDF objects out of 1000 (max. 8388607)
 103 named destinations out of 1000 (max. 500000)
 336 words of extra memory for PDF output out of 10000 (max. 10000000)

