This is pdfTeX, Version 3.1415926-2.5-1.40.14 (TeX Live 2013) (format=pdflatex 2013.6.27)  28 APR 2014 12:24
entering extended mode
 restricted \write18 enabled.
 %&-line parsing enabled.
**heartbleed-bug.tex
(./heartbleed-bug.tex
LaTeX2e <2011/06/27>
Babel <3.9f> and hyphenation patterns for 78 languages loaded.
(/userdata/projects/github/security-courses/texfiles/foiltex/foils.cls
Document Class: foils 2002/10/29 v2.1.4a FoilTeX Class File, Copyright IBM 1995
,1997,1998,2002
(/userdata/projects/github/security-courses/texfiles/foiltex/fltfonts.def
File: fltfonts.def 2002/10/29 v2.1.4a FoilTeX font definition file, Copyright I
BM 1995,1997,1998,2002
\symflasy=\mathgroup4
LaTeX Info: Redefining \em on input line 243.
LaTeX Font Info:    Overwriting symbol font `operators' in version `normal'
(Font)                  OT1/cmr/m/n --> OT1/fcmr/m/n on input line 245.
LaTeX Font Info:    Overwriting symbol font `letters' in version `normal'
(Font)                  OML/cmm/m/it --> OML/fcmm/m/it on input line 246.
LaTeX Font Info:    Overwriting symbol font `symbols' in version `normal'
(Font)                  OMS/cmsy/m/n --> OMS/fcmsy/m/n on input line 247.
LaTeX Font Info:    Overwriting symbol font `largesymbols' in version `normal'
(Font)                  OMX/cmex/m/n --> OMX/fcmex/m/n on input line 248.
LaTeX Font Info:    Overwriting symbol font `operators' in version `bold'
(Font)                  OT1/cmr/bx/n --> OT1/fcmr/bx/n on input line 249.
LaTeX Font Info:    Overwriting symbol font `letters' in version `bold'
(Font)                  OML/cmm/b/it --> OML/fcmm/b/it on input line 250.
LaTeX Font Info:    Overwriting symbol font `symbols' in version `bold'
(Font)                  OMS/cmsy/b/n --> OMS/fcmsy/b/n on input line 251.
LaTeX Font Info:    Overwriting symbol font `largesymbols' in version `bold'
(Font)                  OMX/cmex/m/n --> OMX/fcmex/m/n on input line 252.
LaTeX Font Info:    Redeclaring math alphabet \mathrm on input line 253.
LaTeX Font Info:    Redeclaring math alphabet \mathbf on input line 254.
LaTeX Font Info:    Overwriting math alphabet `\mathbf' in version `normal'
(Font)                  OT1/cmr/bx/n --> OT1/fcmr/bx/n on input line 254.
LaTeX Font Info:    Overwriting math alphabet `\mathbf' in version `bold'
(Font)                  OT1/cmr/bx/n --> OT1/fcmr/bx/n on input line 254.
LaTeX Font Info:    Redeclaring math alphabet \mathsf on input line 255.
LaTeX Font Info:    Overwriting math alphabet `\mathsf' in version `normal'
(Font)                  OT1/cmss/m/n --> OT1/fcmss/m/n on input line 255.
LaTeX Font Info:    Overwriting math alphabet `\mathsf' in version `bold'
(Font)                  OT1/cmss/bx/n --> OT1/fcmss/m/n on input line 255.
LaTeX Font Info:    Redeclaring math alphabet \mathit on input line 256.
LaTeX Font Info:    Overwriting math alphabet `\mathit' in version `normal'
(Font)                  OT1/cmr/m/it --> OT1/fcmr/m/it on input line 256.
LaTeX Font Info:    Overwriting math alphabet `\mathit' in version `bold'
(Font)                  OT1/cmr/bx/it --> OT1/fcmr/m/it on input line 256.
LaTeX Font Info:    Redeclaring math alphabet \mathtt on input line 257.
LaTeX Font Info:    Overwriting math alphabet `\mathtt' in version `normal'
(Font)                  OT1/cmtt/m/n --> OT1/fcmtt/m/n on input line 257.
LaTeX Font Info:    Overwriting math alphabet `\mathtt' in version `bold'
(Font)                  OT1/cmtt/m/n --> OT1/fcmtt/m/n on input line 257.
)
(/userdata/projects/github/security-courses/texfiles/foiltex/foil20.clo
File: foil20.clo 2002/10/29 v2.1.4a FoilTeX file (size option), Copyright IBM 1
995,1997,1998,2002
)
\head@footskip=\dimen102
\@foilheight=\dimen103
\@foilwidth=\dimen104
\abovetitleskip=\skip41
\titleauthorskip=\skip42
\authorauthorskip=\skip43
\authordateskip=\skip44
\dateabstractskip=\skip45
\@tempfootbox=\box26
\@tempfootht=\dimen105
\bibindent=\dimen106
\abovecaptionskip=\skip46
\belowcaptionskip=\skip47
\@captionwidth=\skip48
\captionwidth=\skip49
\abovefloatskip=\skip50
\c@table=\count79
\c@figure=\count80
\foilheadskip=\skip51
\c@Theorem=\count81
\c@Lemma=\count82
\c@Corollary=\count83
\c@Proposition=\count84
\c@Definition=\count85
)
(/userdata/projects/github/security-courses/texfiles/solido-network-slides.sty
(/usr/local/texlive/2013/texmf-dist/tex/latex/base/inputenc.sty
Package: inputenc 2008/03/30 v1.1d Input encoding file
\inpenc@prehook=\toks14
\inpenc@posthook=\toks15

(/usr/local/texlive/2013/texmf-dist/tex/latex/base/latin1.def
File: latin1.def 2008/03/30 v1.1d Input encoding file
))
(/usr/local/texlive/2013/texmf-dist/tex/latex/psnfss/times.sty
Package: times 2005/04/12 PSNFSS-v9.2a (SPQR) 
)
(/usr/local/texlive/2013/texmf-dist/tex/latex/graphics/color.sty
Package: color 2005/11/14 v1.0j Standard LaTeX Color (DPC)

(/usr/local/texlive/2013/texmf-dist/tex/latex/latexconfig/color.cfg
File: color.cfg 2007/01/18 v1.5 color configuration of teTeX/TeXLive
)
Package color Info: Driver file: pdftex.def on input line 130.

(/usr/local/texlive/2013/texmf-dist/tex/latex/pdftex-def/pdftex.def
File: pdftex.def 2011/05/27 v0.06d Graphics/color for pdfTeX

(/usr/local/texlive/2013/texmf-dist/tex/generic/oberdiek/infwarerr.sty
Package: infwarerr 2010/04/08 v1.3 Providing info/warning/error messages (HO)
)
(/usr/local/texlive/2013/texmf-dist/tex/generic/oberdiek/ltxcmds.sty
Package: ltxcmds 2011/11/09 v1.22 LaTeX kernel commands for general use (HO)
)
\Gread@gobject=\count86
))
(/usr/local/texlive/2013/texmf-dist/tex/latex/wallpaper/wallpaper.sty
Package: wallpaper 2005/01/18, v1.01 easy wallpaper formatting (MHFW)

(/usr/local/texlive/2013/texmf-dist/tex/latex/base/ifthen.sty
Package: ifthen 2001/05/26 v1.1c Standard LaTeX ifthen package (DPC)
)
(/usr/local/texlive/2013/texmf-dist/tex/latex/tools/calc.sty
Package: calc 2007/08/22 v4.3 Infix arithmetic (KKT,FJ)
\calc@Acount=\count87
\calc@Bcount=\count88
\calc@Adimen=\dimen107
\calc@Bdimen=\dimen108
\calc@Askip=\skip52
\calc@Bskip=\skip53
LaTeX Info: Redefining \setlength on input line 76.
LaTeX Info: Redefining \addtolength on input line 77.
\calc@Ccount=\count89
\calc@Cskip=\skip54
)
(/usr/local/texlive/2013/texmf-dist/tex/latex/eso-pic/eso-pic.sty
Package: eso-pic 2010/10/06 v2.0c eso-pic (RN)

(/usr/local/texlive/2013/texmf-dist/tex/generic/oberdiek/atbegshi.sty
Package: atbegshi 2011/10/05 v1.16 At begin shipout hook (HO)

(/usr/local/texlive/2013/texmf-dist/tex/generic/oberdiek/ifpdf.sty
Package: ifpdf 2011/01/30 v2.3 Provides the ifpdf switch (HO)
Package ifpdf Info: pdfTeX in PDF mode is detected.
))
(/usr/local/texlive/2013/texmf-dist/tex/latex/graphics/keyval.sty
Package: keyval 1999/03/16 v1.13 key=value parser (DPC)
\KV@toks@=\toks16
))
(/usr/local/texlive/2013/texmf-dist/tex/latex/graphics/graphicx.sty
Package: graphicx 1999/02/16 v1.0f Enhanced LaTeX Graphics (DPC,SPQR)

(/usr/local/texlive/2013/texmf-dist/tex/latex/graphics/graphics.sty
Package: graphics 2009/02/05 v1.0o Standard LaTeX Graphics (DPC,SPQR)

(/usr/local/texlive/2013/texmf-dist/tex/latex/graphics/trig.sty
Package: trig 1999/03/16 v1.09 sin cos tan (DPC)
)
(/usr/local/texlive/2013/texmf-dist/tex/latex/latexconfig/graphics.cfg
File: graphics.cfg 2010/04/23 v1.9 graphics configuration of TeX Live
)
Package graphics Info: Driver file: pdftex.def on input line 91.
)
\Gin@req@height=\dimen109
\Gin@req@width=\dimen110
)
\wpXoffset=\skip55
\wpYoffset=\skip56
\tileXoffset=\skip57
\tileYoffset=\skip58
\tilewidth=\skip59
\tileheight=\skip60
\tileX=\skip61
\tileY=\skip62
)
(/usr/local/texlive/2013/texmf-dist/tex/latex/hyperref/hyperref.sty
Package: hyperref 2012/11/06 v6.83m Hypertext links for LaTeX

(/usr/local/texlive/2013/texmf-dist/tex/generic/oberdiek/hobsub-hyperref.sty
Package: hobsub-hyperref 2012/05/28 v1.13 Bundle oberdiek, subset hyperref (HO)


(/usr/local/texlive/2013/texmf-dist/tex/generic/oberdiek/hobsub-generic.sty
Package: hobsub-generic 2012/05/28 v1.13 Bundle oberdiek, subset generic (HO)
Package: hobsub 2012/05/28 v1.13 Construct package bundles (HO)
Package hobsub Info: Skipping package `infwarerr' (already loaded).
Package hobsub Info: Skipping package `ltxcmds' (already loaded).
Package: ifluatex 2010/03/01 v1.3 Provides the ifluatex switch (HO)
Package ifluatex Info: LuaTeX not detected.
Package: ifvtex 2010/03/01 v1.5 Detect VTeX and its facilities (HO)
Package ifvtex Info: VTeX not detected.
Package: intcalc 2007/09/27 v1.1 Expandable calculations with integers (HO)
Package hobsub Info: Skipping package `ifpdf' (already loaded).
Package: etexcmds 2011/02/16 v1.5 Avoid name clashes with e-TeX commands (HO)
Package etexcmds Info: Could not find \expanded.
(etexcmds)             That can mean that you are not using pdfTeX 1.50 or
(etexcmds)             that some package has redefined \expanded.
(etexcmds)             In the latter case, load this package earlier.
Package: kvsetkeys 2012/04/25 v1.16 Key value parser (HO)
Package: kvdefinekeys 2011/04/07 v1.3 Define keys (HO)
Package: pdftexcmds 2011/11/29 v0.20 Utility functions of pdfTeX for LuaTeX (HO
)
Package pdftexcmds Info: LuaTeX not detected.
Package pdftexcmds Info: \pdf@primitive is available.
Package pdftexcmds Info: \pdf@ifprimitive is available.
Package pdftexcmds Info: \pdfdraftmode found.
Package: pdfescape 2011/11/25 v1.13 Implements pdfTeX's escape features (HO)
Package: bigintcalc 2012/04/08 v1.3 Expandable calculations on big integers (HO
)
Package: bitset 2011/01/30 v1.1 Handle bit-vector datatype (HO)
Package: uniquecounter 2011/01/30 v1.2 Provide unlimited unique counter (HO)
)
Package hobsub Info: Skipping package `hobsub' (already loaded).
Package: letltxmacro 2010/09/02 v1.4 Let assignment for LaTeX macros (HO)
Package: hopatch 2012/05/28 v1.2 Wrapper for package hooks (HO)
Package: xcolor-patch 2011/01/30 xcolor patch
Package: atveryend 2011/06/30 v1.8 Hooks at the very end of document (HO)
Package atveryend Info: \enddocument detected (standard20110627).
Package hobsub Info: Skipping package `atbegshi' (already loaded).
Package: refcount 2011/10/16 v3.4 Data extraction from label references (HO)
Package: hycolor 2011/01/30 v1.7 Color options for hyperref/bookmark (HO)
)
(/usr/local/texlive/2013/texmf-dist/tex/generic/ifxetex/ifxetex.sty
Package: ifxetex 2010/09/12 v0.6 Provides ifxetex conditional
)
(/usr/local/texlive/2013/texmf-dist/tex/latex/oberdiek/auxhook.sty
Package: auxhook 2011/03/04 v1.3 Hooks for auxiliary files (HO)
)
(/usr/local/texlive/2013/texmf-dist/tex/latex/oberdiek/kvoptions.sty
Package: kvoptions 2011/06/30 v3.11 Key value format for package options (HO)
)
\@linkdim=\dimen111
\Hy@linkcounter=\count90
\Hy@pagecounter=\count91

(/usr/local/texlive/2013/texmf-dist/tex/latex/hyperref/pd1enc.def
File: pd1enc.def 2012/11/06 v6.83m Hyperref: PDFDocEncoding definition (HO)
)
\Hy@SavedSpaceFactor=\count92

(/usr/local/texlive/2013/texmf-dist/tex/latex/latexconfig/hyperref.cfg
File: hyperref.cfg 2002/06/06 v1.2 hyperref configuration of TeXLive
)
Package hyperref Info: Option `breaklinks' set `true' on input line 4319.
Package hyperref Info: Hyper figures OFF on input line 4443.
Package hyperref Info: Link nesting OFF on input line 4448.
Package hyperref Info: Hyper index ON on input line 4451.
Package hyperref Info: Plain pages OFF on input line 4458.
Package hyperref Info: Backreferencing OFF on input line 4463.
Package hyperref Info: Implicit mode ON; LaTeX internals redefined.
Package hyperref Info: Bookmarks ON on input line 4688.
\c@Hy@tempcnt=\count93

(/usr/local/texlive/2013/texmf-dist/tex/latex/url/url.sty
\Urlmuskip=\muskip10
Package: url 2006/04/12  ver 3.3  Verb mode for urls, etc.
)
LaTeX Info: Redefining \url on input line 5041.
\XeTeXLinkMargin=\dimen112
\Fld@menulength=\count94
\Field@Width=\dimen113
\Fld@charsize=\dimen114
Package hyperref Info: Hyper figures OFF on input line 6295.
Package hyperref Info: Link nesting OFF on input line 6300.
Package hyperref Info: Hyper index ON on input line 6303.
Package hyperref Info: backreferencing OFF on input line 6310.
Package hyperref Info: Link coloring OFF on input line 6315.
Package hyperref Info: Link coloring with OCG OFF on input line 6320.
Package hyperref Info: PDF/A mode OFF on input line 6325.
LaTeX Info: Redefining \ref on input line 6365.
LaTeX Info: Redefining \pageref on input line 6369.
\Hy@abspage=\count95
\c@Item=\count96
\c@Hfootnote=\count97
)

Package hyperref Message: Driver (autodetected): hpdftex.

(/usr/local/texlive/2013/texmf-dist/tex/latex/hyperref/hpdftex.def
File: hpdftex.def 2012/11/06 v6.83m Hyperref driver for pdfTeX
\Fld@listcount=\count98
\c@bookmark@seq@number=\count99

(/usr/local/texlive/2013/texmf-dist/tex/latex/oberdiek/rerunfilecheck.sty
Package: rerunfilecheck 2011/04/15 v1.7 Rerun checks for auxiliary files (HO)
Package uniquecounter Info: New unique counter `rerunfilecheck' on input line 2
82.
)
\Hy@SectionHShift=\skip63
)
(/usr/local/texlive/2013/texmf-dist/tex/latex/breakurl/breakurl.sty
Package: breakurl 2013/04/10 v1.40 Breakable hyperref URLs

(/usr/local/texlive/2013/texmf-dist/tex/latex/xkeyval/xkeyval.sty
Package: xkeyval 2012/10/14 v2.6b package option processing (HA)

(/usr/local/texlive/2013/texmf-dist/tex/generic/xkeyval/xkeyval.tex
\XKV@toks=\toks17
\XKV@tempa@toks=\toks18
\XKV@depth=\count100
File: xkeyval.tex 2012/10/14 v2.6b key=value parser (HA)
))

Package breakurl Warning: You are using breakurl while processing via pdflatex.

(breakurl)                \burl will be just a synonym of \url.
(breakurl)                 on input line 48.

) (/userdata/Dropbox/Solido Networks/marketing/latex/texslides/pause.sty)
(/usr/local/texlive/2013/texmf-dist/tex/latex/base/alltt.sty
Package: alltt 1997/06/16 v2.0g defines alltt environment
)
(/usr/local/texlive/2013/texmf-dist/tex/latex/wasysym/wasysym.sty
Package: wasysym 2003/10/30 v2.0 Wasy-2 symbol support package
\symwasy=\mathgroup5
LaTeX Font Info:    Overwriting symbol font `wasy' in version `bold'
(Font)                  U/wasy/m/n --> U/wasy/b/n on input line 90.
)
(/usr/local/texlive/2013/texmf-dist/tex/generic/babel/babel.sty
Package: babel 2013/05/16 v3.9f The Babel package

(/usr/local/texlive/2013/texmf-dist/tex/generic/babel-danish/danish.ldf
Language: danish 2009/09/19 v1.3r Danish support from the babel system

(/usr/local/texlive/2013/texmf-dist/tex/generic/babel/babel.def
File: babel.def 2013/05/16 v3.9f Babel common definitions
\babel@savecnt=\count101
\U@D=\dimen115
)
Package babel Info: Making " an active character on input line 82.
)
(/usr/local/texlive/2013/texmf-dist/tex/generic/babel-english/english.ldf
Language: english 2012/08/20 v3.3p English support from the babel system
\l@canadian = a dialect from \language\l@american 
\l@australian = a dialect from \language\l@british 
\l@newzealand = a dialect from \language\l@british 
))
(/usr/local/texlive/2013/texmf-dist/tex/latex/fancyhdr/fancyhdr.sty
\fancy@headwidth=\skip64
\f@ncyO@elh=\skip65
\f@ncyO@erh=\skip66
\f@ncyO@olh=\skip67
\f@ncyO@orh=\skip68
\f@ncyO@elf=\skip69
\f@ncyO@erf=\skip70
\f@ncyO@olf=\skip71
\f@ncyO@orf=\skip72
)
(/usr/local/texlive/2013/texmf-dist/tex/latex/moreverb/moreverb.sty
Package: moreverb 2008/06/03 v2.3a `more' verbatim facilities

(/usr/local/texlive/2013/texmf-dist/tex/latex/tools/verbatim.sty
Package: verbatim 2003/08/22 v1.5q LaTeX2e package for verbatim enhancements
\every@verbatim=\toks19
\verbatim@line=\toks20
\verbatim@in@stream=\read1
)
\tab@position=\count102
\tab@size=\count103
\listing@line=\count104
)
(/usr/local/texlive/2013/texmf-dist/tex/latex/tools/xr.sty
Package: xr 1994/05/28 v5.02 eXternal References (DPC)
)
(/usr/local/texlive/2013/texmf-dist/tex/latex/wrapfig/wrapfig.sty
\wrapoverhang=\dimen116
\WF@size=\dimen117
\c@WF@wrappedlines=\count105
\WF@box=\box27
\WF@everypar=\toks21
Package: wrapfig 2003/01/31  v 3.6
)
(/usr/local/texlive/2013/texmf-dist/tex/latex/listings/listings.sty
\lst@mode=\count106
\lst@gtempboxa=\box28
\lst@token=\toks22
\lst@length=\count107
\lst@currlwidth=\dimen118
\lst@column=\count108
\lst@pos=\count109
\lst@lostspace=\dimen119
\lst@width=\dimen120
\lst@newlines=\count110
\lst@lineno=\count111
\lst@maxwidth=\dimen121

(/usr/local/texlive/2013/texmf-dist/tex/latex/listings/lstmisc.sty
File: lstmisc.sty 2007/02/22 1.4 (Carsten Heinz)
\c@lstnumber=\count112
\lst@skipnumbers=\count113
\lst@framebox=\box29
)
(/usr/local/texlive/2013/texmf-dist/tex/latex/listings/listings.cfg
File: listings.cfg 2007/02/22 1.4 listings configuration
))
Package: listings 2007/02/22 1.4 (Carsten Heinz)
Package hyperref Info: Option `colorlinks' set `true' on input line 74.
Package hyperref Info: Option `pdfmenubar' set `true' on input line 74.
Package hyperref Info: Option `pdftoolbar' set `true' on input line 74.
Package color Info: Redefining color titlecolor on input line 297.
)

Package xr Warning: 
No file heartbleed-bug-exercises.aux
LABELS NOT IMPORTED.
 on input line 9.

(./heartbleed-bug.aux)
\openout1 = `heartbleed-bug.aux'.

LaTeX Font Info:    Checking defaults for OML/cmm/m/it on input line 11.
LaTeX Font Info:    ... okay on input line 11.
LaTeX Font Info:    Checking defaults for T1/cmr/m/n on input line 11.
LaTeX Font Info:    ... okay on input line 11.
LaTeX Font Info:    Checking defaults for OT1/cmr/m/n on input line 11.
LaTeX Font Info:    ... okay on input line 11.
LaTeX Font Info:    Checking defaults for OMS/cmsy/m/n on input line 11.
LaTeX Font Info:    ... okay on input line 11.
LaTeX Font Info:    Checking defaults for OMX/cmex/m/n on input line 11.
LaTeX Font Info:    ... okay on input line 11.
LaTeX Font Info:    Checking defaults for U/cmr/m/n on input line 11.
LaTeX Font Info:    ... okay on input line 11.
LaTeX Font Info:    Checking defaults for PD1/pdf/m/n on input line 11.
LaTeX Font Info:    ... okay on input line 11.
LaTeX Font Info:    Try loading font information for OT1+phv on input line 11.

(/usr/local/texlive/2013/texmf-dist/tex/latex/psnfss/ot1phv.fd
File: ot1phv.fd 2001/06/04 scalable font definitions for OT1/phv.
)
(/usr/local/texlive/2013/texmf-dist/tex/context/base/supp-pdf.mkii
[Loading MPS to PDF converter (version 2006.09.02).]
\scratchcounter=\count114
\scratchdimen=\dimen122
\scratchbox=\box30
\nofMPsegments=\count115
\nofMParguments=\count116
\everyMPshowfont=\toks23
\MPscratchCnt=\count117
\MPscratchDim=\dimen123
\MPnumerator=\count118
\makeMPintoPDFobject=\count119
\everyMPtoPDFconversion=\toks24
)
\AtBeginShipoutBox=\box31
 (/usr/local/texlive/2013/texmf-dist/tex/latex/oberdiek/epstopdf-base.sty
Package: epstopdf-base 2010/02/09 v2.5 Base part for package epstopdf

(/usr/local/texlive/2013/texmf-dist/tex/latex/oberdiek/grfext.sty
Package: grfext 2010/08/19 v1.1 Manage graphics extensions (HO)
)
Package grfext Info: Graphics extension search list:
(grfext)             [.png,.pdf,.jpg,.mps,.jpeg,.jbig2,.jb2,.PNG,.PDF,.JPG,.JPE
G,.JBIG2,.JB2,.eps]
(grfext)             \AppendGraphicsExtensions on input line 452.

(/usr/local/texlive/2013/texmf-dist/tex/latex/latexconfig/epstopdf-sys.cfg
File: epstopdf-sys.cfg 2010/07/13 v1.3 Configuration of (r)epstopdf for TeX Liv
e
))
Package hyperref Info: Link coloring ON on input line 11.

(/usr/local/texlive/2013/texmf-dist/tex/latex/hyperref/nameref.sty
Package: nameref 2012/10/27 v2.43 Cross-referencing by name of section

(/usr/local/texlive/2013/texmf-dist/tex/generic/oberdiek/gettitlestring.sty
Package: gettitlestring 2010/12/03 v1.4 Cleanup title references (HO)
)
\c@section@level=\count120
)
LaTeX Info: Redefining \ref on input line 11.
LaTeX Info: Redefining \pageref on input line 11.
LaTeX Info: Redefining \nameref on input line 11.

(./heartbleed-bug.out) (./heartbleed-bug.out)
\@outlinefile=\write3
\openout3 = `heartbleed-bug.out'.

\c@lstlisting=\count121
LaTeX Font Info:    Font shape `OT1/phv/bx/n' in size <24.88> not available
(Font)              Font shape `OT1/phv/b/n' tried instead on input line 16.
LaTeX Font Info:    Font shape `OT1/phv/bx/n' in size <35.83> not available
(Font)              Font shape `OT1/phv/b/n' tried instead on input line 16.
LaTeX Font Info:    Try loading font information for OT1+pcr on input line 16.

(/usr/local/texlive/2013/texmf-dist/tex/latex/psnfss/ot1pcr.fd
File: ot1pcr.fd 2001/06/04 font definitions for OT1/pcr.
)
LaTeX Font Info:    Try loading font information for U+wasy on input line 16.

(/usr/local/texlive/2013/texmf-dist/tex/latex/wasysym/uwasy.fd
File: uwasy.fd 2003/10/30 v2.0 Wasy-2 symbol font definitions
)
<solido_networks_solid_RGB.png, id=7, 1003.75pt x 387.4475pt>
File: solido_networks_solid_RGB.png Graphic file (type png)

<use solido_networks_solid_RGB.png>
Package pdftex.def Info: solido_networks_solid_RGB.png used on input line 23.
(pdftex.def)             Requested size: 113.81102pt x 43.92589pt.

Overfull \vbox (45.39008pt too high) has occurred while \output is active []

LaTeX Font Info:    Try loading font information for OMS+phv on input line 23.

(/usr/local/texlive/2013/texmf-dist/tex/latex/psnfss/omsphv.fd
File: omsphv.fd 
)
LaTeX Font Info:    Font shape `OMS/phv/m/n' in size <12> not available
(Font)              Font shape `OMS/cmsy/m/n' tried instead on input line 23.

<networks_front_divider.jpg, id=9, 971.63pt x 257.96375pt>
File: networks_front_divider.jpg Graphic file (type jpg)

<use networks_front_divider.jpg>
Package pdftex.def Info: networks_front_divider.jpg used on input line 23.
(pdftex.def)             Requested size: 845.04443pt x 224.35579pt.
 [1

{/usr/local/texlive/2013/texmf-var/fonts/map/pdftex/updmap/pdftex.map} </userda
ta/projects/github/security-courses/images/networks_front_divider.jpg> </userda
ta/projects/github/security-courses/images/solido_networks_solid_RGB.png>] <don
t-panic.png, id=20, 361.35pt x 311.9655pt>
File: dont-panic.png Graphic file (type png)

<use dont-panic.png>
Package pdftex.def Info: dont-panic.png used on input line 26.
(pdftex.def)             Requested size: 142.26378pt x 122.82278pt.
File: solido_networks_solid_RGB.png Graphic file (type png)
 <use solido_networks_solid_RGB.png>
Package pdftex.def Info: solido_networks_solid_RGB.png used on input line 37.
(pdftex.def)             Requested size: 113.81102pt x 43.92589pt.

Overfull \vbox (45.39008pt too high) has occurred while \output is active []


[2 </userdata/projects/github/security-courses/images/dont-panic.png>]
<homer-end-is-near.jpg, id=26, 401.5pt x 301.125pt>
File: homer-end-is-near.jpg Graphic file (type jpg)

<use homer-end-is-near.jpg>
Package pdftex.def Info: homer-end-is-near.jpg used on input line 39.
(pdftex.def)             Requested size: 284.52756pt x 213.40968pt.
File: solido_networks_solid_RGB.png Graphic file (type png)
 <use solido_networks_solid_RGB.png>
Package pdftex.def Info: solido_networks_solid_RGB.png used on input line 49.
(pdftex.def)             Requested size: 113.81102pt x 43.92589pt.

Overfull \vbox (45.39008pt too high) has occurred while \output is active []


[3 </userdata/projects/github/security-courses/images/homer-end-is-near.jpg>]
<heartbleed-com.png, id=31, 723.70375pt x 352.31625pt>
File: heartbleed-com.png Graphic file (type png)

<use heartbleed-com.png>
Package pdftex.def Info: heartbleed-com.png used on input line 51.
(pdftex.def)             Requested size: 625.96062pt x 304.7386pt.
File: solido_networks_solid_RGB.png Graphic file (type png)
 <use solido_networks_solid_RGB.png>
Package pdftex.def Info: solido_networks_solid_RGB.png used on input line 55.
(pdftex.def)             Requested size: 113.81102pt x 43.92589pt.

Overfull \vbox (45.39008pt too high) has occurred while \output is active []


[4 <./heartbleed-com.png>]
Overfull \hbox (20.71869pt too wide) in paragraph at lines 68--68
[]\OT1/pcr/m/n/20.74 2012. OpenSSL 1.0.1g released on 7th of April 2014 fixes t
he bug.[] 
 []

File: solido_networks_solid_RGB.png Graphic file (type png)
<use solido_networks_solid_RGB.png>
Package pdftex.def Info: solido_networks_solid_RGB.png used on input line 74.
(pdftex.def)             Requested size: 113.81102pt x 43.92589pt.

Overfull \vbox (45.39008pt too high) has occurred while \output is active []


[5] <heartbleed.png, id=41, 342.27875pt x 414.54875pt>
File: heartbleed.png Graphic file (type png)
 <use heartbleed.png>
Package pdftex.def Info: heartbleed.png used on input line 76.
(pdftex.def)             Requested size: 85.35826pt x 103.37758pt.
File: solido_networks_solid_RGB.png Graphic file (type png)

<use solido_networks_solid_RGB.png>
Package pdftex.def Info: solido_networks_solid_RGB.png used on input line 86.
(pdftex.def)             Requested size: 113.81102pt x 43.92589pt.

Overfull \vbox (45.39008pt too high) has occurred while \output is active []


[6 <./heartbleed.png>]
<ssl-tls-breaks-timeline.png, id=47, 1405.25pt x 327.2225pt>
File: ssl-tls-breaks-timeline.png Graphic file (type png)

<use ssl-tls-breaks-timeline.png>
Package pdftex.def Info: ssl-tls-breaks-timeline.png used on input line 88.
(pdftex.def)             Requested size: 455.24408pt x 106.00652pt.
File: solido_networks_solid_RGB.png Graphic file (type png)
 <use solido_networks_solid_RGB.png>
Package pdftex.def Info: solido_networks_solid_RGB.png used on input line 100.
(pdftex.def)             Requested size: 113.81102pt x 43.92589pt.

Overfull \vbox (45.39008pt too high) has occurred while \output is active []


[7 </userdata/projects/github/security-courses/images/ssl-tls-breaks-timeline.p
ng>]
Overfull \hbox (56.3735pt too wide) in paragraph at lines 110--111
[][]$\OT1/pcr/m/n/17.28 https : / / www . michael-[]p-[]davis . com / using-[]h
eartbleed-[]for-[]hijacking-[]user-[]sessions/$[][] 
 []


Overfull \hbox (53.3735pt too wide) in paragraph at lines 112--114
[][]$\OT1/pcr/m/n/17.28 https : / / github . com / rapid7 / metasploit-[]framew
ork / blob / master / modules / auxiliary /
 []

File: solido_networks_solid_RGB.png Graphic file (type png)
<use solido_networks_solid_RGB.png>
Package pdftex.def Info: solido_networks_solid_RGB.png used on input line 117.
(pdftex.def)             Requested size: 113.81102pt x 43.92589pt.

Overfull \vbox (45.39008pt too high) has occurred while \output is active []


[8] <wizard_in_blue_hat.png, id=75, 221.628pt x 320.397pt>
File: wizard_in_blue_hat.png Graphic file (type png)

<use wizard_in_blue_hat.png>
Package pdftex.def Info: wizard_in_blue_hat.png used on input line 121.
(pdftex.def)             Requested size: 113.81102pt x 164.52963pt.

<003scawebgoshindomanicon.png, id=76, 224.84pt x 351.3125pt>
File: 003scawebgoshindomanicon.png Graphic file (type png)

<use 003scawebgoshindomanicon.png>
Package pdftex.def Info: 003scawebgoshindomanicon.png used on input line 123.
(pdftex.def)             Requested size: 142.26378pt x 222.2983pt.
File: solido_networks_solid_RGB.png Graphic file (type png)
 <use solido_networks_solid_RGB.png>
Package pdftex.def Info: solido_networks_solid_RGB.png used on input line 135.
(pdftex.def)             Requested size: 113.81102pt x 43.92589pt.

Overfull \vbox (45.39008pt too high) has occurred while \output is active []


[9 </userdata/projects/github/security-courses/images/wizard_in_blue_hat.png (P
NG copy)> </userdata/projects/github/security-courses/images/003scawebgoshindom
anicon.png (PNG copy)>] <hackers_JOLIE+1995.jpg, id=81, 301.125pt x 401.5pt>
File: hackers_JOLIE+1995.jpg Graphic file (type jpg)

<use hackers_JOLIE+1995.jpg>
Package pdftex.def Info: hackers_JOLIE+1995.jpg used on input line 137.
(pdftex.def)             Requested size: 56.9055pt x 75.86919pt.
File: solido_networks_solid_RGB.png Graphic file (type png)
 <use solido_networks_solid_RGB.png>
Package pdftex.def Info: solido_networks_solid_RGB.png used on input line 155.
(pdftex.def)             Requested size: 113.81102pt x 43.92589pt.

Overfull \vbox (45.39008pt too high) has occurred while \output is active []


[10 </userdata/projects/github/security-courses/images/hackers_JOLIE+1995.jpg>]
<kali-linux.png, id=94, 1015.795pt x 435.6275pt>
File: kali-linux.png Graphic file (type png)
 <use kali-linux.png>
Package pdftex.def Info: kali-linux.png used on input line 157.
(pdftex.def)             Requested size: 560.51929pt x 240.38687pt.
File: solido_networks_solid_RGB.png Graphic file (type png)

<use solido_networks_solid_RGB.png>
Package pdftex.def Info: solido_networks_solid_RGB.png used on input line 165.
(pdftex.def)             Requested size: 113.81102pt x 43.92589pt.

Overfull \vbox (45.39008pt too high) has occurred while \output is active []


[11 </userdata/projects/github/security-courses/images/kali-linux.png>]
<twitter-unix-security.png, id=101, 555.07375pt x 122.4575pt>
File: twitter-unix-security.png Graphic file (type png)

<use twitter-unix-security.png>
Package pdftex.def Info: twitter-unix-security.png used on input line 167.
(pdftex.def)             Requested size: 682.86613pt x 150.6517pt.
File: solido_networks_solid_RGB.png Graphic file (type png)
 <use solido_networks_solid_RGB.png>
Package pdftex.def Info: solido_networks_solid_RGB.png used on input line 179.
(pdftex.def)             Requested size: 113.81102pt x 43.92589pt.

Overfull \vbox (45.39008pt too high) has occurred while \output is active []


[12 </userdata/projects/github/security-courses/presentations/misc/tendenser-i-
sikkerhed/2011-march/images/twitter-unix-security.png>]
<metasploit-about.png, id=107, 439.6425pt x 150.5625pt>
File: metasploit-about.png Graphic file (type png)

<use metasploit-about.png>
Package pdftex.def Info: metasploit-about.png used on input line 182.
(pdftex.def)             Requested size: 569.05511pt x 194.88806pt.

Overfull \hbox (9.27469pt too wide) in paragraph at lines 188--190
[][]$\OT1/pcr/m/n/20.74 http : / / www . offensive-[]security . com / metasploi
t-[]unleashed / Main _ Page$[][] 
 []

File: solido_networks_solid_RGB.png Graphic file (type png)
<use solido_networks_solid_RGB.png>
Package pdftex.def Info: solido_networks_solid_RGB.png used on input line 196.
(pdftex.def)             Requested size: 113.81102pt x 43.92589pt.

Overfull \vbox (45.39008pt too high) has occurred while \output is active []


[13 </userdata/projects/github/security-courses/images/metasploit-about.png>]
File: solido_networks_solid_RGB.png Graphic file (type png)

<use solido_networks_solid_RGB.png>
Package pdftex.def Info: solido_networks_solid_RGB.png used on input line 215.
(pdftex.def)             Requested size: 113.81102pt x 43.92589pt.

Overfull \vbox (45.39008pt too high) has occurred while \output is active []


[14]
LaTeX Font Info:    Font shape `OT1/phv/bx/n' in size <14.4> not available
(Font)              Font shape `OT1/phv/b/n' tried instead on input line 223.
File: solido_networks_solid_RGB.png Graphic file (type png)
 <use solido_networks_solid_RGB.png>
Package pdftex.def Info: solido_networks_solid_RGB.png used on input line 240.
(pdftex.def)             Requested size: 113.81102pt x 43.92589pt.

Overfull \vbox (45.39008pt too high) has occurred while \output is active []


[15]
Overfull \hbox (34.63751pt too wide) in paragraph at lines 243--245
[][]$\OT1/pcr/m/n/17.28 http : / / blog . existentialize . com / diagnosis-[]of
-[]the-[]openssl-[]heartbleed-[]bug . html$[][] 
 []


Overfull \hbox (75.6095pt too wide) in paragraph at lines 245--247
[][]$\OT1/pcr/m/n/17.28 http : / / blog . inliniac . net / 2014 / 04 / 08 / det
ecting-[]openssl-[]heartbleed-[]with-[]suricata/$[][] 
 []


Overfull \hbox (231.27194pt too wide) in paragraph at lines 253--254
\OT1/phv/m/n/17.28 og [][]$\OT1/pcr/m/n/17.28 https : / / github . com / robert
davidgraham / masscan / commit / 23497c448b0a1c7058e8443e5202e7bffcab4795$[][] 

 []

File: solido_networks_solid_RGB.png Graphic file (type png)
<use solido_networks_solid_RGB.png>
Package pdftex.def Info: solido_networks_solid_RGB.png used on input line 256.
(pdftex.def)             Requested size: 113.81102pt x 43.92589pt.

Overfull \vbox (45.39008pt too high) has occurred while \output is active []


[16] <moloch-sessions.png, id=138, 1240.635pt x 861.2175pt>
File: moloch-sessions.png Graphic file (type png)

<use moloch-sessions.png>
Package pdftex.def Info: moloch-sessions.png used on input line 258.
(pdftex.def)             Requested size: 569.05511pt x 395.02158pt.
File: solido_networks_solid_RGB.png Graphic file (type png)
 <use solido_networks_solid_RGB.png>
Package pdftex.def Info: solido_networks_solid_RGB.png used on input line 263.
(pdftex.def)             Requested size: 113.81102pt x 43.92589pt.

Overfull \vbox (45.39008pt too high) has occurred while \output is active []


[17 </userdata/projects/github/security-courses/images/moloch-sessions.png>]
<kibana-suricata.png, id=144, 601.24625pt x 343.2825pt>
File: kibana-suricata.png Graphic file (type png)

<use kibana-suricata.png>
Package pdftex.def Info: kibana-suricata.png used on input line 265.
(pdftex.def)             Requested size: 341.43306pt x 194.94496pt.

Underfull \hbox (badness 10000) in paragraph at lines 267--269

 []

File: solido_networks_solid_RGB.png Graphic file (type png)
<use solido_networks_solid_RGB.png>
Package pdftex.def Info: solido_networks_solid_RGB.png used on input line 276.
(pdftex.def)             Requested size: 113.81102pt x 43.92589pt.

Overfull \vbox (45.39008pt too high) has occurred while \output is active []


[18 </userdata/projects/github/security-courses/images/kibana-suricata.png>]
File: solido_networks_solid_RGB.png Graphic file (type png)

<use solido_networks_solid_RGB.png>
Package pdftex.def Info: solido_networks_solid_RGB.png used on input line 297.
(pdftex.def)             Requested size: 113.81102pt x 43.92589pt.

Overfull \vbox (45.39008pt too high) has occurred while \output is active []


[19]
<network-security-through-data-analysis.png, id=163, 180.675pt x 236.885pt>
File: network-security-through-data-analysis.png Graphic file (type png)

<use network-security-through-data-analysis.png>
Package pdftex.def Info: network-security-through-data-analysis.png used on inp
ut line 299.
(pdftex.def)             Requested size: 227.62204pt x 298.44052pt.
File: solido_networks_solid_RGB.png Graphic file (type png)

<use solido_networks_solid_RGB.png>
Package pdftex.def Info: solido_networks_solid_RGB.png used on input line 309.
(pdftex.def)             Requested size: 113.81102pt x 43.92589pt.

Overfull \vbox (45.39008pt too high) has occurred while \output is active []


[20 </userdata/projects/github/security-courses/images/network-security-through
-data-analysis.png>] <security-onion.png, id=168, 917.4275pt x 771.88374pt>
File: security-onion.png Graphic file (type png)

<use security-onion.png>
Package pdftex.def Info: security-onion.png used on input line 311.
(pdftex.def)             Requested size: 341.43306pt x 287.26498pt.
File: solido_networks_solid_RGB.png Graphic file (type png)
 <use solido_networks_solid_RGB.png>
Package pdftex.def Info: solido_networks_solid_RGB.png used on input line 319.
(pdftex.def)             Requested size: 113.81102pt x 43.92589pt.

Overfull \vbox (45.39008pt too high) has occurred while \output is active []


[21 </userdata/projects/github/security-courses/images/security-onion.png>]
<afbalanceret-sikkerhed.pdf, id=176, 484.81125pt x 121.45375pt>
File: afbalanceret-sikkerhed.pdf Graphic file (type pdf)

<use afbalanceret-sikkerhed.pdf>
Package pdftex.def Info: afbalanceret-sikkerhed.pdf used on input line 321.
(pdftex.def)             Requested size: 597.50787pt x 149.7041pt.
File: solido_networks_solid_RGB.png Graphic file (type png)
 <use solido_networks_solid_RGB.png>
Package pdftex.def Info: solido_networks_solid_RGB.png used on input line 330.
(pdftex.def)             Requested size: 113.81102pt x 43.92589pt.

Overfull \vbox (45.39008pt too high) has occurred while \output is active []


[22 </userdata/projects/github/security-courses/images/afbalanceret-sikkerhed.p
df>] <network-layers-1.pdf, id=197, 788.9475pt x 498.86375pt>
File: network-layers-1.pdf Graphic file (type pdf)

<use network-layers-1.pdf>
Package pdftex.def Info: network-layers-1.pdf used on input line 332.
(pdftex.def)             Requested size: 654.41338pt x 413.798pt.
File: solido_networks_solid_RGB.png Graphic file (type png)
 <use solido_networks_solid_RGB.png>
Package pdftex.def Info: solido_networks_solid_RGB.png used on input line 334.
(pdftex.def)             Requested size: 113.81102pt x 43.92589pt.

Overfull \vbox (45.39008pt too high) has occurred while \output is active []


[23 </userdata/projects/github/security-courses/images/network-layers-1.pdf>]
File: solido_networks_solid_RGB.png Graphic file (type png)

<use solido_networks_solid_RGB.png>
Package pdftex.def Info: solido_networks_solid_RGB.png used on input line 346.
(pdftex.def)             Requested size: 113.81102pt x 43.92589pt.

Overfull \vbox (45.39008pt too high) has occurred while \output is active []


[24]
File: solido_networks_solid_RGB.png Graphic file (type png)
 <use solido_networks_solid_RGB.png>
Package pdftex.def Info: solido_networks_solid_RGB.png used on input line 361.
(pdftex.def)             Requested size: 113.81102pt x 43.92589pt.

Overfull \vbox (45.39008pt too high) has occurred while \output is active []


[25] <crypto-cat.png, id=656, 502.87875pt x 418.56375pt>
File: crypto-cat.png Graphic file (type png)
 <use crypto-cat.png>
Package pdftex.def Info: crypto-cat.png used on input line 363.
(pdftex.def)             Requested size: 284.52756pt x 236.82106pt.
File: solido_networks_solid_RGB.png Graphic file (type png)

<use solido_networks_solid_RGB.png>
Package pdftex.def Info: solido_networks_solid_RGB.png used on input line 371.
(pdftex.def)             Requested size: 113.81102pt x 43.92589pt.

Overfull \vbox (45.39008pt too high) has occurred while \output is active []


[26 </userdata/projects/github/security-courses/images/crypto-cat.png>]
File: solido_networks_solid_RGB.png Graphic file (type png)

<use solido_networks_solid_RGB.png>
Package pdftex.def Info: solido_networks_solid_RGB.png used on input line 392.
(pdftex.def)             Requested size: 113.81102pt x 43.92589pt.

Overfull \vbox (45.39008pt too high) has occurred while \output is active []


[27]
LaTeX Font Info:    Font shape `OT1/phv/bx/n' in size <20.74> not available
(Font)              Font shape `OT1/phv/b/n' tried instead on input line 407.
File: solido_networks_solid_RGB.png Graphic file (type png)
 <use solido_networks_solid_RGB.png>
Package pdftex.def Info: solido_networks_solid_RGB.png used on input line 411.
(pdftex.def)             Requested size: 113.81102pt x 43.92589pt.

Overfull \vbox (45.39008pt too high) has occurred while \output is active []


[28] <24-deadly.jpg, id=674, 301.125pt x 301.125pt>
File: 24-deadly.jpg Graphic file (type jpg)
 <use 24-deadly.jpg>
Package pdftex.def Info: 24-deadly.jpg used on input line 413.
(pdftex.def)             Requested size: 227.62204pt x 227.63055pt.
File: solido_networks_solid_RGB.png Graphic file (type png)

<use solido_networks_solid_RGB.png>
Package pdftex.def Info: solido_networks_solid_RGB.png used on input line 420.
(pdftex.def)             Requested size: 113.81102pt x 43.92589pt.

Overfull \vbox (45.39008pt too high) has occurred while \output is active []


[29 </userdata/projects/github/security-courses/images/24-deadly.jpg>]
<owasp.jpg, id=679, 326.21875pt x 60.225pt>
File: owasp.jpg Graphic file (type jpg)
 <use owasp.jpg>
Package pdftex.def Info: owasp.jpg used on input line 422.
(pdftex.def)             Requested size: 455.24408pt x 84.05249pt.
File: solido_networks_solid_RGB.png Graphic file (type png)

<use solido_networks_solid_RGB.png>
Package pdftex.def Info: solido_networks_solid_RGB.png used on input line 437.
(pdftex.def)             Requested size: 113.81102pt x 43.92589pt.

Overfull \vbox (45.39008pt too high) has occurred while \output is active []


[30 </userdata/projects/github/security-courses/images/owasp.jpg>]
<WebGoat.png, id=686, 223.83624pt x 139.52126pt>
File: WebGoat.png Graphic file (type png)
 <use WebGoat.png>
Package pdftex.def Info: WebGoat.png used on input line 439.
(pdftex.def)             Requested size: 398.33858pt x 248.31723pt.
File: solido_networks_solid_RGB.png Graphic file (type png)

<use solido_networks_solid_RGB.png>
Package pdftex.def Info: solido_networks_solid_RGB.png used on input line 449.
(pdftex.def)             Requested size: 113.81102pt x 43.92589pt.

Overfull \vbox (45.39008pt too high) has occurred while \output is active []


[31 </userdata/projects/github/security-courses/images/WebGoat.png>]
<WebGoat-overview.png, id=694, 1012.78375pt x 779.91376pt>
File: WebGoat-overview.png Graphic file (type png)

<use WebGoat-overview.png>
Package pdftex.def Info: WebGoat-overview.png used on input line 451.
(pdftex.def)             Requested size: 483.69684pt x 372.47408pt.
File: solido_networks_solid_RGB.png Graphic file (type png)
 <use solido_networks_solid_RGB.png>
Package pdftex.def Info: solido_networks_solid_RGB.png used on input line 455.
(pdftex.def)             Requested size: 113.81102pt x 43.92589pt.

Overfull \vbox (45.39008pt too high) has occurred while \output is active []


[32 </userdata/projects/github/security-courses/images/WebGoat-overview.png>]
<twitter-safety.png, id=700, 544.0325pt x 590.205pt>
File: twitter-safety.png Graphic file (type png)
 <use twitter-safety.png>
Package pdftex.def Info: twitter-safety.png used on input line 458.
(pdftex.def)             Requested size: 284.52756pt x 308.69151pt.
File: solido_networks_solid_RGB.png Graphic file (type png)

<use solido_networks_solid_RGB.png>
Package pdftex.def Info: solido_networks_solid_RGB.png used on input line 466.
(pdftex.def)             Requested size: 113.81102pt x 43.92589pt.

Overfull \vbox (45.39008pt too high) has occurred while \output is active []


[33 </userdata/projects/github/security-courses/images/twitter-safety.png>]
<michael-conrad.jpg, id=705, 361.35pt x 451.6875pt>
File: michael-conrad.jpg Graphic file (type jpg)
 <use michael-conrad.jpg>
Package pdftex.def Info: michael-conrad.jpg used on input line 468.
(pdftex.def)             Requested size: 142.26378pt x 177.83221pt.
File: solido_networks_solid_RGB.png Graphic file (type png)

<use solido_networks_solid_RGB.png>
Package pdftex.def Info: solido_networks_solid_RGB.png used on input line 481.
(pdftex.def)             Requested size: 113.81102pt x 43.92589pt.

Overfull \vbox (45.39008pt too high) has occurred while \output is active []


[34 </userdata/projects/github/security-courses/images/michael-conrad.jpg>]
<vikingscan.png, id=711, 1012.78375pt x 607.26875pt>
File: vikingscan.png Graphic file (type png)
 <use vikingscan.png>
Package pdftex.def Info: vikingscan.png used on input line 483.
(pdftex.def)             Requested size: 512.1496pt x 307.0899pt.
Package atveryend Info: Empty hook `BeforeClearDocument' on input line 488.
File: solido_networks_solid_RGB.png Graphic file (type png)

<use solido_networks_solid_RGB.png>
Package pdftex.def Info: solido_networks_solid_RGB.png used on input line 488.
(pdftex.def)             Requested size: 113.81102pt x 43.92589pt.

Overfull \vbox (45.39008pt too high) has occurred while \output is active []


[35 </userdata/projects/github/security-courses/images/vikingscan.png>]
Package atveryend Info: Empty hook `AfterLastShipout' on input line 488.

(./heartbleed-bug.aux)
Package atveryend Info: Executing hook `AtVeryEndDocument' on input line 488.
Package atveryend Info: Executing hook `AtEndAfterFileList' on input line 488.
Package rerunfilecheck Info: File `heartbleed-bug.out' has not changed.
(rerunfilecheck)             Checksum: D41D8CD98F00B204E9800998ECF8427E;0.
Package atveryend Info: Empty hook `AtVeryVeryEnd' on input line 488.
 ) 
Here is how much of TeX's memory you used:
 8490 strings out of 493315
 126579 string characters out of 6137910
 213986 words of memory out of 5000000
 11725 multiletter control sequences out of 15000+600000
 31176 words of font info for 69 fonts, out of 8000000 for 9000
 957 hyphenation exceptions out of 8191
 39i,13n,50p,331b,368s stack positions out of 5000i,500n,10000p,200000b,80000s
{/usr/local/texlive/2013/texmf-dist/fonts/enc/dvips/base/8r.enc}</usr/local/t
exlive/2013/texmf-dist/fonts/type1/public/amsfonts/cm/cmsy10.pfb></usr/local/te
xlive/2013/texmf-dist/fonts/type1/public/amsfonts/cm/cmsy7.pfb></usr/local/texl
ive/2013/texmf-dist/fonts/type1/urw/courier/ucrr8a.pfb></usr/local/texlive/2013
/texmf-dist/fonts/type1/urw/helvetic/uhvb8a.pfb></usr/local/texlive/2013/texmf-
dist/fonts/type1/urw/helvetic/uhvr8a.pfb></usr/local/texlive/2013/texmf-dist/fo
nts/type1/urw/helvetic/uhvro8a.pfb>
Output written on heartbleed-bug.pdf (35 pages, 3065538 bytes).
PDF statistics:
 747 PDF objects out of 1000 (max. 8388607)
 456 compressed objects within 5 object streams
 36 named destinations out of 1000 (max. 500000)
 136 words of extra memory for PDF output out of 10000 (max. 10000000)

