This is pdfTeX, Version 3.1415926-2.5-1.40.14 (TeX Live 2013) (format=pdflatex 2013.6.27)  10 NOV 2013 21:05
entering extended mode
 restricted \write18 enabled.
 %&-line parsing enabled.
**security-tools-foss.tex
(./security-tools-foss.tex
LaTeX2e <2011/06/27>
Babel <3.9f> and hyphenation patterns for 78 languages loaded.
(/userdata/projects/github/security-courses/texfiles/foiltex/foils.cls
Document Class: foils 2002/10/29 v2.1.4a FoilTeX Class File, Copyright IBM 1995
,1997,1998,2002
(/userdata/projects/github/security-courses/texfiles/foiltex/fltfonts.def
File: fltfonts.def 2002/10/29 v2.1.4a FoilTeX font definition file, Copyright I
BM 1995,1997,1998,2002
\symflasy=\mathgroup4
LaTeX Info: Redefining \em on input line 243.
LaTeX Font Info:    Overwriting symbol font `operators' in version `normal'
(Font)                  OT1/cmr/m/n --> OT1/fcmr/m/n on input line 245.
LaTeX Font Info:    Overwriting symbol font `letters' in version `normal'
(Font)                  OML/cmm/m/it --> OML/fcmm/m/it on input line 246.
LaTeX Font Info:    Overwriting symbol font `symbols' in version `normal'
(Font)                  OMS/cmsy/m/n --> OMS/fcmsy/m/n on input line 247.
LaTeX Font Info:    Overwriting symbol font `largesymbols' in version `normal'
(Font)                  OMX/cmex/m/n --> OMX/fcmex/m/n on input line 248.
LaTeX Font Info:    Overwriting symbol font `operators' in version `bold'
(Font)                  OT1/cmr/bx/n --> OT1/fcmr/bx/n on input line 249.
LaTeX Font Info:    Overwriting symbol font `letters' in version `bold'
(Font)                  OML/cmm/b/it --> OML/fcmm/b/it on input line 250.
LaTeX Font Info:    Overwriting symbol font `symbols' in version `bold'
(Font)                  OMS/cmsy/b/n --> OMS/fcmsy/b/n on input line 251.
LaTeX Font Info:    Overwriting symbol font `largesymbols' in version `bold'
(Font)                  OMX/cmex/m/n --> OMX/fcmex/m/n on input line 252.
LaTeX Font Info:    Redeclaring math alphabet \mathrm on input line 253.
LaTeX Font Info:    Redeclaring math alphabet \mathbf on input line 254.
LaTeX Font Info:    Overwriting math alphabet `\mathbf' in version `normal'
(Font)                  OT1/cmr/bx/n --> OT1/fcmr/bx/n on input line 254.
LaTeX Font Info:    Overwriting math alphabet `\mathbf' in version `bold'
(Font)                  OT1/cmr/bx/n --> OT1/fcmr/bx/n on input line 254.
LaTeX Font Info:    Redeclaring math alphabet \mathsf on input line 255.
LaTeX Font Info:    Overwriting math alphabet `\mathsf' in version `normal'
(Font)                  OT1/cmss/m/n --> OT1/fcmss/m/n on input line 255.
LaTeX Font Info:    Overwriting math alphabet `\mathsf' in version `bold'
(Font)                  OT1/cmss/bx/n --> OT1/fcmss/m/n on input line 255.
LaTeX Font Info:    Redeclaring math alphabet \mathit on input line 256.
LaTeX Font Info:    Overwriting math alphabet `\mathit' in version `normal'
(Font)                  OT1/cmr/m/it --> OT1/fcmr/m/it on input line 256.
LaTeX Font Info:    Overwriting math alphabet `\mathit' in version `bold'
(Font)                  OT1/cmr/bx/it --> OT1/fcmr/m/it on input line 256.
LaTeX Font Info:    Redeclaring math alphabet \mathtt on input line 257.
LaTeX Font Info:    Overwriting math alphabet `\mathtt' in version `normal'
(Font)                  OT1/cmtt/m/n --> OT1/fcmtt/m/n on input line 257.
LaTeX Font Info:    Overwriting math alphabet `\mathtt' in version `bold'
(Font)                  OT1/cmtt/m/n --> OT1/fcmtt/m/n on input line 257.
)
(/userdata/projects/github/security-courses/texfiles/foiltex/foil20.clo
File: foil20.clo 2002/10/29 v2.1.4a FoilTeX file (size option), Copyright IBM 1
995,1997,1998,2002
)
\head@footskip=\dimen102
\@foilheight=\dimen103
\@foilwidth=\dimen104
\abovetitleskip=\skip41
\titleauthorskip=\skip42
\authorauthorskip=\skip43
\authordateskip=\skip44
\dateabstractskip=\skip45
\@tempfootbox=\box26
\@tempfootht=\dimen105
\bibindent=\dimen106
\abovecaptionskip=\skip46
\belowcaptionskip=\skip47
\@captionwidth=\skip48
\captionwidth=\skip49
\abovefloatskip=\skip50
\c@table=\count79
\c@figure=\count80
\foilheadskip=\skip51
\c@Theorem=\count81
\c@Lemma=\count82
\c@Corollary=\count83
\c@Proposition=\count84
\c@Definition=\count85
)
(/userdata/projects/github/security-courses/texfiles/sec6slides.sty
(/usr/local/texlive/2013/texmf-dist/tex/latex/ucs/ucs.sty
Package: ucs 2013/05/11 v2.2 UCS: Unicode input support

(/usr/local/texlive/2013/texmf-dist/tex/latex/ucs/data/uni-global.def
File: uni-global.def 2013/05/13 UCS: Unicode global data
)
\uc@secondtry=\count86
\uc@combtoks=\toks14
\uc@combtoksb=\toks15
\uc@temptokena=\toks16
)
(/usr/local/texlive/2013/texmf-dist/tex/latex/psnfss/times.sty
Package: times 2005/04/12 PSNFSS-v9.2a (SPQR) 
)
(/usr/local/texlive/2013/texmf-dist/tex/latex/graphics/color.sty
Package: color 2005/11/14 v1.0j Standard LaTeX Color (DPC)

(/usr/local/texlive/2013/texmf-dist/tex/latex/latexconfig/color.cfg
File: color.cfg 2007/01/18 v1.5 color configuration of teTeX/TeXLive
)
Package color Info: Driver file: pdftex.def on input line 130.

(/usr/local/texlive/2013/texmf-dist/tex/latex/pdftex-def/pdftex.def
File: pdftex.def 2011/05/27 v0.06d Graphics/color for pdfTeX

(/usr/local/texlive/2013/texmf-dist/tex/generic/oberdiek/infwarerr.sty
Package: infwarerr 2010/04/08 v1.3 Providing info/warning/error messages (HO)
)
(/usr/local/texlive/2013/texmf-dist/tex/generic/oberdiek/ltxcmds.sty
Package: ltxcmds 2011/11/09 v1.22 LaTeX kernel commands for general use (HO)
)
\Gread@gobject=\count87
))
(/usr/local/texlive/2013/texmf-dist/tex/latex/background/background.sty
Package: background 2012/08/06 v2.0 background material

(/usr/local/texlive/2013/texmf-dist/tex/latex/xkeyval/xkeyval.sty
Package: xkeyval 2012/10/14 v2.6b package option processing (HA)

(/usr/local/texlive/2013/texmf-dist/tex/generic/xkeyval/xkeyval.tex
\XKV@toks=\toks17
\XKV@tempa@toks=\toks18
\XKV@depth=\count88
File: xkeyval.tex 2012/10/14 v2.6b key=value parser (HA)

(/usr/local/texlive/2013/texmf-dist/tex/generic/xkeyval/keyval.tex)))
(/usr/local/texlive/2013/texmf-dist/tex/latex/pgf/frontendlayer/tikz.sty
(/usr/local/texlive/2013/texmf-dist/tex/latex/pgf/basiclayer/pgf.sty
(/usr/local/texlive/2013/texmf-dist/tex/latex/pgf/utilities/pgfrcs.sty
(/usr/local/texlive/2013/texmf-dist/tex/generic/pgf/utilities/pgfutil-common.te
x
\pgfutil@everybye=\toks19
)
(/usr/local/texlive/2013/texmf-dist/tex/generic/pgf/utilities/pgfutil-latex.def
\pgfutil@abb=\box27
(/usr/local/texlive/2013/texmf-dist/tex/latex/ms/everyshi.sty
Package: everyshi 2001/05/15 v3.00 EveryShipout Package (MS)
))
(/usr/local/texlive/2013/texmf-dist/tex/generic/pgf/utilities/pgfrcs.code.tex
Package: pgfrcs 2010/10/25 v2.10 (rcs-revision 1.24)
))
Package: pgf 2008/01/15 v2.10 (rcs-revision 1.12)
(/usr/local/texlive/2013/texmf-dist/tex/latex/pgf/basiclayer/pgfcore.sty
(/usr/local/texlive/2013/texmf-dist/tex/latex/graphics/graphicx.sty
Package: graphicx 1999/02/16 v1.0f Enhanced LaTeX Graphics (DPC,SPQR)

(/usr/local/texlive/2013/texmf-dist/tex/latex/graphics/graphics.sty
Package: graphics 2009/02/05 v1.0o Standard LaTeX Graphics (DPC,SPQR)

(/usr/local/texlive/2013/texmf-dist/tex/latex/graphics/trig.sty
Package: trig 1999/03/16 v1.09 sin cos tan (DPC)
)
(/usr/local/texlive/2013/texmf-dist/tex/latex/latexconfig/graphics.cfg
File: graphics.cfg 2010/04/23 v1.9 graphics configuration of TeX Live
)
Package graphics Info: Driver file: pdftex.def on input line 91.
)
\Gin@req@height=\dimen107
\Gin@req@width=\dimen108
)
(/usr/local/texlive/2013/texmf-dist/tex/latex/pgf/systemlayer/pgfsys.sty
(/usr/local/texlive/2013/texmf-dist/tex/generic/pgf/systemlayer/pgfsys.code.tex
Package: pgfsys 2010/06/30 v2.10 (rcs-revision 1.37)
(/usr/local/texlive/2013/texmf-dist/tex/generic/pgf/utilities/pgfkeys.code.tex
\pgfkeys@pathtoks=\toks20
\pgfkeys@temptoks=\toks21

(/usr/local/texlive/2013/texmf-dist/tex/generic/pgf/utilities/pgfkeysfiltered.c
ode.tex
\pgfkeys@tmptoks=\toks22
))
\pgf@x=\dimen109
\pgf@y=\dimen110
\pgf@xa=\dimen111
\pgf@ya=\dimen112
\pgf@xb=\dimen113
\pgf@yb=\dimen114
\pgf@xc=\dimen115
\pgf@yc=\dimen116
\w@pgf@writea=\write3
\r@pgf@reada=\read1
\c@pgf@counta=\count89
\c@pgf@countb=\count90
\c@pgf@countc=\count91
\c@pgf@countd=\count92

(/usr/local/texlive/2013/texmf-dist/tex/generic/pgf/systemlayer/pgf.cfg
File: pgf.cfg 2008/05/14  (rcs-revision 1.7)
)
Package pgfsys Info: Driver file for pgf: pgfsys-pdftex.def on input line 900.

(/usr/local/texlive/2013/texmf-dist/tex/generic/pgf/systemlayer/pgfsys-pdftex.d
ef
File: pgfsys-pdftex.def 2009/05/22  (rcs-revision 1.26)

(/usr/local/texlive/2013/texmf-dist/tex/generic/pgf/systemlayer/pgfsys-common-p
df.def
File: pgfsys-common-pdf.def 2008/05/19  (rcs-revision 1.10)
)))
(/usr/local/texlive/2013/texmf-dist/tex/generic/pgf/systemlayer/pgfsyssoftpath.
code.tex
File: pgfsyssoftpath.code.tex 2008/07/18  (rcs-revision 1.7)
\pgfsyssoftpath@smallbuffer@items=\count93
\pgfsyssoftpath@bigbuffer@items=\count94
)
(/usr/local/texlive/2013/texmf-dist/tex/generic/pgf/systemlayer/pgfsysprotocol.
code.tex
File: pgfsysprotocol.code.tex 2006/10/16  (rcs-revision 1.4)
)) (/usr/local/texlive/2013/texmf-dist/tex/latex/xcolor/xcolor.sty
Package: xcolor 2007/01/21 v2.11 LaTeX color extensions (UK)

(/usr/local/texlive/2013/texmf-dist/tex/latex/latexconfig/color.cfg
File: color.cfg 2007/01/18 v1.5 color configuration of teTeX/TeXLive
)
Package xcolor Info: Driver file: pdftex.def on input line 225.
LaTeX Info: Redefining \color on input line 702.
Package xcolor Info: Model `cmy' substituted by `cmy0' on input line 1337.
Package xcolor Info: Model `hsb' substituted by `rgb' on input line 1341.
Package xcolor Info: Model `RGB' extended on input line 1353.
Package xcolor Info: Model `HTML' substituted by `rgb' on input line 1355.
Package xcolor Info: Model `Hsb' substituted by `hsb' on input line 1356.
Package xcolor Info: Model `tHsb' substituted by `hsb' on input line 1357.
Package xcolor Info: Model `HSB' substituted by `hsb' on input line 1358.
Package xcolor Info: Model `Gray' substituted by `gray' on input line 1359.
Package xcolor Info: Model `wave' substituted by `hsb' on input line 1360.
)
(/usr/local/texlive/2013/texmf-dist/tex/generic/pgf/basiclayer/pgfcore.code.tex
Package: pgfcore 2010/04/11 v2.10 (rcs-revision 1.7)
(/usr/local/texlive/2013/texmf-dist/tex/generic/pgf/math/pgfmath.code.tex
(/usr/local/texlive/2013/texmf-dist/tex/generic/pgf/math/pgfmathcalc.code.tex
(/usr/local/texlive/2013/texmf-dist/tex/generic/pgf/math/pgfmathutil.code.tex)
(/usr/local/texlive/2013/texmf-dist/tex/generic/pgf/math/pgfmathparser.code.tex
\pgfmath@dimen=\dimen117
\pgfmath@count=\count95
\pgfmath@box=\box28
\pgfmath@toks=\toks23
\pgfmath@stack@operand=\toks24
\pgfmath@stack@operation=\toks25
)
(/usr/local/texlive/2013/texmf-dist/tex/generic/pgf/math/pgfmathfunctions.code.
tex
(/usr/local/texlive/2013/texmf-dist/tex/generic/pgf/math/pgfmathfunctions.basic
.code.tex)
(/usr/local/texlive/2013/texmf-dist/tex/generic/pgf/math/pgfmathfunctions.trigo
nometric.code.tex)
(/usr/local/texlive/2013/texmf-dist/tex/generic/pgf/math/pgfmathfunctions.rando
m.code.tex)
(/usr/local/texlive/2013/texmf-dist/tex/generic/pgf/math/pgfmathfunctions.compa
rison.code.tex)
(/usr/local/texlive/2013/texmf-dist/tex/generic/pgf/math/pgfmathfunctions.base.
code.tex)
(/usr/local/texlive/2013/texmf-dist/tex/generic/pgf/math/pgfmathfunctions.round
.code.tex)
(/usr/local/texlive/2013/texmf-dist/tex/generic/pgf/math/pgfmathfunctions.misc.
code.tex)))
(/usr/local/texlive/2013/texmf-dist/tex/generic/pgf/math/pgfmathfloat.code.tex
\c@pgfmathroundto@lastzeros=\count96
))
(/usr/local/texlive/2013/texmf-dist/tex/generic/pgf/basiclayer/pgfcorepoints.co
de.tex
File: pgfcorepoints.code.tex 2010/04/09  (rcs-revision 1.20)
\pgf@picminx=\dimen118
\pgf@picmaxx=\dimen119
\pgf@picminy=\dimen120
\pgf@picmaxy=\dimen121
\pgf@pathminx=\dimen122
\pgf@pathmaxx=\dimen123
\pgf@pathminy=\dimen124
\pgf@pathmaxy=\dimen125
\pgf@xx=\dimen126
\pgf@xy=\dimen127
\pgf@yx=\dimen128
\pgf@yy=\dimen129
\pgf@zx=\dimen130
\pgf@zy=\dimen131
)
(/usr/local/texlive/2013/texmf-dist/tex/generic/pgf/basiclayer/pgfcorepathconst
ruct.code.tex
File: pgfcorepathconstruct.code.tex 2010/08/03  (rcs-revision 1.24)
\pgf@path@lastx=\dimen132
\pgf@path@lasty=\dimen133
)
(/usr/local/texlive/2013/texmf-dist/tex/generic/pgf/basiclayer/pgfcorepathusage
.code.tex
File: pgfcorepathusage.code.tex 2008/04/22  (rcs-revision 1.12)
\pgf@shorten@end@additional=\dimen134
\pgf@shorten@start@additional=\dimen135
)
(/usr/local/texlive/2013/texmf-dist/tex/generic/pgf/basiclayer/pgfcorescopes.co
de.tex
File: pgfcorescopes.code.tex 2010/09/08  (rcs-revision 1.34)
\pgfpic=\box29
\pgf@hbox=\box30
\pgf@layerbox@main=\box31
\pgf@picture@serial@count=\count97
)
(/usr/local/texlive/2013/texmf-dist/tex/generic/pgf/basiclayer/pgfcoregraphicst
ate.code.tex
File: pgfcoregraphicstate.code.tex 2008/04/22  (rcs-revision 1.9)
\pgflinewidth=\dimen136
)
(/usr/local/texlive/2013/texmf-dist/tex/generic/pgf/basiclayer/pgfcoretransform
ations.code.tex
File: pgfcoretransformations.code.tex 2009/06/10  (rcs-revision 1.11)
\pgf@pt@x=\dimen137
\pgf@pt@y=\dimen138
\pgf@pt@temp=\dimen139
)
(/usr/local/texlive/2013/texmf-dist/tex/generic/pgf/basiclayer/pgfcorequick.cod
e.tex
File: pgfcorequick.code.tex 2008/10/09  (rcs-revision 1.3)
)
(/usr/local/texlive/2013/texmf-dist/tex/generic/pgf/basiclayer/pgfcoreobjects.c
ode.tex
File: pgfcoreobjects.code.tex 2006/10/11  (rcs-revision 1.2)
)
(/usr/local/texlive/2013/texmf-dist/tex/generic/pgf/basiclayer/pgfcorepathproce
ssing.code.tex
File: pgfcorepathprocessing.code.tex 2008/10/09  (rcs-revision 1.8)
)
(/usr/local/texlive/2013/texmf-dist/tex/generic/pgf/basiclayer/pgfcorearrows.co
de.tex
File: pgfcorearrows.code.tex 2008/04/23  (rcs-revision 1.11)
)
(/usr/local/texlive/2013/texmf-dist/tex/generic/pgf/basiclayer/pgfcoreshade.cod
e.tex
File: pgfcoreshade.code.tex 2008/11/23  (rcs-revision 1.13)
\pgf@max=\dimen140
\pgf@sys@shading@range@num=\count98
)
(/usr/local/texlive/2013/texmf-dist/tex/generic/pgf/basiclayer/pgfcoreimage.cod
e.tex
File: pgfcoreimage.code.tex 2010/03/25  (rcs-revision 1.16)

(/usr/local/texlive/2013/texmf-dist/tex/generic/pgf/basiclayer/pgfcoreexternal.
code.tex
File: pgfcoreexternal.code.tex 2010/09/01  (rcs-revision 1.17)
\pgfexternal@startupbox=\box32
))
(/usr/local/texlive/2013/texmf-dist/tex/generic/pgf/basiclayer/pgfcorelayers.co
de.tex
File: pgfcorelayers.code.tex 2010/08/27  (rcs-revision 1.2)
)
(/usr/local/texlive/2013/texmf-dist/tex/generic/pgf/basiclayer/pgfcoretranspare
ncy.code.tex
File: pgfcoretransparency.code.tex 2008/01/17  (rcs-revision 1.2)
)
(/usr/local/texlive/2013/texmf-dist/tex/generic/pgf/basiclayer/pgfcorepatterns.
code.tex
File: pgfcorepatterns.code.tex 2009/07/02  (rcs-revision 1.3)
)))
(/usr/local/texlive/2013/texmf-dist/tex/generic/pgf/modules/pgfmoduleshapes.cod
e.tex
File: pgfmoduleshapes.code.tex 2010/09/09  (rcs-revision 1.13)
\pgfnodeparttextbox=\box33
)
(/usr/local/texlive/2013/texmf-dist/tex/generic/pgf/modules/pgfmoduleplot.code.
tex
File: pgfmoduleplot.code.tex 2010/10/22  (rcs-revision 1.8)
)
(/usr/local/texlive/2013/texmf-dist/tex/latex/pgf/compatibility/pgfcomp-version
-0-65.sty
Package: pgfcomp-version-0-65 2007/07/03 v2.10 (rcs-revision 1.7)
\pgf@nodesepstart=\dimen141
\pgf@nodesepend=\dimen142
)
(/usr/local/texlive/2013/texmf-dist/tex/latex/pgf/compatibility/pgfcomp-version
-1-18.sty
Package: pgfcomp-version-1-18 2007/07/23 v2.10 (rcs-revision 1.1)
))
(/usr/local/texlive/2013/texmf-dist/tex/latex/pgf/utilities/pgffor.sty
(/usr/local/texlive/2013/texmf-dist/tex/latex/pgf/utilities/pgfkeys.sty
(/usr/local/texlive/2013/texmf-dist/tex/generic/pgf/utilities/pgfkeys.code.tex)
) (/usr/local/texlive/2013/texmf-dist/tex/generic/pgf/utilities/pgffor.code.tex
Package: pgffor 2010/03/23 v2.10 (rcs-revision 1.18)
\pgffor@iter=\dimen143
\pgffor@skip=\dimen144
\pgffor@stack=\toks26
\pgffor@toks=\toks27
))
(/usr/local/texlive/2013/texmf-dist/tex/generic/pgf/frontendlayer/tikz/tikz.cod
e.tex
Package: tikz 2010/10/13 v2.10 (rcs-revision 1.76)

(/usr/local/texlive/2013/texmf-dist/tex/generic/pgf/libraries/pgflibraryplothan
dlers.code.tex
File: pgflibraryplothandlers.code.tex 2010/05/31 v2.10 (rcs-revision 1.15)
\pgf@plot@mark@count=\count99
\pgfplotmarksize=\dimen145
)
\tikz@lastx=\dimen146
\tikz@lasty=\dimen147
\tikz@lastxsaved=\dimen148
\tikz@lastysaved=\dimen149
\tikzleveldistance=\dimen150
\tikzsiblingdistance=\dimen151
\tikz@figbox=\box34
\tikz@tempbox=\box35
\tikztreelevel=\count100
\tikznumberofchildren=\count101
\tikznumberofcurrentchild=\count102
\tikz@fig@count=\count103

(/usr/local/texlive/2013/texmf-dist/tex/generic/pgf/modules/pgfmodulematrix.cod
e.tex
File: pgfmodulematrix.code.tex 2010/08/24  (rcs-revision 1.4)
\pgfmatrixcurrentrow=\count104
\pgfmatrixcurrentcolumn=\count105
\pgf@matrix@numberofcolumns=\count106
)
\tikz@expandcount=\count107

(/usr/local/texlive/2013/texmf-dist/tex/generic/pgf/frontendlayer/tikz/librarie
s/tikzlibrarytopaths.code.tex
File: tikzlibrarytopaths.code.tex 2008/06/17 v2.10 (rcs-revision 1.2)
)))
(/usr/local/texlive/2013/texmf-dist/tex/latex/everypage/everypage.sty
Package: everypage 2007/06/20 1.1 Hooks to run on every page
)
(/usr/local/texlive/2013/texmf-dist/tex/latex/tools/afterpage.sty
Package: afterpage 1995/10/27 v1.08 After-Page Package (DPC)
\AP@output=\toks28
\AP@partial=\box36
\AP@footins=\box37
))
(/usr/local/texlive/2013/texmf-dist/tex/latex/wallpaper/wallpaper.sty
Package: wallpaper 2005/01/18, v1.01 easy wallpaper formatting (MHFW)

(/usr/local/texlive/2013/texmf-dist/tex/latex/base/ifthen.sty
Package: ifthen 2001/05/26 v1.1c Standard LaTeX ifthen package (DPC)
)
(/usr/local/texlive/2013/texmf-dist/tex/latex/tools/calc.sty
Package: calc 2007/08/22 v4.3 Infix arithmetic (KKT,FJ)
\calc@Acount=\count108
\calc@Bcount=\count109
\calc@Adimen=\dimen152
\calc@Bdimen=\dimen153
\calc@Askip=\skip52
\calc@Bskip=\skip53
LaTeX Info: Redefining \setlength on input line 76.
LaTeX Info: Redefining \addtolength on input line 77.
\calc@Ccount=\count110
\calc@Cskip=\skip54
)
(/usr/local/texlive/2013/texmf-dist/tex/latex/eso-pic/eso-pic.sty
Package: eso-pic 2010/10/06 v2.0c eso-pic (RN)

(/usr/local/texlive/2013/texmf-dist/tex/generic/oberdiek/atbegshi.sty
Package: atbegshi 2011/10/05 v1.16 At begin shipout hook (HO)

(/usr/local/texlive/2013/texmf-dist/tex/generic/oberdiek/ifpdf.sty
Package: ifpdf 2011/01/30 v2.3 Provides the ifpdf switch (HO)
Package ifpdf Info: pdfTeX in PDF mode is detected.
)))
\wpXoffset=\skip55
\wpYoffset=\skip56
\tileXoffset=\skip57
\tileYoffset=\skip58
\tilewidth=\skip59
\tileheight=\skip60
\tileX=\skip61
\tileY=\skip62
)
(/userdata/projects/github/security-courses/texfiles/pagetrans.sty)
(/userdata/Dropbox/Networks/marketing/latex/texslides/pause.sty)
(/usr/local/texlive/2013/texmf-dist/tex/latex/base/alltt.sty
Package: alltt 1997/06/16 v2.0g defines alltt environment
)
(/usr/local/texlive/2013/texmf-dist/tex/latex/wasysym/wasysym.sty
Package: wasysym 2003/10/30 v2.0 Wasy-2 symbol support package
\symwasy=\mathgroup5
LaTeX Font Info:    Overwriting symbol font `wasy' in version `bold'
(Font)                  U/wasy/m/n --> U/wasy/b/n on input line 90.
)
(/usr/local/texlive/2013/texmf-dist/tex/generic/babel/babel.sty
Package: babel 2013/05/16 v3.9f The Babel package

(/usr/local/texlive/2013/texmf-dist/tex/generic/babel-danish/danish.ldf
Language: danish 2009/09/19 v1.3r Danish support from the babel system

(/usr/local/texlive/2013/texmf-dist/tex/generic/babel/babel.def
File: babel.def 2013/05/16 v3.9f Babel common definitions
\babel@savecnt=\count111
\U@D=\dimen154
)
Package babel Info: Making " an active character on input line 82.
)
(/usr/local/texlive/2013/texmf-dist/tex/generic/babel-english/english.ldf
Language: english 2012/08/20 v3.3p English support from the babel system
\l@canadian = a dialect from \language\l@american 
\l@australian = a dialect from \language\l@british 
\l@newzealand = a dialect from \language\l@british 
))
(/usr/local/texlive/2013/texmf-dist/tex/latex/fancyhdr/fancyhdr.sty
\fancy@headwidth=\skip63
\f@ncyO@elh=\skip64
\f@ncyO@erh=\skip65
\f@ncyO@olh=\skip66
\f@ncyO@orh=\skip67
\f@ncyO@elf=\skip68
\f@ncyO@erf=\skip69
\f@ncyO@olf=\skip70
\f@ncyO@orf=\skip71
)
(/usr/local/texlive/2013/texmf-dist/tex/latex/moreverb/moreverb.sty
Package: moreverb 2008/06/03 v2.3a `more' verbatim facilities

(/usr/local/texlive/2013/texmf-dist/tex/latex/tools/verbatim.sty
Package: verbatim 2003/08/22 v1.5q LaTeX2e package for verbatim enhancements
\every@verbatim=\toks29
\verbatim@line=\toks30
\verbatim@in@stream=\read2
)
\tab@position=\count112
\tab@size=\count113
\listing@line=\count114
)
(/usr/local/texlive/2013/texmf-dist/tex/latex/tools/xr.sty
Package: xr 1994/05/28 v5.02 eXternal References (DPC)
))
No file security-tools-foss.aux.
\openout1 = `security-tools-foss.aux'.

LaTeX Font Info:    Checking defaults for OML/cmm/m/it on input line 4.
LaTeX Font Info:    ... okay on input line 4.
LaTeX Font Info:    Checking defaults for T1/cmr/m/n on input line 4.
LaTeX Font Info:    ... okay on input line 4.
LaTeX Font Info:    Checking defaults for OT1/cmr/m/n on input line 4.
LaTeX Font Info:    ... okay on input line 4.
LaTeX Font Info:    Checking defaults for OMS/cmsy/m/n on input line 4.
LaTeX Font Info:    ... okay on input line 4.
LaTeX Font Info:    Checking defaults for OMX/cmex/m/n on input line 4.
LaTeX Font Info:    ... okay on input line 4.
LaTeX Font Info:    Checking defaults for U/cmr/m/n on input line 4.
LaTeX Font Info:    ... okay on input line 4.
LaTeX Font Info:    Try loading font information for OT1+phv on input line 4.
(/usr/local/texlive/2013/texmf-dist/tex/latex/psnfss/ot1phv.fd
File: ot1phv.fd 2001/06/04 scalable font definitions for OT1/phv.
)
(/usr/local/texlive/2013/texmf-dist/tex/latex/ucs/ucsencs.def
File: ucsencs.def 2011/01/21 Fixes to fontencodings LGR, T3
)
(/usr/local/texlive/2013/texmf-dist/tex/context/base/supp-pdf.mkii
[Loading MPS to PDF converter (version 2006.09.02).]
\scratchcounter=\count115
\scratchdimen=\dimen155
\scratchbox=\box38
\nofMPsegments=\count116
\nofMParguments=\count117
\everyMPshowfont=\toks31
\MPscratchCnt=\count118
\MPscratchDim=\dimen156
\MPnumerator=\count119
\makeMPintoPDFobject=\count120
\everyMPtoPDFconversion=\toks32
) ABD: EveryShipout initializing macros
(/usr/local/texlive/2013/texmf-dist/tex/generic/oberdiek/pdftexcmds.sty
Package: pdftexcmds 2011/11/29 v0.20 Utility functions of pdfTeX for LuaTeX (HO
)

(/usr/local/texlive/2013/texmf-dist/tex/generic/oberdiek/ifluatex.sty
Package: ifluatex 2010/03/01 v1.3 Provides the ifluatex switch (HO)
Package ifluatex Info: LuaTeX not detected.
)
Package pdftexcmds Info: LuaTeX not detected.
Package pdftexcmds Info: \pdf@primitive is available.
Package pdftexcmds Info: \pdf@ifprimitive is available.
Package pdftexcmds Info: \pdfdraftmode found.
)
(/usr/local/texlive/2013/texmf-dist/tex/latex/oberdiek/epstopdf-base.sty
Package: epstopdf-base 2010/02/09 v2.5 Base part for package epstopdf

(/usr/local/texlive/2013/texmf-dist/tex/latex/oberdiek/grfext.sty
Package: grfext 2010/08/19 v1.1 Manage graphics extensions (HO)

(/usr/local/texlive/2013/texmf-dist/tex/generic/oberdiek/kvdefinekeys.sty
Package: kvdefinekeys 2011/04/07 v1.3 Define keys (HO)
))
(/usr/local/texlive/2013/texmf-dist/tex/latex/oberdiek/kvoptions.sty
Package: kvoptions 2011/06/30 v3.11 Key value format for package options (HO)

(/usr/local/texlive/2013/texmf-dist/tex/generic/oberdiek/kvsetkeys.sty
Package: kvsetkeys 2012/04/25 v1.16 Key value parser (HO)

(/usr/local/texlive/2013/texmf-dist/tex/generic/oberdiek/etexcmds.sty
Package: etexcmds 2011/02/16 v1.5 Avoid name clashes with e-TeX commands (HO)
Package etexcmds Info: Could not find \expanded.
(etexcmds)             That can mean that you are not using pdfTeX 1.50 or
(etexcmds)             that some package has redefined \expanded.
(etexcmds)             In the latter case, load this package earlier.
)))
Package grfext Info: Graphics extension search list:
(grfext)             [.png,.pdf,.jpg,.mps,.jpeg,.jbig2,.jb2,.PNG,.PDF,.JPG,.JPE
G,.JBIG2,.JB2,.eps]
(grfext)             \AppendGraphicsExtensions on input line 452.

(/usr/local/texlive/2013/texmf-dist/tex/latex/latexconfig/epstopdf-sys.cfg
File: epstopdf-sys.cfg 2010/07/13 v1.3 Configuration of (r)epstopdf for TeX Liv
e
))
\AtBeginShipoutBox=\box39
LaTeX Font Info:    Font shape `OT1/phv/bx/n' in size <24.88> not available
(Font)              Font shape `OT1/phv/b/n' tried instead on input line 7.
LaTeX Font Info:    Font shape `OT1/phv/bx/n' in size <35.83> not available
(Font)              Font shape `OT1/phv/b/n' tried instead on input line 7.
Missing character: There is no ø in font phvr7t!
LaTeX Font Info:    Try loading font information for OMS+phv on input line 18.

(/usr/local/texlive/2013/texmf-dist/tex/latex/psnfss/omsphv.fd
File: omsphv.fd 
)
LaTeX Font Info:    Font shape `OMS/phv/m/n' in size <12> not available
(Font)              Font shape `OMS/cmsy/m/n' tried instead on input line 18.
Missing character: There is no ø in font phvr7t!
Missing character: There is no ø in font phvr7t!

<images/slide_background_clean.jpg, id=4, 633.86812pt x 447.92343pt>
File: images/slide_background_clean.jpg Graphic file (type jpg)

<use images/slide_background_clean.jpg>
Package pdftex.def Info: images/slide_background_clean.jpg used on input line 1
8.
(pdftex.def)             Requested size: 845.11351pt x 597.20015pt.
 [1{/usr/local/texlive/2013/texmf-var/fonts/map/pdftex/updmap/pdftex.map}

 </userdata/projects/github/security-courses/images/slide_background_clean.jpg>
]
Missing character: There is no å in font phvb7t!

<software.pdf, id=13, 447.6725pt x 327.2225pt>
File: software.pdf Graphic file (type pdf)
 <use software.pdf>
Package pdftex.def Info: software.pdf used on input line 20.
(pdftex.def)             Requested size: 512.1496pt x 374.38564pt.
Missing character: There is no æ in font phvr7t!
Missing character: There is no æ in font phvr7t!
Missing character: There is no ø in font phvr7t!
Missing character: There is no ø in font phvr7t!
Missing character: There is no ø in font phvr7t!
File: images/slide_background_clean.jpg Graphic file (type jpg)

<use images/slide_background_clean.jpg>
Package pdftex.def Info: images/slide_background_clean.jpg used on input line 2
3.
(pdftex.def)             Requested size: 845.11351pt x 597.20015pt.
 [2 </userdata/projects/github/security-courses/images/software.pdf>]
<dragon-drawing-6.jpg, id=118, 500.87125pt x 246.9225pt>
File: dragon-drawing-6.jpg Graphic file (type jpg)

<use dragon-drawing-6.jpg>
Package pdftex.def Info: dragon-drawing-6.jpg used on input line 26.
(pdftex.def)             Requested size: 682.86613pt x 336.68047pt.
Missing character: There is no ø in font phvr7t!
Missing character: There is no ø in font phvr7t!
File: images/slide_background_clean.jpg Graphic file (type jpg)
 <use images/slide_background_clean.jpg>
Package pdftex.def Info: images/slide_background_clean.jpg used on input line 2
8.
(pdftex.def)             Requested size: 845.11351pt x 597.20015pt.
 [3 </userdata/projects/github/security-courses/images/dragon-drawing-6.jpg>]
<trinity-hacking-hd-cropscale-302x250.jpg, id=122, 234.68323pt x 194.2742pt>
File: trinity-hacking-hd-cropscale-302x250.jpg Graphic file (type jpg)

<use trinity-hacking-hd-cropscale-302x250.jpg>
Package pdftex.def Info: trinity-hacking-hd-cropscale-302x250.jpg used on input
 line 30.
(pdftex.def)             Requested size: 483.69684pt x 400.45534pt.
Missing character: There is no ø in font phvr7t!
Missing character: There is no ø in font phvr7t!
File: images/slide_background_clean.jpg Graphic file (type jpg)

<use images/slide_background_clean.jpg>
Package pdftex.def Info: images/slide_background_clean.jpg used on input line 3
2.
(pdftex.def)             Requested size: 845.11351pt x 597.20015pt.
 [4 </userdata/projects/github/security-courses/images/trinity-hacking-hd-crops
cale-302x250.jpg>]
<trinity-nmapscreen-hd-cropscale-418x250.jpg, id=126, 324.82645pt x 194.2742pt>
File: trinity-nmapscreen-hd-cropscale-418x250.jpg Graphic file (type jpg)
<use trinity-nmapscreen-hd-cropscale-418x250.jpg>
Package pdftex.def Info: trinity-nmapscreen-hd-cropscale-418x250.jpg used on in
put line 34.
(pdftex.def)             Requested size: 569.05511pt x 340.35547pt.

! Missing $ inserted.
<inserted text> 
                $
l.36 ...ttp://www.youtube.com/watch?v=Zy5_gYu_isg}
                                                  
? q
OK, entering \batchmode...
LaTeX Font Info:    Try loading font information for U+wasy on input line 36.

(/usr/local/texlive/2013/texmf-dist/tex/latex/wasysym/uwasy.fd
File: uwasy.fd 2003/10/30 v2.0 Wasy-2 symbol font definitions
)
! Missing $ inserted.
<inserted text> 
                $
l.37 
     
I've inserted a begin-math/end-math symbol since I think
you left one out. Proceed, with fingers crossed.

Missing character: There is no ø in font phvr7t!
Missing character: There is no ø in font phvr7t!
File: images/slide_background_clean.jpg Graphic file (type jpg)
 <use images/slide_background_clean.jpg>
Package pdftex.def Info: images/slide_background_clean.jpg used on input line 3
8.
(pdftex.def)             Requested size: 845.11351pt x 597.20015pt.
 [5 </userdata/projects/github/security-courses/images/trinity-nmapscreen-hd-cr
opscale-418x250.jpg>]
LaTeX Font Info:    Font shape `OT1/phv/bx/n' in size <20.74> not available
(Font)              Font shape `OT1/phv/b/n' tried instead on input line 41.
Missing character: There is no å in font phvr7t!
Missing character: There is no å in font phvr7t!
Missing character: There is no å in font phvr7t!
Missing character: There is no æ in font phvr7t!
Missing character: There is no æ in font phvr7t!
Missing character: There is no ø in font phvr7t!
Missing character: There is no ø in font phvr7t!
File: images/slide_background_clean.jpg Graphic file (type jpg)
 <use images/slide_background_clean.jpg>
Package pdftex.def Info: images/slide_background_clean.jpg used on input line 5
3.
(pdftex.def)             Requested size: 845.11351pt x 597.20015pt.
 [6]
<buffer-overflow-1.pdf, id=135, 464.73625pt x 173.64874pt>
File: buffer-overflow-1.pdf Graphic file (type pdf)
 <use buffer-overflow-1.pdf>
Package pdftex.def Info: buffer-overflow-1.pdf used on input line 55.
(pdftex.def)             Requested size: 569.05511pt x 212.6487pt.
LaTeX Font Info:    Try loading font information for OT1+pcr on input line 57.

(/usr/local/texlive/2013/texmf-dist/tex/latex/psnfss/ot1pcr.fd
File: ot1pcr.fd 2001/06/04 font definitions for OT1/pcr.
)
LaTeX Font Info:    Try loading font information for OMS+pcr on input line 59.

(/usr/local/texlive/2013/texmf-dist/tex/latex/psnfss/omspcr.fd
File: omspcr.fd 
)
LaTeX Font Info:    Font shape `OMS/pcr/m/n' in size <20.74> not available
(Font)              Font shape `OMS/cmsy/m/n' tried instead on input line 59.
Missing character: There is no ø in font phvr7t!
Missing character: There is no ø in font phvr7t!
File: images/slide_background_clean.jpg Graphic file (type jpg)
 <use images/slide_background_clean.jpg>
Package pdftex.def Info: images/slide_background_clean.jpg used on input line 6
6.
(pdftex.def)             Requested size: 845.11351pt x 597.20015pt.
 [7 </userdata/projects/github/security-courses/images/buffer-overflow-1.pdf>]
<buffer-overflow-2.pdf, id=174, 464.73625pt x 199.74625pt>
File: buffer-overflow-2.pdf Graphic file (type pdf)
 <use buffer-overflow-2.pdf>
Package pdftex.def Info: buffer-overflow-2.pdf used on input line 68.
(pdftex.def)             Requested size: 569.05511pt x 244.60747pt.
Missing character: There is no ø in font phvr7t!
Missing character: There is no ø in font phvr7t!
File: images/slide_background_clean.jpg Graphic file (type jpg)
 <use images/slide_background_clean.jpg>
Package pdftex.def Info: images/slide_background_clean.jpg used on input line 7
8.
(pdftex.def)             Requested size: 845.11351pt x 597.20015pt.
 [8 </userdata/projects/github/security-courses/images/buffer-overflow-2.pdf>]
Overfull \hbox (20.71869pt too wide) in paragraph at lines 87--87
[]\OT1/pcr/m/n/20.74 $len = 201; // what is needed to overflow, maybe 201, mayb
e more![] 
 []

Missing character: There is no ø in font phvr7t!
Missing character: There is no ø in font phvr7t!
File: images/slide_background_clean.jpg Graphic file (type jpg)
 <use images/slide_background_clean.jpg>
Package pdftex.def Info: images/slide_background_clean.jpg used on input line 1
00.
(pdftex.def)             Requested size: 845.11351pt x 597.20015pt.
 [9]
Missing character: There is no æ in font phvr7t!
Missing character: There is no ø in font phvr7t!
Missing character: There is no ø in font phvr7t!
Missing character: There is no ø in font phvr7t!
File: images/slide_background_clean.jpg Graphic file (type jpg)
 <use images/slide_background_clean.jpg>
Package pdftex.def Info: images/slide_background_clean.jpg used on input line 1
11.
(pdftex.def)             Requested size: 845.11351pt x 597.20015pt.
 [10]
Missing character: There is no æ in font phvb7t!
Missing character: There is no æ in font phvr7t!
Missing character: There is no æ in font phvr7t!
Missing character: There is no æ in font phvr7t!
Missing character: There is no æ in font phvr7t!
Missing character: There is no ø in font phvr7t!
Missing character: There is no ø in font phvr7t!
File: images/slide_background_clean.jpg Graphic file (type jpg)
 <use images/slide_background_clean.jpg>
Package pdftex.def Info: images/slide_background_clean.jpg used on input line 1
20.
(pdftex.def)             Requested size: 845.11351pt x 597.20015pt.
 [11]
Missing character: There is no å in font phvb7t!
Missing character: There is no æ in font phvb7t!
Missing character: There is no æ in font phvr7t!
Missing character: There is no æ in font phvr7t!
Missing character: There is no æ in font phvr7t!
Missing character: There is no å in font phvr7t!
Missing character: There is no ø in font phvr7t!
Missing character: There is no ø in font phvr7t!
File: images/slide_background_clean.jpg Graphic file (type jpg)
 <use images/slide_background_clean.jpg>
Package pdftex.def Info: images/slide_background_clean.jpg used on input line 1
36.
(pdftex.def)             Requested size: 845.11351pt x 597.20015pt.
 [12]
Missing character: There is no ø in font phvb7t!
Missing character: There is no æ in font phvb7t!
Missing character: There is no æ in font phvr7t!
Missing character: There is no å in font phvr7t!
Missing character: There is no æ in font phvr7t!
Missing character: There is no ø in font phvr7t!
Missing character: There is no ø in font phvr7t!
Missing character: There is no ø in font phvr7t!
File: images/slide_background_clean.jpg Graphic file (type jpg)
 <use images/slide_background_clean.jpg>
Package pdftex.def Info: images/slide_background_clean.jpg used on input line 1
52.
(pdftex.def)             Requested size: 845.11351pt x 597.20015pt.
 [13]
<38-line-drawing-of-a-pare-fruit.png, id=228, 283.0575pt x 301.125pt>
File: 38-line-drawing-of-a-pare-fruit.png Graphic file (type png)
 <use 38-line-drawing-of-a-pare-fruit.png>
Package pdftex.def Info: 38-line-drawing-of-a-pare-fruit.png used on input line
 155.
(pdftex.def)             Requested size: 284.52756pt x 302.71404pt.
Missing character: There is no ø in font phvr7t!
Missing character: There is no ø in font phvr7t!
Missing character: There is no ø in font phvr7t!
File: images/slide_background_clean.jpg Graphic file (type jpg)
 <use images/slide_background_clean.jpg>
Package pdftex.def Info: images/slide_background_clean.jpg used on input line 1
59.
(pdftex.def)             Requested size: 845.11351pt x 597.20015pt.
 [14 </userdata/projects/github/security-courses/images/38-line-drawing-of-a-pa
re-fruit.png (PNG copy)>]
Missing character: There is no ø in font phvr7t!
Missing character: There is no ø in font phvr7t!
File: images/slide_background_clean.jpg Graphic file (type jpg)
 <use images/slide_background_clean.jpg>
Package pdftex.def Info: images/slide_background_clean.jpg used on input line 1
84.
(pdftex.def)             Requested size: 845.11351pt x 597.20015pt.
 [15]
Missing character: There is no ø in font phvr7t!
Missing character: There is no ø in font phvr7t!
File: images/slide_background_clean.jpg Graphic file (type jpg)
 <use images/slide_background_clean.jpg>
Package pdftex.def Info: images/slide_background_clean.jpg used on input line 2
08.
(pdftex.def)             Requested size: 845.11351pt x 597.20015pt.
 [16]
Overfull \hbox (8.27469pt too wide) in paragraph at lines 213--213
[]\OT1/pcr/m/n/20.74 demo.c:4: warning: incompatible implicit declaration of bu
ilt-in[] 
 []


Overfull \hbox (8.27469pt too wide) in paragraph at lines 222--222
[]\OT1/pcr/m/n/20.74 demo.c:4: warning: incompatible implicit declaration of bu
ilt-in[] 
 []

Missing character: There is no ø in font phvr7t!
Missing character: There is no ø in font phvr7t!
File: images/slide_background_clean.jpg Graphic file (type jpg)
 <use images/slide_background_clean.jpg>
Package pdftex.def Info: images/slide_background_clean.jpg used on input line 2
30.
(pdftex.def)             Requested size: 845.11351pt x 597.20015pt.
 [17]
Missing character: There is no ø in font phvr7t!
Missing character: There is no ø in font phvr7t!
File: images/slide_background_clean.jpg Graphic file (type jpg)
 <use images/slide_background_clean.jpg>
Package pdftex.def Info: images/slide_background_clean.jpg used on input line 2
56.
(pdftex.def)             Requested size: 845.11351pt x 597.20015pt.
 [18]
Missing character: There is no æ in font phvr7t!
Missing character: There is no å in font phvr7t!
Missing character: There is no æ in font phvr7t!
Missing character: There is no ø in font phvr7t!
Missing character: There is no ø in font phvr7t!
File: images/slide_background_clean.jpg Graphic file (type jpg)
 <use images/slide_background_clean.jpg>
Package pdftex.def Info: images/slide_background_clean.jpg used on input line 2
65.
(pdftex.def)             Requested size: 845.11351pt x 597.20015pt.
 [19]
! Missing $ inserted.
<inserted text> 
                $
l.281 ...subversion.tigris.org/tools_contrib.html}
                                                  
I've inserted a begin-math/end-math symbol since I think
you left one out. Proceed, with fingers crossed.


! LaTeX Error: Command \item invalid in math mode.

See the LaTeX manual or LaTeX Companion for explanation.
Type  H <return>  for immediate help.
 ...                                              
                                                  
l.282 \item
            \link{http://svn.collab.net/repos/svn/trunk/contrib/hook-scripts/}
Try typing  <return>  to proceed.
If that doesn't work, type  X <return>  to quit.


! LaTeX Error: Something's wrong--perhaps a missing \item.

See the LaTeX manual or LaTeX Companion for explanation.
Type  H <return>  for immediate help.
 ...                                              
                                                  
l.282 \item \link
                 {http://svn.collab.net/repos/svn/trunk/contrib/hook-scripts/}
Try typing  <return>  to proceed.
If that doesn't work, type  X <return>  to quit.


! LaTeX Error: Something's wrong--perhaps a missing \item.

See the LaTeX manual or LaTeX Companion for explanation.
Type  H <return>  for immediate help.
 ...                                              
                                                  
l.282 \item \link
                 {http://svn.collab.net/repos/svn/trunk/contrib/hook-scripts/}
Try typing  <return>  to proceed.
If that doesn't work, type  X <return>  to quit.


! LaTeX Error: Command \end{list} invalid in math mode.

See the LaTeX manual or LaTeX Companion for explanation.
Type  H <return>  for immediate help.
 ...                                              
                                                  
l.283 \end{list1}
                 
Try typing  <return>  to proceed.
If that doesn't work, type  X <return>  to quit.


! LaTeX Error: Something's wrong--perhaps a missing \item.

See the LaTeX manual or LaTeX Companion for explanation.
Type  H <return>  for immediate help.
 ...                                              
                                                  
l.283 \end{list1}
                 
Try typing  <return>  to proceed.
If that doesn't work, type  X <return>  to quit.


! LaTeX Error: Something's wrong--perhaps a missing \item.

See the LaTeX manual or LaTeX Companion for explanation.
Type  H <return>  for immediate help.
 ...                                              
                                                  
l.283 \end{list1}
                 
Try typing  <return>  to proceed.
If that doesn't work, type  X <return>  to quit.

! Missing $ inserted.
<inserted text> 
                $
l.283 \end{list1}
                 
I've inserted something that you may have forgotten.
(See the <inserted text> above.)
With luck, this will get me unwedged. But if you
really didn't forget anything, try typing `2' now; then
my insertion and my current dilemma will both disappear.


Overfull \hbox (125.56905pt too wide) in paragraph at lines 281--284
[]\OT1/phv/m/n/20.74 http://subversion.tigris.org/tools$[]\OML/fcmm/m/it/20.74 
ontrib:htmlhttp \OT1/fcmr/m/n/20.74 : \OML/fcmm/m/it/20.74 ==svn:collab:net=rep
os=svn=trunk=contrib=hook \OMS/cmsy/m/n/20.74 ^^@
 []

Missing character: There is no ø in font phvr7t!
Missing character: There is no ø in font phvr7t!
File: images/slide_background_clean.jpg Graphic file (type jpg)
 <use images/slide_background_clean.jpg>
Package pdftex.def Info: images/slide_background_clean.jpg used on input line 2
85.
(pdftex.def)             Requested size: 845.11351pt x 597.20015pt.
 [20]
Overfull \hbox (20.71869pt too wide) in paragraph at lines 289--289
[]\OT1/pcr/m/n/20.74 System.out.println() bypasses the control that we get from
 log4j,[] 
 []

Missing character: There is no ø in font phvr7t!
Missing character: There is no ø in font phvr7t!
File: images/slide_background_clean.jpg Graphic file (type jpg)
 <use images/slide_background_clean.jpg>
Package pdftex.def Info: images/slide_background_clean.jpg used on input line 3
05.
(pdftex.def)             Requested size: 845.11351pt x 597.20015pt.
 [21]
Missing character: There is no ø in font phvr7t!
Missing character: There is no ø in font phvr7t!
File: images/slide_background_clean.jpg Graphic file (type jpg)
 <use images/slide_background_clean.jpg>
Package pdftex.def Info: images/slide_background_clean.jpg used on input line 3
17.
(pdftex.def)             Requested size: 845.11351pt x 597.20015pt.
 [22]
<johnny_automatic_blueprints.png, id=259, 409.07547pt x 305.44302pt>
File: johnny_automatic_blueprints.png Graphic file (type png)
 <use johnny_automatic_blueprints.png>
Package pdftex.def Info: johnny_automatic_blueprints.png used on input line 319
.
(pdftex.def)             Requested size: 483.69684pt x 361.17001pt.
Missing character: There is no æ in font phvr7t!
Missing character: There is no ø in font phvr7t!
Missing character: There is no ø in font phvr7t!
File: images/slide_background_clean.jpg Graphic file (type jpg)
 <use images/slide_background_clean.jpg>
Package pdftex.def Info: images/slide_background_clean.jpg used on input line 3
23.
(pdftex.def)             Requested size: 845.11351pt x 597.20015pt.
 [23 </userdata/projects/github/security-courses/images/johnny_automatic_bluepr
ints.png>]

! LaTeX Error: Environment floatingfigure undefined.

See the LaTeX manual or LaTeX Companion for explanation.
Type  H <return>  for immediate help.
 ...                                              
                                                  
l.328 \hlkrightimage{5cm}{secure_coding.png}
                                            
Your command was ignored.
Type  I <command> <return>  to replace it with another command,
or  <return>  to continue without it.

 <secure_coding.png, id=265, 433.62pt x 650.43pt>
File: secure_coding.png Graphic file (type png)
 <use secure_coding.png>
Package pdftex.def Info: secure_coding.png used on input line 328.
(pdftex.def)             Requested size: 142.26378pt x 213.39204pt.

! LaTeX Error: \begin{document} ended by \end{floatingfigure}.

See the LaTeX manual or LaTeX Companion for explanation.
Type  H <return>  for immediate help.
 ...                                              
                                                  
l.328 \hlkrightimage{5cm}{secure_coding.png}
                                            
Your command was ignored.
Type  I <command> <return>  to replace it with another command,
or  <return>  to continue without it.

Missing character: There is no æ in font phvr7t!
Missing character: There is no ø in font phvr7t!
Missing character: There is no ø in font phvr7t!
File: images/slide_background_clean.jpg Graphic file (type jpg)
 <use images/slide_background_clean.jpg>
Package pdftex.def Info: images/slide_background_clean.jpg used on input line 3
38.
(pdftex.def)             Requested size: 845.11351pt x 597.20015pt.
 [24 </userdata/projects/github/security-courses/images/secure_coding.png>]
Missing character: There is no ø in font phvr7t!
Missing character: There is no ø in font phvr7t!
File: images/slide_background_clean.jpg Graphic file (type jpg)
 <use images/slide_background_clean.jpg>
Package pdftex.def Info: images/slide_background_clean.jpg used on input line 3
41.
(pdftex.def)             Requested size: 845.11351pt x 597.20015pt.
 [25]

! LaTeX Error: Environment floatingfigure undefined.

See the LaTeX manual or LaTeX Companion for explanation.
Type  H <return>  for immediate help.
 ...                                              
                                                  
l.343 \hlkrightimage{5cm}{19-deadly-sins.jpg}
                                             
Your command was ignored.
Type  I <command> <return>  to replace it with another command,
or  <return>  to continue without it.

 <19-deadly-sins.jpg, id=275, 145.54375pt x 180.675pt>
File: 19-deadly-sins.jpg Graphic file (type jpg)
 <use 19-deadly-sins.jpg>
Package pdftex.def Info: 19-deadly-sins.jpg used on input line 343.
(pdftex.def)             Requested size: 142.26378pt x 176.61642pt.

! LaTeX Error: \begin{document} ended by \end{floatingfigure}.

See the LaTeX manual or LaTeX Companion for explanation.
Type  H <return>  for immediate help.
 ...                                              
                                                  
l.343 \hlkrightimage{5cm}{19-deadly-sins.jpg}
                                             
Your command was ignored.
Type  I <command> <return>  to replace it with another command,
or  <return>  to continue without it.

Missing character: There is no æ in font phvb7t!
Missing character: There is no ø in font phvr7t!
Missing character: There is no å in font phvr7t!
Missing character: There is no ø in font phvr7t!
Missing character: There is no æ in font phvr7t!
Missing character: There is no æ in font phvr7t!
Missing character: There is no ø in font phvr7t!
Missing character: There is no ø in font phvr7t!
File: images/slide_background_clean.jpg Graphic file (type jpg)
 <use images/slide_background_clean.jpg>
Package pdftex.def Info: images/slide_background_clean.jpg used on input line 3
55.
(pdftex.def)             Requested size: 845.11351pt x 597.20015pt.
 [26 </userdata/projects/github/security-courses/images/19-deadly-sins.jpg>]
Missing character: There is no ø in font phvr7t!
Missing character: There is no ø in font phvr7t!
File: images/slide_background_clean.jpg Graphic file (type jpg)
 <use images/slide_background_clean.jpg>
Package pdftex.def Info: images/slide_background_clean.jpg used on input line 3
57.
(pdftex.def)             Requested size: 845.11351pt x 597.20015pt.
 [27] <testing.pdf, id=282, 230.8625pt x 201.75375pt>
File: testing.pdf Graphic file (type pdf)
 <use testing.pdf>
Package pdftex.def Info: testing.pdf used on input line 361.
(pdftex.def)             Requested size: 426.79134pt x 373.00769pt.
Missing character: There is no ø in font phvr7t!
Missing character: There is no ø in font phvr7t!
Missing character: There is no ø in font phvr7t!
File: images/slide_background_clean.jpg Graphic file (type jpg)
 <use images/slide_background_clean.jpg>
Package pdftex.def Info: images/slide_background_clean.jpg used on input line 3
65.
(pdftex.def)             Requested size: 845.11351pt x 597.20015pt.
 [28 </userdata/projects/github/security-courses/images/testing.pdf>]
Missing character: There is no å in font phvr7t!
Missing character: There is no æ in font phvr7t!
Missing character: There is no ø in font phvr7t!
Missing character: There is no ø in font phvr7t!
File: images/slide_background_clean.jpg Graphic file (type jpg)
 <use images/slide_background_clean.jpg>
Package pdftex.def Info: images/slide_background_clean.jpg used on input line 3
75.
(pdftex.def)             Requested size: 845.11351pt x 597.20015pt.
 [29]
! Missing $ inserted.
<inserted text> 
                $
l.394 ...ttp://en.wikipedia.org/wiki/Unit_testing}
                                                  
I've inserted a begin-math/end-math symbol since I think
you left one out. Proceed, with fingers crossed.


! LaTeX Error: Command \end{list} invalid in math mode.

See the LaTeX manual or LaTeX Companion for explanation.
Type  H <return>  for immediate help.
 ...                                              
                                                  
l.395 \end{list1}
                 
Try typing  <return>  to proceed.
If that doesn't work, type  X <return>  to quit.


! LaTeX Error: Something's wrong--perhaps a missing \item.

See the LaTeX manual or LaTeX Companion for explanation.
Type  H <return>  for immediate help.
 ...                                              
                                                  
l.395 \end{list1}
                 
Try typing  <return>  to proceed.
If that doesn't work, type  X <return>  to quit.


! LaTeX Error: Something's wrong--perhaps a missing \item.

See the LaTeX manual or LaTeX Companion for explanation.
Type  H <return>  for immediate help.
 ...                                              
                                                  
l.395 \end{list1}
                 
Try typing  <return>  to proceed.
If that doesn't work, type  X <return>  to quit.

! Missing $ inserted.
<inserted text> 
                $
l.395 \end{list1}
                 
I've inserted something that you may have forgotten.
(See the <inserted text> above.)
With luck, this will get me unwedged. But if you
really didn't forget anything, try typing `2' now; then
my insertion and my current dilemma will both disappear.

Missing character: There is no ø in font phvr7t!
Missing character: There is no ø in font phvr7t!
File: images/slide_background_clean.jpg Graphic file (type jpg)
 <use images/slide_background_clean.jpg>
Package pdftex.def Info: images/slide_background_clean.jpg used on input line 3
97.
(pdftex.def)             Requested size: 845.11351pt x 597.20015pt.
 [30] <hudson-dashboard.png, id=316, 859.21pt x 507.8975pt>
File: hudson-dashboard.png Graphic file (type png)
 <use hudson-dashboard.png>
Package pdftex.def Info: hudson-dashboard.png used on input line 399.
(pdftex.def)             Requested size: 569.05511pt x 336.38362pt.
Missing character: There is no ø in font phvr7t!
Missing character: There is no ø in font phvr7t!
Missing character: There is no ø in font phvr7t!
File: images/slide_background_clean.jpg Graphic file (type jpg)
 <use images/slide_background_clean.jpg>
Package pdftex.def Info: images/slide_background_clean.jpg used on input line 4
07.
(pdftex.def)             Requested size: 845.11351pt x 597.20015pt.
 [31 </userdata/projects/github/security-courses/images/hudson-dashboard.png>]
<buffer-overflow-3.pdf, id=321, 432.61626pt x 359.3425pt>
File: buffer-overflow-3.pdf Graphic file (type pdf)
 <use buffer-overflow-3.pdf>
Package pdftex.def Info: buffer-overflow-3.pdf used on input line 410.
(pdftex.def)             Requested size: 398.33858pt x 330.88423pt.
Missing character: There is no æ in font phvr7t!
Missing character: There is no ø in font phvr7t!
Missing character: There is no ø in font phvr7t!
File: images/slide_background_clean.jpg Graphic file (type jpg)
 <use images/slide_background_clean.jpg>
Package pdftex.def Info: images/slide_background_clean.jpg used on input line 4
14.
(pdftex.def)             Requested size: 845.11351pt x 597.20015pt.
 [32 </userdata/projects/github/security-courses/images/buffer-overflow-3.pdf>]
Missing character: There is no ø in font phvr7t!
Missing character: There is no ø in font phvr7t!
Missing character: There is no ø in font phvr7t!
Missing character: There is no ø in font phvr7t!
Missing character: There is no ø in font phvr7t!
File: images/slide_background_clean.jpg Graphic file (type jpg)
 <use images/slide_background_clean.jpg>
Package pdftex.def Info: images/slide_background_clean.jpg used on input line 4
24.
(pdftex.def)             Requested size: 845.11351pt x 597.20015pt.
 [33]
Missing character: There is no æ in font phvb7t!
Missing character: There is no ø in font phvb7t!
! Missing $ inserted.
<inserted text> 
                $
l.429 ...i/List_of_tools_for_static_code_analysis}
                                                  }
I've inserted a begin-math/end-math symbol since I think
you left one out. Proceed, with fingers crossed.

! Extra }, or forgotten $.
l.429 .../List_of_tools_for_static_code_analysis}}
                                                  
I've deleted a group-closing symbol because it seems to be
spurious, as in `$x}$'. But perhaps the } is legitimate and
you forgot something else, as in `\hbox{$x}'. In such cases
the way to recover is to insert both the forgotten and the
deleted material, e.g., by typing `I$}'.


! LaTeX Error: Command \end{list} invalid in math mode.

See the LaTeX manual or LaTeX Companion for explanation.
Type  H <return>  for immediate help.
 ...                                              
                                                  
l.430 \end{list1}
                 
Try typing  <return>  to proceed.
If that doesn't work, type  X <return>  to quit.


! LaTeX Error: Something's wrong--perhaps a missing \item.

See the LaTeX manual or LaTeX Companion for explanation.
Type  H <return>  for immediate help.
 ...                                              
                                                  
l.430 \end{list1}
                 
Try typing  <return>  to proceed.
If that doesn't work, type  X <return>  to quit.


! LaTeX Error: Something's wrong--perhaps a missing \item.

See the LaTeX manual or LaTeX Companion for explanation.
Type  H <return>  for immediate help.
 ...                                              
                                                  
l.430 \end{list1}
                 
Try typing  <return>  to proceed.
If that doesn't work, type  X <return>  to quit.

! Missing $ inserted.
<inserted text> 
                $
l.430 \end{list1}
                 
I've inserted something that you may have forgotten.
(See the <inserted text> above.)
With luck, this will get me unwedged. But if you
really didn't forget anything, try typing `2' now; then
my insertion and my current dilemma will both disappear.

! Missing } inserted.
<inserted text> 
                }
l.430 \end{list1}
                 
I've inserted something that you may have forgotten.
(See the <inserted text> above.)
With luck, this will get me unwedged. But if you
really didn't forget anything, try typing `2' now; then
my insertion and my current dilemma will both disappear.

Missing character: There is no ø in font phvr7t!
Missing character: There is no ø in font phvr7t!
File: images/slide_background_clean.jpg Graphic file (type jpg)
 <use images/slide_background_clean.jpg>
Package pdftex.def Info: images/slide_background_clean.jpg used on input line 4
32.
(pdftex.def)             Requested size: 845.11351pt x 597.20015pt.
 [34]
Underfull \hbox (badness 10000) in paragraph at lines 440--441

 []

Missing character: There is no ø in font phvr7t!
Missing character: There is no ø in font phvr7t!
File: images/slide_background_clean.jpg Graphic file (type jpg)
 <use images/slide_background_clean.jpg>
Package pdftex.def Info: images/slide_background_clean.jpg used on input line 4
47.
(pdftex.def)             Requested size: 845.11351pt x 597.20015pt.
 [35]
<pmd-description.png, id=347, 812.03375pt x 259.97125pt>
File: pmd-description.png Graphic file (type png)
 <use pmd-description.png>
Package pdftex.def Info: pmd-description.png used on input line 448.
(pdftex.def)             Requested size: 739.77165pt x 236.84395pt.
Missing character: There is no ø in font phvr7t!
Missing character: There is no ø in font phvr7t!
Missing character: There is no ø in font phvr7t!
File: images/slide_background_clean.jpg Graphic file (type jpg)
 <use images/slide_background_clean.jpg>
Package pdftex.def Info: images/slide_background_clean.jpg used on input line 4
57.
(pdftex.def)             Requested size: 845.11351pt x 597.20015pt.
 [36 </userdata/projects/github/security-courses/images/tools/pmd-description.p
ng>]
Missing character: There is no æ in font phvr7t!
Missing character: There is no ø in font phvr7t!
Missing character: There is no ø in font phvr7t!
Missing character: There is no æ in font phvr7t!
Missing character: There is no ø in font phvr7t!
Missing character: There is no ø in font phvr7t!
File: images/slide_background_clean.jpg Graphic file (type jpg)
 <use images/slide_background_clean.jpg>
Package pdftex.def Info: images/slide_background_clean.jpg used on input line 4
69.
(pdftex.def)             Requested size: 845.11351pt x 597.20015pt.
 [37]
Missing character: There is no ø in font phvr7t!
Missing character: There is no å in font phvr7t!
Missing character: There is no å in font phvr7t!
Missing character: There is no å in font phvr7t!
Missing character: There is no ø in font phvr7t!
Missing character: There is no æ in font phvr7t!
Missing character: There is no å in font phvr7t!
Missing character: There is no å in font phvr7t!
Missing character: There is no æ in font phvr7t!
Missing character: There is no ø in font phvr7t!
Missing character: There is no ø in font phvr7t!
File: images/slide_background_clean.jpg Graphic file (type jpg)
 <use images/slide_background_clean.jpg>
Package pdftex.def Info: images/slide_background_clean.jpg used on input line 4
78.
(pdftex.def)             Requested size: 845.11351pt x 597.20015pt.
 [38]
Missing character: There is no å in font phvr7t!
Missing character: There is no å in font phvr7t!
Missing character: There is no æ in font phvr7t!
Missing character: There is no ø in font phvr7t!
Missing character: There is no å in font phvr7t!
Missing character: There is no ø in font phvr7t!
Missing character: There is no ø in font phvr7t!
File: images/slide_background_clean.jpg Graphic file (type jpg)
 <use images/slide_background_clean.jpg>
Package pdftex.def Info: images/slide_background_clean.jpg used on input line 4
88.
(pdftex.def)             Requested size: 845.11351pt x 597.20015pt.
 [39]
<300px-Fozziecurtain.JPG, id=361, 225.84375pt x 169.38281pt>
File: 300px-Fozziecurtain.JPG Graphic file (type jpg)
 <use 300px-Fozziecurtain.JPG>
Package pdftex.def Info: 300px-Fozziecurtain.JPG used on input line 491.
(pdftex.def)             Requested size: 426.79134pt x 320.13518pt.
Missing character: There is no ø in font phvr7t!
Missing character: There is no ø in font phvr7t!
File: images/slide_background_clean.jpg Graphic file (type jpg)
 <use images/slide_background_clean.jpg>
Package pdftex.def Info: images/slide_background_clean.jpg used on input line 4
95.
(pdftex.def)             Requested size: 845.11351pt x 597.20015pt.
 [40 </userdata/projects/github/security-courses/images/300px-Fozziecurtain.JPG
>]
Missing character: There is no ø in font phvr7t!
Missing character: There is no ø in font phvr7t!
File: images/slide_background_clean.jpg Graphic file (type jpg)
 <use images/slide_background_clean.jpg>
Package pdftex.def Info: images/slide_background_clean.jpg used on input line 5
15.
(pdftex.def)             Requested size: 845.11351pt x 597.20015pt.
 [41]
Missing character: There is no ø in font phvr7t!
Missing character: There is no ø in font phvr7t!
File: images/slide_background_clean.jpg Graphic file (type jpg)
 <use images/slide_background_clean.jpg>
Package pdftex.def Info: images/slide_background_clean.jpg used on input line 5
37.
(pdftex.def)             Requested size: 845.11351pt x 597.20015pt.
 [42] <fuzzer.pdf, id=372, 501.875pt x 99.37125pt>
File: fuzzer.pdf Graphic file (type pdf)
 <use fuzzer.pdf>
Package pdftex.def Info: fuzzer.pdf used on input line 539.
(pdftex.def)             Requested size: 711.3189pt x 140.85796pt.
Missing character: There is no æ in font phvr7t!
Missing character: There is no å in font phvr7t!
Missing character: There is no ø in font phvr7t!
Missing character: There is no ø in font phvr7t!
Missing character: There is no ø in font phvr7t!
File: images/slide_background_clean.jpg Graphic file (type jpg)
 <use images/slide_background_clean.jpg>
Package pdftex.def Info: images/slide_background_clean.jpg used on input line 5
48.
(pdftex.def)             Requested size: 845.11351pt x 597.20015pt.
 [43 </userdata/projects/github/security-courses/images/fuzzer.pdf>]
Missing character: There is no æ in font phvb7t!
Missing character: There is no ø in font phvb7t!
Missing character: There is no å in font phvr7t!
Missing character: There is no ø in font phvr7t!
Missing character: There is no ø in font phvr7t!
Missing character: There is no ø in font phvr7t!
File: images/slide_background_clean.jpg Graphic file (type jpg)
 <use images/slide_background_clean.jpg>
Package pdftex.def Info: images/slide_background_clean.jpg used on input line 5
71.
(pdftex.def)             Requested size: 845.11351pt x 597.20015pt.
 [44]
<medieval-clipart-5.jpg, id=405, 337.26pt x 223.5552pt>
File: medieval-clipart-5.jpg Graphic file (type jpg)
 <use medieval-clipart-5.jpg>
Package pdftex.def Info: medieval-clipart-5.jpg used on input line 574.
(pdftex.def)             Requested size: 569.05511pt x 377.21092pt.
Missing character: There is no å in font phvr7t!
Missing character: There is no ø in font phvr7t!
Missing character: There is no ø in font phvr7t!
File: images/slide_background_clean.jpg Graphic file (type jpg)
 <use images/slide_background_clean.jpg>
Package pdftex.def Info: images/slide_background_clean.jpg used on input line 5
81.
(pdftex.def)             Requested size: 845.11351pt x 597.20015pt.
 [45 </userdata/projects/github/security-courses/images/medieval-clipart-5.jpg>
]
Missing character: There is no å in font phvr7t!
Missing character: There is no å in font phvro7t!
Missing character: There is no å in font phvr7t!
Missing character: There is no å in font phvr7t!
Missing character: There is no å in font phvr7t!
Missing character: There is no ø in font phvr7t!
Missing character: There is no ø in font phvr7t!
File: images/slide_background_clean.jpg Graphic file (type jpg)
 <use images/slide_background_clean.jpg>
Package pdftex.def Info: images/slide_background_clean.jpg used on input line 5
97.
(pdftex.def)             Requested size: 845.11351pt x 597.20015pt.
 [46]
<security-layers-1.pdf, id=412, 167.62323pt x 276.02824pt>
File: security-layers-1.pdf Graphic file (type pdf)
 <use security-layers-1.pdf>
Package pdftex.def Info: security-layers-1.pdf used on input line 599.
(pdftex.def)             Requested size: 227.62204pt x 374.85854pt.
Missing character: There is no ø in font phvr7t!
Missing character: There is no ø in font phvr7t!
File: images/slide_background_clean.jpg Graphic file (type jpg)
 <use images/slide_background_clean.jpg>
Package pdftex.def Info: images/slide_background_clean.jpg used on input line 6
04.
(pdftex.def)             Requested size: 845.11351pt x 597.20015pt.
 [47 </userdata/projects/github/security-courses/images/security-layers-1.pdf>]
Missing character: There is no å in font phvr7t!
Missing character: There is no å in font phvr7t!
Missing character: There is no ø in font phvr7t!
Missing character: There is no ø in font phvr7t!
File: images/slide_background_clean.jpg Graphic file (type jpg)
 <use images/slide_background_clean.jpg>
Package pdftex.def Info: images/slide_background_clean.jpg used on input line 6
12.
(pdftex.def)             Requested size: 845.11351pt x 597.20015pt.
 [48]
LaTeX Font Info:    Font shape `OMS/pcr/m/n' in size <14.4> not available
(Font)              Font shape `OMS/cmsy/m/n' tried instead on input line 619.
Missing character: There is no ø in font phvr7t!
Missing character: There is no ø in font phvr7t!
File: images/slide_background_clean.jpg Graphic file (type jpg)
 <use images/slide_background_clean.jpg>
Package pdftex.def Info: images/slide_background_clean.jpg used on input line 6
39.
(pdftex.def)             Requested size: 845.11351pt x 597.20015pt.
 [49]
Missing character: There is no ø in font phvr7t!
Missing character: There is no ø in font phvr7t!
File: images/slide_background_clean.jpg Graphic file (type jpg)
 <use images/slide_background_clean.jpg>
Package pdftex.def Info: images/slide_background_clean.jpg used on input line 6
63.
(pdftex.def)             Requested size: 845.11351pt x 597.20015pt.
 [50]
LaTeX Font Info:    Font shape `OMS/pcr/m/n' in size <17.28> not available
(Font)              Font shape `OMS/cmsy/m/n' tried instead on input line 669.
Missing character: There is no å in font phvr7t!
Missing character: There is no ø in font phvr7t!
Missing character: There is no ø in font phvr7t!
File: images/slide_background_clean.jpg Graphic file (type jpg)
 <use images/slide_background_clean.jpg>
Package pdftex.def Info: images/slide_background_clean.jpg used on input line 6
84.
(pdftex.def)             Requested size: 845.11351pt x 597.20015pt.
 [51]
Missing character: There is no å in font phvr7t!
Missing character: There is no æ in font phvr7t!
Missing character: There is no æ in font phvr7t!
Missing character: There is no å in font phvr7t!
Missing character: There is no ø in font phvr7t!
Missing character: There is no ø in font phvr7t!
File: images/slide_background_clean.jpg Graphic file (type jpg)
 <use images/slide_background_clean.jpg>
Package pdftex.def Info: images/slide_background_clean.jpg used on input line 7
00.
(pdftex.def)             Requested size: 845.11351pt x 597.20015pt.
 [52]
Missing character: There is no ø in font phvr7t!
Missing character: There is no å in font phvr7t!
Missing character: There is no å in font phvr7t!
LaTeX Font Info:    Font shape `OT1/phv/bx/n' in size <29.86> not available
(Font)              Font shape `OT1/phv/b/n' tried instead on input line 716.
Missing character: There is no ø in font phvr7t!
Missing character: There is no ø in font phvr7t!
File: images/slide_background_clean.jpg Graphic file (type jpg)
 <use images/slide_background_clean.jpg>
Package pdftex.def Info: images/slide_background_clean.jpg used on input line 7
18.
(pdftex.def)             Requested size: 845.11351pt x 597.20015pt.
 [53]
Missing character: There is no ø in font phvb7t!
Missing character: There is no å in font phvb7t!
Missing character: There is no ø in font phvr7t!
Missing character: There is no ø in font phvr7t!
Missing character: There is no å in font phvr7t!
Missing character: There is no å in font phvr7t!
Missing character: There is no ø in font phvr7t!
Missing character: There is no ø in font phvr7t!
File: images/slide_background_clean.jpg Graphic file (type jpg)
 <use images/slide_background_clean.jpg>
Package pdftex.def Info: images/slide_background_clean.jpg used on input line 7
34.
(pdftex.def)             Requested size: 845.11351pt x 597.20015pt.
 [54]
<freescan-reklame.png, id=452, 672.5125pt x 271.0125pt>
File: freescan-reklame.png Graphic file (type png)
 <use freescan-reklame.png>
Package pdftex.def Info: freescan-reklame.png used on input line 736.
(pdftex.def)             Requested size: 654.41338pt x 263.72127pt.
Missing character: There is no ø in font phvr7t!
Missing character: There is no ø in font phvr7t!
File: images/slide_background_clean.jpg Graphic file (type jpg)
 <use images/slide_background_clean.jpg>
Package pdftex.def Info: images/slide_background_clean.jpg used on input line 7
42.
(pdftex.def)             Requested size: 845.11351pt x 597.20015pt.
 [55 </userdata/projects/github/security-courses/images/freescan-reklame.png>]
<images/shellcoders-handbook.jpg, id=457, 301.125pt x 379.4175pt>
File: images/shellcoders-handbook.jpg Graphic file (type jpg)
 <use images/shellcoders-handbook.jpg>
Package pdftex.def Info: images/shellcoders-handbook.jpg used on input line 744
.
(pdftex.def)             Requested size: 85.35826pt x 107.55037pt.
Missing character: There is no æ in font phvr7t!
Missing character: There is no ø in font phvr7t!
Missing character: There is no ø in font phvr7t!
Missing character: There is no å in font phvr7t!
Missing character: There is no ø in font phvr7t!
Missing character: There is no ø in font phvr7t!
File: images/slide_background_clean.jpg Graphic file (type jpg)
 <use images/slide_background_clean.jpg>
Package pdftex.def Info: images/slide_background_clean.jpg used on input line 7
60.
(pdftex.def)             Requested size: 845.11351pt x 597.20015pt.
 [56 </userdata/projects/github/security-courses/images/shellcoders-handbook.jp
g>] <milw0rm.png, id=461, 712.6625pt x 450.68375pt>
File: milw0rm.png Graphic file (type png)
 <use milw0rm.png>
Package pdftex.def Info: milw0rm.png used on input line 762.
(pdftex.def)             Requested size: 569.05511pt x 359.88042pt.
Missing character: There is no ø in font phvr7t!
Missing character: There is no ø in font phvr7t!
File: images/slide_background_clean.jpg Graphic file (type jpg)
 <use images/slide_background_clean.jpg>
Package pdftex.def Info: images/slide_background_clean.jpg used on input line 7
66.
(pdftex.def)             Requested size: 845.11351pt x 597.20015pt.
 [57 </userdata/projects/github/security-courses/images/milw0rm.png>]
<metasploit-about.png, id=465, 439.6425pt x 150.5625pt>
File: metasploit-about.png Graphic file (type png)
 <use metasploit-about.png>
Package pdftex.def Info: metasploit-about.png used on input line 768.
(pdftex.def)             Requested size: 569.05511pt x 194.88806pt.
Missing character: There is no æ in font phvr7t!
Missing character: There is no ø in font phvr7t!
Missing character: There is no ø in font phvr7t!
Missing character: There is no ø in font phvr7t!
File: images/slide_background_clean.jpg Graphic file (type jpg)
 <use images/slide_background_clean.jpg>
Package pdftex.def Info: images/slide_background_clean.jpg used on input line 7
77.
(pdftex.def)             Requested size: 845.11351pt x 597.20015pt.
 [58 </userdata/projects/github/security-courses/images/metasploit-about.png>]
Missing character: There is no ø in font phvr7t!
Missing character: There is no æ in font phvr7t!
Missing character: There is no å in font phvr7t!
Missing character: There is no æ in font phvr7t!
Missing character: There is no å in font phvr7t!
Missing character: There is no ø in font phvr7t!
Missing character: There is no æ in font phvr7t!
Missing character: There is no æ in font phvr7t!
Missing character: There is no æ in font phvr7t!
Missing character: There is no å in font phvr7t!
Missing character: There is no æ in font phvr7t!
Missing character: There is no æ in font phvr7t!
Missing character: There is no ø in font phvr7t!
Missing character: There is no å in font phvr7t!
Missing character: There is no ø in font phvr7t!
Missing character: There is no å in font phvr7t!
Missing character: There is no å in font phvr7t!
Missing character: There is no å in font phvr7t!
Missing character: There is no å in font phvr7t!
Missing character: There is no ø in font phvr7t!
Missing character: There is no ø in font phvr7t!
File: images/slide_background_clean.jpg Graphic file (type jpg)
 <use images/slide_background_clean.jpg>
Package pdftex.def Info: images/slide_background_clean.jpg used on input line 8
04.
(pdftex.def)             Requested size: 845.11351pt x 597.20015pt.
 [59] (./security-tools-foss.aux) ) 
Here is how much of TeX's memory you used:
 12177 strings out of 493315
 228054 string characters out of 6137910
 272016 words of memory out of 5000000
 15285 multiletter control sequences out of 15000+600000
 32937 words of font info for 74 fonts, out of 8000000 for 9000
 957 hyphenation exceptions out of 8191
 70i,13n,59p,494b,689s stack positions out of 5000i,500n,10000p,200000b,80000s
{/usr/local/texlive/2013/texmf-dist/fonts/en
c/dvips/base/8r.enc}</usr/local/texlive/2013/texmf-dist/fonts/type1/public/amsf
onts/cm/cmmi10.pfb></usr/local/texlive/2013/texmf-dist/fonts/type1/public/amsfo
nts/cm/cmmi7.pfb></usr/local/texlive/2013/texmf-dist/fonts/type1/public/amsfont
s/cm/cmr10.pfb></usr/local/texlive/2013/texmf-dist/fonts/type1/public/amsfonts/
cm/cmsy10.pfb></usr/local/texlive/2013/texmf-dist/fonts/type1/public/amsfonts/c
m/cmsy7.pfb></usr/local/texlive/2013/texmf-dist/fonts/type1/urw/courier/ucrr8a.
pfb></usr/local/texlive/2013/texmf-dist/fonts/type1/urw/helvetic/uhvb8a.pfb></u
sr/local/texlive/2013/texmf-dist/fonts/type1/urw/helvetic/uhvr8a.pfb></usr/loca
l/texlive/2013/texmf-dist/fonts/type1/urw/helvetic/uhvro8a.pfb></usr/local/texl
ive/2013/texmf-dist/fonts/type1/public/wasy/wasy10.pfb>
Output written on security-tools-foss.pdf (59 pages, 1168496 bytes).
PDF statistics:
 510 PDF objects out of 1000 (max. 8388607)
 314 compressed objects within 4 object streams
 0 named destinations out of 1000 (max. 500000)
 128 words of extra memory for PDF output out of 10000 (max. 10000000)

