\BOOKMARK [0][-]{chapter.1}{Putty installation - Secure Shell login}{}% 1
\BOOKMARK [0][-]{chapter.2}{WinSCP installation - Secure Copy}{}% 2
\BOOKMARK [0][-]{chapter.3}{Login p\345 Unix systemerne}{}% 3
\BOOKMARK [0][-]{chapter.4}{F\370ling med Unix}{}% 4
\BOOKMARK [0][-]{chapter.5}{Unix - adgang til root}{}% 5
\BOOKMARK [0][-]{chapter.6}{Unix boot CD}{}% 6
\BOOKMARK [0][-]{chapter.7}{Netv\346rksinformation: ifconfig/ipconfig}{}% 7
\BOOKMARK [0][-]{chapter.8}{Netv\346rksinformation: netstat}{}% 8
\BOOKMARK [0][-]{chapter.9}{ping og traceroute}{}% 9
\BOOKMARK [0][-]{chapter.10}{ping6 og traceroute6}{}% 10
\BOOKMARK [0][-]{chapter.11}{Wireshark netv\346rksniffer}{}% 11
\BOOKMARK [0][-]{chapter.12}{VLAN 802.1q}{}% 12
\BOOKMARK [0][-]{chapter.13}{DNS og navneopslag}{}% 13
\BOOKMARK [0][-]{chapter.14}{DNS og navneopslag - IPv6}{}% 14
\BOOKMARK [0][-]{chapter.15}{Opslag i whois databaser}{}% 15
\BOOKMARK [0][-]{chapter.16}{Ekstraopgave: ICMP tool icmpush}{}% 16
\BOOKMARK [0][-]{chapter.17}{Netv\346rksinformation: sysctl}{}% 17
\BOOKMARK [0][-]{chapter.18}{Performance tool - iperf}{}% 18
\BOOKMARK [0][-]{chapter.19}{Afpr\370v Apache Benchmark programmet}{}% 19
\BOOKMARK [0][-]{chapter.20}{SNMP walk}{}% 20
\BOOKMARK [0][-]{chapter.21}{Logning med syslogd og syslog.conf}{}% 21
\BOOKMARK [0][-]{chapter.22}{BIND version}{}% 22
\BOOKMARK [0][-]{chapter.23}{AirPort Extreme}{}% 23
\BOOKMARK [0][-]{chapter.24}{Wardriving p\345 Windows - inSSIDer}{}% 24
\BOOKMARK [0][-]{chapter.25}{Wardriving p\345 Unix - Kismet}{}% 25
\BOOKMARK [0][-]{chapter.26}{Ekstraopgave: Airodump-ng lavniveau sniffer}{}% 26
\BOOKMARK [0][-]{chapter.27}{RADIUS client}{}% 27
\BOOKMARK [0][-]{chapter.28}{LDAP client}{}% 28
\BOOKMARK [0][-]{chapter.29}{Ekstraopgave: Firewallkonfiguration}{}% 29
\BOOKMARK [0][-]{chapter.30}{Ekstraopgave: Find maskiner}{}% 30
\BOOKMARK [0][-]{chapter.31}{Ekstraopgave: nmap portscanning}{}% 31
\BOOKMARK [0][-]{appendix.A}{Hostoplysninger}{}% 32
