This is pdfTeX, Version 3.1415926-2.5-1.40.14 (TeX Live 2013) (format=pdflatex 2013.6.27)  26 APR 2014 10:18
entering extended mode
 restricted \write18 enabled.
 %&-line parsing enabled.
**superhelt-2014.tex
(./superhelt-2014.tex
LaTeX2e <2011/06/27>
Babel <3.9f> and hyphenation patterns for 78 languages loaded.
(/userdata/projects/github/security-courses/texfiles/foiltex/foils.cls
Document Class: foils 2002/10/29 v2.1.4a FoilTeX Class File, Copyright IBM 1995
,1997,1998,2002
(/userdata/projects/github/security-courses/texfiles/foiltex/fltfonts.def
File: fltfonts.def 2002/10/29 v2.1.4a FoilTeX font definition file, Copyright I
BM 1995,1997,1998,2002
\symflasy=\mathgroup4
LaTeX Info: Redefining \em on input line 243.
LaTeX Font Info:    Overwriting symbol font `operators' in version `normal'
(Font)                  OT1/cmr/m/n --> OT1/fcmr/m/n on input line 245.
LaTeX Font Info:    Overwriting symbol font `letters' in version `normal'
(Font)                  OML/cmm/m/it --> OML/fcmm/m/it on input line 246.
LaTeX Font Info:    Overwriting symbol font `symbols' in version `normal'
(Font)                  OMS/cmsy/m/n --> OMS/fcmsy/m/n on input line 247.
LaTeX Font Info:    Overwriting symbol font `largesymbols' in version `normal'
(Font)                  OMX/cmex/m/n --> OMX/fcmex/m/n on input line 248.
LaTeX Font Info:    Overwriting symbol font `operators' in version `bold'
(Font)                  OT1/cmr/bx/n --> OT1/fcmr/bx/n on input line 249.
LaTeX Font Info:    Overwriting symbol font `letters' in version `bold'
(Font)                  OML/cmm/b/it --> OML/fcmm/b/it on input line 250.
LaTeX Font Info:    Overwriting symbol font `symbols' in version `bold'
(Font)                  OMS/cmsy/b/n --> OMS/fcmsy/b/n on input line 251.
LaTeX Font Info:    Overwriting symbol font `largesymbols' in version `bold'
(Font)                  OMX/cmex/m/n --> OMX/fcmex/m/n on input line 252.
LaTeX Font Info:    Redeclaring math alphabet \mathrm on input line 253.
LaTeX Font Info:    Redeclaring math alphabet \mathbf on input line 254.
LaTeX Font Info:    Overwriting math alphabet `\mathbf' in version `normal'
(Font)                  OT1/cmr/bx/n --> OT1/fcmr/bx/n on input line 254.
LaTeX Font Info:    Overwriting math alphabet `\mathbf' in version `bold'
(Font)                  OT1/cmr/bx/n --> OT1/fcmr/bx/n on input line 254.
LaTeX Font Info:    Redeclaring math alphabet \mathsf on input line 255.
LaTeX Font Info:    Overwriting math alphabet `\mathsf' in version `normal'
(Font)                  OT1/cmss/m/n --> OT1/fcmss/m/n on input line 255.
LaTeX Font Info:    Overwriting math alphabet `\mathsf' in version `bold'
(Font)                  OT1/cmss/bx/n --> OT1/fcmss/m/n on input line 255.
LaTeX Font Info:    Redeclaring math alphabet \mathit on input line 256.
LaTeX Font Info:    Overwriting math alphabet `\mathit' in version `normal'
(Font)                  OT1/cmr/m/it --> OT1/fcmr/m/it on input line 256.
LaTeX Font Info:    Overwriting math alphabet `\mathit' in version `bold'
(Font)                  OT1/cmr/bx/it --> OT1/fcmr/m/it on input line 256.
LaTeX Font Info:    Redeclaring math alphabet \mathtt on input line 257.
LaTeX Font Info:    Overwriting math alphabet `\mathtt' in version `normal'
(Font)                  OT1/cmtt/m/n --> OT1/fcmtt/m/n on input line 257.
LaTeX Font Info:    Overwriting math alphabet `\mathtt' in version `bold'
(Font)                  OT1/cmtt/m/n --> OT1/fcmtt/m/n on input line 257.
)
(/userdata/projects/github/security-courses/texfiles/foiltex/foil20.clo
File: foil20.clo 2002/10/29 v2.1.4a FoilTeX file (size option), Copyright IBM 1
995,1997,1998,2002
)
\head@footskip=\dimen102
\@foilheight=\dimen103
\@foilwidth=\dimen104
\abovetitleskip=\skip41
\titleauthorskip=\skip42
\authorauthorskip=\skip43
\authordateskip=\skip44
\dateabstractskip=\skip45
\@tempfootbox=\box26
\@tempfootht=\dimen105
\bibindent=\dimen106
\abovecaptionskip=\skip46
\belowcaptionskip=\skip47
\@captionwidth=\skip48
\captionwidth=\skip49
\abovefloatskip=\skip50
\c@table=\count79
\c@figure=\count80
\foilheadskip=\skip51
\c@Theorem=\count81
\c@Lemma=\count82
\c@Corollary=\count83
\c@Proposition=\count84
\c@Definition=\count85
)
(/userdata/projects/github/security-courses/texfiles/solido-network-slides.sty
(/usr/local/texlive/2013/texmf-dist/tex/latex/base/inputenc.sty
Package: inputenc 2008/03/30 v1.1d Input encoding file
\inpenc@prehook=\toks14
\inpenc@posthook=\toks15

(/usr/local/texlive/2013/texmf-dist/tex/latex/base/latin1.def
File: latin1.def 2008/03/30 v1.1d Input encoding file
))
(/usr/local/texlive/2013/texmf-dist/tex/latex/psnfss/times.sty
Package: times 2005/04/12 PSNFSS-v9.2a (SPQR) 
)
(/usr/local/texlive/2013/texmf-dist/tex/latex/graphics/color.sty
Package: color 2005/11/14 v1.0j Standard LaTeX Color (DPC)

(/usr/local/texlive/2013/texmf-dist/tex/latex/latexconfig/color.cfg
File: color.cfg 2007/01/18 v1.5 color configuration of teTeX/TeXLive
)
Package color Info: Driver file: pdftex.def on input line 130.

(/usr/local/texlive/2013/texmf-dist/tex/latex/pdftex-def/pdftex.def
File: pdftex.def 2011/05/27 v0.06d Graphics/color for pdfTeX

(/usr/local/texlive/2013/texmf-dist/tex/generic/oberdiek/infwarerr.sty
Package: infwarerr 2010/04/08 v1.3 Providing info/warning/error messages (HO)
)
(/usr/local/texlive/2013/texmf-dist/tex/generic/oberdiek/ltxcmds.sty
Package: ltxcmds 2011/11/09 v1.22 LaTeX kernel commands for general use (HO)
)
\Gread@gobject=\count86
))
(/usr/local/texlive/2013/texmf-dist/tex/latex/wallpaper/wallpaper.sty
Package: wallpaper 2005/01/18, v1.01 easy wallpaper formatting (MHFW)

(/usr/local/texlive/2013/texmf-dist/tex/latex/base/ifthen.sty
Package: ifthen 2001/05/26 v1.1c Standard LaTeX ifthen package (DPC)
)
(/usr/local/texlive/2013/texmf-dist/tex/latex/tools/calc.sty
Package: calc 2007/08/22 v4.3 Infix arithmetic (KKT,FJ)
\calc@Acount=\count87
\calc@Bcount=\count88
\calc@Adimen=\dimen107
\calc@Bdimen=\dimen108
\calc@Askip=\skip52
\calc@Bskip=\skip53
LaTeX Info: Redefining \setlength on input line 76.
LaTeX Info: Redefining \addtolength on input line 77.
\calc@Ccount=\count89
\calc@Cskip=\skip54
)
(/usr/local/texlive/2013/texmf-dist/tex/latex/eso-pic/eso-pic.sty
Package: eso-pic 2010/10/06 v2.0c eso-pic (RN)

(/usr/local/texlive/2013/texmf-dist/tex/generic/oberdiek/atbegshi.sty
Package: atbegshi 2011/10/05 v1.16 At begin shipout hook (HO)

(/usr/local/texlive/2013/texmf-dist/tex/generic/oberdiek/ifpdf.sty
Package: ifpdf 2011/01/30 v2.3 Provides the ifpdf switch (HO)
Package ifpdf Info: pdfTeX in PDF mode is detected.
))
(/usr/local/texlive/2013/texmf-dist/tex/latex/graphics/keyval.sty
Package: keyval 1999/03/16 v1.13 key=value parser (DPC)
\KV@toks@=\toks16
))
(/usr/local/texlive/2013/texmf-dist/tex/latex/graphics/graphicx.sty
Package: graphicx 1999/02/16 v1.0f Enhanced LaTeX Graphics (DPC,SPQR)

(/usr/local/texlive/2013/texmf-dist/tex/latex/graphics/graphics.sty
Package: graphics 2009/02/05 v1.0o Standard LaTeX Graphics (DPC,SPQR)

(/usr/local/texlive/2013/texmf-dist/tex/latex/graphics/trig.sty
Package: trig 1999/03/16 v1.09 sin cos tan (DPC)
)
(/usr/local/texlive/2013/texmf-dist/tex/latex/latexconfig/graphics.cfg
File: graphics.cfg 2010/04/23 v1.9 graphics configuration of TeX Live
)
Package graphics Info: Driver file: pdftex.def on input line 91.
)
\Gin@req@height=\dimen109
\Gin@req@width=\dimen110
)
\wpXoffset=\skip55
\wpYoffset=\skip56
\tileXoffset=\skip57
\tileYoffset=\skip58
\tilewidth=\skip59
\tileheight=\skip60
\tileX=\skip61
\tileY=\skip62
)
(/usr/local/texlive/2013/texmf-dist/tex/latex/hyperref/hyperref.sty
Package: hyperref 2012/11/06 v6.83m Hypertext links for LaTeX

(/usr/local/texlive/2013/texmf-dist/tex/generic/oberdiek/hobsub-hyperref.sty
Package: hobsub-hyperref 2012/05/28 v1.13 Bundle oberdiek, subset hyperref (HO)


(/usr/local/texlive/2013/texmf-dist/tex/generic/oberdiek/hobsub-generic.sty
Package: hobsub-generic 2012/05/28 v1.13 Bundle oberdiek, subset generic (HO)
Package: hobsub 2012/05/28 v1.13 Construct package bundles (HO)
Package hobsub Info: Skipping package `infwarerr' (already loaded).
Package hobsub Info: Skipping package `ltxcmds' (already loaded).
Package: ifluatex 2010/03/01 v1.3 Provides the ifluatex switch (HO)
Package ifluatex Info: LuaTeX not detected.
Package: ifvtex 2010/03/01 v1.5 Detect VTeX and its facilities (HO)
Package ifvtex Info: VTeX not detected.
Package: intcalc 2007/09/27 v1.1 Expandable calculations with integers (HO)
Package hobsub Info: Skipping package `ifpdf' (already loaded).
Package: etexcmds 2011/02/16 v1.5 Avoid name clashes with e-TeX commands (HO)
Package etexcmds Info: Could not find \expanded.
(etexcmds)             That can mean that you are not using pdfTeX 1.50 or
(etexcmds)             that some package has redefined \expanded.
(etexcmds)             In the latter case, load this package earlier.
Package: kvsetkeys 2012/04/25 v1.16 Key value parser (HO)
Package: kvdefinekeys 2011/04/07 v1.3 Define keys (HO)
Package: pdftexcmds 2011/11/29 v0.20 Utility functions of pdfTeX for LuaTeX (HO
)
Package pdftexcmds Info: LuaTeX not detected.
Package pdftexcmds Info: \pdf@primitive is available.
Package pdftexcmds Info: \pdf@ifprimitive is available.
Package pdftexcmds Info: \pdfdraftmode found.
Package: pdfescape 2011/11/25 v1.13 Implements pdfTeX's escape features (HO)
Package: bigintcalc 2012/04/08 v1.3 Expandable calculations on big integers (HO
)
Package: bitset 2011/01/30 v1.1 Handle bit-vector datatype (HO)
Package: uniquecounter 2011/01/30 v1.2 Provide unlimited unique counter (HO)
)
Package hobsub Info: Skipping package `hobsub' (already loaded).
Package: letltxmacro 2010/09/02 v1.4 Let assignment for LaTeX macros (HO)
Package: hopatch 2012/05/28 v1.2 Wrapper for package hooks (HO)
Package: xcolor-patch 2011/01/30 xcolor patch
Package: atveryend 2011/06/30 v1.8 Hooks at the very end of document (HO)
Package atveryend Info: \enddocument detected (standard20110627).
Package hobsub Info: Skipping package `atbegshi' (already loaded).
Package: refcount 2011/10/16 v3.4 Data extraction from label references (HO)
Package: hycolor 2011/01/30 v1.7 Color options for hyperref/bookmark (HO)
)
(/usr/local/texlive/2013/texmf-dist/tex/generic/ifxetex/ifxetex.sty
Package: ifxetex 2010/09/12 v0.6 Provides ifxetex conditional
)
(/usr/local/texlive/2013/texmf-dist/tex/latex/oberdiek/auxhook.sty
Package: auxhook 2011/03/04 v1.3 Hooks for auxiliary files (HO)
)
(/usr/local/texlive/2013/texmf-dist/tex/latex/oberdiek/kvoptions.sty
Package: kvoptions 2011/06/30 v3.11 Key value format for package options (HO)
)
\@linkdim=\dimen111
\Hy@linkcounter=\count90
\Hy@pagecounter=\count91

(/usr/local/texlive/2013/texmf-dist/tex/latex/hyperref/pd1enc.def
File: pd1enc.def 2012/11/06 v6.83m Hyperref: PDFDocEncoding definition (HO)
)
\Hy@SavedSpaceFactor=\count92

(/usr/local/texlive/2013/texmf-dist/tex/latex/latexconfig/hyperref.cfg
File: hyperref.cfg 2002/06/06 v1.2 hyperref configuration of TeXLive
)
Package hyperref Info: Option `breaklinks' set `true' on input line 4319.
Package hyperref Info: Hyper figures OFF on input line 4443.
Package hyperref Info: Link nesting OFF on input line 4448.
Package hyperref Info: Hyper index ON on input line 4451.
Package hyperref Info: Plain pages OFF on input line 4458.
Package hyperref Info: Backreferencing OFF on input line 4463.
Package hyperref Info: Implicit mode ON; LaTeX internals redefined.
Package hyperref Info: Bookmarks ON on input line 4688.
\c@Hy@tempcnt=\count93

(/usr/local/texlive/2013/texmf-dist/tex/latex/url/url.sty
\Urlmuskip=\muskip10
Package: url 2006/04/12  ver 3.3  Verb mode for urls, etc.
)
LaTeX Info: Redefining \url on input line 5041.
\XeTeXLinkMargin=\dimen112
\Fld@menulength=\count94
\Field@Width=\dimen113
\Fld@charsize=\dimen114
Package hyperref Info: Hyper figures OFF on input line 6295.
Package hyperref Info: Link nesting OFF on input line 6300.
Package hyperref Info: Hyper index ON on input line 6303.
Package hyperref Info: backreferencing OFF on input line 6310.
Package hyperref Info: Link coloring OFF on input line 6315.
Package hyperref Info: Link coloring with OCG OFF on input line 6320.
Package hyperref Info: PDF/A mode OFF on input line 6325.
LaTeX Info: Redefining \ref on input line 6365.
LaTeX Info: Redefining \pageref on input line 6369.
\Hy@abspage=\count95
\c@Item=\count96
\c@Hfootnote=\count97
)

Package hyperref Message: Driver (autodetected): hpdftex.

(/usr/local/texlive/2013/texmf-dist/tex/latex/hyperref/hpdftex.def
File: hpdftex.def 2012/11/06 v6.83m Hyperref driver for pdfTeX
\Fld@listcount=\count98
\c@bookmark@seq@number=\count99

(/usr/local/texlive/2013/texmf-dist/tex/latex/oberdiek/rerunfilecheck.sty
Package: rerunfilecheck 2011/04/15 v1.7 Rerun checks for auxiliary files (HO)
Package uniquecounter Info: New unique counter `rerunfilecheck' on input line 2
82.
)
\Hy@SectionHShift=\skip63
)
(/usr/local/texlive/2013/texmf-dist/tex/latex/breakurl/breakurl.sty
Package: breakurl 2013/04/10 v1.40 Breakable hyperref URLs

(/usr/local/texlive/2013/texmf-dist/tex/latex/xkeyval/xkeyval.sty
Package: xkeyval 2012/10/14 v2.6b package option processing (HA)

(/usr/local/texlive/2013/texmf-dist/tex/generic/xkeyval/xkeyval.tex
\XKV@toks=\toks17
\XKV@tempa@toks=\toks18
\XKV@depth=\count100
File: xkeyval.tex 2012/10/14 v2.6b key=value parser (HA)
))

Package breakurl Warning: You are using breakurl while processing via pdflatex.

(breakurl)                \burl will be just a synonym of \url.
(breakurl)                 on input line 48.

) (/userdata/Dropbox/Solido Networks/marketing/latex/texslides/pause.sty)
(/usr/local/texlive/2013/texmf-dist/tex/latex/base/alltt.sty
Package: alltt 1997/06/16 v2.0g defines alltt environment
)
(/usr/local/texlive/2013/texmf-dist/tex/latex/wasysym/wasysym.sty
Package: wasysym 2003/10/30 v2.0 Wasy-2 symbol support package
\symwasy=\mathgroup5
LaTeX Font Info:    Overwriting symbol font `wasy' in version `bold'
(Font)                  U/wasy/m/n --> U/wasy/b/n on input line 90.
)
(/usr/local/texlive/2013/texmf-dist/tex/generic/babel/babel.sty
Package: babel 2013/05/16 v3.9f The Babel package

(/usr/local/texlive/2013/texmf-dist/tex/generic/babel-danish/danish.ldf
Language: danish 2009/09/19 v1.3r Danish support from the babel system

(/usr/local/texlive/2013/texmf-dist/tex/generic/babel/babel.def
File: babel.def 2013/05/16 v3.9f Babel common definitions
\babel@savecnt=\count101
\U@D=\dimen115
)
Package babel Info: Making " an active character on input line 82.
)
(/usr/local/texlive/2013/texmf-dist/tex/generic/babel-english/english.ldf
Language: english 2012/08/20 v3.3p English support from the babel system
\l@canadian = a dialect from \language\l@american 
\l@australian = a dialect from \language\l@british 
\l@newzealand = a dialect from \language\l@british 
))
(/usr/local/texlive/2013/texmf-dist/tex/latex/fancyhdr/fancyhdr.sty
\fancy@headwidth=\skip64
\f@ncyO@elh=\skip65
\f@ncyO@erh=\skip66
\f@ncyO@olh=\skip67
\f@ncyO@orh=\skip68
\f@ncyO@elf=\skip69
\f@ncyO@erf=\skip70
\f@ncyO@olf=\skip71
\f@ncyO@orf=\skip72
)
(/usr/local/texlive/2013/texmf-dist/tex/latex/moreverb/moreverb.sty
Package: moreverb 2008/06/03 v2.3a `more' verbatim facilities

(/usr/local/texlive/2013/texmf-dist/tex/latex/tools/verbatim.sty
Package: verbatim 2003/08/22 v1.5q LaTeX2e package for verbatim enhancements
\every@verbatim=\toks19
\verbatim@line=\toks20
\verbatim@in@stream=\read1
)
\tab@position=\count102
\tab@size=\count103
\listing@line=\count104
)
(/usr/local/texlive/2013/texmf-dist/tex/latex/tools/xr.sty
Package: xr 1994/05/28 v5.02 eXternal References (DPC)
)
(/usr/local/texlive/2013/texmf-dist/tex/latex/wrapfig/wrapfig.sty
\wrapoverhang=\dimen116
\WF@size=\dimen117
\c@WF@wrappedlines=\count105
\WF@box=\box27
\WF@everypar=\toks21
Package: wrapfig 2003/01/31  v 3.6
)
(/usr/local/texlive/2013/texmf-dist/tex/latex/listings/listings.sty
\lst@mode=\count106
\lst@gtempboxa=\box28
\lst@token=\toks22
\lst@length=\count107
\lst@currlwidth=\dimen118
\lst@column=\count108
\lst@pos=\count109
\lst@lostspace=\dimen119
\lst@width=\dimen120
\lst@newlines=\count110
\lst@lineno=\count111
\lst@maxwidth=\dimen121

(/usr/local/texlive/2013/texmf-dist/tex/latex/listings/lstmisc.sty
File: lstmisc.sty 2007/02/22 1.4 (Carsten Heinz)
\c@lstnumber=\count112
\lst@skipnumbers=\count113
\lst@framebox=\box29
)
(/usr/local/texlive/2013/texmf-dist/tex/latex/listings/listings.cfg
File: listings.cfg 2007/02/22 1.4 listings configuration
))
Package: listings 2007/02/22 1.4 (Carsten Heinz)
Package hyperref Info: Option `colorlinks' set `true' on input line 74.
Package hyperref Info: Option `pdfmenubar' set `true' on input line 74.
Package hyperref Info: Option `pdftoolbar' set `true' on input line 74.
Package color Info: Redefining color titlecolor on input line 297.
)

Package xr Warning: 
No file superhelt-2014-exercises.aux
LABELS NOT IMPORTED.
 on input line 9.

(./superhelt-2014.aux)
\openout1 = `superhelt-2014.aux'.

LaTeX Font Info:    Checking defaults for OML/cmm/m/it on input line 11.
LaTeX Font Info:    ... okay on input line 11.
LaTeX Font Info:    Checking defaults for T1/cmr/m/n on input line 11.
LaTeX Font Info:    ... okay on input line 11.
LaTeX Font Info:    Checking defaults for OT1/cmr/m/n on input line 11.
LaTeX Font Info:    ... okay on input line 11.
LaTeX Font Info:    Checking defaults for OMS/cmsy/m/n on input line 11.
LaTeX Font Info:    ... okay on input line 11.
LaTeX Font Info:    Checking defaults for OMX/cmex/m/n on input line 11.
LaTeX Font Info:    ... okay on input line 11.
LaTeX Font Info:    Checking defaults for U/cmr/m/n on input line 11.
LaTeX Font Info:    ... okay on input line 11.
LaTeX Font Info:    Checking defaults for PD1/pdf/m/n on input line 11.
LaTeX Font Info:    ... okay on input line 11.
LaTeX Font Info:    Try loading font information for OT1+phv on input line 11.

(/usr/local/texlive/2013/texmf-dist/tex/latex/psnfss/ot1phv.fd
File: ot1phv.fd 2001/06/04 scalable font definitions for OT1/phv.
)
(/usr/local/texlive/2013/texmf-dist/tex/context/base/supp-pdf.mkii
[Loading MPS to PDF converter (version 2006.09.02).]
\scratchcounter=\count114
\scratchdimen=\dimen122
\scratchbox=\box30
\nofMPsegments=\count115
\nofMParguments=\count116
\everyMPshowfont=\toks23
\MPscratchCnt=\count117
\MPscratchDim=\dimen123
\MPnumerator=\count118
\makeMPintoPDFobject=\count119
\everyMPtoPDFconversion=\toks24
)
\AtBeginShipoutBox=\box31
 (/usr/local/texlive/2013/texmf-dist/tex/latex/oberdiek/epstopdf-base.sty
Package: epstopdf-base 2010/02/09 v2.5 Base part for package epstopdf

(/usr/local/texlive/2013/texmf-dist/tex/latex/oberdiek/grfext.sty
Package: grfext 2010/08/19 v1.1 Manage graphics extensions (HO)
)
Package grfext Info: Graphics extension search list:
(grfext)             [.png,.pdf,.jpg,.mps,.jpeg,.jbig2,.jb2,.PNG,.PDF,.JPG,.JPE
G,.JBIG2,.JB2,.eps]
(grfext)             \AppendGraphicsExtensions on input line 452.

(/usr/local/texlive/2013/texmf-dist/tex/latex/latexconfig/epstopdf-sys.cfg
File: epstopdf-sys.cfg 2010/07/13 v1.3 Configuration of (r)epstopdf for TeX Liv
e
))
Package hyperref Info: Link coloring ON on input line 11.

(/usr/local/texlive/2013/texmf-dist/tex/latex/hyperref/nameref.sty
Package: nameref 2012/10/27 v2.43 Cross-referencing by name of section

(/usr/local/texlive/2013/texmf-dist/tex/generic/oberdiek/gettitlestring.sty
Package: gettitlestring 2010/12/03 v1.4 Cleanup title references (HO)
)
\c@section@level=\count120
)
LaTeX Info: Redefining \ref on input line 11.
LaTeX Info: Redefining \pageref on input line 11.
LaTeX Info: Redefining \nameref on input line 11.

(./superhelt-2014.out) (./superhelt-2014.out)
\@outlinefile=\write3
\openout3 = `superhelt-2014.out'.

\c@lstlisting=\count121
LaTeX Font Info:    Font shape `OT1/phv/bx/n' in size <24.88> not available
(Font)              Font shape `OT1/phv/b/n' tried instead on input line 21.
LaTeX Font Info:    Font shape `OT1/phv/bx/n' in size <35.83> not available
(Font)              Font shape `OT1/phv/b/n' tried instead on input line 21.
LaTeX Font Info:    Try loading font information for OT1+pcr on input line 21.

(/usr/local/texlive/2013/texmf-dist/tex/latex/psnfss/ot1pcr.fd
File: ot1pcr.fd 2001/06/04 font definitions for OT1/pcr.
)
LaTeX Font Info:    Try loading font information for U+wasy on input line 21.

(/usr/local/texlive/2013/texmf-dist/tex/latex/wasysym/uwasy.fd
File: uwasy.fd 2003/10/30 v2.0 Wasy-2 symbol font definitions
)
<solido_networks_solid_RGB.png, id=5, 1003.75pt x 387.4475pt>
File: solido_networks_solid_RGB.png Graphic file (type png)

<use solido_networks_solid_RGB.png>
Package pdftex.def Info: solido_networks_solid_RGB.png used on input line 24.
(pdftex.def)             Requested size: 113.81102pt x 43.92589pt.

Overfull \vbox (45.39008pt too high) has occurred while \output is active []

LaTeX Font Info:    Try loading font information for OMS+phv on input line 24.

(/usr/local/texlive/2013/texmf-dist/tex/latex/psnfss/omsphv.fd
File: omsphv.fd 
)
LaTeX Font Info:    Font shape `OMS/phv/m/n' in size <12> not available
(Font)              Font shape `OMS/cmsy/m/n' tried instead on input line 24.

<networks_front_divider.jpg, id=7, 971.63pt x 257.96375pt>
File: networks_front_divider.jpg Graphic file (type jpg)

<use networks_front_divider.jpg>
Package pdftex.def Info: networks_front_divider.jpg used on input line 24.
(pdftex.def)             Requested size: 845.04443pt x 224.35579pt.
 [1

{/usr/local/texlive/2013/texmf-var/fonts/map/pdftex/updmap/pdftex.map} </userda
ta/projects/github/security-courses/images/networks_front_divider.jpg> </userda
ta/projects/github/security-courses/images/solido_networks_solid_RGB.png>]
<Encrypt_all_the_things.png, id=18, 320.19624pt x 288.07625pt>
File: Encrypt_all_the_things.png Graphic file (type png)

<use Encrypt_all_the_things.png>
Package pdftex.def Info: Encrypt_all_the_things.png used on input line 26.
(pdftex.def)             Requested size: 227.62204pt x 204.7905pt.

Underfull \hbox (badness 10000) in paragraph at lines 26--26
[]\OT1/phv/m/n/20.74 Recommendations
 []

LaTeX Font Info:    Font shape `OT1/phv/bx/n' in size <17.28> not available
(Font)              Font shape `OT1/phv/b/n' tried instead on input line 36.
File: solido_networks_solid_RGB.png Graphic file (type png)
<use solido_networks_solid_RGB.png>
Package pdftex.def Info: solido_networks_solid_RGB.png used on input line 42.
(pdftex.def)             Requested size: 113.81102pt x 43.92589pt.

Overfull \vbox (45.39008pt too high) has occurred while \output is active []


[2 </userdata/projects/github/security-courses/images/Encrypt_all_the_things.pn
g>] <dont-panic.png, id=25, 361.35pt x 311.9655pt>
File: dont-panic.png Graphic file (type png)
 <use dont-panic.png>
Package pdftex.def Info: dont-panic.png used on input line 45.
(pdftex.def)             Requested size: 142.26378pt x 122.82278pt.
File: solido_networks_solid_RGB.png Graphic file (type png)

<use solido_networks_solid_RGB.png>
Package pdftex.def Info: solido_networks_solid_RGB.png used on input line 58.
(pdftex.def)             Requested size: 113.81102pt x 43.92589pt.

Overfull \vbox (45.39008pt too high) has occurred while \output is active []


[3 </userdata/projects/github/security-courses/images/dont-panic.png>]
<homer-end-is-near.jpg, id=31, 401.5pt x 301.125pt>
File: homer-end-is-near.jpg Graphic file (type jpg)

<use homer-end-is-near.jpg>
Package pdftex.def Info: homer-end-is-near.jpg used on input line 60.
(pdftex.def)             Requested size: 284.52756pt x 213.40968pt.
File: solido_networks_solid_RGB.png Graphic file (type png)
 <use solido_networks_solid_RGB.png>
Package pdftex.def Info: solido_networks_solid_RGB.png used on input line 71.
(pdftex.def)             Requested size: 113.81102pt x 43.92589pt.

Overfull \vbox (45.39008pt too high) has occurred while \output is active []


[4 </userdata/projects/github/security-courses/images/homer-end-is-near.jpg>]
<ninjas.png, id=36, 392.46625pt x 242.9075pt>
File: ninjas.png Graphic file (type png)
 <use ninjas.png>
Package pdftex.def Info: ninjas.png used on input line 73.
(pdftex.def)             Requested size: 284.52756pt x 176.11267pt.
File: solido_networks_solid_RGB.png Graphic file (type png)

<use solido_networks_solid_RGB.png>
Package pdftex.def Info: solido_networks_solid_RGB.png used on input line 82.
(pdftex.def)             Requested size: 113.81102pt x 43.92589pt.

Overfull \vbox (45.39008pt too high) has occurred while \output is active []


[5 </userdata/projects/github/security-courses/images/ninjas.png>]
<password-window.png, id=42, 401.5pt x 551.05875pt>
File: password-window.png Graphic file (type png)
 <use password-window.png>
Package pdftex.def Info: password-window.png used on input line 85.
(pdftex.def)             Requested size: 284.52756pt x 390.53972pt.
File: solido_networks_solid_RGB.png Graphic file (type png)

<use solido_networks_solid_RGB.png>
Package pdftex.def Info: solido_networks_solid_RGB.png used on input line 90.
(pdftex.def)             Requested size: 113.81102pt x 43.92589pt.

Overfull \vbox (45.39008pt too high) has occurred while \output is active []


[6 </userdata/projects/github/security-courses/images/password-window.png (PNG 
copy)>] <wizard_in_blue_hat.png, id=47, 221.628pt x 320.397pt>
File: wizard_in_blue_hat.png Graphic file (type png)

<use wizard_in_blue_hat.png>
Package pdftex.def Info: wizard_in_blue_hat.png used on input line 94.
(pdftex.def)             Requested size: 113.81102pt x 164.52963pt.

<003scawebgoshindomanicon.png, id=48, 224.84pt x 351.3125pt>
File: 003scawebgoshindomanicon.png Graphic file (type png)

<use 003scawebgoshindomanicon.png>
Package pdftex.def Info: 003scawebgoshindomanicon.png used on input line 96.
(pdftex.def)             Requested size: 142.26378pt x 222.2983pt.
File: solido_networks_solid_RGB.png Graphic file (type png)
 <use solido_networks_solid_RGB.png>
Package pdftex.def Info: solido_networks_solid_RGB.png used on input line 108.
(pdftex.def)             Requested size: 113.81102pt x 43.92589pt.

Overfull \vbox (45.39008pt too high) has occurred while \output is active []


[7 </userdata/projects/github/security-courses/images/wizard_in_blue_hat.png (P
NG copy)> </userdata/projects/github/security-courses/images/003scawebgoshindom
anicon.png (PNG copy)>] <hackers_JOLIE+1995.jpg, id=54, 301.125pt x 401.5pt>
File: hackers_JOLIE+1995.jpg Graphic file (type jpg)

<use hackers_JOLIE+1995.jpg>
Package pdftex.def Info: hackers_JOLIE+1995.jpg used on input line 110.
(pdftex.def)             Requested size: 56.9055pt x 75.86919pt.
File: solido_networks_solid_RGB.png Graphic file (type png)
 <use solido_networks_solid_RGB.png>
Package pdftex.def Info: solido_networks_solid_RGB.png used on input line 128.
(pdftex.def)             Requested size: 113.81102pt x 43.92589pt.

Overfull \vbox (45.39008pt too high) has occurred while \output is active []


[8 </userdata/projects/github/security-courses/images/hackers_JOLIE+1995.jpg>]
<kali-linux.png, id=67, 1015.795pt x 435.6275pt>
File: kali-linux.png Graphic file (type png)
 <use kali-linux.png>
Package pdftex.def Info: kali-linux.png used on input line 130.
(pdftex.def)             Requested size: 560.51929pt x 240.38687pt.
File: solido_networks_solid_RGB.png Graphic file (type png)

<use solido_networks_solid_RGB.png>
Package pdftex.def Info: solido_networks_solid_RGB.png used on input line 138.
(pdftex.def)             Requested size: 113.81102pt x 43.92589pt.

Overfull \vbox (45.39008pt too high) has occurred while \output is active []


[9 </userdata/projects/github/security-courses/images/kali-linux.png>]
<twitter-unix-security.png, id=74, 555.07375pt x 122.4575pt>
File: twitter-unix-security.png Graphic file (type png)

<use twitter-unix-security.png>
Package pdftex.def Info: twitter-unix-security.png used on input line 141.
(pdftex.def)             Requested size: 682.86613pt x 150.6517pt.
File: solido_networks_solid_RGB.png Graphic file (type png)
 <use solido_networks_solid_RGB.png>
Package pdftex.def Info: solido_networks_solid_RGB.png used on input line 153.
(pdftex.def)             Requested size: 113.81102pt x 43.92589pt.

Overfull \vbox (45.39008pt too high) has occurred while \output is active []


[10 </userdata/projects/github/security-courses/presentations/misc/tendenser-i-
sikkerhed/2011-march/images/twitter-unix-security.png>]
<metasploit-about.png, id=80, 439.6425pt x 150.5625pt>
File: metasploit-about.png Graphic file (type png)

<use metasploit-about.png>
Package pdftex.def Info: metasploit-about.png used on input line 156.
(pdftex.def)             Requested size: 569.05511pt x 194.88806pt.

Overfull \hbox (9.27469pt too wide) in paragraph at lines 162--164
[][]$\OT1/pcr/m/n/20.74 http : / / www . offensive-[]security . com / metasploi
t-[]unleashed / Main _ Page$[][] 
 []

File: solido_networks_solid_RGB.png Graphic file (type png)
<use solido_networks_solid_RGB.png>
Package pdftex.def Info: solido_networks_solid_RGB.png used on input line 170.
(pdftex.def)             Requested size: 113.81102pt x 43.92589pt.

Overfull \vbox (45.39008pt too high) has occurred while \output is active []


[11 </userdata/projects/github/security-courses/images/metasploit-about.png>]
File: solido_networks_solid_RGB.png Graphic file (type png)

<use solido_networks_solid_RGB.png>
Package pdftex.def Info: solido_networks_solid_RGB.png used on input line 189.
(pdftex.def)             Requested size: 113.81102pt x 43.92589pt.

Overfull \vbox (45.39008pt too high) has occurred while \output is active []


[12]
File: solido_networks_solid_RGB.png Graphic file (type png)
 <use solido_networks_solid_RGB.png>
Package pdftex.def Info: solido_networks_solid_RGB.png used on input line 215.
(pdftex.def)             Requested size: 113.81102pt x 43.92589pt.

Overfull \vbox (45.39008pt too high) has occurred while \output is active []


[13] <sicherheitstacho.png, id=101, 1173.38374pt x 706.64pt>
File: sicherheitstacho.png Graphic file (type png)

<use sicherheitstacho.png>
Package pdftex.def Info: sicherheitstacho.png used on input line 217.
(pdftex.def)             Requested size: 625.96062pt x 376.96503pt.
File: solido_networks_solid_RGB.png Graphic file (type png)
 <use solido_networks_solid_RGB.png>
Package pdftex.def Info: solido_networks_solid_RGB.png used on input line 223.
(pdftex.def)             Requested size: 113.81102pt x 43.92589pt.

Overfull \vbox (45.39008pt too high) has occurred while \output is active []


[14 </userdata/projects/github/security-courses/images/sicherheitstacho.png>]
<nfsen-udp-flood.png, id=107, 902.37125pt x 520.94624pt>
File: nfsen-udp-flood.png Graphic file (type png)

<use nfsen-udp-flood.png>
Package pdftex.def Info: nfsen-udp-flood.png used on input line 225.
(pdftex.def)             Requested size: 625.96062pt x 361.39285pt.
File: solido_networks_solid_RGB.png Graphic file (type png)
 <use solido_networks_solid_RGB.png>
Package pdftex.def Info: solido_networks_solid_RGB.png used on input line 230.
(pdftex.def)             Requested size: 113.81102pt x 43.92589pt.

Overfull \vbox (45.39008pt too high) has occurred while \output is active []


[15 </userdata/projects/github/security-courses/images/nfsen-udp-flood.png>]
File: solido_networks_solid_RGB.png Graphic file (type png)

<use solido_networks_solid_RGB.png>
Package pdftex.def Info: solido_networks_solid_RGB.png used on input line 251.
(pdftex.def)             Requested size: 113.81102pt x 43.92589pt.

Overfull \vbox (45.39008pt too high) has occurred while \output is active []


[16] <nfsen-ddos-profile-1.png, id=117, 687.56876pt x 447.6725pt>
File: nfsen-ddos-profile-1.png Graphic file (type png)

<use nfsen-ddos-profile-1.png>
Package pdftex.def Info: nfsen-ddos-profile-1.png used on input line 253.
(pdftex.def)             Requested size: 426.79134pt x 277.88196pt.

Overfull \hbox (6.73862pt too wide) in paragraph at lines 259--259
[]\OT1/pcr/m/n/14.4 rrdtool graph x -s -24h DEF:v=DDoS/mx-cph-01.rrd:packets:MA
X VDEF:vm=v,MAXIMUM PRINT:vm:%.lf[] 
 []

File: solido_networks_solid_RGB.png Graphic file (type png)
<use solido_networks_solid_RGB.png>
Package pdftex.def Info: solido_networks_solid_RGB.png used on input line 264.
(pdftex.def)             Requested size: 113.81102pt x 43.92589pt.

Overfull \vbox (45.39008pt too high) has occurred while \output is active []


[17 </userdata/projects/github/security-courses/images/nfsen-ddos-profile-1.png
>]
LaTeX Font Info:    Try loading font information for OMS+pcr on input line 275.

 (/usr/local/texlive/2013/texmf-dist/tex/latex/psnfss/omspcr.fd
File: omspcr.fd 
)
LaTeX Font Info:    Font shape `OMS/pcr/m/n' in size <17.28> not available
(Font)              Font shape `OMS/cmsy/m/n' tried instead on input line 275.


LaTeX Font Warning: Font shape `OMS/phv/bx/n' undefined
(Font)              using `OMS/phv/m/n' instead
(Font)              for symbol `textbraceright' on input line 277.

LaTeX Font Info:    Font shape `OMS/phv/m/n' in size <17.28> not available
(Font)              Font shape `OMS/cmsy/m/n' tried instead on input line 277.

Underfull \hbox (badness 10000) in paragraph at lines 280--281

 []

File: solido_networks_solid_RGB.png Graphic file (type png)
<use solido_networks_solid_RGB.png>
Package pdftex.def Info: solido_networks_solid_RGB.png used on input line 282.
(pdftex.def)             Requested size: 113.81102pt x 43.92589pt.

Overfull \vbox (45.39008pt too high) has occurred while \output is active []


[18] <using-packetq.png, id=127, 820.06375pt x 395.4775pt>
File: using-packetq.png Graphic file (type png)

<use using-packetq.png>
Package pdftex.def Info: using-packetq.png used on input line 284.
(pdftex.def)             Requested size: 625.96062pt x 301.88757pt.
File: solido_networks_solid_RGB.png Graphic file (type png)
 <use solido_networks_solid_RGB.png>
Package pdftex.def Info: solido_networks_solid_RGB.png used on input line 293.
(pdftex.def)             Requested size: 113.81102pt x 43.92589pt.

Overfull \vbox (45.39008pt too high) has occurred while \output is active []


[19 </userdata/projects/github/security-courses/images/using-packetq.png>]
<kibana-solido.png, id=134, 1152.305pt x 536.0025pt>
File: kibana-solido.png Graphic file (type png)
 <use kibana-solido.png>
Package pdftex.def Info: kibana-solido.png used on input line 295.
(pdftex.def)             Requested size: 569.05511pt x 264.70456pt.
File: solido_networks_solid_RGB.png Graphic file (type png)

<use solido_networks_solid_RGB.png>
Package pdftex.def Info: solido_networks_solid_RGB.png used on input line 304.
(pdftex.def)             Requested size: 113.81102pt x 43.92589pt.

Overfull \vbox (45.39008pt too high) has occurred while \output is active []


[20 </userdata/projects/github/security-courses/images/kibana-solido.png>]
<moloch-sessions.png, id=141, 1240.635pt x 861.2175pt>
File: moloch-sessions.png Graphic file (type png)

<use moloch-sessions.png>
Package pdftex.def Info: moloch-sessions.png used on input line 306.
(pdftex.def)             Requested size: 569.05511pt x 395.02158pt.
File: solido_networks_solid_RGB.png Graphic file (type png)
 <use solido_networks_solid_RGB.png>
Package pdftex.def Info: solido_networks_solid_RGB.png used on input line 311.
(pdftex.def)             Requested size: 113.81102pt x 43.92589pt.

Overfull \vbox (45.39008pt too high) has occurred while \output is active []


[21 </userdata/projects/github/security-courses/images/moloch-sessions.png>]
<kibana-suricata.png, id=147, 601.24625pt x 343.2825pt>
File: kibana-suricata.png Graphic file (type png)

<use kibana-suricata.png>
Package pdftex.def Info: kibana-suricata.png used on input line 313.
(pdftex.def)             Requested size: 341.43306pt x 194.94496pt.

Underfull \hbox (badness 10000) in paragraph at lines 315--317

 []

File: solido_networks_solid_RGB.png Graphic file (type png)
<use solido_networks_solid_RGB.png>
Package pdftex.def Info: solido_networks_solid_RGB.png used on input line 324.
(pdftex.def)             Requested size: 113.81102pt x 43.92589pt.

Overfull \vbox (45.39008pt too high) has occurred while \output is active []


[22 </userdata/projects/github/security-courses/images/kibana-suricata.png>]
File: solido_networks_solid_RGB.png Graphic file (type png)

<use solido_networks_solid_RGB.png>
Package pdftex.def Info: solido_networks_solid_RGB.png used on input line 345.
(pdftex.def)             Requested size: 113.81102pt x 43.92589pt.

Overfull \vbox (45.39008pt too high) has occurred while \output is active []


[23]
<network-security-through-data-analysis.png, id=165, 180.675pt x 236.885pt>
File: network-security-through-data-analysis.png Graphic file (type png)

<use network-security-through-data-analysis.png>
Package pdftex.def Info: network-security-through-data-analysis.png used on inp
ut line 347.
(pdftex.def)             Requested size: 227.62204pt x 298.44052pt.
File: solido_networks_solid_RGB.png Graphic file (type png)

<use solido_networks_solid_RGB.png>
Package pdftex.def Info: solido_networks_solid_RGB.png used on input line 358.
(pdftex.def)             Requested size: 113.81102pt x 43.92589pt.

Overfull \vbox (45.39008pt too high) has occurred while \output is active []


[24 </userdata/projects/github/security-courses/images/network-security-through
-data-analysis.png>] <bro-ids.png, id=170, 706.64pt x 351.3125pt>
File: bro-ids.png Graphic file (type png)

<use bro-ids.png>
Package pdftex.def Info: bro-ids.png used on input line 360.
(pdftex.def)             Requested size: 398.33858pt x 198.03627pt.
File: solido_networks_solid_RGB.png Graphic file (type png)
 <use solido_networks_solid_RGB.png>
Package pdftex.def Info: solido_networks_solid_RGB.png used on input line 368.
(pdftex.def)             Requested size: 113.81102pt x 43.92589pt.

Overfull \vbox (45.39008pt too high) has occurred while \output is active []


[25 </userdata/projects/github/security-courses/images/bro-ids.png>]
Underfull \hbox (badness 10000) in paragraph at lines 376--378

 []

File: solido_networks_solid_RGB.png Graphic file (type png)
<use solido_networks_solid_RGB.png>
Package pdftex.def Info: solido_networks_solid_RGB.png used on input line 379.
(pdftex.def)             Requested size: 113.81102pt x 43.92589pt.

Overfull \vbox (45.39008pt too high) has occurred while \output is active []


[26]
File: solido_networks_solid_RGB.png Graphic file (type png)
 <use solido_networks_solid_RGB.png>
Package pdftex.def Info: solido_networks_solid_RGB.png used on input line 402.
(pdftex.def)             Requested size: 113.81102pt x 43.92589pt.

Overfull \vbox (45.39008pt too high) has occurred while \output is active []


[27] <security-onion.png, id=187, 917.4275pt x 771.88374pt>
File: security-onion.png Graphic file (type png)

<use security-onion.png>
Package pdftex.def Info: security-onion.png used on input line 404.
(pdftex.def)             Requested size: 341.43306pt x 287.26498pt.
File: solido_networks_solid_RGB.png Graphic file (type png)
 <use solido_networks_solid_RGB.png>
Package pdftex.def Info: solido_networks_solid_RGB.png used on input line 412.
(pdftex.def)             Requested size: 113.81102pt x 43.92589pt.

Overfull \vbox (45.39008pt too high) has occurred while \output is active []


[28 </userdata/projects/github/security-courses/images/security-onion.png>]
<ddos-before-filtering.png, id=195, 678.535pt x 296.10625pt>
File: ddos-before-filtering.png Graphic file (type png)

<use ddos-before-filtering.png>
Package pdftex.def Info: ddos-before-filtering.png used on input line 414.
(pdftex.def)             Requested size: 739.77165pt x 322.84428pt.
File: solido_networks_solid_RGB.png Graphic file (type png)
 <use solido_networks_solid_RGB.png>
Package pdftex.def Info: solido_networks_solid_RGB.png used on input line 421.
(pdftex.def)             Requested size: 113.81102pt x 43.92589pt.

Overfull \vbox (45.39008pt too high) has occurred while \output is active []


[29 </userdata/projects/github/security-courses/images/ddos-before-filtering.pn
g>] <ddos-after-filtering.png, id=200, 859.21pt x 306.14375pt>
File: ddos-after-filtering.png Graphic file (type png)

<use ddos-after-filtering.png>
Package pdftex.def Info: ddos-after-filtering.png used on input line 422.
(pdftex.def)             Requested size: 512.1496pt x 182.4871pt.
File: solido_networks_solid_RGB.png Graphic file (type png)
 <use solido_networks_solid_RGB.png>
Package pdftex.def Info: solido_networks_solid_RGB.png used on input line 432.
(pdftex.def)             Requested size: 113.81102pt x 43.92589pt.

Overfull \vbox (45.39008pt too high) has occurred while \output is active []


[30 </userdata/projects/github/security-courses/images/ddos-after-filtering.png
>] <network-layers-1.pdf, id=205, 788.9475pt x 498.86375pt>
File: network-layers-1.pdf Graphic file (type pdf)

<use network-layers-1.pdf>
Package pdftex.def Info: network-layers-1.pdf used on input line 434.
(pdftex.def)             Requested size: 654.41338pt x 413.798pt.
File: solido_networks_solid_RGB.png Graphic file (type png)
 <use solido_networks_solid_RGB.png>
Package pdftex.def Info: solido_networks_solid_RGB.png used on input line 438.
(pdftex.def)             Requested size: 113.81102pt x 43.92589pt.

Overfull \vbox (45.39008pt too high) has occurred while \output is active []


[31 </userdata/projects/github/security-courses/images/network-layers-1.pdf>]
LaTeX Font Info:    Font shape `OMS/pcr/m/n' in size <14.4> not available
(Font)              Font shape `OMS/cmsy/m/n' tried instead on input line 441.
File: solido_networks_solid_RGB.png Graphic file (type png)

<use solido_networks_solid_RGB.png>
Package pdftex.def Info: solido_networks_solid_RGB.png used on input line 463.
(pdftex.def)             Requested size: 113.81102pt x 43.92589pt.

Overfull \vbox (45.39008pt too high) has occurred while \output is active []


[32]
File: solido_networks_solid_RGB.png Graphic file (type png)
 <use solido_networks_solid_RGB.png>
Package pdftex.def Info: solido_networks_solid_RGB.png used on input line 493.
(pdftex.def)             Requested size: 113.81102pt x 43.92589pt.

Overfull \vbox (45.39008pt too high) has occurred while \output is active []


[33]
File: solido_networks_solid_RGB.png Graphic file (type png)
 <use solido_networks_solid_RGB.png>
Package pdftex.def Info: solido_networks_solid_RGB.png used on input line 504.
(pdftex.def)             Requested size: 113.81102pt x 43.92589pt.

Overfull \vbox (45.39008pt too high) has occurred while \output is active []


[34]
File: solido_networks_solid_RGB.png Graphic file (type png)
 <use solido_networks_solid_RGB.png>
Package pdftex.def Info: solido_networks_solid_RGB.png used on input line 517.
(pdftex.def)             Requested size: 113.81102pt x 43.92589pt.

Overfull \vbox (45.39008pt too high) has occurred while \output is active []


[35] <arbor-2014-ntp.png, id=671, 655.44875pt x 251.94125pt>
File: arbor-2014-ntp.png Graphic file (type png)

<use arbor-2014-ntp.png>
Package pdftex.def Info: arbor-2014-ntp.png used on input line 519.
(pdftex.def)             Requested size: 455.24408pt x 174.98909pt.
File: solido_networks_solid_RGB.png Graphic file (type png)
 <use solido_networks_solid_RGB.png>
Package pdftex.def Info: solido_networks_solid_RGB.png used on input line 536.
(pdftex.def)             Requested size: 113.81102pt x 43.92589pt.

Overfull \vbox (45.39008pt too high) has occurred while \output is active []


[36 </userdata/projects/github/security-courses/images/arbor-2014-ntp.png>]
<afbalanceret-sikkerhed.pdf, id=676, 484.81125pt x 121.45375pt>
File: afbalanceret-sikkerhed.pdf Graphic file (type pdf)

<use afbalanceret-sikkerhed.pdf>
Package pdftex.def Info: afbalanceret-sikkerhed.pdf used on input line 538.
(pdftex.def)             Requested size: 597.50787pt x 149.7041pt.
File: solido_networks_solid_RGB.png Graphic file (type png)
 <use solido_networks_solid_RGB.png>
Package pdftex.def Info: solido_networks_solid_RGB.png used on input line 547.
(pdftex.def)             Requested size: 113.81102pt x 43.92589pt.

Overfull \vbox (45.39008pt too high) has occurred while \output is active []


[37 </userdata/projects/github/security-courses/images/afbalanceret-sikkerhed.p
df>]
File: solido_networks_solid_RGB.png Graphic file (type png)
 <use solido_networks_solid_RGB.png>
Package pdftex.def Info: solido_networks_solid_RGB.png used on input line 554.
(pdftex.def)             Requested size: 113.81102pt x 43.92589pt.

Overfull \vbox (45.39008pt too high) has occurred while \output is active []


[38]
LaTeX Font Info:    Font shape `OT1/phv/bx/n' in size <20.74> not available
(Font)              Font shape `OT1/phv/b/n' tried instead on input line 571.
File: solido_networks_solid_RGB.png Graphic file (type png)
 <use solido_networks_solid_RGB.png>
Package pdftex.def Info: solido_networks_solid_RGB.png used on input line 574.
(pdftex.def)             Requested size: 113.81102pt x 43.92589pt.

Overfull \vbox (45.39008pt too high) has occurred while \output is active []


[39]
File: solido_networks_solid_RGB.png Graphic file (type png)
 <use solido_networks_solid_RGB.png>
Package pdftex.def Info: solido_networks_solid_RGB.png used on input line 595.
(pdftex.def)             Requested size: 113.81102pt x 43.92589pt.

Overfull \vbox (45.39008pt too high) has occurred while \output is active []


[40] <24-deadly.jpg, id=712, 301.125pt x 301.125pt>
File: 24-deadly.jpg Graphic file (type jpg)
 <use 24-deadly.jpg>
Package pdftex.def Info: 24-deadly.jpg used on input line 597.
(pdftex.def)             Requested size: 227.62204pt x 227.63055pt.
File: solido_networks_solid_RGB.png Graphic file (type png)

<use solido_networks_solid_RGB.png>
Package pdftex.def Info: solido_networks_solid_RGB.png used on input line 604.
(pdftex.def)             Requested size: 113.81102pt x 43.92589pt.

Overfull \vbox (45.39008pt too high) has occurred while \output is active []


[41 </userdata/projects/github/security-courses/images/24-deadly.jpg>]
<owasp.jpg, id=717, 326.21875pt x 60.225pt>
File: owasp.jpg Graphic file (type jpg)
 <use owasp.jpg>
Package pdftex.def Info: owasp.jpg used on input line 606.
(pdftex.def)             Requested size: 455.24408pt x 84.05249pt.
File: solido_networks_solid_RGB.png Graphic file (type png)

<use solido_networks_solid_RGB.png>
Package pdftex.def Info: solido_networks_solid_RGB.png used on input line 621.
(pdftex.def)             Requested size: 113.81102pt x 43.92589pt.

Overfull \vbox (45.39008pt too high) has occurred while \output is active []


[42 </userdata/projects/github/security-courses/images/owasp.jpg>]
<WebGoat.png, id=723, 223.83624pt x 139.52126pt>
File: WebGoat.png Graphic file (type png)
 <use WebGoat.png>
Package pdftex.def Info: WebGoat.png used on input line 623.
(pdftex.def)             Requested size: 398.33858pt x 248.31723pt.
File: solido_networks_solid_RGB.png Graphic file (type png)

<use solido_networks_solid_RGB.png>
Package pdftex.def Info: solido_networks_solid_RGB.png used on input line 633.
(pdftex.def)             Requested size: 113.81102pt x 43.92589pt.

Overfull \vbox (45.39008pt too high) has occurred while \output is active []


[43 </userdata/projects/github/security-courses/images/WebGoat.png>]
<WebGoat-overview.png, id=731, 1012.78375pt x 779.91376pt>
File: WebGoat-overview.png Graphic file (type png)

<use WebGoat-overview.png>
Package pdftex.def Info: WebGoat-overview.png used on input line 635.
(pdftex.def)             Requested size: 483.69684pt x 372.47408pt.
File: solido_networks_solid_RGB.png Graphic file (type png)
 <use solido_networks_solid_RGB.png>
Package pdftex.def Info: solido_networks_solid_RGB.png used on input line 639.
(pdftex.def)             Requested size: 113.81102pt x 43.92589pt.

Overfull \vbox (45.39008pt too high) has occurred while \output is active []


[44 </userdata/projects/github/security-courses/images/WebGoat-overview.png>]
File: solido_networks_solid_RGB.png Graphic file (type png)

<use solido_networks_solid_RGB.png>
Package pdftex.def Info: solido_networks_solid_RGB.png used on input line 652.
(pdftex.def)             Requested size: 113.81102pt x 43.92589pt.

Overfull \vbox (45.39008pt too high) has occurred while \output is active []


[45] <images/web-app-hackers-handbook.jpeg, id=742, 115.43124pt x 146.5475pt>
File: images/web-app-hackers-handbook.jpeg Graphic file (type jpg)

<use images/web-app-hackers-handbook.jpeg>
Package pdftex.def Info: images/web-app-hackers-handbook.jpeg used on input lin
e 654.
(pdftex.def)             Requested size: 142.26378pt x 180.62576pt.
File: solido_networks_solid_RGB.png Graphic file (type png)
 <use solido_networks_solid_RGB.png>
Package pdftex.def Info: solido_networks_solid_RGB.png used on input line 663.
(pdftex.def)             Requested size: 113.81102pt x 43.92589pt.

Overfull \vbox (45.39008pt too high) has occurred while \output is active []


[46 </userdata/projects/github/security-courses/images/web-app-hackers-handbook
.jpeg>] <1984-not-instruction-manual.jpg, id=747, 1027.84pt x 770.88pt>
File: 1984-not-instruction-manual.jpg Graphic file (type jpg)

<use 1984-not-instruction-manual.jpg>
Package pdftex.def Info: 1984-not-instruction-manual.jpg used on input line 665
.
(pdftex.def)             Requested size: 227.62204pt x 170.71158pt.
File: solido_networks_solid_RGB.png Graphic file (type png)
 <use solido_networks_solid_RGB.png>
Package pdftex.def Info: solido_networks_solid_RGB.png used on input line 673.
(pdftex.def)             Requested size: 113.81102pt x 43.92589pt.

Overfull \vbox (45.39008pt too high) has occurred while \output is active []


[47 </userdata/projects/github/security-courses/images/1984-not-instruction-man
ual.jpg>]
File: solido_networks_solid_RGB.png Graphic file (type png)
 <use solido_networks_solid_RGB.png>
Package pdftex.def Info: solido_networks_solid_RGB.png used on input line 689.
(pdftex.def)             Requested size: 113.81102pt x 43.92589pt.

Overfull \vbox (45.39008pt too high) has occurred while \output is active []


[48] <protect-from-governments.jpg, id=757, 301.125pt x 301.125pt>
File: protect-from-governments.jpg Graphic file (type jpg)

<use protect-from-governments.jpg>
Package pdftex.def Info: protect-from-governments.jpg used on input line 691.
(pdftex.def)             Requested size: 398.33858pt x 398.3776pt.
File: solido_networks_solid_RGB.png Graphic file (type png)
 <use solido_networks_solid_RGB.png>
Package pdftex.def Info: solido_networks_solid_RGB.png used on input line 694.
(pdftex.def)             Requested size: 113.81102pt x 43.92589pt.

Overfull \vbox (45.39008pt too high) has occurred while \output is active []


[49 </userdata/projects/github/security-courses/images/protect-from-governments
.jpg>] <twitter-turkey.png, id=763, 582.175pt x 660.4675pt>
File: twitter-turkey.png Graphic file (type png)

<use twitter-turkey.png>
Package pdftex.def Info: twitter-turkey.png used on input line 696.
(pdftex.def)             Requested size: 341.43306pt x 387.35452pt.
File: solido_networks_solid_RGB.png Graphic file (type png)
 <use solido_networks_solid_RGB.png>
Package pdftex.def Info: solido_networks_solid_RGB.png used on input line 698.
(pdftex.def)             Requested size: 113.81102pt x 43.92589pt.

Overfull \vbox (45.39008pt too high) has occurred while \output is active []


[50 </userdata/projects/github/security-courses/images/twitter-turkey.png>]
<John-Gilmore-quotes.png, id=768, 857.2025pt x 428.60126pt>
File: John-Gilmore-quotes.png Graphic file (type png)

<use John-Gilmore-quotes.png>
Package pdftex.def Info: John-Gilmore-quotes.png used on input line 702.
(pdftex.def)             Requested size: 625.96062pt x 312.98094pt.
File: solido_networks_solid_RGB.png Graphic file (type png)
 <use solido_networks_solid_RGB.png>
Package pdftex.def Info: solido_networks_solid_RGB.png used on input line 707.
(pdftex.def)             Requested size: 113.81102pt x 43.92589pt.

Overfull \vbox (45.39008pt too high) has occurred while \output is active []


[51 </userdata/projects/github/security-courses/images/John-Gilmore-quotes.png>
]
<userstats-relay-country-2013-12-25-off-2014-03-25-tr.png, id=775, 578.16pt x 3
61.35pt>
File: userstats-relay-country-2013-12-25-off-2014-03-25-tr.png Graphic file (ty
pe png)
 <use userstats-relay-country-2013-12-25-off-2014-03-25-tr.png>
Package pdftex.def Info: userstats-relay-country-2013-12-25-off-2014-03-25-tr.p
ng used on input line 709.
(pdftex.def)             Requested size: 569.05511pt x 355.67546pt.
File: solido_networks_solid_RGB.png Graphic file (type png)

<use solido_networks_solid_RGB.png>
Package pdftex.def Info: solido_networks_solid_RGB.png used on input line 714.
(pdftex.def)             Requested size: 113.81102pt x 43.92589pt.

Overfull \vbox (45.39008pt too high) has occurred while \output is active []


[52 </userdata/projects/github/security-courses/images/userstats-relay-country-
2013-12-25-off-2014-03-25-tr.png>]
<userstats-relay-country-2013-12-25-off-2014-03-26-tr.png, id=783, 578.16pt x 3
61.35pt>
File: userstats-relay-country-2013-12-25-off-2014-03-26-tr.png Graphic file (ty
pe png)
 <use userstats-relay-country-2013-12-25-off-2014-03-26-tr.png>
Package pdftex.def Info: userstats-relay-country-2013-12-25-off-2014-03-26-tr.p
ng used on input line 716.
(pdftex.def)             Requested size: 569.05511pt x 355.67546pt.
File: solido_networks_solid_RGB.png Graphic file (type png)

<use solido_networks_solid_RGB.png>
Package pdftex.def Info: solido_networks_solid_RGB.png used on input line 721.
(pdftex.def)             Requested size: 113.81102pt x 43.92589pt.

Overfull \vbox (45.39008pt too high) has occurred while \output is active []


[53 </userdata/projects/github/security-courses/images/userstats-relay-country-
2013-12-25-off-2014-03-26-tr.png (PNG copy)>]
<tor-project.png, id=791, 640.3925pt x 268.00125pt>
File: tor-project.png Graphic file (type png)
 <use tor-project.png>
Package pdftex.def Info: tor-project.png used on input line 723.
(pdftex.def)             Requested size: 341.43306pt x 142.89056pt.
File: solido_networks_solid_RGB.png Graphic file (type png)

<use solido_networks_solid_RGB.png>
Package pdftex.def Info: solido_networks_solid_RGB.png used on input line 729.
(pdftex.def)             Requested size: 113.81102pt x 43.92589pt.

Overfull \vbox (45.39008pt too high) has occurred while \output is active []


[54 </userdata/projects/github/security-courses/images/tor-project.png>]
<torbrowser-main-window.png, id=797, 1098.1025pt x 745.78625pt>
File: torbrowser-main-window.png Graphic file (type png)

<use torbrowser-main-window.png>
Package pdftex.def Info: torbrowser-main-window.png used on input line 731.
(pdftex.def)             Requested size: 569.05511pt x 386.49103pt.
File: solido_networks_solid_RGB.png Graphic file (type png)
 <use solido_networks_solid_RGB.png>
Package pdftex.def Info: solido_networks_solid_RGB.png used on input line 735.
(pdftex.def)             Requested size: 113.81102pt x 43.92589pt.

Overfull \vbox (45.39008pt too high) has occurred while \output is active []


[55 </userdata/projects/github/security-courses/images/torbrowser-main-window.p
ng>] <400px-Whonix.jpg, id=804, 401.5pt x 215.80624pt>
File: 400px-Whonix.jpg Graphic file (type jpg)
 <use 400px-Whonix.jpg>
Package pdftex.def Info: 400px-Whonix.jpg used on input line 737.
(pdftex.def)             Requested size: 483.69684pt x 260.00346pt.
File: solido_networks_solid_RGB.png Graphic file (type png)

<use solido_networks_solid_RGB.png>
Package pdftex.def Info: solido_networks_solid_RGB.png used on input line 747.
(pdftex.def)             Requested size: 113.81102pt x 43.92589pt.

Overfull \vbox (45.39008pt too high) has occurred while \output is active []


[56 </userdata/projects/github/security-courses/images/400px-Whonix.jpg>]
<multi-browser-strategy.png, id=810, 670.505pt x 226.8475pt>
File: multi-browser-strategy.png Graphic file (type png)

<use multi-browser-strategy.png>
Package pdftex.def Info: multi-browser-strategy.png used on input line 749.
(pdftex.def)             Requested size: 569.05511pt x 192.52359pt.
File: solido_networks_solid_RGB.png Graphic file (type png)
 <use solido_networks_solid_RGB.png>
Package pdftex.def Info: solido_networks_solid_RGB.png used on input line 757.
(pdftex.def)             Requested size: 113.81102pt x 43.92589pt.

Overfull \vbox (45.39008pt too high) has occurred while \output is active []


[57 </userdata/projects/github/security-courses/images/multi-browser-strategy.p
ng>] <HTTPS_Everywhere_new_logo.jpg, id=816, 361.35pt x 312.16624pt>
File: HTTPS_Everywhere_new_logo.jpg Graphic file (type jpg)

<use HTTPS_Everywhere_new_logo.jpg>
Package pdftex.def Info: HTTPS_Everywhere_new_logo.jpg used on input line 759.
(pdftex.def)             Requested size: 142.26378pt x 122.90181pt.
File: solido_networks_solid_RGB.png Graphic file (type png)
 <use solido_networks_solid_RGB.png>
Package pdftex.def Info: solido_networks_solid_RGB.png used on input line 768.
(pdftex.def)             Requested size: 113.81102pt x 43.92589pt.

Overfull \vbox (45.39008pt too high) has occurred while \output is active []


[58 </userdata/projects/github/security-courses/images/HTTPS_Everywhere_new_log
o.jpg>] <the-guardian-project.pdf, id=822, 744.7825pt x 484.81125pt>
File: the-guardian-project.pdf Graphic file (type pdf)

<use the-guardian-project.pdf>
Package pdftex.def Info: the-guardian-project.pdf used on input line 770.
(pdftex.def)             Requested size: 569.05511pt x 370.43553pt.
File: solido_networks_solid_RGB.png Graphic file (type png)
 <use solido_networks_solid_RGB.png>
Package pdftex.def Info: solido_networks_solid_RGB.png used on input line 776.
(pdftex.def)             Requested size: 113.81102pt x 43.92589pt.

Overfull \vbox (45.39008pt too high) has occurred while \output is active []


[59 </userdata/projects/github/security-courses/images/the-guardian-project.pdf
>] <censurfridns-1.png, id=924, 598.235pt x 447.6725pt>
File: censurfridns-1.png Graphic file (type png)

<use censurfridns-1.png>
Package pdftex.def Info: censurfridns-1.png used on input line 778.
(pdftex.def)             Requested size: 569.05511pt x 425.86708pt.
File: solido_networks_solid_RGB.png Graphic file (type png)
 <use solido_networks_solid_RGB.png>
Package pdftex.def Info: solido_networks_solid_RGB.png used on input line 780.
(pdftex.def)             Requested size: 113.81102pt x 43.92589pt.

Overfull \vbox (45.39008pt too high) has occurred while \output is active []


[60 </userdata/projects/github/security-courses/images/censurfridns-1.png>]
<dnssec-trigger.png, id=930, 201.09914pt x 201.09914pt>
File: dnssec-trigger.png Graphic file (type png)

<use dnssec-trigger.png>
Package pdftex.def Info: dnssec-trigger.png used on input line 782.
(pdftex.def)             Requested size: 199.16928pt x 199.1716pt.
File: solido_networks_solid_RGB.png Graphic file (type png)
 <use solido_networks_solid_RGB.png>
Package pdftex.def Info: solido_networks_solid_RGB.png used on input line 793.
(pdftex.def)             Requested size: 113.81102pt x 43.92589pt.

Overfull \vbox (45.39008pt too high) has occurred while \output is active []


[61 </userdata/projects/github/security-courses/images/dnssec-trigger.png>]
<twitter-safety.png, id=940, 544.0325pt x 590.205pt>
File: twitter-safety.png Graphic file (type png)
 <use twitter-safety.png>
Package pdftex.def Info: twitter-safety.png used on input line 796.
(pdftex.def)             Requested size: 284.52756pt x 308.69151pt.
File: solido_networks_solid_RGB.png Graphic file (type png)

<use solido_networks_solid_RGB.png>
Package pdftex.def Info: solido_networks_solid_RGB.png used on input line 804.
(pdftex.def)             Requested size: 113.81102pt x 43.92589pt.

Overfull \vbox (45.39008pt too high) has occurred while \output is active []


[62 </userdata/projects/github/security-courses/images/twitter-safety.png>]
<michael-conrad.jpg, id=945, 361.35pt x 451.6875pt>
File: michael-conrad.jpg Graphic file (type jpg)
 <use michael-conrad.jpg>
Package pdftex.def Info: michael-conrad.jpg used on input line 806.
(pdftex.def)             Requested size: 142.26378pt x 177.83221pt.
File: solido_networks_solid_RGB.png Graphic file (type png)

<use solido_networks_solid_RGB.png>
Package pdftex.def Info: solido_networks_solid_RGB.png used on input line 819.
(pdftex.def)             Requested size: 113.81102pt x 43.92589pt.

Overfull \vbox (45.39008pt too high) has occurred while \output is active []


[63 </userdata/projects/github/security-courses/images/michael-conrad.jpg>]
<vikingscan.png, id=951, 1012.78375pt x 607.26875pt>
File: vikingscan.png Graphic file (type png)
 <use vikingscan.png>
Package pdftex.def Info: vikingscan.png used on input line 821.
(pdftex.def)             Requested size: 512.1496pt x 307.0899pt.
Package atveryend Info: Empty hook `BeforeClearDocument' on input line 826.
File: solido_networks_solid_RGB.png Graphic file (type png)

<use solido_networks_solid_RGB.png>
Package pdftex.def Info: solido_networks_solid_RGB.png used on input line 826.
(pdftex.def)             Requested size: 113.81102pt x 43.92589pt.

Overfull \vbox (45.39008pt too high) has occurred while \output is active []


[64 </userdata/projects/github/security-courses/images/vikingscan.png>]
Package atveryend Info: Empty hook `AfterLastShipout' on input line 826.

(./superhelt-2014.aux)
Package atveryend Info: Executing hook `AtVeryEndDocument' on input line 826.
Package atveryend Info: Executing hook `AtEndAfterFileList' on input line 826.
Package rerunfilecheck Info: File `superhelt-2014.out' has not changed.
(rerunfilecheck)             Checksum: D41D8CD98F00B204E9800998ECF8427E;0.


LaTeX Font Warning: Some font shapes were not available, defaults substituted.

Package atveryend Info: Empty hook `AtVeryVeryEnd' on input line 826.
 ) 
Here is how much of TeX's memory you used:
 8661 strings out of 493315
 130533 string characters out of 6137910
 212986 words of memory out of 5000000
 11837 multiletter control sequences out of 15000+600000
 34730 words of font info for 74 fonts, out of 8000000 for 9000
 957 hyphenation exceptions out of 8191
 39i,13n,50p,377b,368s stack positions out of 5000i,500n,10000p,200000b,80000s
{/usr/local/texlive/2013/texmf-dist/fonts/enc/dvips/base/8r.enc}</usr/local/t
exlive/2013/texmf-dist/fonts/type1/public/amsfonts/cm/cmsy10.pfb></usr/local/te
xlive/2013/texmf-dist/fonts/type1/public/amsfonts/cm/cmsy7.pfb></usr/local/texl
ive/2013/texmf-dist/fonts/type1/urw/courier/ucrr8a.pfb></usr/local/texlive/2013
/texmf-dist/fonts/type1/urw/helvetic/uhvb8a.pfb></usr/local/texlive/2013/texmf-
dist/fonts/type1/urw/helvetic/uhvr8a.pfb></usr/local/texlive/2013/texmf-dist/fo
nts/type1/urw/helvetic/uhvro8a.pfb>
Output written on superhelt-2014.pdf (64 pages, 6251827 bytes).
PDF statistics:
 997 PDF objects out of 1000 (max. 8388607)
 612 compressed objects within 7 object streams
 65 named destinations out of 1000 (max. 500000)
 251 words of extra memory for PDF output out of 10000 (max. 10000000)

