This is pdfTeX, Version 3.1415926-1.40.11 (TeX Live 2010) (format=pdflatex 2010.11.18)  4 MAR 2011 13:46
entering extended mode
 restricted \write18 enabled.
 %&-line parsing enabled.
**osd-2011-Network-Management.tex
(./osd-2011-Network-Management.tex
LaTeX2e <2009/09/24>
Babel <v3.8l> and hyphenation patterns for english, dumylang, nohyphenation, af
rikaans, armenian, coptic, danish, dutch, esperanto, estonian, icelandic, indon
esian, interlingua, irish, kurmanji, lao, bokmal, nynorsk, romanian, serbian, s
lovenian, swedish, turkish, uppersorbian, welsh, loaded.
(/userdata/projects/security-courses/texfiles/foiltex/foils.cls
Document Class: foils 2002/10/29 v2.1.4a FoilTeX Class File, Copyright IBM 1995
,1997,1998,2002
(/userdata/projects/security-courses/texfiles/foiltex/fltfonts.def
File: fltfonts.def 2002/10/29 v2.1.4a FoilTeX font definition file, Copyright I
BM 1995,1997,1998,2002
\symflasy=\mathgroup4
LaTeX Info: Redefining \em on input line 243.
LaTeX Font Info:    Overwriting symbol font `operators' in version `normal'
(Font)                  OT1/cmr/m/n --> OT1/fcmr/m/n on input line 245.
LaTeX Font Info:    Overwriting symbol font `letters' in version `normal'
(Font)                  OML/cmm/m/it --> OML/fcmm/m/it on input line 246.
LaTeX Font Info:    Overwriting symbol font `symbols' in version `normal'
(Font)                  OMS/cmsy/m/n --> OMS/fcmsy/m/n on input line 247.
LaTeX Font Info:    Overwriting symbol font `largesymbols' in version `normal'
(Font)                  OMX/cmex/m/n --> OMX/fcmex/m/n on input line 248.
LaTeX Font Info:    Overwriting symbol font `operators' in version `bold'
(Font)                  OT1/cmr/bx/n --> OT1/fcmr/bx/n on input line 249.
LaTeX Font Info:    Overwriting symbol font `letters' in version `bold'
(Font)                  OML/cmm/b/it --> OML/fcmm/b/it on input line 250.
LaTeX Font Info:    Overwriting symbol font `symbols' in version `bold'
(Font)                  OMS/cmsy/b/n --> OMS/fcmsy/b/n on input line 251.
LaTeX Font Info:    Overwriting symbol font `largesymbols' in version `bold'
(Font)                  OMX/cmex/m/n --> OMX/fcmex/m/n on input line 252.
LaTeX Font Info:    Redeclaring math alphabet \mathrm on input line 253.
LaTeX Font Info:    Redeclaring math alphabet \mathbf on input line 254.
LaTeX Font Info:    Overwriting math alphabet `\mathbf' in version `normal'
(Font)                  OT1/cmr/bx/n --> OT1/fcmr/bx/n on input line 254.
LaTeX Font Info:    Overwriting math alphabet `\mathbf' in version `bold'
(Font)                  OT1/cmr/bx/n --> OT1/fcmr/bx/n on input line 254.
LaTeX Font Info:    Redeclaring math alphabet \mathsf on input line 255.
LaTeX Font Info:    Overwriting math alphabet `\mathsf' in version `normal'
(Font)                  OT1/cmss/m/n --> OT1/fcmss/m/n on input line 255.
LaTeX Font Info:    Overwriting math alphabet `\mathsf' in version `bold'
(Font)                  OT1/cmss/bx/n --> OT1/fcmss/m/n on input line 255.
LaTeX Font Info:    Redeclaring math alphabet \mathit on input line 256.
LaTeX Font Info:    Overwriting math alphabet `\mathit' in version `normal'
(Font)                  OT1/cmr/m/it --> OT1/fcmr/m/it on input line 256.
LaTeX Font Info:    Overwriting math alphabet `\mathit' in version `bold'
(Font)                  OT1/cmr/bx/it --> OT1/fcmr/m/it on input line 256.
LaTeX Font Info:    Redeclaring math alphabet \mathtt on input line 257.
LaTeX Font Info:    Overwriting math alphabet `\mathtt' in version `normal'
(Font)                  OT1/cmtt/m/n --> OT1/fcmtt/m/n on input line 257.
LaTeX Font Info:    Overwriting math alphabet `\mathtt' in version `bold'
(Font)                  OT1/cmtt/m/n --> OT1/fcmtt/m/n on input line 257.
)
(/userdata/projects/security-courses/texfiles/foiltex/foil20.clo
File: foil20.clo 2002/10/29 v2.1.4a FoilTeX file (size option), Copyright IBM 1
995,1997,1998,2002
)
\head@footskip=\dimen102
\@foilheight=\dimen103
\@foilwidth=\dimen104
\abovetitleskip=\skip41
\titleauthorskip=\skip42
\authorauthorskip=\skip43
\authordateskip=\skip44
\dateabstractskip=\skip45
\@tempfootbox=\box26
\@tempfootht=\dimen105
\bibindent=\dimen106
\abovecaptionskip=\skip46
\belowcaptionskip=\skip47
\@captionwidth=\skip48
\captionwidth=\skip49
\abovefloatskip=\skip50
\c@table=\count79
\c@figure=\count80
\foilheadskip=\skip51
\c@Theorem=\count81
\c@Lemma=\count82
\c@Corollary=\count83
\c@Proposition=\count84
\c@Definition=\count85
)
(/userdata/projects/security-courses/texfiles/solido-network-slides.sty
(/usr/local/texlive/2010/texmf-dist/tex/latex/base/inputenc.sty
Package: inputenc 2008/03/30 v1.1d Input encoding file
\inpenc@prehook=\toks14
\inpenc@posthook=\toks15

(/usr/local/texlive/2010/texmf-dist/tex/latex/base/latin1.def
File: latin1.def 2008/03/30 v1.1d Input encoding file
))
(/usr/local/texlive/2010/texmf-dist/tex/latex/psnfss/times.sty
Package: times 2005/04/12 PSNFSS-v9.2a (SPQR) 
)
(/usr/local/texlive/2010/texmf-dist/tex/latex/graphics/color.sty
Package: color 2005/11/14 v1.0j Standard LaTeX Color (DPC)

(/usr/local/texlive/2010/texmf-dist/tex/latex/latexconfig/color.cfg
File: color.cfg 2007/01/18 v1.5 color configuration of teTeX/TeXLive
)
Package color Info: Driver file: pdftex.def on input line 130.

(/usr/local/texlive/2010/texmf-dist/tex/latex/pdftex-def/pdftex.def
File: pdftex.def 2010/09/14 v0.05b Graphics/color for pdfTeX
\Gread@gobject=\count86
))
(/usr/local/texlive/2010/texmf-dist/tex/latex/wallpaper/wallpaper.sty
Package: wallpaper 2005/01/18, v1.01 easy wallpaper formatting (MHFW)

(/usr/local/texlive/2010/texmf-dist/tex/latex/base/ifthen.sty
Package: ifthen 2001/05/26 v1.1c Standard LaTeX ifthen package (DPC)
)
(/usr/local/texlive/2010/texmf-dist/tex/latex/tools/calc.sty
Package: calc 2007/08/22 v4.3 Infix arithmetic (KKT,FJ)
\calc@Acount=\count87
\calc@Bcount=\count88
\calc@Adimen=\dimen107
\calc@Bdimen=\dimen108
\calc@Askip=\skip52
\calc@Bskip=\skip53
LaTeX Info: Redefining \setlength on input line 76.
LaTeX Info: Redefining \addtolength on input line 77.
\calc@Ccount=\count89
\calc@Cskip=\skip54
)
(/usr/local/texlive/2010/texmf-dist/tex/latex/eso-pic/eso-pic.sty
Package: eso-pic 2010/10/06 v2.0c eso-pic (RN)

(/usr/local/texlive/2010/texmf-dist/tex/generic/oberdiek/atbegshi.sty
Package: atbegshi 2010/03/25 v1.12 At begin shipout hook (HO)

(/usr/local/texlive/2010/texmf-dist/tex/generic/oberdiek/infwarerr.sty
Package: infwarerr 2010/04/08 v1.3 Providing info/warning/message (HO)
)
(/usr/local/texlive/2010/texmf-dist/tex/generic/oberdiek/ltxcmds.sty
Package: ltxcmds 2010/04/26 v1.7 LaTeX kernel commands for general use (HO)
)
(/usr/local/texlive/2010/texmf-dist/tex/generic/oberdiek/ifpdf.sty
Package: ifpdf 2010/01/28 v2.1 Provides the ifpdf switch (HO)
Package ifpdf Info: pdfTeX in pdf mode detected.
))
(/usr/local/texlive/2010/texmf-dist/tex/latex/graphics/keyval.sty
Package: keyval 1999/03/16 v1.13 key=value parser (DPC)
\KV@toks@=\toks16
))
(/usr/local/texlive/2010/texmf-dist/tex/latex/graphics/graphicx.sty
Package: graphicx 1999/02/16 v1.0f Enhanced LaTeX Graphics (DPC,SPQR)

(/usr/local/texlive/2010/texmf-dist/tex/latex/graphics/graphics.sty
Package: graphics 2009/02/05 v1.0o Standard LaTeX Graphics (DPC,SPQR)

(/usr/local/texlive/2010/texmf-dist/tex/latex/graphics/trig.sty
Package: trig 1999/03/16 v1.09 sin cos tan (DPC)
)
(/usr/local/texlive/2010/texmf-dist/tex/latex/latexconfig/graphics.cfg
File: graphics.cfg 2010/04/23 v1.9 graphics configuration of TeX Live
)
Package graphics Info: Driver file: pdftex.def on input line 91.
)
\Gin@req@height=\dimen109
\Gin@req@width=\dimen110
)
\wpXoffset=\skip55
\wpYoffset=\skip56
\tileXoffset=\skip57
\tileYoffset=\skip58
\tilewidth=\skip59
\tileheight=\skip60
\tileX=\skip61
\tileY=\skip62
)
(/usr/local/texlive/2010/texmf-dist/tex/latex/hyperref/hyperref.sty
Package: hyperref 2010/10/30 v6.81t Hypertext links for LaTeX

(/usr/local/texlive/2010/texmf-dist/tex/generic/oberdiek/kvsetkeys.sty
Package: kvsetkeys 2010/03/01 v1.9 Key value parser (HO)

(/usr/local/texlive/2010/texmf-dist/tex/generic/oberdiek/etexcmds.sty
Package: etexcmds 2010/01/28 v1.3 Prefix for e-TeX command names (HO)
Package etexcmds Info: Could not find \expanded.
(etexcmds)             That can mean that you are not using pdfTeX 1.50 or
(etexcmds)             that some package has redefined \expanded.
(etexcmds)             In the latter case, load this package earlier.
))
(/usr/local/texlive/2010/texmf-dist/tex/generic/oberdiek/pdfescape.sty
Package: pdfescape 2010/03/01 v1.9 Provides hex, PDF name and string conversion
s (HO)

(/usr/local/texlive/2010/texmf-dist/tex/generic/oberdiek/pdftexcmds.sty
Package: pdftexcmds 2010/04/01 v0.9 Utility functions of pdfTeX for LuaTeX (HO)


(/usr/local/texlive/2010/texmf-dist/tex/generic/oberdiek/ifluatex.sty
Package: ifluatex 2010/03/01 v1.3 Provides the ifluatex switch (HO)
Package ifluatex Info: LuaTeX not detected.
)
Package pdftexcmds Info: LuaTeX not detected.
Package pdftexcmds Info: \pdf@primitive is available.
Package pdftexcmds Info: \pdf@ifprimitive is available.
))
(/usr/local/texlive/2010/texmf-dist/tex/generic/oberdiek/ifvtex.sty
Package: ifvtex 2010/03/01 v1.5 Switches for detecting VTeX and its modes (HO)
Package ifvtex Info: VTeX not detected.
)
(/usr/local/texlive/2010/texmf-dist/tex/generic/ifxetex/ifxetex.sty
Package: ifxetex 2010/09/12 v0.6 Provides ifxetex conditional
)
(/usr/local/texlive/2010/texmf-dist/tex/latex/oberdiek/hycolor.sty
Package: hycolor 2009/12/12 v1.6 Color options of hyperref/bookmark (HO)

(/usr/local/texlive/2010/texmf-dist/tex/latex/oberdiek/xcolor-patch.sty
Package: xcolor-patch 2009/12/12 xcolor patch
))
(/usr/local/texlive/2010/texmf-dist/tex/latex/oberdiek/letltxmacro.sty
Package: letltxmacro 2008/06/24 v1.3 Let assignment for LaTeX macros (HO)
)
(/usr/local/texlive/2010/texmf-dist/tex/latex/oberdiek/kvoptions.sty
Package: kvoptions 2010/02/22 v3.7 Keyval support for LaTeX options (HO)
)
\@linkdim=\dimen111
\Hy@linkcounter=\count90
\Hy@pagecounter=\count91

(/usr/local/texlive/2010/texmf-dist/tex/latex/hyperref/pd1enc.def
File: pd1enc.def 2010/10/30 v6.81t Hyperref: PDFDocEncoding definition (HO)
)
(/usr/local/texlive/2010/texmf-dist/tex/generic/oberdiek/intcalc.sty
Package: intcalc 2007/09/27 v1.1 Expandable integer calculations (HO)
)
\Hy@SavedSpaceFactor=\count92

(/usr/local/texlive/2010/texmf-dist/tex/latex/latexconfig/hyperref.cfg
File: hyperref.cfg 2002/06/06 v1.2 hyperref configuration of TeXLive
)
Package hyperref Info: Hyper figures OFF on input line 3976.
Package hyperref Info: Link nesting OFF on input line 3981.
Package hyperref Info: Hyper index ON on input line 3984.
Package hyperref Info: Plain pages OFF on input line 3991.
Package hyperref Info: Backreferencing OFF on input line 3996.
Package hyperref Info: Implicit mode ON; LaTeX internals redefined.
Package hyperref Info: Bookmarks ON on input line 4211.
\c@Hy@tempcnt=\count93

(/usr/local/texlive/2010/texmf-dist/tex/latex/url/url.sty
\Urlmuskip=\muskip10
Package: url 2006/04/12  ver 3.3  Verb mode for urls, etc.
)
LaTeX Info: Redefining \url on input line 4566.

(/usr/local/texlive/2010/texmf-dist/tex/generic/oberdiek/bitset.sty
Package: bitset 2007/09/28 v1.0 Data type bit set (HO)

(/usr/local/texlive/2010/texmf-dist/tex/generic/oberdiek/bigintcalc.sty
Package: bigintcalc 2007/11/11 v1.1 Expandable big integer calculations (HO)
))
\Fld@menulength=\count94
\Field@Width=\dimen112
\Fld@charsize=\dimen113
Package hyperref Info: Hyper figures OFF on input line 5626.
Package hyperref Info: Link nesting OFF on input line 5631.
Package hyperref Info: Hyper index ON on input line 5634.
Package hyperref Info: backreferencing OFF on input line 5641.
Package hyperref Info: Link coloring OFF on input line 5646.
Package hyperref Info: Link coloring with OCG OFF on input line 5651.
Package hyperref Info: PDF/A mode OFF on input line 5656.
LaTeX Info: Redefining \ref on input line 5696.
LaTeX Info: Redefining \pageref on input line 5700.
\Hy@abspage=\count95
\c@Item=\count96
\c@Hfootnote=\count97
)

Package hyperref Message: Driver (autodetected): hpdftex.

(/usr/local/texlive/2010/texmf-dist/tex/latex/hyperref/hpdftex.def
File: hpdftex.def 2010/10/30 v6.81t Hyperref driver for pdfTeX

(/usr/local/texlive/2010/texmf-dist/tex/latex/oberdiek/atveryend.sty
Package: atveryend 2010/03/24 v1.5 Hooks at very end of document (HO)
Package atveryend Info: \enddocument detected (standard).
)
\Fld@listcount=\count98
\c@bookmark@seq@number=\count99

(/usr/local/texlive/2010/texmf-dist/tex/latex/oberdiek/rerunfilecheck.sty
Package: rerunfilecheck 2010/03/16 v1.6 Rerun checks for auxiliary files (HO)

(/usr/local/texlive/2010/texmf-dist/tex/generic/oberdiek/uniquecounter.sty
Package: uniquecounter 2009/12/18 v1.1 Provides unlimited unique counter (HO)
)
Package uniquecounter Info: New unique counter `rerunfilecheck' on input line 2
71.
)
\Hy@SectionHShift=\skip63
)
(/usr/local/texlive/2010/texmf-dist/tex/latex/ppower4/pause.sty)
(/usr/local/texlive/2010/texmf-dist/tex/latex/base/alltt.sty
Package: alltt 1997/06/16 v2.0g defines alltt environment
)
(/usr/local/texlive/2010/texmf-dist/tex/latex/wasysym/wasysym.sty
Package: wasysym 2003/10/30 v2.0 Wasy-2 symbol support package
\symwasy=\mathgroup5
LaTeX Font Info:    Overwriting symbol font `wasy' in version `bold'
(Font)                  U/wasy/m/n --> U/wasy/b/n on input line 90.
)
(/usr/local/texlive/2010/texmf-dist/tex/generic/babel/babel.sty
Package: babel 2008/07/06 v3.8l The Babel package

(/usr/local/texlive/2010/texmf-dist/tex/generic/babel/danish.ldf
Language: danish 2009/09/19 v1.3r Danish support from the babel system

(/usr/local/texlive/2010/texmf-dist/tex/generic/babel/babel.def
File: babel.def 2008/07/06 v3.8l Babel common definitions
\babel@savecnt=\count100
\U@D=\dimen114
)
Package babel Info: Making " an active character on input line 82.
)
(/usr/local/texlive/2010/texmf-dist/tex/generic/babel/english.ldf
Language: english 2005/03/30 v3.3o English support from the babel system
\l@british = a dialect from \language\l@english 
\l@UKenglish = a dialect from \language\l@english 
\l@canadian = a dialect from \language\l@american 
\l@australian = a dialect from \language\l@british 
\l@newzealand = a dialect from \language\l@british 
))
(/usr/local/texlive/2010/texmf-dist/tex/latex/fancyhdr/fancyhdr.sty
\fancy@headwidth=\skip64
\f@ncyO@elh=\skip65
\f@ncyO@erh=\skip66
\f@ncyO@olh=\skip67
\f@ncyO@orh=\skip68
\f@ncyO@elf=\skip69
\f@ncyO@erf=\skip70
\f@ncyO@olf=\skip71
\f@ncyO@orf=\skip72
)
(/usr/local/texlive/2010/texmf-dist/tex/latex/moreverb/moreverb.sty
Package: moreverb 2008/06/03 v2.3 `more' verbatim facilities

(/usr/local/texlive/2010/texmf-dist/tex/latex/tools/verbatim.sty
Package: verbatim 2003/08/22 v1.5q LaTeX2e package for verbatim enhancements
\every@verbatim=\toks17
\verbatim@line=\toks18
\verbatim@in@stream=\read1
)
\verbatim@out=\write3
\tab@position=\count101
\tab@size=\count102
\listing@line=\count103
)
(/usr/local/texlive/2010/texmf-dist/tex/latex/tools/xr.sty
Package: xr 1994/05/28 v5.02 eXternal References (DPC)
)
(/usr/local/texlive/2010/texmf-dist/tex/latex/wrapfig/wrapfig.sty
\wrapoverhang=\dimen115
\WF@size=\dimen116
\c@WF@wrappedlines=\count104
\WF@box=\box27
\WF@everypar=\toks19
Package: wrapfig 2003/01/31  v 3.6
)
Package hyperref Info: Option `colorlinks' set `true' on input line 69.
Package hyperref Info: Option `pdfmenubar' set `true' on input line 69.
Package hyperref Info: Option `pdftoolbar' set `true' on input line 69.
Package color Info: Redefining color titlecolor on input line 288.
)

LaTeX Warning: Unused global option(s):
    [28pt].

(./osd-2011-Network-Management.aux)
\openout1 = `osd-2011-Network-Management.aux'.

LaTeX Font Info:    Checking defaults for OML/cmm/m/it on input line 17.
LaTeX Font Info:    ... okay on input line 17.
LaTeX Font Info:    Checking defaults for T1/cmr/m/n on input line 17.
LaTeX Font Info:    ... okay on input line 17.
LaTeX Font Info:    Checking defaults for OT1/cmr/m/n on input line 17.
LaTeX Font Info:    ... okay on input line 17.
LaTeX Font Info:    Checking defaults for OMS/cmsy/m/n on input line 17.
LaTeX Font Info:    ... okay on input line 17.
LaTeX Font Info:    Checking defaults for OMX/cmex/m/n on input line 17.
LaTeX Font Info:    ... okay on input line 17.
LaTeX Font Info:    Checking defaults for U/cmr/m/n on input line 17.
LaTeX Font Info:    ... okay on input line 17.
LaTeX Font Info:    Checking defaults for PD1/pdf/m/n on input line 17.
LaTeX Font Info:    ... okay on input line 17.
LaTeX Font Info:    Try loading font information for OT1+phv on input line 17.

(/usr/local/texlive/2010/texmf-dist/tex/latex/psnfss/ot1phv.fd
File: ot1phv.fd 2001/06/04 scalable font definitions for OT1/phv.
)
(/usr/local/texlive/2010/texmf-dist/tex/context/base/supp-pdf.mkii
[Loading MPS to PDF converter (version 2006.09.02).]
\scratchcounter=\count105
\scratchdimen=\dimen117
\scratchbox=\box28
\nofMPsegments=\count106
\nofMParguments=\count107
\everyMPshowfont=\toks20
\MPscratchCnt=\count108
\MPscratchDim=\dimen118
\MPnumerator=\count109
\everyMPtoPDFconversion=\toks21
)
\AtBeginShipoutBox=\box29
 (/usr/local/texlive/2010/texmf-dist/tex/latex/oberdiek/epstopdf-base.sty
Package: epstopdf-base 2010/02/09 v2.5 Base part for package epstopdf

(/usr/local/texlive/2010/texmf-dist/tex/latex/oberdiek/grfext.sty
Package: grfext 2007/09/30 v1.0 Managing graphics extensions (HO)
)
Package grfext Info: Graphics extension search list:
(grfext)             [.png,.pdf,.jpg,.mps,.jpeg,.jbig2,.jb2,.PNG,.PDF,.JPG,.JPE
G,.JBIG2,.JB2,.eps]
(grfext)             \AppendGraphicsExtensions on input line 436.

(/usr/local/texlive/2010/texmf-dist/tex/latex/latexconfig/epstopdf-sys.cfg
File: epstopdf-sys.cfg 2010/07/13 v1.3 Configuration of (r)epstopdf for TeX Liv
e
))
Package hyperref Info: Link coloring ON on input line 17.

(/usr/local/texlive/2010/texmf-dist/tex/latex/hyperref/nameref.sty
Package: nameref 2010/04/30 v2.40 Cross-referencing by name of section

(/usr/local/texlive/2010/texmf-dist/tex/latex/oberdiek/refcount.sty
Package: refcount 2008/08/11 v3.1 Data extraction from references (HO)
)
(/usr/local/texlive/2010/texmf-dist/tex/generic/oberdiek/gettitlestring.sty
Package: gettitlestring 2009/12/18 v1.3 Cleanup title references (HO)
)
\c@section@level=\count110
)
LaTeX Info: Redefining \ref on input line 17.
LaTeX Info: Redefining \pageref on input line 17.
LaTeX Info: Redefining \nameref on input line 17.

(./osd-2011-Network-Management.out) (./osd-2011-Network-Management.out)
\@outlinefile=\write4
\openout4 = `osd-2011-Network-Management.out'.

LaTeX Font Info:    Font shape `OT1/phv/bx/n' in size <24.88> not available
(Font)              Font shape `OT1/phv/b/n' tried instead on input line 20.
LaTeX Font Info:    Font shape `OT1/phv/bx/n' in size <35.83> not available
(Font)              Font shape `OT1/phv/b/n' tried instead on input line 20.
LaTeX Font Info:    Try loading font information for OT1+pcr on input line 20.

(/usr/local/texlive/2010/texmf-dist/tex/latex/psnfss/ot1pcr.fd
File: ot1pcr.fd 2001/06/04 font definitions for OT1/pcr.
)
LaTeX Font Info:    Try loading font information for U+wasy on input line 20.

(/usr/local/texlive/2010/texmf-dist/tex/latex/wasysym/uwasy.fd
File: uwasy.fd 2003/10/30 v2.0 Wasy-2 symbol font definitions
)
<solido_networks_solid_RGB.png, id=5, 1003.75pt x 387.4475pt>
File: solido_networks_solid_RGB.png Graphic file (type png)

<use solido_networks_solid_RGB.png>
Overfull \vbox (45.39008pt too high) has occurred while \output is active []

LaTeX Font Info:    Try loading font information for OMS+phv on input line 28.

(/usr/local/texlive/2010/texmf-dist/tex/latex/psnfss/omsphv.fd
File: omsphv.fd 
)
LaTeX Font Info:    Font shape `OMS/phv/m/n' in size <12> not available
(Font)              Font shape `OMS/cmsy/m/n' tried instead on input line 28.

<networks_front_divider.jpg, id=7, 971.63pt x 257.96375pt>
File: networks_front_divider.jpg Graphic file (type jpg)

<use networks_front_divider.jpg> [1

{/usr/local/texlive/2010/texmf-var/fonts/map/pdftex/updmap/pdftex.map} </userda
ta/projects/security-courses/images/networks_front_divider.jpg> </userdata/proj
ects/security-courses/images/solido_networks_solid_RGB.png>]
LaTeX Font Info:    Font shape `OT1/phv/m/it' in size <24.88> not available
(Font)              Font shape `OT1/phv/m/sl' tried instead on input line 31.
File: solido_networks_solid_RGB.png Graphic file (type png)
 <use solido_networks_solid_RGB.png>
Overfull \vbox (45.39008pt too high) has occurred while \output is active []


[2]
LaTeX Font Info:    Font shape `OT1/phv/bx/n' in size <20.74> not available
(Font)              Font shape `OT1/phv/b/n' tried instead on input line 56.
File: solido_networks_solid_RGB.png Graphic file (type png)
 <use solido_networks_solid_RGB.png>
Overfull \vbox (45.39008pt too high) has occurred while \output is active []


[3] <switch-1.pdf, id=27, 329.23pt x 194.7275pt>
File: switch-1.pdf Graphic file (type pdf)
 <use switch-1.pdf>
File: solido_networks_solid_RGB.png Graphic file (type png)

<use solido_networks_solid_RGB.png>
Overfull \vbox (45.39008pt too high) has occurred while \output is active []


[4 </userdata/projects/security-courses/images/switch-1.pdf>]
<router-redundancy-1.pdf, id=204, 297.11pt x 243.91125pt>
File: router-redundancy-1.pdf Graphic file (type pdf)

<use router-redundancy-1.pdf>
File: solido_networks_solid_RGB.png Graphic file (type png)
 <use solido_networks_solid_RGB.png>
Overfull \vbox (45.39008pt too high) has occurred while \output is active []


[5 </userdata/projects/security-courses/images/router-redundancy-1.pdf>]
File: solido_networks_solid_RGB.png Graphic file (type png)

<use solido_networks_solid_RGB.png>
Overfull \vbox (45.39008pt too high) has occurred while \output is active []


[6] <as12617-ipv4.png, id=281, 722.7pt x 583.17876pt>
File: as12617-ipv4.png Graphic file (type png)
 <use as12617-ipv4.png>
File: solido_networks_solid_RGB.png Graphic file (type png)

<use solido_networks_solid_RGB.png>
Overfull \vbox (45.39008pt too high) has occurred while \output is active []


[7 </userdata/projects/security-courses/presentations/network/osd-2011-Network-
Management/images/as12617-ipv4.png>]
File: solido_networks_solid_RGB.png Graphic file (type png)
 <use solido_networks_solid_RGB.png>
Overfull \vbox (45.39008pt too high) has occurred while \output is active []


[8]
LaTeX Font Info:    Try loading font information for OMS+pcr on input line 114.

 (/usr/local/texlive/2010/texmf-dist/tex/latex/psnfss/omspcr.fd
File: omspcr.fd 
)
LaTeX Font Info:    Font shape `OMS/pcr/m/n' in size <24.88> not available
(Font)              Font shape `OMS/cmsy/m/n' tried instead on input line 114.
File: solido_networks_solid_RGB.png Graphic file (type png)

<use solido_networks_solid_RGB.png>
Overfull \vbox (45.39008pt too high) has occurred while \output is active []


[9] <images/snmp-location.png, id=298, 790.955pt x 349.305pt>
File: images/snmp-location.png Graphic file (type png)

<use images/snmp-location.png>
File: solido_networks_solid_RGB.png Graphic file (type png)
 <use solido_networks_solid_RGB.png>
Overfull \vbox (45.39008pt too high) has occurred while \output is active []


[10 <./images/snmp-location.png (PNG copy)>]
<images/lldp-dell-8024f.png, id=303, 561.09625pt x 450.68375pt>
File: images/lldp-dell-8024f.png Graphic file (type png)

<use images/lldp-dell-8024f.png>
File: solido_networks_solid_RGB.png Graphic file (type png)
 <use solido_networks_solid_RGB.png>
Overfull \vbox (45.39008pt too high) has occurred while \output is active []


[11 <./images/lldp-dell-8024f.png (PNG copy)>]
<images/lldp-mess-censor.png, id=308, 1169.36874pt x 406.51875pt>
File: images/lldp-mess-censor.png Graphic file (type png)

<use images/lldp-mess-censor.png>
Overfull \hbox (20.0pt too wide) in paragraph at lines 150--150
 [][][][][][] 
 []

File: solido_networks_solid_RGB.png Graphic file (type png)
<use solido_networks_solid_RGB.png>
Overfull \vbox (45.39008pt too high) has occurred while \output is active []


[12 <./images/lldp-mess-censor.png>]
LaTeX Font Info:    Font shape `OT1/phv/bx/n' in size <14.4> not available
(Font)              Font shape `OT1/phv/b/n' tried instead on input line 163.
File: solido_networks_solid_RGB.png Graphic file (type png)
 <use solido_networks_solid_RGB.png>
Overfull \vbox (45.39008pt too high) has occurred while \output is active []


[13]
File: solido_networks_solid_RGB.png Graphic file (type png)
 <use solido_networks_solid_RGB.png>
Overfull \vbox (45.39008pt too high) has occurred while \output is active []


[14]
File: solido_networks_solid_RGB.png Graphic file (type png)
 <use solido_networks_solid_RGB.png>
Overfull \vbox (45.39008pt too high) has occurred while \output is active []


[15]
File: solido_networks_solid_RGB.png Graphic file (type png)
 <use solido_networks_solid_RGB.png>
Overfull \vbox (45.39008pt too high) has occurred while \output is active []


[16] <images/soekris-siig-4S-3.jpg, id=333, 1284.8pt x 963.6pt>
File: images/soekris-siig-4S-3.jpg Graphic file (type jpg)

<use images/soekris-siig-4S-3.jpg>
File: solido_networks_solid_RGB.png Graphic file (type png)
 <use solido_networks_solid_RGB.png>
Overfull \vbox (45.39008pt too high) has occurred while \output is active []


[17 <./images/soekris-siig-4S-3.jpg>]
File: solido_networks_solid_RGB.png Graphic file (type png)
 <use solido_networks_solid_RGB.png>
Overfull \vbox (45.39008pt too high) has occurred while \output is active []


[18]
File: solido_networks_solid_RGB.png Graphic file (type png)
 <use solido_networks_solid_RGB.png>
Overfull \vbox (45.39008pt too high) has occurred while \output is active []


[19] <images/mrtg-small.png, id=349, 525.965pt x 405.515pt>
File: images/mrtg-small.png Graphic file (type png)

<use images/mrtg-small.png>
File: solido_networks_solid_RGB.png Graphic file (type png)
 <use solido_networks_solid_RGB.png>
Overfull \vbox (45.39008pt too high) has occurred while \output is active []


[20 <./images/mrtg-small.png (PNG copy)>]
<images/smokeping-packet-loss1.png, id=354, 699.61375pt x 623.32875pt>
File: images/smokeping-packet-loss1.png Graphic file (type png)

<use images/smokeping-packet-loss1.png>
File: solido_networks_solid_RGB.png Graphic file (type png)
 <use solido_networks_solid_RGB.png>
Overfull \vbox (45.39008pt too high) has occurred while \output is active []


[21 <./images/smokeping-packet-loss1.png>]
<images/smokeping-latency-change.png, id=360, 699.61375pt x 623.32875pt>
File: images/smokeping-latency-change.png Graphic file (type png)

<use images/smokeping-latency-change.png>
File: solido_networks_solid_RGB.png Graphic file (type png)
 <use solido_networks_solid_RGB.png>
Overfull \vbox (45.39008pt too high) has occurred while \output is active []


[22 <./images/smokeping-latency-change.png>]
File: solido_networks_solid_RGB.png Graphic file (type png)

<use solido_networks_solid_RGB.png>
Overfull \vbox (45.39008pt too high) has occurred while \output is active []


[23] <images/nfsen-overview.png, id=372, 702.625pt x 605.26125pt>
File: images/nfsen-overview.png Graphic file (type png)

<use images/nfsen-overview.png>
File: solido_networks_solid_RGB.png Graphic file (type png)
 <use solido_networks_solid_RGB.png>
Overfull \vbox (45.39008pt too high) has occurred while \output is active []


[24 <./images/nfsen-overview.png>]
<images/nfsen-processing-1.png, id=378, 702.625pt x 580.1675pt>
File: images/nfsen-processing-1.png Graphic file (type png)

<use images/nfsen-processing-1.png>
File: solido_networks_solid_RGB.png Graphic file (type png)
 <use solido_networks_solid_RGB.png>
Overfull \vbox (45.39008pt too high) has occurred while \output is active []


[25 <./images/nfsen-processing-1.png>]
Overfull \hbox (6.73862pt too wide) in paragraph at lines 310--310
[] \OT1/pcr/m/n/14.4 Host                                             Loss%   S
nt   Last   Avg  Best  Wrst StDev[] 
 []


Overfull \hbox (6.73862pt too wide) in paragraph at lines 311--311
[] \OT1/pcr/m/n/14.4 1. 2001:16d8:dd0e:1::100                          0.0%    
 7    0.1   0.1   0.1   0.1   0.0[] 
 []


Overfull \hbox (6.73862pt too wide) in paragraph at lines 312--312
[] \OT1/pcr/m/n/14.4 2. gw-26.cph-01.dk.sixxs.net                      0.0%    
 6   13.7  13.7  13.6  13.9   0.1[] 
 []


Overfull \hbox (6.73862pt too wide) in paragraph at lines 313--313
[] \OT1/pcr/m/n/14.4 3. 3229-sixxs.cr0-r72.gbl-cph.dk.ip6.p80.net      0.0%    
 6   14.3  14.3  14.3  14.4   0.0[] 
 []


Overfull \hbox (6.73862pt too wide) in paragraph at lines 314--314
[] \OT1/pcr/m/n/14.4 4. te4-3-r72.cr0-r70.tc2-ams.nl.ip6.p80.net       0.0%    
 6   25.4  51.0  25.3 178.6  62.5[] 
 []


Overfull \hbox (6.73862pt too wide) in paragraph at lines 315--315
[] \OT1/pcr/m/n/14.4 5. 20gigabitethernet1-3.core1.ams1.ipv6.he.net    0.0%    
 6   25.8  26.5  25.7  29.9   1.7[] 
 []


Overfull \hbox (6.73862pt too wide) in paragraph at lines 316--316
[] \OT1/pcr/m/n/14.4 6. ge-0.ams-ix.amstnl02.nl.bb.gin.ntt.net         0.0%    
 6   26.3  32.0  26.3  60.2  13.8[] 
 []


Overfull \hbox (6.73862pt too wide) in paragraph at lines 317--317
[] \OT1/pcr/m/n/14.4 7. as-0.r25.tokyjp01.jp.bb.gin.ntt.net            0.0%    
 6  284.1 306.1 283.6 372.8  37.1[] 
 []


Overfull \hbox (6.73862pt too wide) in paragraph at lines 318--318
[] \OT1/pcr/m/n/14.4 8. po-2.a15.tokyjp01.jp.ra.gin.ntt.net            0.0%    
 6  298.4 298.3 298.1 298.5   0.2[] 
 []


Overfull \hbox (6.73862pt too wide) in paragraph at lines 319--319
[] \OT1/pcr/m/n/14.4 9. ge-8-2.a15.tokyjp01.jp.ra.gin.ntt.net          0.0%    
 6  301.2 301.2 300.9 301.7   0.3[] 
 []


Overfull \hbox (6.73862pt too wide) in paragraph at lines 320--320
[]\OT1/pcr/m/n/14.4 10. ve44.foundry6.otemachi.wide.ad.jp              0.0%    
 6  300.9 300.9 300.8 301.0   0.1[] 
 []


Overfull \hbox (6.73862pt too wide) in paragraph at lines 321--321
[]\OT1/pcr/m/n/14.4 11. ve42.foundry4.nezu.wide.ad.jp                  0.0%    
 6  301.0 301.0 300.9 301.3   0.2[] 
 []


Overfull \hbox (6.73862pt too wide) in paragraph at lines 322--322
[]\OT1/pcr/m/n/14.4 12. cloud-net1.wide.ad.jp                          0.0%    
 6  301.1 301.0 300.9 301.1   0.1[] 
 []


Overfull \hbox (6.73862pt too wide) in paragraph at lines 323--323
[]\OT1/pcr/m/n/14.4 13. 2001:200:dff:fff1:216:3eff:feb1:44d7           0.0%    
 6  301.3 301.2 301.0 301.3   0.1[] 
 []

File: solido_networks_solid_RGB.png Graphic file (type png)
<use solido_networks_solid_RGB.png>
Overfull \vbox (45.39008pt too high) has occurred while \output is active []


[26]
File: solido_networks_solid_RGB.png Graphic file (type png)
 <use solido_networks_solid_RGB.png>
Overfull \vbox (45.39008pt too high) has occurred while \output is active []


[27]
File: solido_networks_solid_RGB.png Graphic file (type png)
 <use solido_networks_solid_RGB.png>
Overfull \vbox (45.39008pt too high) has occurred while \output is active []


[28]
File: solido_networks_solid_RGB.png Graphic file (type png)
 <use solido_networks_solid_RGB.png>
Overfull \vbox (45.39008pt too high) has occurred while \output is active []


[29]
LaTeX Font Info:    Font shape `OMS/pcr/m/n' in size <14.4> not available
(Font)              Font shape `OMS/cmsy/m/n' tried instead on input line 398.
File: solido_networks_solid_RGB.png Graphic file (type png)
 <use solido_networks_solid_RGB.png>
Overfull \vbox (45.39008pt too high) has occurred while \output is active []


[30] <images/rancid-email.png, id=407, 543.02875pt x 368.37625pt>
File: images/rancid-email.png Graphic file (type png)

<use images/rancid-email.png>
File: solido_networks_solid_RGB.png Graphic file (type png)
 <use solido_networks_solid_RGB.png>
Overfull \vbox (45.39008pt too high) has occurred while \output is active []


[31 <./images/rancid-email.png>]
<images/rancid-websvn.png, id=414, 800.9925pt x 318.18875pt>
File: images/rancid-websvn.png Graphic file (type png)

<use images/rancid-websvn.png>
File: solido_networks_solid_RGB.png Graphic file (type png)
 <use solido_networks_solid_RGB.png>
Overfull \vbox (45.39008pt too high) has occurred while \output is active []


[32 <./images/rancid-websvn.png (PNG copy)>]
LaTeX Font Info:    Font shape `OT1/phv/m/it' in size <20.74> not available
(Font)              Font shape `OT1/phv/m/sl' tried instead on input line 427.
File: solido_networks_solid_RGB.png Graphic file (type png)

<use solido_networks_solid_RGB.png>
Overfull \vbox (45.39008pt too high) has occurred while \output is active []


[33]
Overfull \hbox (32.65862pt too wide) in paragraph at lines 459--459
[]        \OT1/pcr/m/n/14.4 -re "(Host key not found |The authenticity of host 
.* be established).*\(yes\/no\)\?" {[] 
 []

File: solido_networks_solid_RGB.png Graphic file (type png)
<use solido_networks_solid_RGB.png>
Overfull \vbox (45.39008pt too high) has occurred while \output is active []


[34]
Overfull \hbox (3.04315pt too wide) in paragraph at lines 478--480
[][]$\OT1/pcr/m/n/24.88 http : / / www . observium . org / wiki / CentOS _ SVN 
_ Installation$[][] 
 []

File: solido_networks_solid_RGB.png Graphic file (type png)
<use solido_networks_solid_RGB.png>
Overfull \vbox (45.39008pt too high) has occurred while \output is active []


[35] <observium-logo.png, id=433, 243.15843pt x 45.16875pt>
File: observium-logo.png Graphic file (type png)

<use observium-logo.png>
File: solido_networks_solid_RGB.png Graphic file (type png)
 <use solido_networks_solid_RGB.png>
Overfull \vbox (45.39008pt too high) has occurred while \output is active []


[36 </userdata/projects/security-courses/presentations/network/osd-2011-Network
-Management/images/observium-logo.png (PNG copy)>]
<srx-cph-02-ipv6.png, id=438, 1213.53375pt x 691.58376pt>
File: srx-cph-02-ipv6.png Graphic file (type png)

<use srx-cph-02-ipv6.png>
File: solido_networks_solid_RGB.png Graphic file (type png)
 <use solido_networks_solid_RGB.png>
Overfull \vbox (45.39008pt too high) has occurred while \output is active []


[37 </userdata/projects/security-courses/presentations/network/osd-2011-Network
-Management/images/srx-cph-02-ipv6.png (PNG copy)>]
LaTeX Font Info:    Font shape `OMS/pcr/m/n' in size <20.74> not available
(Font)              Font shape `OMS/cmsy/m/n' tried instead on input line 511.
File: solido_networks_solid_RGB.png Graphic file (type png)

<use solido_networks_solid_RGB.png>
Overfull \vbox (45.39008pt too high) has occurred while \output is active []


[38] <images/observium-ports.png, id=449, 738.76pt x 505.89pt>
File: images/observium-ports.png Graphic file (type png)

<use images/observium-ports.png>
File: solido_networks_solid_RGB.png Graphic file (type png)
 <use solido_networks_solid_RGB.png>
Overfull \vbox (45.39008pt too high) has occurred while \output is active []


[39 <./images/observium-ports.png (PNG copy)>]
<images/observium-peering-ports.png, id=454, 862.22125pt x 613.29124pt>
File: images/observium-peering-ports.png Graphic file (type png)

<use images/observium-peering-ports.png>
File: solido_networks_solid_RGB.png Graphic file (type png)
 <use solido_networks_solid_RGB.png>
Overfull \vbox (45.39008pt too high) has occurred while \output is active []


[40 <./images/observium-peering-ports.png (PNG copy)>]
<images/observium-drill-down.png, id=459, 1213.53375pt x 544.0325pt>
File: images/observium-drill-down.png Graphic file (type png)

<use images/observium-drill-down.png>
Overfull \hbox (20.0pt too wide) in paragraph at lines 537--537
 [][][][][][] 
 []

File: solido_networks_solid_RGB.png Graphic file (type png)
<use solido_networks_solid_RGB.png>
Overfull \vbox (45.39008pt too high) has occurred while \output is active []


[41 <./images/observium-drill-down.png (PNG copy)>]
<images/mrtg-weathermap.png, id=464, 494.84875pt x 264.99pt>
File: images/mrtg-weathermap.png Graphic file (type png)

<use images/mrtg-weathermap.png>
File: solido_networks_solid_RGB.png Graphic file (type png)
 <use solido_networks_solid_RGB.png>
Overfull \vbox (45.39008pt too high) has occurred while \output is active []


[42 <./images/mrtg-weathermap.png (PNG copy)>]
File: solido_networks_solid_RGB.png Graphic file (type png)

<use solido_networks_solid_RGB.png>
Overfull \vbox (45.39008pt too high) has occurred while \output is active []


[43]
File: solido_networks_solid_RGB.png Graphic file (type png)
 <use solido_networks_solid_RGB.png>
Overfull \vbox (45.39008pt too high) has occurred while \output is active []


[44]

LaTeX Font Warning: Font shape `U/wasy/m/n' in size <29.86> not available
(Font)              size <24.88> substituted on input line 584.

LaTeX Font Info:    Font shape `OT1/phv/bx/n' in size <29.86> not available
(Font)              Font shape `OT1/phv/b/n' tried instead on input line 586.
File: solido_networks_solid_RGB.png Graphic file (type png)
<use solido_networks_solid_RGB.png>
Overfull \vbox (45.39008pt too high) has occurred while \output is active []


[45] <images/henrik-2009.jpg, id=489, 2793.43625pt x 2285.53876pt>
File: images/henrik-2009.jpg Graphic file (type jpg)

<use images/henrik-2009.jpg>
Package atveryend Info: Empty hook `BeforeClearDocument' on input line 591.
File: solido_networks_solid_RGB.png Graphic file (type png)
 <use solido_networks_solid_RGB.png>
Overfull \vbox (45.39008pt too high) has occurred while \output is active []


[46 </userdata/projects/security-courses/images/henrik-2009.jpg>]
Package atveryend Info: Empty hook `AfterLastShipout' on input line 591.

(./osd-2011-Network-Management.aux)
Package atveryend Info: Executing hook `AtVeryEndDocument' on input line 591.
Package rerunfilecheck Info: File `osd-2011-Network-Management.out' has not cha
nged.
(rerunfilecheck)             Checksum: D41D8CD98F00B204E9800998ECF8427E;0.


LaTeX Font Warning: Size substitutions with differences
(Font)              up to 4.98pt have occurred.

 ) 
Here is how much of TeX's memory you used:
 6634 strings out of 494470
 100939 string characters out of 3167281
 184079 words of memory out of 3000000
 9609 multiletter control sequences out of 15000+200000
 38687 words of font info for 89 fonts, out of 3000000 for 9000
 405 hyphenation exceptions out of 8191
 40i,13n,45p,405b,322s stack positions out of 5000i,500n,10000p,200000b,50000s
{/usr/local/texlive/2010/texmf-dist/fonts/enc/dvips/base/8r.enc}</usr/local/t
exlive/2010/texmf-dist/fonts/type1/public/amsfonts/cm/cmsy10.pfb></usr/local/te
xlive/2010/texmf-dist/fonts/type1/public/amsfonts/cm/cmsy7.pfb></usr/local/texl
ive/2010/texmf-dist/fonts/type1/urw/courier/ucrr8a.pfb></usr/local/texlive/2010
/texmf-dist/fonts/type1/urw/helvetic/uhvb8a.pfb></usr/local/texlive/2010/texmf-
dist/fonts/type1/urw/helvetic/uhvr8a.pfb></usr/local/texlive/2010/texmf-dist/fo
nts/type1/urw/helvetic/uhvro8a.pfb>
Output written on osd-2011-Network-Management.pdf (46 pages, 2679354 bytes).
PDF statistics:
 532 PDF objects out of 1000 (max. 8388607)
 328 compressed objects within 4 object streams
 47 named destinations out of 1000 (max. 500000)
 116 words of extra memory for PDF output out of 10000 (max. 10000000)

