This is pdfTeX, Version 3.1415926-2.5-1.40.14 (TeX Live 2013) (format=pdflatex 2013.6.27)  4 NOV 2013 11:57
entering extended mode
 restricted \write18 enabled.
 %&-line parsing enabled.
**tor-talk-prosa.tex
(./tor-talk-prosa.tex
LaTeX2e <2011/06/27>
Babel <3.9f> and hyphenation patterns for 78 languages loaded.
(/userdata/projects/github/security-courses/texfiles/foiltex/foils.cls
Document Class: foils 2002/10/29 v2.1.4a FoilTeX Class File, Copyright IBM 1995
,1997,1998,2002
(/userdata/projects/github/security-courses/texfiles/foiltex/fltfonts.def
File: fltfonts.def 2002/10/29 v2.1.4a FoilTeX font definition file, Copyright I
BM 1995,1997,1998,2002
\symflasy=\mathgroup4
LaTeX Info: Redefining \em on input line 243.
LaTeX Font Info:    Overwriting symbol font `operators' in version `normal'
(Font)                  OT1/cmr/m/n --> OT1/fcmr/m/n on input line 245.
LaTeX Font Info:    Overwriting symbol font `letters' in version `normal'
(Font)                  OML/cmm/m/it --> OML/fcmm/m/it on input line 246.
LaTeX Font Info:    Overwriting symbol font `symbols' in version `normal'
(Font)                  OMS/cmsy/m/n --> OMS/fcmsy/m/n on input line 247.
LaTeX Font Info:    Overwriting symbol font `largesymbols' in version `normal'
(Font)                  OMX/cmex/m/n --> OMX/fcmex/m/n on input line 248.
LaTeX Font Info:    Overwriting symbol font `operators' in version `bold'
(Font)                  OT1/cmr/bx/n --> OT1/fcmr/bx/n on input line 249.
LaTeX Font Info:    Overwriting symbol font `letters' in version `bold'
(Font)                  OML/cmm/b/it --> OML/fcmm/b/it on input line 250.
LaTeX Font Info:    Overwriting symbol font `symbols' in version `bold'
(Font)                  OMS/cmsy/b/n --> OMS/fcmsy/b/n on input line 251.
LaTeX Font Info:    Overwriting symbol font `largesymbols' in version `bold'
(Font)                  OMX/cmex/m/n --> OMX/fcmex/m/n on input line 252.
LaTeX Font Info:    Redeclaring math alphabet \mathrm on input line 253.
LaTeX Font Info:    Redeclaring math alphabet \mathbf on input line 254.
LaTeX Font Info:    Overwriting math alphabet `\mathbf' in version `normal'
(Font)                  OT1/cmr/bx/n --> OT1/fcmr/bx/n on input line 254.
LaTeX Font Info:    Overwriting math alphabet `\mathbf' in version `bold'
(Font)                  OT1/cmr/bx/n --> OT1/fcmr/bx/n on input line 254.
LaTeX Font Info:    Redeclaring math alphabet \mathsf on input line 255.
LaTeX Font Info:    Overwriting math alphabet `\mathsf' in version `normal'
(Font)                  OT1/cmss/m/n --> OT1/fcmss/m/n on input line 255.
LaTeX Font Info:    Overwriting math alphabet `\mathsf' in version `bold'
(Font)                  OT1/cmss/bx/n --> OT1/fcmss/m/n on input line 255.
LaTeX Font Info:    Redeclaring math alphabet \mathit on input line 256.
LaTeX Font Info:    Overwriting math alphabet `\mathit' in version `normal'
(Font)                  OT1/cmr/m/it --> OT1/fcmr/m/it on input line 256.
LaTeX Font Info:    Overwriting math alphabet `\mathit' in version `bold'
(Font)                  OT1/cmr/bx/it --> OT1/fcmr/m/it on input line 256.
LaTeX Font Info:    Redeclaring math alphabet \mathtt on input line 257.
LaTeX Font Info:    Overwriting math alphabet `\mathtt' in version `normal'
(Font)                  OT1/cmtt/m/n --> OT1/fcmtt/m/n on input line 257.
LaTeX Font Info:    Overwriting math alphabet `\mathtt' in version `bold'
(Font)                  OT1/cmtt/m/n --> OT1/fcmtt/m/n on input line 257.
)
(/userdata/projects/github/security-courses/texfiles/foiltex/foil20.clo
File: foil20.clo 2002/10/29 v2.1.4a FoilTeX file (size option), Copyright IBM 1
995,1997,1998,2002
)
\head@footskip=\dimen102
\@foilheight=\dimen103
\@foilwidth=\dimen104
\abovetitleskip=\skip41
\titleauthorskip=\skip42
\authorauthorskip=\skip43
\authordateskip=\skip44
\dateabstractskip=\skip45
\@tempfootbox=\box26
\@tempfootht=\dimen105
\bibindent=\dimen106
\abovecaptionskip=\skip46
\belowcaptionskip=\skip47
\@captionwidth=\skip48
\captionwidth=\skip49
\abovefloatskip=\skip50
\c@table=\count79
\c@figure=\count80
\foilheadskip=\skip51
\c@Theorem=\count81
\c@Lemma=\count82
\c@Corollary=\count83
\c@Proposition=\count84
\c@Definition=\count85
)
(/userdata/projects/github/security-courses/texfiles/solido-network-slides.sty
(/usr/local/texlive/2013/texmf-dist/tex/latex/base/inputenc.sty
Package: inputenc 2008/03/30 v1.1d Input encoding file
\inpenc@prehook=\toks14
\inpenc@posthook=\toks15

(/usr/local/texlive/2013/texmf-dist/tex/latex/base/latin1.def
File: latin1.def 2008/03/30 v1.1d Input encoding file
))
(/usr/local/texlive/2013/texmf-dist/tex/latex/psnfss/times.sty
Package: times 2005/04/12 PSNFSS-v9.2a (SPQR) 
)
(/usr/local/texlive/2013/texmf-dist/tex/latex/graphics/color.sty
Package: color 2005/11/14 v1.0j Standard LaTeX Color (DPC)

(/usr/local/texlive/2013/texmf-dist/tex/latex/latexconfig/color.cfg
File: color.cfg 2007/01/18 v1.5 color configuration of teTeX/TeXLive
)
Package color Info: Driver file: pdftex.def on input line 130.

(/usr/local/texlive/2013/texmf-dist/tex/latex/pdftex-def/pdftex.def
File: pdftex.def 2011/05/27 v0.06d Graphics/color for pdfTeX

(/usr/local/texlive/2013/texmf-dist/tex/generic/oberdiek/infwarerr.sty
Package: infwarerr 2010/04/08 v1.3 Providing info/warning/error messages (HO)
)
(/usr/local/texlive/2013/texmf-dist/tex/generic/oberdiek/ltxcmds.sty
Package: ltxcmds 2011/11/09 v1.22 LaTeX kernel commands for general use (HO)
)
\Gread@gobject=\count86
))
(/usr/local/texlive/2013/texmf-dist/tex/latex/wallpaper/wallpaper.sty
Package: wallpaper 2005/01/18, v1.01 easy wallpaper formatting (MHFW)

(/usr/local/texlive/2013/texmf-dist/tex/latex/base/ifthen.sty
Package: ifthen 2001/05/26 v1.1c Standard LaTeX ifthen package (DPC)
)
(/usr/local/texlive/2013/texmf-dist/tex/latex/tools/calc.sty
Package: calc 2007/08/22 v4.3 Infix arithmetic (KKT,FJ)
\calc@Acount=\count87
\calc@Bcount=\count88
\calc@Adimen=\dimen107
\calc@Bdimen=\dimen108
\calc@Askip=\skip52
\calc@Bskip=\skip53
LaTeX Info: Redefining \setlength on input line 76.
LaTeX Info: Redefining \addtolength on input line 77.
\calc@Ccount=\count89
\calc@Cskip=\skip54
)
(/usr/local/texlive/2013/texmf-dist/tex/latex/eso-pic/eso-pic.sty
Package: eso-pic 2010/10/06 v2.0c eso-pic (RN)

(/usr/local/texlive/2013/texmf-dist/tex/generic/oberdiek/atbegshi.sty
Package: atbegshi 2011/10/05 v1.16 At begin shipout hook (HO)

(/usr/local/texlive/2013/texmf-dist/tex/generic/oberdiek/ifpdf.sty
Package: ifpdf 2011/01/30 v2.3 Provides the ifpdf switch (HO)
Package ifpdf Info: pdfTeX in PDF mode is detected.
))
(/usr/local/texlive/2013/texmf-dist/tex/latex/graphics/keyval.sty
Package: keyval 1999/03/16 v1.13 key=value parser (DPC)
\KV@toks@=\toks16
))
(/usr/local/texlive/2013/texmf-dist/tex/latex/graphics/graphicx.sty
Package: graphicx 1999/02/16 v1.0f Enhanced LaTeX Graphics (DPC,SPQR)

(/usr/local/texlive/2013/texmf-dist/tex/latex/graphics/graphics.sty
Package: graphics 2009/02/05 v1.0o Standard LaTeX Graphics (DPC,SPQR)

(/usr/local/texlive/2013/texmf-dist/tex/latex/graphics/trig.sty
Package: trig 1999/03/16 v1.09 sin cos tan (DPC)
)
(/usr/local/texlive/2013/texmf-dist/tex/latex/latexconfig/graphics.cfg
File: graphics.cfg 2010/04/23 v1.9 graphics configuration of TeX Live
)
Package graphics Info: Driver file: pdftex.def on input line 91.
)
\Gin@req@height=\dimen109
\Gin@req@width=\dimen110
)
\wpXoffset=\skip55
\wpYoffset=\skip56
\tileXoffset=\skip57
\tileYoffset=\skip58
\tilewidth=\skip59
\tileheight=\skip60
\tileX=\skip61
\tileY=\skip62
)
(/usr/local/texlive/2013/texmf-dist/tex/latex/hyperref/hyperref.sty
Package: hyperref 2012/11/06 v6.83m Hypertext links for LaTeX

(/usr/local/texlive/2013/texmf-dist/tex/generic/oberdiek/hobsub-hyperref.sty
Package: hobsub-hyperref 2012/05/28 v1.13 Bundle oberdiek, subset hyperref (HO)


(/usr/local/texlive/2013/texmf-dist/tex/generic/oberdiek/hobsub-generic.sty
Package: hobsub-generic 2012/05/28 v1.13 Bundle oberdiek, subset generic (HO)
Package: hobsub 2012/05/28 v1.13 Construct package bundles (HO)
Package hobsub Info: Skipping package `infwarerr' (already loaded).
Package hobsub Info: Skipping package `ltxcmds' (already loaded).
Package: ifluatex 2010/03/01 v1.3 Provides the ifluatex switch (HO)
Package ifluatex Info: LuaTeX not detected.
Package: ifvtex 2010/03/01 v1.5 Detect VTeX and its facilities (HO)
Package ifvtex Info: VTeX not detected.
Package: intcalc 2007/09/27 v1.1 Expandable calculations with integers (HO)
Package hobsub Info: Skipping package `ifpdf' (already loaded).
Package: etexcmds 2011/02/16 v1.5 Avoid name clashes with e-TeX commands (HO)
Package etexcmds Info: Could not find \expanded.
(etexcmds)             That can mean that you are not using pdfTeX 1.50 or
(etexcmds)             that some package has redefined \expanded.
(etexcmds)             In the latter case, load this package earlier.
Package: kvsetkeys 2012/04/25 v1.16 Key value parser (HO)
Package: kvdefinekeys 2011/04/07 v1.3 Define keys (HO)
Package: pdftexcmds 2011/11/29 v0.20 Utility functions of pdfTeX for LuaTeX (HO
)
Package pdftexcmds Info: LuaTeX not detected.
Package pdftexcmds Info: \pdf@primitive is available.
Package pdftexcmds Info: \pdf@ifprimitive is available.
Package pdftexcmds Info: \pdfdraftmode found.
Package: pdfescape 2011/11/25 v1.13 Implements pdfTeX's escape features (HO)
Package: bigintcalc 2012/04/08 v1.3 Expandable calculations on big integers (HO
)
Package: bitset 2011/01/30 v1.1 Handle bit-vector datatype (HO)
Package: uniquecounter 2011/01/30 v1.2 Provide unlimited unique counter (HO)
)
Package hobsub Info: Skipping package `hobsub' (already loaded).
Package: letltxmacro 2010/09/02 v1.4 Let assignment for LaTeX macros (HO)
Package: hopatch 2012/05/28 v1.2 Wrapper for package hooks (HO)
Package: xcolor-patch 2011/01/30 xcolor patch
Package: atveryend 2011/06/30 v1.8 Hooks at the very end of document (HO)
Package atveryend Info: \enddocument detected (standard20110627).
Package hobsub Info: Skipping package `atbegshi' (already loaded).
Package: refcount 2011/10/16 v3.4 Data extraction from label references (HO)
Package: hycolor 2011/01/30 v1.7 Color options for hyperref/bookmark (HO)
)
(/usr/local/texlive/2013/texmf-dist/tex/generic/ifxetex/ifxetex.sty
Package: ifxetex 2010/09/12 v0.6 Provides ifxetex conditional
)
(/usr/local/texlive/2013/texmf-dist/tex/latex/oberdiek/auxhook.sty
Package: auxhook 2011/03/04 v1.3 Hooks for auxiliary files (HO)
)
(/usr/local/texlive/2013/texmf-dist/tex/latex/oberdiek/kvoptions.sty
Package: kvoptions 2011/06/30 v3.11 Key value format for package options (HO)
)
\@linkdim=\dimen111
\Hy@linkcounter=\count90
\Hy@pagecounter=\count91

(/usr/local/texlive/2013/texmf-dist/tex/latex/hyperref/pd1enc.def
File: pd1enc.def 2012/11/06 v6.83m Hyperref: PDFDocEncoding definition (HO)
)
\Hy@SavedSpaceFactor=\count92

(/usr/local/texlive/2013/texmf-dist/tex/latex/latexconfig/hyperref.cfg
File: hyperref.cfg 2002/06/06 v1.2 hyperref configuration of TeXLive
)
Package hyperref Info: Option `breaklinks' set `true' on input line 4319.
Package hyperref Info: Hyper figures OFF on input line 4443.
Package hyperref Info: Link nesting OFF on input line 4448.
Package hyperref Info: Hyper index ON on input line 4451.
Package hyperref Info: Plain pages OFF on input line 4458.
Package hyperref Info: Backreferencing OFF on input line 4463.
Package hyperref Info: Implicit mode ON; LaTeX internals redefined.
Package hyperref Info: Bookmarks ON on input line 4688.
\c@Hy@tempcnt=\count93

(/usr/local/texlive/2013/texmf-dist/tex/latex/url/url.sty
\Urlmuskip=\muskip10
Package: url 2006/04/12  ver 3.3  Verb mode for urls, etc.
)
LaTeX Info: Redefining \url on input line 5041.
\XeTeXLinkMargin=\dimen112
\Fld@menulength=\count94
\Field@Width=\dimen113
\Fld@charsize=\dimen114
Package hyperref Info: Hyper figures OFF on input line 6295.
Package hyperref Info: Link nesting OFF on input line 6300.
Package hyperref Info: Hyper index ON on input line 6303.
Package hyperref Info: backreferencing OFF on input line 6310.
Package hyperref Info: Link coloring OFF on input line 6315.
Package hyperref Info: Link coloring with OCG OFF on input line 6320.
Package hyperref Info: PDF/A mode OFF on input line 6325.
LaTeX Info: Redefining \ref on input line 6365.
LaTeX Info: Redefining \pageref on input line 6369.
\Hy@abspage=\count95
\c@Item=\count96
\c@Hfootnote=\count97
)

Package hyperref Message: Driver (autodetected): hpdftex.

(/usr/local/texlive/2013/texmf-dist/tex/latex/hyperref/hpdftex.def
File: hpdftex.def 2012/11/06 v6.83m Hyperref driver for pdfTeX
\Fld@listcount=\count98
\c@bookmark@seq@number=\count99

(/usr/local/texlive/2013/texmf-dist/tex/latex/oberdiek/rerunfilecheck.sty
Package: rerunfilecheck 2011/04/15 v1.7 Rerun checks for auxiliary files (HO)
Package uniquecounter Info: New unique counter `rerunfilecheck' on input line 2
82.
)
\Hy@SectionHShift=\skip63
)
(/usr/local/texlive/2013/texmf-dist/tex/latex/breakurl/breakurl.sty
Package: breakurl 2013/04/10 v1.40 Breakable hyperref URLs

(/usr/local/texlive/2013/texmf-dist/tex/latex/xkeyval/xkeyval.sty
Package: xkeyval 2012/10/14 v2.6b package option processing (HA)

(/usr/local/texlive/2013/texmf-dist/tex/generic/xkeyval/xkeyval.tex
\XKV@toks=\toks17
\XKV@tempa@toks=\toks18
\XKV@depth=\count100
File: xkeyval.tex 2012/10/14 v2.6b key=value parser (HA)
))

Package breakurl Warning: You are using breakurl while processing via pdflatex.

(breakurl)                \burl will be just a synonym of \url.
(breakurl)                 on input line 48.

) (/userdata/Dropbox/Networks/marketing/latex/texslides/pause.sty)
(/usr/local/texlive/2013/texmf-dist/tex/latex/base/alltt.sty
Package: alltt 1997/06/16 v2.0g defines alltt environment
)
(/usr/local/texlive/2013/texmf-dist/tex/latex/wasysym/wasysym.sty
Package: wasysym 2003/10/30 v2.0 Wasy-2 symbol support package
\symwasy=\mathgroup5
LaTeX Font Info:    Overwriting symbol font `wasy' in version `bold'
(Font)                  U/wasy/m/n --> U/wasy/b/n on input line 90.
)
(/usr/local/texlive/2013/texmf-dist/tex/generic/babel/babel.sty
Package: babel 2013/05/16 v3.9f The Babel package

(/usr/local/texlive/2013/texmf-dist/tex/generic/babel-danish/danish.ldf
Language: danish 2009/09/19 v1.3r Danish support from the babel system

(/usr/local/texlive/2013/texmf-dist/tex/generic/babel/babel.def
File: babel.def 2013/05/16 v3.9f Babel common definitions
\babel@savecnt=\count101
\U@D=\dimen115
)
Package babel Info: Making " an active character on input line 82.
)
(/usr/local/texlive/2013/texmf-dist/tex/generic/babel-english/english.ldf
Language: english 2012/08/20 v3.3p English support from the babel system
\l@canadian = a dialect from \language\l@american 
\l@australian = a dialect from \language\l@british 
\l@newzealand = a dialect from \language\l@british 
))
(/usr/local/texlive/2013/texmf-dist/tex/latex/fancyhdr/fancyhdr.sty
\fancy@headwidth=\skip64
\f@ncyO@elh=\skip65
\f@ncyO@erh=\skip66
\f@ncyO@olh=\skip67
\f@ncyO@orh=\skip68
\f@ncyO@elf=\skip69
\f@ncyO@erf=\skip70
\f@ncyO@olf=\skip71
\f@ncyO@orf=\skip72
)
(/usr/local/texlive/2013/texmf-dist/tex/latex/moreverb/moreverb.sty
Package: moreverb 2008/06/03 v2.3a `more' verbatim facilities

(/usr/local/texlive/2013/texmf-dist/tex/latex/tools/verbatim.sty
Package: verbatim 2003/08/22 v1.5q LaTeX2e package for verbatim enhancements
\every@verbatim=\toks19
\verbatim@line=\toks20
\verbatim@in@stream=\read1
)
\tab@position=\count102
\tab@size=\count103
\listing@line=\count104
)
(/usr/local/texlive/2013/texmf-dist/tex/latex/tools/xr.sty
Package: xr 1994/05/28 v5.02 eXternal References (DPC)
)
(/usr/local/texlive/2013/texmf-dist/tex/latex/wrapfig/wrapfig.sty
\wrapoverhang=\dimen116
\WF@size=\dimen117
\c@WF@wrappedlines=\count105
\WF@box=\box27
\WF@everypar=\toks21
Package: wrapfig 2003/01/31  v 3.6
)
(/usr/local/texlive/2013/texmf-dist/tex/latex/listings/listings.sty
\lst@mode=\count106
\lst@gtempboxa=\box28
\lst@token=\toks22
\lst@length=\count107
\lst@currlwidth=\dimen118
\lst@column=\count108
\lst@pos=\count109
\lst@lostspace=\dimen119
\lst@width=\dimen120
\lst@newlines=\count110
\lst@lineno=\count111
\lst@maxwidth=\dimen121

(/usr/local/texlive/2013/texmf-dist/tex/latex/listings/lstmisc.sty
File: lstmisc.sty 2007/02/22 1.4 (Carsten Heinz)
\c@lstnumber=\count112
\lst@skipnumbers=\count113
\lst@framebox=\box29
)
(/usr/local/texlive/2013/texmf-dist/tex/latex/listings/listings.cfg
File: listings.cfg 2007/02/22 1.4 listings configuration
))
Package: listings 2007/02/22 1.4 (Carsten Heinz)
Package hyperref Info: Option `colorlinks' set `true' on input line 74.
Package hyperref Info: Option `pdfmenubar' set `true' on input line 74.
Package hyperref Info: Option `pdftoolbar' set `true' on input line 74.
Package color Info: Redefining color titlecolor on input line 297.
)
(/usr/local/texlive/2013/texmf-dist/tex/latex/pdf14/pdf14.sty
Package: pdf14 2010/03/26 v0.1 Generate PDF 1.4 documents (mpg)
)

Package xr Warning: 
No file tor-talk-prosa-exercises.aux
LABELS NOT IMPORTED.
 on input line 10.

(./tor-talk-prosa.aux)
\openout1 = `tor-talk-prosa.aux'.

LaTeX Font Info:    Checking defaults for OML/cmm/m/it on input line 20.
LaTeX Font Info:    ... okay on input line 20.
LaTeX Font Info:    Checking defaults for T1/cmr/m/n on input line 20.
LaTeX Font Info:    ... okay on input line 20.
LaTeX Font Info:    Checking defaults for OT1/cmr/m/n on input line 20.
LaTeX Font Info:    ... okay on input line 20.
LaTeX Font Info:    Checking defaults for OMS/cmsy/m/n on input line 20.
LaTeX Font Info:    ... okay on input line 20.
LaTeX Font Info:    Checking defaults for OMX/cmex/m/n on input line 20.
LaTeX Font Info:    ... okay on input line 20.
LaTeX Font Info:    Checking defaults for U/cmr/m/n on input line 20.
LaTeX Font Info:    ... okay on input line 20.
LaTeX Font Info:    Checking defaults for PD1/pdf/m/n on input line 20.
LaTeX Font Info:    ... okay on input line 20.
LaTeX Font Info:    Try loading font information for OT1+phv on input line 20.

(/usr/local/texlive/2013/texmf-dist/tex/latex/psnfss/ot1phv.fd
File: ot1phv.fd 2001/06/04 scalable font definitions for OT1/phv.
)
(/usr/local/texlive/2013/texmf-dist/tex/context/base/supp-pdf.mkii
[Loading MPS to PDF converter (version 2006.09.02).]
\scratchcounter=\count114
\scratchdimen=\dimen122
\scratchbox=\box30
\nofMPsegments=\count115
\nofMParguments=\count116
\everyMPshowfont=\toks23
\MPscratchCnt=\count117
\MPscratchDim=\dimen123
\MPnumerator=\count118
\makeMPintoPDFobject=\count119
\everyMPtoPDFconversion=\toks24
)
\AtBeginShipoutBox=\box31
 (/usr/local/texlive/2013/texmf-dist/tex/latex/oberdiek/epstopdf-base.sty
Package: epstopdf-base 2010/02/09 v2.5 Base part for package epstopdf

(/usr/local/texlive/2013/texmf-dist/tex/latex/oberdiek/grfext.sty
Package: grfext 2010/08/19 v1.1 Manage graphics extensions (HO)
)
Package grfext Info: Graphics extension search list:
(grfext)             [.png,.pdf,.jpg,.mps,.jpeg,.jbig2,.jb2,.PNG,.PDF,.JPG,.JPE
G,.JBIG2,.JB2,.eps]
(grfext)             \AppendGraphicsExtensions on input line 452.

(/usr/local/texlive/2013/texmf-dist/tex/latex/latexconfig/epstopdf-sys.cfg
File: epstopdf-sys.cfg 2010/07/13 v1.3 Configuration of (r)epstopdf for TeX Liv
e
))
Package hyperref Info: Link coloring ON on input line 20.

(/usr/local/texlive/2013/texmf-dist/tex/latex/hyperref/nameref.sty
Package: nameref 2012/10/27 v2.43 Cross-referencing by name of section

(/usr/local/texlive/2013/texmf-dist/tex/generic/oberdiek/gettitlestring.sty
Package: gettitlestring 2010/12/03 v1.4 Cleanup title references (HO)
)
\c@section@level=\count120
)
LaTeX Info: Redefining \ref on input line 20.
LaTeX Info: Redefining \pageref on input line 20.
LaTeX Info: Redefining \nameref on input line 20.

(./tor-talk-prosa.out) (./tor-talk-prosa.out)
\@outlinefile=\write3
\openout3 = `tor-talk-prosa.out'.

\c@lstlisting=\count121
LaTeX Font Info:    Font shape `OT1/phv/bx/n' in size <24.88> not available
(Font)              Font shape `OT1/phv/b/n' tried instead on input line 23.
LaTeX Font Info:    Font shape `OT1/phv/bx/n' in size <35.83> not available
(Font)              Font shape `OT1/phv/b/n' tried instead on input line 23.
LaTeX Font Info:    Try loading font information for OT1+pcr on input line 23.

(/usr/local/texlive/2013/texmf-dist/tex/latex/psnfss/ot1pcr.fd
File: ot1pcr.fd 2001/06/04 font definitions for OT1/pcr.
)
LaTeX Font Info:    Try loading font information for U+wasy on input line 23.

(/usr/local/texlive/2013/texmf-dist/tex/latex/wasysym/uwasy.fd
File: uwasy.fd 2003/10/30 v2.0 Wasy-2 symbol font definitions
)
<solido_networks_solid_RGB.png, id=4, 1003.75pt x 387.4475pt>
File: solido_networks_solid_RGB.png Graphic file (type png)

<use solido_networks_solid_RGB.png>
Package pdftex.def Info: solido_networks_solid_RGB.png used on input line 31.
(pdftex.def)             Requested size: 113.81102pt x 43.92589pt.

Overfull \vbox (45.39008pt too high) has occurred while \output is active []

LaTeX Font Info:    Try loading font information for OMS+phv on input line 31.

(/usr/local/texlive/2013/texmf-dist/tex/latex/psnfss/omsphv.fd
File: omsphv.fd 
)
LaTeX Font Info:    Font shape `OMS/phv/m/n' in size <12> not available
(Font)              Font shape `OMS/cmsy/m/n' tried instead on input line 31.

<networks_front_divider.jpg, id=6, 971.63pt x 257.96375pt>
File: networks_front_divider.jpg Graphic file (type jpg)

<use networks_front_divider.jpg>
Package pdftex.def Info: networks_front_divider.jpg used on input line 31.
(pdftex.def)             Requested size: 845.04443pt x 224.35579pt.
 [1

{/usr/local/texlive/2013/texmf-var/fonts/map/pdftex/updmap/pdftex.map} </userda
ta/projects/github/security-courses/images/networks_front_divider.jpg> </userda
ta/projects/github/security-courses/images/solido_networks_solid_RGB.png>]
<voksne-bange.png, id=17, 651.43375pt x 442.65375pt>
File: voksne-bange.png Graphic file (type png)
 <use voksne-bange.png>
Package pdftex.def Info: voksne-bange.png used on input line 33.
(pdftex.def)             Requested size: 483.69684pt x 328.6866pt.
File: solido_networks_solid_RGB.png Graphic file (type png)

<use solido_networks_solid_RGB.png>
Package pdftex.def Info: solido_networks_solid_RGB.png used on input line 41.
(pdftex.def)             Requested size: 113.81102pt x 43.92589pt.

Overfull \vbox (45.39008pt too high) has occurred while \output is active []


[2 </userdata/projects/github/security-courses/images/voksne-bange.png>]
File: solido_networks_solid_RGB.png Graphic file (type png)

<use solido_networks_solid_RGB.png>
Package pdftex.def Info: solido_networks_solid_RGB.png used on input line 53.
(pdftex.def)             Requested size: 113.81102pt x 43.92589pt.

Overfull \vbox (45.39008pt too high) has occurred while \output is active []


[3] <jacob-appelbaum.png, id=30, 508.90125pt x 66.2475pt>
File: jacob-appelbaum.png Graphic file (type png)

<use jacob-appelbaum.png>
Package pdftex.def Info: jacob-appelbaum.png used on input line 55.
(pdftex.def)             Requested size: 625.96062pt x 81.48898pt.
File: solido_networks_solid_RGB.png Graphic file (type png)
 <use solido_networks_solid_RGB.png>
Package pdftex.def Info: solido_networks_solid_RGB.png used on input line 63.
(pdftex.def)             Requested size: 113.81102pt x 43.92589pt.

Overfull \vbox (45.39008pt too high) has occurred while \output is active []


[4 </userdata/projects/github/security-courses/presentations/misc/prosa-stud-20
13/jacob-appelbaum.png>] <homer-end-is-near.jpg, id=35, 401.5pt x 301.125pt>
File: homer-end-is-near.jpg Graphic file (type jpg)

<use homer-end-is-near.jpg>
Package pdftex.def Info: homer-end-is-near.jpg used on input line 65.
(pdftex.def)             Requested size: 284.52756pt x 213.40968pt.
LaTeX Font Info:    Font shape `OT1/phv/bx/n' in size <20.74> not available
(Font)              Font shape `OT1/phv/b/n' tried instead on input line 67.
File: solido_networks_solid_RGB.png Graphic file (type png)
 <use solido_networks_solid_RGB.png>
Package pdftex.def Info: solido_networks_solid_RGB.png used on input line 75.
(pdftex.def)             Requested size: 113.81102pt x 43.92589pt.

Overfull \vbox (45.39008pt too high) has occurred while \output is active []


[5 </userdata/projects/github/security-courses/images/homer-end-is-near.jpg>]
<1984-not-instruction-manual.jpg, id=40, 1027.84pt x 770.88pt>
File: 1984-not-instruction-manual.jpg Graphic file (type jpg)

<use 1984-not-instruction-manual.jpg>
Package pdftex.def Info: 1984-not-instruction-manual.jpg used on input line 77.

(pdftex.def)             Requested size: 227.62204pt x 170.71158pt.
File: solido_networks_solid_RGB.png Graphic file (type png)
 <use solido_networks_solid_RGB.png>
Package pdftex.def Info: solido_networks_solid_RGB.png used on input line 86.
(pdftex.def)             Requested size: 113.81102pt x 43.92589pt.

Overfull \vbox (45.39008pt too high) has occurred while \output is active []


[6 </userdata/projects/github/security-courses/images/1984-not-instruction-manu
al.jpg>] <paranoia-definition.png, id=46, 534.99875pt x 456.70625pt>
File: paranoia-definition.png Graphic file (type png)

<use paranoia-definition.png>
Package pdftex.def Info: paranoia-definition.png used on input line 88.
(pdftex.def)             Requested size: 426.79134pt x 364.34804pt.
File: solido_networks_solid_RGB.png Graphic file (type png)
 <use solido_networks_solid_RGB.png>
Package pdftex.def Info: solido_networks_solid_RGB.png used on input line 93.
(pdftex.def)             Requested size: 113.81102pt x 43.92589pt.

Overfull \vbox (45.39008pt too high) has occurred while \output is active []


[7 </userdata/projects/github/security-courses/images/paranoia-definition.png>]
File: solido_networks_solid_RGB.png Graphic file (type png)
<use solido_networks_solid_RGB.png>
Package pdftex.def Info: solido_networks_solid_RGB.png used on input line 116.
(pdftex.def)             Requested size: 113.81102pt x 43.92589pt.

Overfull \vbox (45.39008pt too high) has occurred while \output is active []


[8] <shon-harris-risk-management.png, id=57, 588.1975pt x 205.76875pt>
File: shon-harris-risk-management.png Graphic file (type png)

<use shon-harris-risk-management.png>
Package pdftex.def Info: shon-harris-risk-management.png used on input line 118
.
(pdftex.def)             Requested size: 682.86613pt x 238.88971pt.
File: solido_networks_solid_RGB.png Graphic file (type png)
 <use solido_networks_solid_RGB.png>
Package pdftex.def Info: solido_networks_solid_RGB.png used on input line 124.
(pdftex.def)             Requested size: 113.81102pt x 43.92589pt.

Overfull \vbox (45.39008pt too high) has occurred while \output is active []


[9 </userdata/projects/github/security-courses/images/shon-harris-risk-manageme
nt.png>] <wizard_in_blue_hat.png, id=63, 221.628pt x 320.397pt>
File: wizard_in_blue_hat.png Graphic file (type png)

<use wizard_in_blue_hat.png>
Package pdftex.def Info: wizard_in_blue_hat.png used on input line 128.
(pdftex.def)             Requested size: 113.81102pt x 164.52963pt.

<003scawebgoshindomanicon.png, id=64, 224.84pt x 351.3125pt>
File: 003scawebgoshindomanicon.png Graphic file (type png)

<use 003scawebgoshindomanicon.png>
Package pdftex.def Info: 003scawebgoshindomanicon.png used on input line 130.
(pdftex.def)             Requested size: 170.71652pt x 266.75368pt.
File: solido_networks_solid_RGB.png Graphic file (type png)
 <use solido_networks_solid_RGB.png>
Package pdftex.def Info: solido_networks_solid_RGB.png used on input line 138.
(pdftex.def)             Requested size: 113.81102pt x 43.92589pt.

Overfull \vbox (45.39008pt too high) has occurred while \output is active []


[10 </userdata/projects/github/security-courses/images/wizard_in_blue_hat.png> 
</userdata/projects/github/security-courses/images/003scawebgoshindomanicon.png
 (PNG copy)>]
LaTeX Font Info:    Font shape `OT1/phv/bx/n' in size <29.86> not available
(Font)              Font shape `OT1/phv/b/n' tried instead on input line 142.

Overfull \hbox (131.07092pt too wide) in paragraph at lines 147--151
[][]$\OT1/pcr/m/n/17.28 https : / / www . eff . org / deeplinks / 2011 / 05 / s
yrian-[]man-[]middle-[]against-[]facebook$[][] 
 []

File: solido_networks_solid_RGB.png Graphic file (type png)
<use solido_networks_solid_RGB.png>
Package pdftex.def Info: solido_networks_solid_RGB.png used on input line 156.
(pdftex.def)             Requested size: 113.81102pt x 43.92589pt.

Overfull \vbox (45.39008pt too high) has occurred while \output is active []


[11]
Underfull \hbox (badness 2726) in paragraph at lines 162--164
[]\OT1/phv/m/n/20.74 TOR-users in-fected with ma-li-cious code to re-veal their
 real
 []


Overfull \hbox (102.69514pt too wide) in paragraph at lines 162--164
[][]$\OT1/pcr/m/n/14.4 https : / / blog . torproject . org / blog / hidden-[]se
rvices-[]current-[]events-[]and-[]freedom-[]hosting$[][] 
 []

File: solido_networks_solid_RGB.png Graphic file (type png)
<use solido_networks_solid_RGB.png>
Package pdftex.def Info: solido_networks_solid_RGB.png used on input line 168.
(pdftex.def)             Requested size: 113.81102pt x 43.92589pt.

Overfull \vbox (45.39008pt too high) has occurred while \output is active []


[12] <prism_logo.jpg, id=79, 461.725pt x 347.2975pt>
File: prism_logo.jpg Graphic file (type jpg)
 <use prism_logo.jpg>
Package pdftex.def Info: prism_logo.jpg used on input line 170.
(pdftex.def)             Requested size: 284.52756pt x 214.01329pt.

Overfull \hbox (91.88321pt too wide) in paragraph at lines 173--175
[][]$\OT1/pcr/m/n/20.74 http : / / en . wikipedia . org / wiki / PRISM _ (surve
illance _ program)$[][] 
 []

File: solido_networks_solid_RGB.png Graphic file (type png)
<use solido_networks_solid_RGB.png>
Package pdftex.def Info: solido_networks_solid_RGB.png used on input line 181.
(pdftex.def)             Requested size: 113.81102pt x 43.92589pt.

Overfull \vbox (45.39008pt too high) has occurred while \output is active []


[13 </userdata/projects/github/security-courses/images/prism_logo.jpg>]
<henrik-old.png, id=86, 150.5625pt x 179.67125pt>
File: henrik-old.png Graphic file (type png)
 <use henrik-old.png>
Package pdftex.def Info: henrik-old.png used on input line 182.
(pdftex.def)             Requested size: 227.62204pt x 271.65556pt.
File: solido_networks_solid_RGB.png Graphic file (type png)

<use solido_networks_solid_RGB.png>
Package pdftex.def Info: solido_networks_solid_RGB.png used on input line 197.
(pdftex.def)             Requested size: 113.81102pt x 43.92589pt.

Overfull \vbox (45.39008pt too high) has occurred while \output is active []


[14 </userdata/projects/github/security-courses/images/henrik-old.png>]
<onion-routing.png, id=91, 753.81625pt x 124.465pt>
File: onion-routing.png Graphic file (type png)
 <use onion-routing.png>
Package pdftex.def Info: onion-routing.png used on input line 199.
(pdftex.def)             Requested size: 654.41338pt x 108.05197pt.

Overfull \hbox (113.89409pt too wide) in paragraph at lines 199--199
 [][][][][][] 
 []

File: solido_networks_solid_RGB.png Graphic file (type png)
<use solido_networks_solid_RGB.png>
Package pdftex.def Info: solido_networks_solid_RGB.png used on input line 212.
(pdftex.def)             Requested size: 113.81102pt x 43.92589pt.

Overfull \vbox (45.39008pt too high) has occurred while \output is active []


[15 </userdata/projects/github/security-courses/images/onion-routing.png>]
<tor-project.png, id=97, 640.3925pt x 268.00125pt>
File: tor-project.png Graphic file (type png)
 <use tor-project.png>
Package pdftex.def Info: tor-project.png used on input line 214.
(pdftex.def)             Requested size: 369.88582pt x 154.79878pt.
LaTeX Font Info:    Font shape `OT1/phv/bx/n' in size <17.28> not available
(Font)              Font shape `OT1/phv/b/n' tried instead on input line 217.
File: solido_networks_solid_RGB.png Graphic file (type png)

<use solido_networks_solid_RGB.png>
Package pdftex.def Info: solido_networks_solid_RGB.png used on input line 226.
(pdftex.def)             Requested size: 113.81102pt x 43.92589pt.

Overfull \vbox (45.39008pt too high) has occurred while \output is active []


[16 </userdata/projects/github/security-courses/images/tor-project.png>]
<EmbassyLogo.png, id=103, 559.08875pt x 321.2pt>
File: EmbassyLogo.png Graphic file (type png)
 <use EmbassyLogo.png>
Package pdftex.def Info: EmbassyLogo.png used on input line 228.
(pdftex.def)             Requested size: 341.43306pt x 196.16206pt.
File: solido_networks_solid_RGB.png Graphic file (type png)

<use solido_networks_solid_RGB.png>
Package pdftex.def Info: solido_networks_solid_RGB.png used on input line 238.
(pdftex.def)             Requested size: 113.81102pt x 43.92589pt.

Overfull \vbox (45.39008pt too high) has occurred while \output is active []


[17 </userdata/projects/github/security-courses/images/EmbassyLogo.png>]
<jesper-lund.png, id=109, 716.6775pt x 494.84875pt>
File: jesper-lund.png Graphic file (type png)
 <use jesper-lund.png>
Package pdftex.def Info: jesper-lund.png used on input line 240.
(pdftex.def)             Requested size: 426.79134pt x 294.69162pt.
File: solido_networks_solid_RGB.png Graphic file (type png)

<use solido_networks_solid_RGB.png>
Package pdftex.def Info: solido_networks_solid_RGB.png used on input line 252.
(pdftex.def)             Requested size: 113.81102pt x 43.92589pt.

Overfull \vbox (45.39008pt too high) has occurred while \output is active []


[18 </userdata/projects/github/security-courses/images/jesper-lund.png>]
<protect-from-governments.jpg, id=115, 301.125pt x 301.125pt>
File: protect-from-governments.jpg Graphic file (type jpg)

<use protect-from-governments.jpg>
Package pdftex.def Info: protect-from-governments.jpg used on input line 254.
(pdftex.def)             Requested size: 398.33858pt x 398.3776pt.
File: solido_networks_solid_RGB.png Graphic file (type png)
 <use solido_networks_solid_RGB.png>
Package pdftex.def Info: solido_networks_solid_RGB.png used on input line 257.
(pdftex.def)             Requested size: 113.81102pt x 43.92589pt.

Overfull \vbox (45.39008pt too high) has occurred while \output is active []


[19 </userdata/projects/github/security-courses/images/protect-from-governments
.jpg>]
File: solido_networks_solid_RGB.png Graphic file (type png)
 <use solido_networks_solid_RGB.png>
Package pdftex.def Info: solido_networks_solid_RGB.png used on input line 268.
(pdftex.def)             Requested size: 113.81102pt x 43.92589pt.

Overfull \vbox (45.39008pt too high) has occurred while \output is active []


[20] <how-tor-works-1.png, id=125, 511.9125pt x 327.2225pt>
File: how-tor-works-1.png Graphic file (type png)

<use how-tor-works-1.png>
Package pdftex.def Info: how-tor-works-1.png used on input line 270.
(pdftex.def)             Requested size: 597.50787pt x 381.96002pt.
File: solido_networks_solid_RGB.png Graphic file (type png)
 <use solido_networks_solid_RGB.png>
Package pdftex.def Info: solido_networks_solid_RGB.png used on input line 274.
(pdftex.def)             Requested size: 113.81102pt x 43.92589pt.

Overfull \vbox (45.39008pt too high) has occurred while \output is active []


[21 </userdata/projects/github/security-courses/images/how-tor-works-1.png>]
<how-tor-works-2.png, id=132, 511.9125pt x 327.2225pt>
File: how-tor-works-2.png Graphic file (type png)

<use how-tor-works-2.png>
Package pdftex.def Info: how-tor-works-2.png used on input line 276.
(pdftex.def)             Requested size: 597.50787pt x 381.96002pt.
File: solido_networks_solid_RGB.png Graphic file (type png)
 <use solido_networks_solid_RGB.png>
Package pdftex.def Info: solido_networks_solid_RGB.png used on input line 280.
(pdftex.def)             Requested size: 113.81102pt x 43.92589pt.

Overfull \vbox (45.39008pt too high) has occurred while \output is active []


[22 </userdata/projects/github/security-courses/images/how-tor-works-2.png>]
<how-tor-works-3.png, id=139, 383.93437pt x 245.41687pt>
File: how-tor-works-3.png Graphic file (type png)

<use how-tor-works-3.png>
Package pdftex.def Info: how-tor-works-3.png used on input line 282.
(pdftex.def)             Requested size: 597.50787pt x 381.99121pt.
File: solido_networks_solid_RGB.png Graphic file (type png)
 <use solido_networks_solid_RGB.png>
Package pdftex.def Info: solido_networks_solid_RGB.png used on input line 286.
(pdftex.def)             Requested size: 113.81102pt x 43.92589pt.

Overfull \vbox (45.39008pt too high) has occurred while \output is active []


[23 </userdata/projects/github/security-courses/images/how-tor-works-3.png>]
<vidalia-1.png, id=146, 527.9725pt x 562.1pt>
File: vidalia-1.png Graphic file (type png)
 <use vidalia-1.png>
Package pdftex.def Info: vidalia-1.png used on input line 288.
(pdftex.def)             Requested size: 227.62204pt x 242.33298pt.

<torbrowser-full.png, id=147, 924.45375pt x 595.22375pt>
File: torbrowser-full.png Graphic file (type png)

<use torbrowser-full.png>
Package pdftex.def Info: torbrowser-full.png used on input line 291.
(pdftex.def)             Requested size: 512.1496pt x 329.75366pt.
File: solido_networks_solid_RGB.png Graphic file (type png)
 <use solido_networks_solid_RGB.png>
Package pdftex.def Info: solido_networks_solid_RGB.png used on input line 295.
(pdftex.def)             Requested size: 113.81102pt x 43.92589pt.

Overfull \vbox (45.39008pt too high) has occurred while \output is active []


[24 </userdata/projects/github/security-courses/images/vidalia-1.png> </userdat
a/projects/github/security-courses/images/torbrowser-full.png>]
<400px-Whonix.jpg, id=154, 401.5pt x 215.80624pt>
File: 400px-Whonix.jpg Graphic file (type jpg)
 <use 400px-Whonix.jpg>
Package pdftex.def Info: 400px-Whonix.jpg used on input line 297.
(pdftex.def)             Requested size: 483.69684pt x 260.00346pt.
File: solido_networks_solid_RGB.png Graphic file (type png)

<use solido_networks_solid_RGB.png>
Package pdftex.def Info: solido_networks_solid_RGB.png used on input line 305.
(pdftex.def)             Requested size: 113.81102pt x 43.92589pt.

Overfull \vbox (45.39008pt too high) has occurred while \output is active []


[25 </userdata/projects/github/security-courses/images/400px-Whonix.jpg>]
File: solido_networks_solid_RGB.png Graphic file (type png)

<use solido_networks_solid_RGB.png>
Package pdftex.def Info: solido_networks_solid_RGB.png used on input line 319.
(pdftex.def)             Requested size: 113.81102pt x 43.92589pt.

Overfull \vbox (45.39008pt too high) has occurred while \output is active []


[26]
Overfull \hbox (23.56238pt too wide) in paragraph at lines 326--328
[][]$\OT1/pcr/m/n/17.28 https : / / blog . torproject . org / blog / tor-[]week
ly-[]news-[] % E2 % 80 % 94-[]september-[]11th-[]2013$[][] 
 []

File: solido_networks_solid_RGB.png Graphic file (type png)
<use solido_networks_solid_RGB.png>
Package pdftex.def Info: solido_networks_solid_RGB.png used on input line 329.
(pdftex.def)             Requested size: 113.81102pt x 43.92589pt.

Overfull \vbox (45.39008pt too high) has occurred while \output is active []


[27]
Overfull \hbox (28.85493pt too wide) in paragraph at lines 339--341
[]\OT1/phv/m/n/17.28 cryptoparty.org and Asher Wolf, [][]$\OT1/pcr/m/n/17.28 ht
tps : / / twitter . com / Asher _ Wolf$[][] [][]$https : / / en . wikipedia .
 []

File: solido_networks_solid_RGB.png Graphic file (type png)
<use solido_networks_solid_RGB.png>
Package pdftex.def Info: solido_networks_solid_RGB.png used on input line 350.
(pdftex.def)             Requested size: 113.81102pt x 43.92589pt.

Overfull \vbox (45.39008pt too high) has occurred while \output is active []


[28] <access-now.png, id=184, 961.5925pt x 451.6875pt>
File: access-now.png Graphic file (type png)
 <use access-now.png>
Package pdftex.def Info: access-now.png used on input line 352.
(pdftex.def)             Requested size: 682.86613pt x 320.76929pt.
File: solido_networks_solid_RGB.png Graphic file (type png)

<use solido_networks_solid_RGB.png>
Package pdftex.def Info: solido_networks_solid_RGB.png used on input line 359.
(pdftex.def)             Requested size: 113.81102pt x 43.92589pt.

Overfull \vbox (45.39008pt too high) has occurred while \output is active []


[29 </userdata/projects/github/security-courses/images/access-now.png>]
<tor-kramse-status.png, id=189, 619.31375pt x 418.56375pt>
File: tor-kramse-status.png Graphic file (type png)

<use tor-kramse-status.png>
Package pdftex.def Info: tor-kramse-status.png used on input line 361.
(pdftex.def)             Requested size: 483.69684pt x 326.91908pt.
File: solido_networks_solid_RGB.png Graphic file (type png)
 <use solido_networks_solid_RGB.png>
Package pdftex.def Info: solido_networks_solid_RGB.png used on input line 367.
(pdftex.def)             Requested size: 113.81102pt x 43.92589pt.

Overfull \vbox (45.39008pt too high) has occurred while \output is active []


[30 </userdata/projects/github/security-courses/images/tor-kramse-status.png>]
<michael-conrad.jpg, id=194, 361.35pt x 451.6875pt>
File: michael-conrad.jpg Graphic file (type jpg)
 <use michael-conrad.jpg>
Package pdftex.def Info: michael-conrad.jpg used on input line 369.
(pdftex.def)             Requested size: 142.26378pt x 177.83221pt.
File: solido_networks_solid_RGB.png Graphic file (type png)

<use solido_networks_solid_RGB.png>
Package pdftex.def Info: solido_networks_solid_RGB.png used on input line 382.
(pdftex.def)             Requested size: 113.81102pt x 43.92589pt.

Overfull \vbox (45.39008pt too high) has occurred while \output is active []


[31 </userdata/projects/github/security-courses/images/michael-conrad.jpg>]
<book-ce-150w.jpg, id=201, 54.47487pt x 65.73302pt>
File: book-ce-150w.jpg Graphic file (type jpg)
 <use book-ce-150w.jpg>
Package pdftex.def Info: book-ce-150w.jpg used on input line 384.
(pdftex.def)             Requested size: 227.62204pt x 274.69362pt.
File: solido_networks_solid_RGB.png Graphic file (type png)

<use solido_networks_solid_RGB.png>
Package pdftex.def Info: solido_networks_solid_RGB.png used on input line 392.
(pdftex.def)             Requested size: 113.81102pt x 43.92589pt.

Overfull \vbox (45.39008pt too high) has occurred while \output is active []


[32 </userdata/projects/github/security-courses/images/book-ce-150w.jpg>]
<HTTPS_Everywhere_new_logo.jpg, id=207, 361.35pt x 312.16624pt>
File: HTTPS_Everywhere_new_logo.jpg Graphic file (type jpg)

<use HTTPS_Everywhere_new_logo.jpg>
Package pdftex.def Info: HTTPS_Everywhere_new_logo.jpg used on input line 394.
(pdftex.def)             Requested size: 142.26378pt x 122.90181pt.
File: solido_networks_solid_RGB.png Graphic file (type png)
 <use solido_networks_solid_RGB.png>
Package pdftex.def Info: solido_networks_solid_RGB.png used on input line 405.
(pdftex.def)             Requested size: 113.81102pt x 43.92589pt.

Overfull \vbox (45.39008pt too high) has occurred while \output is active []


[33 </userdata/projects/github/security-courses/images/HTTPS_Everywhere_new_log
o.jpg>]
Overfull \hbox (11.51622pt too wide) in paragraph at lines 416--418
[]\OT1/phv/m/n/17.28 Source: http://www.telegraph.co.uk/technology/10177765/Tra
vellers-mobile-phone-data-seized-by-police-
 []

File: solido_networks_solid_RGB.png Graphic file (type png)
<use solido_networks_solid_RGB.png>
Package pdftex.def Info: solido_networks_solid_RGB.png used on input line 420.
(pdftex.def)             Requested size: 113.81102pt x 43.92589pt.

Overfull \vbox (45.39008pt too high) has occurred while \output is active []


[34]
File: solido_networks_solid_RGB.png Graphic file (type png)
 <use solido_networks_solid_RGB.png>
Package pdftex.def Info: solido_networks_solid_RGB.png used on input line 431.
(pdftex.def)             Requested size: 113.81102pt x 43.92589pt.

Overfull \vbox (45.39008pt too high) has occurred while \output is active []


[35] <nation-of-sheep.jpg, id=221, 1049.9225pt x 694.595pt>
File: nation-of-sheep.jpg Graphic file (type jpg)

<use nation-of-sheep.jpg>
Package pdftex.def Info: nation-of-sheep.jpg used on input line 433.
(pdftex.def)             Requested size: 341.43306pt x 225.87848pt.
File: solido_networks_solid_RGB.png Graphic file (type png)
 <use solido_networks_solid_RGB.png>
Package pdftex.def Info: solido_networks_solid_RGB.png used on input line 444.
(pdftex.def)             Requested size: 113.81102pt x 43.92589pt.

Overfull \vbox (45.39008pt too high) has occurred while \output is active []


[36 </userdata/projects/github/security-courses/images/nation-of-sheep.jpg>]
Package atveryend Info: Empty hook `BeforeClearDocument' on input line 457.
File: solido_networks_solid_RGB.png Graphic file (type png)

<use solido_networks_solid_RGB.png>
Package pdftex.def Info: solido_networks_solid_RGB.png used on input line 457.
(pdftex.def)             Requested size: 113.81102pt x 43.92589pt.

Overfull \vbox (45.39008pt too high) has occurred while \output is active []


[37]
Package atveryend Info: Empty hook `AfterLastShipout' on input line 457.
 (./tor-talk-prosa.aux)
Package atveryend Info: Executing hook `AtVeryEndDocument' on input line 457.
Package atveryend Info: Executing hook `AtEndAfterFileList' on input line 457.
Package rerunfilecheck Info: File `tor-talk-prosa.out' has not changed.
(rerunfilecheck)             Checksum: D41D8CD98F00B204E9800998ECF8427E;0.
Package atveryend Info: Empty hook `AtVeryVeryEnd' on input line 457.
 ) 
Here is how much of TeX's memory you used:
 8511 strings out of 493315
 127086 string characters out of 6137910
 212048 words of memory out of 5000000
 11738 multiletter control sequences out of 15000+600000
 31655 words of font info for 70 fonts, out of 8000000 for 9000
 957 hyphenation exceptions out of 8191
 39i,13n,50p,448b,363s stack positions out of 5000i,500n,10000p,200000b,80000s
{/usr/local/texlive/2013/texmf-dist/fonts/enc/dvips/base/8r.enc}</usr/local/t
exlive/2013/texmf-dist/fonts/type1/public/amsfonts/cm/cmsy10.pfb></usr/local/te
xlive/2013/texmf-dist/fonts/type1/public/amsfonts/cm/cmsy7.pfb></usr/local/texl
ive/2013/texmf-dist/fonts/type1/urw/courier/ucrr8a.pfb></usr/local/texlive/2013
/texmf-dist/fonts/type1/urw/helvetic/uhvb8a.pfb></usr/local/texlive/2013/texmf-
dist/fonts/type1/urw/helvetic/uhvr8a.pfb></usr/local/texlive/2013/texmf-dist/fo
nts/type1/urw/helvetic/uhvro8a.pfb>
Output written on tor-talk-prosa.pdf (37 pages, 2519575 bytes).
PDF statistics:
 270 PDF objects out of 1000 (max. 8388607)
 38 named destinations out of 1000 (max. 500000)
 146 words of extra memory for PDF output out of 10000 (max. 10000000)

