This is pdfTeXk, Version 3.1415926-1.40.9 (Web2C 7.5.7) (format=pdflatex 2009.3.4)  24 MAR 2009 10:01
entering extended mode
 %&-line parsing enabled.
**security-tools-foss.tex
(./security-tools-foss.tex
LaTeX2e <2005/12/01>
Babel <v3.8l> and hyphenation patterns for english, usenglishmax, dumylang, noh
yphenation, coptic, danish, dutch, esperanto, estonian, icelandic, indonesian, 
interlingua, irish, bokmal, nynorsk, romanian, serbian, slovenian, swedish, tur
kish, ukenglish, uppersorbian, welsh, loaded.
(/Users/hlk/projects/latex/misc/texslides/foils.cls
Document Class: foils 1998/08/15 v2.1.3 FoilTeX Class File, Copyright IBM 1995,
1997,1998
(/Users/hlk/projects/latex/misc/texslides/fltfonts.def
File: fltfonts.def 1998/08/15 v2.1.3 FoilTeX font definition file, Copyright IB
M 1995,1997,1998
\symflasy=\mathgroup4
LaTeX Info: Redefining \em on input line 243.
LaTeX Font Info:    Overwriting symbol font `operators' in version `normal'
(Font)                  OT1/cmr/m/n --> OT1/fcmr/m/n on input line 245.
LaTeX Font Info:    Overwriting symbol font `letters' in version `normal'
(Font)                  OML/cmm/m/it --> OML/fcmm/m/it on input line 246.
LaTeX Font Info:    Overwriting symbol font `symbols' in version `normal'
(Font)                  OMS/cmsy/m/n --> OMS/fcmsy/m/n on input line 247.
LaTeX Font Info:    Overwriting symbol font `largesymbols' in version `normal'
(Font)                  OMX/cmex/m/n --> OMX/fcmex/m/n on input line 248.
LaTeX Font Info:    Overwriting symbol font `operators' in version `bold'
(Font)                  OT1/cmr/bx/n --> OT1/fcmr/bx/n on input line 249.
LaTeX Font Info:    Overwriting symbol font `letters' in version `bold'
(Font)                  OML/cmm/b/it --> OML/fcmm/b/it on input line 250.
LaTeX Font Info:    Overwriting symbol font `symbols' in version `bold'
(Font)                  OMS/cmsy/b/n --> OMS/fcmsy/b/n on input line 251.
LaTeX Font Info:    Overwriting symbol font `largesymbols' in version `bold'
(Font)                  OMX/cmex/m/n --> OMX/fcmex/m/n on input line 252.
LaTeX Font Info:    Redeclaring math alphabet \mathrm on input line 253.
LaTeX Font Info:    Redeclaring math alphabet \mathbf on input line 254.
LaTeX Font Info:    Overwriting math alphabet `\mathbf' in version `normal'
(Font)                  OT1/cmr/bx/n --> OT1/fcmr/bx/n on input line 254.
LaTeX Font Info:    Overwriting math alphabet `\mathbf' in version `bold'
(Font)                  OT1/cmr/bx/n --> OT1/fcmr/bx/n on input line 254.
LaTeX Font Info:    Redeclaring math alphabet \mathsf on input line 255.
LaTeX Font Info:    Overwriting math alphabet `\mathsf' in version `normal'
(Font)                  OT1/cmss/m/n --> OT1/fcmss/m/n on input line 255.
LaTeX Font Info:    Overwriting math alphabet `\mathsf' in version `bold'
(Font)                  OT1/cmss/bx/n --> OT1/fcmss/m/n on input line 255.
LaTeX Font Info:    Redeclaring math alphabet \mathit on input line 256.
LaTeX Font Info:    Overwriting math alphabet `\mathit' in version `normal'
(Font)                  OT1/cmr/m/it --> OT1/fcmr/m/it on input line 256.
LaTeX Font Info:    Overwriting math alphabet `\mathit' in version `bold'
(Font)                  OT1/cmr/bx/it --> OT1/fcmr/m/it on input line 256.
LaTeX Font Info:    Redeclaring math alphabet \mathtt on input line 257.
LaTeX Font Info:    Overwriting math alphabet `\mathtt' in version `normal'
(Font)                  OT1/cmtt/m/n --> OT1/fcmtt/m/n on input line 257.
LaTeX Font Info:    Overwriting math alphabet `\mathtt' in version `bold'
(Font)                  OT1/cmtt/m/n --> OT1/fcmtt/m/n on input line 257.
)
(/Users/hlk/projects/latex/misc/texslides/foil20.clo
File: foil20.clo 1998/08/15 v2.1.3 FoilTeX file (size option), Copyright IBM 19
95,1997,1998
)
\head@footskip=\dimen102
\@foilheight=\dimen103
\@foilwidth=\dimen104
\abovetitleskip=\skip41
\titleauthorskip=\skip42
\authorauthorskip=\skip43
\authordateskip=\skip44
\dateabstractskip=\skip45
\@tempfootbox=\box26
\@tempfootht=\dimen105
\bibindent=\dimen106
\abovecaptionskip=\skip46
\belowcaptionskip=\skip47
\@captionwidth=\skip48
\captionwidth=\skip49
\abovefloatskip=\skip50
\c@table=\count79
\c@figure=\count80
\foilheadskip=\skip51
\c@Theorem=\count81
\c@Lemma=\count82
\c@Corollary=\count83
\c@Proposition=\count84
\c@Definition=\count85
)
(/userdata/projects/security-courses/texfiles/sec6slides.sty
(/usr/local/texlive/2008/texmf-dist/tex/latex/base/inputenc.sty
Package: inputenc 2006/05/05 v1.1b Input encoding file
\inpenc@prehook=\toks14
\inpenc@posthook=\toks15

(/usr/local/texlive/2008/texmf-dist/tex/latex/base/latin1.def
File: latin1.def 2006/05/05 v1.1b Input encoding file
))
(/usr/local/texlive/2008/texmf-dist/tex/latex/psnfss/times.sty
Package: times 2005/04/12 PSNFSS-v9.2a (SPQR) 
)
(/usr/local/texlive/2008/texmf-dist/tex/latex/graphics/color.sty
Package: color 2005/11/14 v1.0j Standard LaTeX Color (DPC)

(/usr/local/texlive/2008/texmf/tex/latex/config/color.cfg
File: color.cfg 2007/01/18 v1.5 color configuration of teTeX/TeXLive
)
Package color Info: Driver file: pdftex.def on input line 130.

(/usr/local/texlive/2008/texmf-dist/tex/latex/pdftex-def/pdftex.def
File: pdftex.def 2008/07/16 v0.04k Graphics/color for pdfTeX
\Gread@gobject=\count86
))
(/usr/local/texlive/2008/texmf-dist/tex/latex/ppower4/background.sty
(/usr/local/texlive/2008/texmf-dist/tex/latex/ppower4/pause.sty))
(/usr/local/texlive/2008/texmf-dist/tex/latex/wallpaper/wallpaper.sty
Package: wallpaper 2005/01/18, v1.01 easy wallpaper formatting (MHFW)

(/usr/local/texlive/2008/texmf-dist/tex/latex/base/ifthen.sty
Package: ifthen 2001/05/26 v1.1c Standard LaTeX ifthen package (DPC)
)
(/usr/local/texlive/2008/texmf-dist/tex/latex/tools/calc.sty
Package: calc 2005/08/06 v4.2 Infix arithmetic (KKT,FJ)
\calc@Acount=\count87
\calc@Bcount=\count88
\calc@Adimen=\dimen107
\calc@Bdimen=\dimen108
\calc@Askip=\skip52
\calc@Bskip=\skip53
LaTeX Info: Redefining \setlength on input line 75.
LaTeX Info: Redefining \addtolength on input line 76.
\calc@Ccount=\count89
\calc@Cskip=\skip54
)
(/usr/local/texlive/2008/texmf-dist/tex/latex/eso-pic/eso-pic.sty
Package: eso-pic 2006/07/14 v1.1d eso-pic (RN)

(/usr/local/texlive/2008/texmf-dist/tex/latex/ms/everyshi.sty
Package: everyshi 2001/05/15 v3.00 EveryShipout Package (MS)
)
(/usr/local/texlive/2008/texmf-dist/tex/latex/graphics/keyval.sty
Package: keyval 1999/03/16 v1.13 key=value parser (DPC)
\KV@toks@=\toks16
))
(/usr/local/texlive/2008/texmf-dist/tex/latex/graphics/graphicx.sty
Package: graphicx 1999/02/16 v1.0f Enhanced LaTeX Graphics (DPC,SPQR)

(/usr/local/texlive/2008/texmf-dist/tex/latex/graphics/graphics.sty
Package: graphics 2006/02/20 v1.0o Standard LaTeX Graphics (DPC,SPQR)

(/usr/local/texlive/2008/texmf-dist/tex/latex/graphics/trig.sty
Package: trig 1999/03/16 v1.09 sin cos tan (DPC)
)
(/usr/local/texlive/2008/texmf/tex/latex/config/graphics.cfg
File: graphics.cfg 2007/01/18 v1.5 graphics configuration of teTeX/TeXLive
)
Package graphics Info: Driver file: pdftex.def on input line 90.
)
\Gin@req@height=\dimen109
\Gin@req@width=\dimen110
)
\wpXoffset=\skip55
\wpYoffset=\skip56
\tileXoffset=\skip57
\tileYoffset=\skip58
\tilewidth=\skip59
\tileheight=\skip60
\tileX=\skip61
\tileY=\skip62
)
(/usr/local/texlive/2008/texmf-dist/tex/latex/hyperref/hyperref.sty
Package: hyperref 2008/08/14 v6.78f Hypertext links for LaTeX

(/usr/local/texlive/2008/texmf-dist/tex/generic/oberdiek/ifpdf.sty
Package: ifpdf 2007/12/12 v1.6 Provides the ifpdf switch (HO)
Package ifpdf Info: pdfTeX in pdf mode detected.
)
(/usr/local/texlive/2008/texmf-dist/tex/generic/oberdiek/ifvtex.sty
Package: ifvtex 2007/09/09 v1.3 Switches for detecting VTeX and its modes (HO)
Package ifvtex Info: VTeX not detected.
)
(/usr/local/texlive/2008/texmf-dist/tex/generic/ifxetex/ifxetex.sty
Package: ifxetex 2006/08/21 v0.3 Provides ifxetex conditional
)
(/usr/local/texlive/2008/texmf-dist/tex/latex/oberdiek/hycolor.sty
Package: hycolor 2008/08/01 v1.3 Code for color options of hyperref/bookmark (H
O)

(/usr/local/texlive/2008/texmf-dist/tex/latex/oberdiek/xcolor-patch.sty
Package: xcolor-patch 2008/08/01 xcolor patch
))
\@linkdim=\dimen111
\Hy@linkcounter=\count90
\Hy@pagecounter=\count91

(/usr/local/texlive/2008/texmf-dist/tex/latex/hyperref/pd1enc.def
File: pd1enc.def 2008/08/14 v6.78f Hyperref: PDFDocEncoding definition (HO)
)
(/usr/local/texlive/2008/texmf-dist/tex/generic/oberdiek/etexcmds.sty
Package: etexcmds 2007/12/12 v1.2 Prefix for e-TeX command names (HO)

(/usr/local/texlive/2008/texmf-dist/tex/generic/oberdiek/infwarerr.sty
Package: infwarerr 2007/09/09 v1.2 Providing info/warning/message (HO)
)
Package etexcmds Info: Could not find \expanded.
(etexcmds)             That can mean that you are not using pdfTeX 1.50 or
(etexcmds)             that some package has redefined \expanded.
(etexcmds)             In the latter case, load this package earlier.
)
(/usr/local/texlive/2008/texmf/tex/latex/config/hyperref.cfg
File: hyperref.cfg 2002/06/06 v1.2 hyperref configuration of TeXLive
)
(/usr/local/texlive/2008/texmf-dist/tex/latex/oberdiek/kvoptions.sty
Package: kvoptions 2007/10/18 v3.0 Keyval support for LaTeX options (HO)
)
Package hyperref Info: Hyper figures OFF on input line 2876.
Package hyperref Info: Link nesting OFF on input line 2881.
Package hyperref Info: Hyper index ON on input line 2884.
Package hyperref Info: Plain pages OFF on input line 2891.
Package hyperref Info: Backreferencing OFF on input line 2896.

Implicit mode ON; LaTeX internals redefined
Package hyperref Info: Bookmarks ON on input line 3086.
(/usr/local/texlive/2008/texmf-dist/tex/latex/ltxmisc/url.sty
\Urlmuskip=\muskip10
Package: url 2006/04/12  ver 3.3  Verb mode for urls, etc.
)
LaTeX Info: Redefining \url on input line 3272.

(/usr/local/texlive/2008/texmf-dist/tex/generic/oberdiek/bitset.sty
Package: bitset 2007/09/28 v1.0 Data type bit set (HO)

(/usr/local/texlive/2008/texmf-dist/tex/generic/oberdiek/intcalc.sty
Package: intcalc 2007/09/27 v1.1 Expandable integer calculations (HO)
)
(/usr/local/texlive/2008/texmf-dist/tex/generic/oberdiek/bigintcalc.sty
Package: bigintcalc 2007/11/11 v1.1 Expandable big integer calculations (HO)

(/usr/local/texlive/2008/texmf-dist/tex/generic/oberdiek/pdftexcmds.sty
Package: pdftexcmds 2007/12/12 v0.3 LuaTeX support for pdfTeX utility functions
 (HO)
Package pdftexcmds Info: LuaTeX not detected on input line 139.
)))
(/usr/local/texlive/2008/texmf-dist/tex/generic/oberdiek/kvsetkeys.sty
Package: kvsetkeys 2007/09/29 v1.3 Key value parser with default handler suppor
t (HO)
)
\Fld@menulength=\count92
\Field@Width=\dimen112
\Fld@charsize=\dimen113
\Field@toks=\toks17
Package hyperref Info: Hyper figures OFF on input line 4189.
Package hyperref Info: Link nesting OFF on input line 4194.
Package hyperref Info: Hyper index ON on input line 4197.
Package hyperref Info: backreferencing OFF on input line 4204.
Package hyperref Info: Link coloring OFF on input line 4209.
Package hyperref Info: Link coloring with OCG OFF on input line 4214.
Package hyperref Info: PDF/A mode OFF on input line 4219.

(/usr/local/texlive/2008/texmf-dist/tex/generic/oberdiek/atbegshi.sty
Package: atbegshi 2008/07/31 v1.9 At begin shipout hook (HO)
)
\Hy@abspage=\count93
\c@Item=\count94
\c@Hfootnote=\count95
)
*hyperref using default driver hpdftex*
(/usr/local/texlive/2008/texmf-dist/tex/latex/hyperref/hpdftex.def
File: hpdftex.def 2008/08/14 v6.78f Hyperref driver for pdfTeX
\Fld@listcount=\count96
)
(/userdata/projects/security-courses/texfiles/pagetrans.sty)
(/usr/local/texlive/2008/texmf-dist/tex/latex/base/alltt.sty
Package: alltt 1997/06/16 v2.0g defines alltt environment
)
(/usr/local/texlive/2008/texmf-dist/tex/latex/floatflt/floatflt.sty
Package: floatflt 1997/07/16 v. 1.31
\c@OptionTest=\count97
\figbox=\box27
\tabbox=\box28
\pagebox=\box29
\ffigcount=\count98
\ftabcount=\count99
\fftest=\count100
\hangcount=\count101
\nosuccesstryfig=\count102
\nosuccesstrytab=\count103
\figgutter=\dimen114
\tabgutter=\dimen115
\htdone=\dimen116
\pageht=\dimen117
\startpageht=\dimen118
\tabbredd=\dimen119
\floatfltwidth=\dimen120
\fltitemwidth=\dimen121
\outputpretest=\toks18
)
(/usr/local/texlive/2008/texmf-dist/tex/latex/wasysym/wasysym.sty
Package: wasysym 2003/10/30 v2.0 Wasy-2 symbol support package
\symwasy=\mathgroup5
LaTeX Font Info:    Overwriting symbol font `wasy' in version `bold'
(Font)                  U/wasy/m/n --> U/wasy/b/n on input line 90.
)
(/usr/local/texlive/2008/texmf-dist/tex/generic/babel/babel.sty
Package: babel 2008/07/06 v3.8l The Babel package

(/usr/local/texlive/2008/texmf-dist/tex/generic/babel/danish.ldf
Language: danish 2008/07/06 v1.3q Danish support from the babel system

(/usr/local/texlive/2008/texmf-dist/tex/generic/babel/babel.def
File: babel.def 2008/07/06 v3.8l Babel common definitions
\babel@savecnt=\count104
\U@D=\dimen122
)
Package babel Info: Making " an active character on input line 82.
)
(/usr/local/texlive/2008/texmf-dist/tex/generic/babel/english.ldf
Language: english 2005/03/30 v3.3o English support from the babel system
\l@canadian = a dialect from \language\l@american 
\l@australian = a dialect from \language\l@british 
\l@newzealand = a dialect from \language\l@british 
))
(/usr/local/texlive/2008/texmf-dist/tex/latex/fancyhdr/fancyhdr.sty
\fancy@headwidth=\skip63
\f@ncyO@elh=\skip64
\f@ncyO@erh=\skip65
\f@ncyO@olh=\skip66
\f@ncyO@orh=\skip67
\f@ncyO@elf=\skip68
\f@ncyO@erf=\skip69
\f@ncyO@olf=\skip70
\f@ncyO@orf=\skip71
)
(/usr/local/texlive/2008/texmf-dist/tex/latex/moreverb/moreverb.sty
Package: moreverb 2008/06/03 v2.3 `more' verbatim facilities

(/usr/local/texlive/2008/texmf-dist/tex/latex/tools/verbatim.sty
Package: verbatim 2003/08/22 v1.5q LaTeX2e package for verbatim enhancements
\every@verbatim=\toks19
\verbatim@line=\toks20
\verbatim@in@stream=\read1
)
\verbatim@out=\write3
\tab@position=\count105
\tab@size=\count106
\listing@line=\count107
)
(/usr/local/texlive/2008/texmf-dist/tex/latex/tools/xr.sty
Package: xr 1994/05/28 v5.02 eXternal References (DPC)
)
Package hyperref Info: Option `colorlinks' set `true' on input line 63.
Package hyperref Info: Option `pdfmenubar' set `true' on input line 63.
Package hyperref Info: Option `pdftoolbar' set `true' on input line 63.
)
(./security-tools-foss.aux)
\openout1 = `security-tools-foss.aux'.

LaTeX Font Info:    Checking defaults for OML/cmm/m/it on input line 4.
LaTeX Font Info:    ... okay on input line 4.
LaTeX Font Info:    Checking defaults for T1/cmr/m/n on input line 4.
LaTeX Font Info:    ... okay on input line 4.
LaTeX Font Info:    Checking defaults for OT1/cmr/m/n on input line 4.
LaTeX Font Info:    ... okay on input line 4.
LaTeX Font Info:    Checking defaults for OMS/cmsy/m/n on input line 4.
LaTeX Font Info:    ... okay on input line 4.
LaTeX Font Info:    Checking defaults for OMX/cmex/m/n on input line 4.
LaTeX Font Info:    ... okay on input line 4.
LaTeX Font Info:    Checking defaults for U/cmr/m/n on input line 4.
LaTeX Font Info:    ... okay on input line 4.
LaTeX Font Info:    Checking defaults for PD1/pdf/m/n on input line 4.
LaTeX Font Info:    ... okay on input line 4.
LaTeX Font Info:    Try loading font information for OT1+phv on input line 4.

(/usr/local/texlive/2008/texmf-dist/tex/latex/psnfss/ot1phv.fd
File: ot1phv.fd 2001/06/04 scalable font definitions for OT1/phv.
)
(/usr/local/texlive/2008/texmf-dist/tex/context/base/supp-pdf.tex
[Loading MPS to PDF converter (version 2006.09.02).]
\scratchcounter=\count108
\scratchdimen=\dimen123
\scratchbox=\box30
\nofMPsegments=\count109
\nofMParguments=\count110
\everyMPshowfont=\toks21
\MPscratchCnt=\count111
\MPscratchDim=\dimen124
\MPnumerator=\count112
\everyMPtoPDFconversion=\toks22
) ABD: EveryShipout initializing macros
Package hyperref Info: Link coloring ON on input line 4.

(/usr/local/texlive/2008/texmf-dist/tex/latex/hyperref/nameref.sty
Package: nameref 2007/05/29 v2.31 Cross-referencing by name of section

(/usr/local/texlive/2008/texmf-dist/tex/latex/oberdiek/refcount.sty
Package: refcount 2008/08/11 v3.1 Data extraction from references (HO)
)
\c@section@level=\count113
)
LaTeX Info: Redefining \ref on input line 4.
LaTeX Info: Redefining \pageref on input line 4.

(./security-tools-foss.out) (./security-tools-foss.out)
\@outlinefile=\write4
\openout4 = `security-tools-foss.out'.

\AtBeginShipoutBox=\box31
LaTeX Font Info:    Font shape `OT1/phv/bx/n' in size <24.88> not available
(Font)              Font shape `OT1/phv/b/n' tried instead on input line 7.
LaTeX Font Info:    Font shape `OT1/phv/bx/n' in size <35.83> not available
(Font)              Font shape `OT1/phv/b/n' tried instead on input line 7.
LaTeX Font Info:    Try loading font information for OT1+pcr on input line 7.

(/usr/local/texlive/2008/texmf-dist/tex/latex/psnfss/ot1pcr.fd
File: ot1pcr.fd 2001/06/04 font definitions for OT1/pcr.
)
LaTeX Font Info:    Try loading font information for U+wasy on input line 7.

(/usr/local/texlive/2008/texmf-dist/tex/latex/wasysym/uwasy.fd
File: uwasy.fd 2003/10/30 v2.0 Wasy-2 symbol font definitions
)
LaTeX Font Info:    Try loading font information for OMS+phv on input line 18.

(/usr/local/texlive/2008/texmf-dist/tex/latex/psnfss/omsphv.fd
File: omsphv.fd 
)
LaTeX Font Info:    Font shape `OMS/phv/m/n' in size <12> not available
(Font)              Font shape `OMS/cmsy/m/n' tried instead on input line 18.

<images/slide_background_clean.jpg, id=9, 633.86812pt x 447.92343pt>
File: images/slide_background_clean.jpg Graphic file (type jpg)

<use images/slide_background_clean.jpg> [1

{/usr/local/texlive/2008/texmf-var/fonts/map/pdftex/updmap/pdftex.map} </Users/
hlk/projects/latex/misc/images/slide_background_clean.jpg>] <software.pdf, id=1
9, 447.6725pt x 327.2225pt>
File: software.pdf Graphic file (type pdf)

<use software.pdf>
File: images/slide_background_clean.jpg Graphic file (type jpg)
 <use images/slide_background_clean.jpg> [2 </userdata/projects/security-course
s/images/software.pdf>]
<dragon-drawing-6.jpg, id=125, 500.87125pt x 246.9225pt>
File: dragon-drawing-6.jpg Graphic file (type jpg)

<use dragon-drawing-6.jpg>
File: images/slide_background_clean.jpg Graphic file (type jpg)
 <use images/slide_background_clean.jpg> [3 </userdata/projects/security-course
s/images/dragon-drawing-6.jpg>]
<trinity-hacking-hd-cropscale-302x250.jpg, id=130, 234.68323pt x 194.2742pt>
File: trinity-hacking-hd-cropscale-302x250.jpg Graphic file (type jpg)

<use trinity-hacking-hd-cropscale-302x250.jpg>
File: images/slide_background_clean.jpg Graphic file (type jpg)

<use images/slide_background_clean.jpg> [4 </userdata/projects/security-courses
/images/trinity-hacking-hd-cropscale-302x250.jpg>]
<trinity-nmapscreen-hd-cropscale-418x250.jpg, id=135, 324.82645pt x 194.2742pt>
File: trinity-nmapscreen-hd-cropscale-418x250.jpg Graphic file (type jpg)
<use trinity-nmapscreen-hd-cropscale-418x250.jpg>
File: images/slide_background_clean.jpg Graphic file (type jpg)

<use images/slide_background_clean.jpg> [5 </userdata/projects/security-courses
/images/trinity-nmapscreen-hd-cropscale-418x250.jpg>]
LaTeX Font Info:    Font shape `OT1/phv/bx/n' in size <20.74> not available
(Font)              Font shape `OT1/phv/b/n' tried instead on input line 41.
File: images/slide_background_clean.jpg Graphic file (type jpg)

<use images/slide_background_clean.jpg> [6]
<buffer-overflow-1.pdf, id=146, 464.73625pt x 173.64874pt>
File: buffer-overflow-1.pdf Graphic file (type pdf)

<use buffer-overflow-1.pdf>
LaTeX Font Info:    Try loading font information for OMS+pcr on input line 59.

(/usr/local/texlive/2008/texmf-dist/tex/latex/psnfss/omspcr.fd
File: omspcr.fd 
)
LaTeX Font Info:    Font shape `OMS/pcr/m/n' in size <20.74> not available
(Font)              Font shape `OMS/cmsy/m/n' tried instead on input line 59.
File: images/slide_background_clean.jpg Graphic file (type jpg)

<use images/slide_background_clean.jpg> [7 </userdata/projects/security-courses
/images/buffer-overflow-1.pdf>]
<buffer-overflow-2.pdf, id=185, 464.73625pt x 199.74625pt>
File: buffer-overflow-2.pdf Graphic file (type pdf)

<use buffer-overflow-2.pdf>
File: images/slide_background_clean.jpg Graphic file (type jpg)
 <use images/slide_background_clean.jpg> [8 </userdata/projects/security-course
s/images/buffer-overflow-2.pdf>]
Overfull \hbox (20.71869pt too wide) in paragraph at lines 87--87
[]\OT1/pcr/m/n/20.74 $len = 201; // what is needed to overflow, maybe 201, mayb
e more![] 
 []

File: images/slide_background_clean.jpg Graphic file (type jpg)
<use images/slide_background_clean.jpg> [9]
File: images/slide_background_clean.jpg Graphic file (type jpg)

<use images/slide_background_clean.jpg> [10]
File: images/slide_background_clean.jpg Graphic file (type jpg)

<use images/slide_background_clean.jpg> [11]
File: images/slide_background_clean.jpg Graphic file (type jpg)

<use images/slide_background_clean.jpg> [12]
File: images/slide_background_clean.jpg Graphic file (type jpg)

<use images/slide_background_clean.jpg> [13]
<38-line-drawing-of-a-pare-fruit.png, id=244, 283.0575pt x 301.125pt>
File: 38-line-drawing-of-a-pare-fruit.png Graphic file (type png)

<use 38-line-drawing-of-a-pare-fruit.png>
File: images/slide_background_clean.jpg Graphic file (type jpg)

<use images/slide_background_clean.jpg> [14 </userdata/projects/security-course
s/images/38-line-drawing-of-a-pare-fruit.png (PNG copy)>]
File: images/slide_background_clean.jpg Graphic file (type jpg)

<use images/slide_background_clean.jpg> [15]
File: images/slide_background_clean.jpg Graphic file (type jpg)

<use images/slide_background_clean.jpg> [16]
Overfull \hbox (8.27469pt too wide) in paragraph at lines 213--213
[]\OT1/pcr/m/n/20.74 demo.c:4: warning: incompatible implicit declaration of bu
ilt-in[] 
 []


Overfull \hbox (8.27469pt too wide) in paragraph at lines 222--222
[]\OT1/pcr/m/n/20.74 demo.c:4: warning: incompatible implicit declaration of bu
ilt-in[] 
 []

File: images/slide_background_clean.jpg Graphic file (type jpg)
<use images/slide_background_clean.jpg> [17]
File: images/slide_background_clean.jpg Graphic file (type jpg)

<use images/slide_background_clean.jpg> [18]
File: images/slide_background_clean.jpg Graphic file (type jpg)

<use images/slide_background_clean.jpg> [19]
File: images/slide_background_clean.jpg Graphic file (type jpg)

<use images/slide_background_clean.jpg> [20]
Overfull \hbox (20.71869pt too wide) in paragraph at lines 289--289
[]\OT1/pcr/m/n/20.74 System.out.println() bypasses the control that we get from
 log4j,[] 
 []

File: images/slide_background_clean.jpg Graphic file (type jpg)
<use images/slide_background_clean.jpg> [21]
File: images/slide_background_clean.jpg Graphic file (type jpg)

<use images/slide_background_clean.jpg> [22]
<johnny_automatic_blueprints.png, id=287, 409.07547pt x 305.44302pt>
File: johnny_automatic_blueprints.png Graphic file (type png)

<use johnny_automatic_blueprints.png>
File: images/slide_background_clean.jpg Graphic file (type jpg)
 <use images/slide_background_clean.jpg>
[23 </userdata/projects/security-courses/images/johnny_automatic_blueprints.png
>] <secure_coding.png, id=294, 433.62pt x 650.43pt>
File: secure_coding.png Graphic file (type png)
 <use secure_coding.png>
Overfull \hbox (20.0pt too wide) in paragraph at lines 328--328
 [][][][][][][] 
 []

Package floatflt Message: Floating figure 1 set on page 24
File: images/slide_background_clean.jpg Graphic file (type jpg)
<use images/slide_background_clean.jpg> [24 </userdata/projects/security-course
s/images/secure_coding.png (PNG copy)>]

Package floatflt Warning: Floating figures 1 and 2 colliding.

<19-deadly-sins.jpg, id=301, 145.54375pt x 180.675pt>
File: 19-deadly-sins.jpg Graphic file (type jpg)
 <use 19-deadly-sins.jpg>
Overfull \hbox (20.0pt too wide) in paragraph at lines 343--343
 [][][][][][][] 
 []

Package floatflt Message: Floating figure 2 set on page 25
File: images/slide_background_clean.jpg Graphic file (type jpg)
<use images/slide_background_clean.jpg> [25 </userdata/projects/security-course
s/images/19-deadly-sins.jpg>] <testing.pdf, id=307, 230.8625pt x 201.75375pt>
File: testing.pdf Graphic file (type pdf)

<use testing.pdf>
File: images/slide_background_clean.jpg Graphic file (type jpg)
 <use images/slide_background_clean.jpg> [26 </userdata/projects/security-cours
es/images/testing.pdf>]
File: images/slide_background_clean.jpg Graphic file (type jpg)

<use images/slide_background_clean.jpg> [27]
File: images/slide_background_clean.jpg Graphic file (type jpg)

<use images/slide_background_clean.jpg> [28]
<hudson-dashboard.png, id=345, 859.21pt x 507.8975pt>
File: hudson-dashboard.png Graphic file (type png)

<use hudson-dashboard.png>
File: images/slide_background_clean.jpg Graphic file (type jpg)
 <use images/slide_background_clean.jpg> [29 </userdata/projects/security-cours
es/images/hudson-dashboard.png (PNG copy)>]
<buffer-overflow-3.pdf, id=350, 432.61626pt x 359.3425pt>
File: buffer-overflow-3.pdf Graphic file (type pdf)

<use buffer-overflow-3.pdf>
File: images/slide_background_clean.jpg Graphic file (type jpg)
 <use images/slide_background_clean.jpg> [30 </userdata/projects/security-cours
es/images/buffer-overflow-3.pdf>]
File: images/slide_background_clean.jpg Graphic file (type jpg)

<use images/slide_background_clean.jpg> [31]
File: images/slide_background_clean.jpg Graphic file (type jpg)

<use images/slide_background_clean.jpg> [32]
Underfull \hbox (badness 10000) in paragraph at lines 440--441

 []

File: images/slide_background_clean.jpg Graphic file (type jpg)
<use images/slide_background_clean.jpg> [33]
<pmd-description.png, id=384, 812.03375pt x 259.97125pt>
File: pmd-description.png Graphic file (type png)

<use pmd-description.png>
File: images/slide_background_clean.jpg Graphic file (type jpg)
 <use images/slide_background_clean.jpg> [34 </userdata/projects/security-cours
es/images/tools/pmd-description.png (PNG copy)>]
File: images/slide_background_clean.jpg Graphic file (type jpg)

<use images/slide_background_clean.jpg> [35]
File: images/slide_background_clean.jpg Graphic file (type jpg)

<use images/slide_background_clean.jpg> [36]
File: images/slide_background_clean.jpg Graphic file (type jpg)

<use images/slide_background_clean.jpg> [37]
<300px-Fozziecurtain.JPG, id=404, 225.84375pt x 169.38281pt>
File: 300px-Fozziecurtain.JPG Graphic file (type jpg)

<use 300px-Fozziecurtain.JPG>
File: images/slide_background_clean.jpg Graphic file (type jpg)
 <use images/slide_background_clean.jpg> [38 </userdata/projects/security-cours
es/images/300px-Fozziecurtain.JPG>]
File: images/slide_background_clean.jpg Graphic file (type jpg)

<use images/slide_background_clean.jpg> [39]
File: images/slide_background_clean.jpg Graphic file (type jpg)

<use images/slide_background_clean.jpg> [40]
<fuzzer.pdf, id=417, 501.875pt x 99.37125pt>
File: fuzzer.pdf Graphic file (type pdf)
 <use fuzzer.pdf>
File: images/slide_background_clean.jpg Graphic file (type jpg)

<use images/slide_background_clean.jpg> [41 </userdata/projects/security-course
s/images/fuzzer.pdf>]
File: images/slide_background_clean.jpg Graphic file (type jpg)
 <use images/slide_background_clean.jpg> [42]
<medieval-clipart-5.jpg, id=454, 337.26pt x 223.5552pt>
File: medieval-clipart-5.jpg Graphic file (type jpg)

<use medieval-clipart-5.jpg>
File: images/slide_background_clean.jpg Graphic file (type jpg)
 <use images/slide_background_clean.jpg> [43 </userdata/projects/security-cours
es/images/medieval-clipart-5.jpg>]
File: images/slide_background_clean.jpg Graphic file (type jpg)

<use images/slide_background_clean.jpg> [44]
<security-layers-1.pdf, id=464, 167.62323pt x 276.02824pt>
File: security-layers-1.pdf Graphic file (type pdf)

<use security-layers-1.pdf>
File: images/slide_background_clean.jpg Graphic file (type jpg)
 <use images/slide_background_clean.jpg> [45 </userdata/projects/security-cours
es/images/security-layers-1.pdf>]
File: images/slide_background_clean.jpg Graphic file (type jpg)

<use images/slide_background_clean.jpg> [46]
LaTeX Font Info:    Font shape `OMS/pcr/m/n' in size <14.4> not available
(Font)              Font shape `OMS/cmsy/m/n' tried instead on input line 619.
File: images/slide_background_clean.jpg Graphic file (type jpg)

<use images/slide_background_clean.jpg> [47]
File: images/slide_background_clean.jpg Graphic file (type jpg)

<use images/slide_background_clean.jpg> [48]
LaTeX Font Info:    Font shape `OMS/pcr/m/n' in size <17.28> not available
(Font)              Font shape `OMS/cmsy/m/n' tried instead on input line 669.
File: images/slide_background_clean.jpg Graphic file (type jpg)

<use images/slide_background_clean.jpg> [49]
File: images/slide_background_clean.jpg Graphic file (type jpg)

<use images/slide_background_clean.jpg> [50]
LaTeX Font Info:    Font shape `OT1/phv/bx/n' in size <29.86> not available
(Font)              Font shape `OT1/phv/b/n' tried instead on input line 716.
File: images/slide_background_clean.jpg Graphic file (type jpg)

<use images/slide_background_clean.jpg> [51]

LaTeX Font Warning: Font shape `U/wasy/m/n' in size <29.86> not available
(Font)              size <24.88> substituted on input line 728.

File: images/slide_background_clean.jpg Graphic file (type jpg)
<use images/slide_background_clean.jpg> [52]
<freescan-reklame.png, id=515, 672.5125pt x 271.0125pt>
File: freescan-reklame.png Graphic file (type png)

<use freescan-reklame.png>
File: images/slide_background_clean.jpg Graphic file (type jpg)
 <use images/slide_background_clean.jpg> [53 </userdata/projects/security-cours
es/images/freescan-reklame.png (PNG copy)>]
<images/shellcoders-handbook.jpg, id=521, 301.125pt x 379.4175pt>
File: images/shellcoders-handbook.jpg Graphic file (type jpg)

<use images/shellcoders-handbook.jpg>
File: images/slide_background_clean.jpg Graphic file (type jpg)
 <use images/slide_background_clean.jpg>
[54 </userdata/projects/security-courses/images/shellcoders-handbook.jpg>]
<milw0rm.png, id=526, 712.6625pt x 450.68375pt>
File: milw0rm.png Graphic file (type png)
 <use milw0rm.png>
File: images/slide_background_clean.jpg Graphic file (type jpg)

<use images/slide_background_clean.jpg> [55 </userdata/projects/security-course
s/images/milw0rm.png (PNG copy)>]
<metasploit-about.png, id=533, 439.6425pt x 150.5625pt>
File: metasploit-about.png Graphic file (type png)

<use metasploit-about.png>
File: images/slide_background_clean.jpg Graphic file (type jpg)
 <use images/slide_background_clean.jpg> [56 </userdata/projects/security-cours
es/images/metasploit-about.png (PNG copy)>]
File: images/slide_background_clean.jpg Graphic file (type jpg)

<use images/slide_background_clean.jpg> [57] (./security-tools-foss.aux)

LaTeX Font Warning: Size substitutions with differences
(Font)              up to 4.98pt have occurred.

 ) 
Here is how much of TeX's memory you used:
 5890 strings out of 494475
 87622 string characters out of 1168691
 149033 words of memory out of 3000000
 8881 multiletter control sequences out of 10000+50000
 34396 words of font info for 80 fonts, out of 3000000 for 5000
 427 hyphenation exceptions out of 8191
 43i,11n,45p,388b,324s stack positions out of 5000i,500n,10000p,200000b,50000s
{/usr/local/texlive/2008/texmf-dist/fonts/enc/dvips/base/8r.enc}</usr/local/t
exlive/2008/texmf-dist/fonts/type1/bluesky/cm/cmsy10.pfb></usr/local/texlive/20
08/texmf-dist/fonts/type1/bluesky/cm/cmsy7.pfb></usr/local/texlive/2008/texmf-d
ist/fonts/type1/urw/courier/ucrr8a.pfb></usr/local/texlive/2008/texmf-dist/font
s/type1/urw/helvetic/uhvb8a.pfb></usr/local/texlive/2008/texmf-dist/fonts/type1
/urw/helvetic/uhvr8a.pfb></usr/local/texlive/2008/texmf-dist/fonts/type1/urw/he
lvetic/uhvro8a.pfb></usr/local/texlive/2008/texmf-dist/fonts/type1/public/wasy/
wasy10.pfb>
Output written on security-tools-foss.pdf (57 pages, 1261004 bytes).
PDF statistics:
 585 PDF objects out of 1000 (max. 8388607)
 58 named destinations out of 1000 (max. 131072)
 132 words of extra memory for PDF output out of 10000 (max. 10000000)

