\BOOKMARK [0][-]{chapter.1}{Installation af alternativ browser}{}% 1
\BOOKMARK [0][-]{chapter.2}{Installation af Thunderbird}{}% 2
\BOOKMARK [0][-]{chapter.3}{Installation af GPG GNU Privacy Guard}{}% 3
\BOOKMARK [0][-]{chapter.4}{Installation af Enigmail plugin}{}% 4
\BOOKMARK [0][-]{chapter.5}{Installation af Truecrypt}{}% 5
\BOOKMARK [0][-]{chapter.6}{Lav en PGP-kompatibel n\370gle}{}% 6
\BOOKMARK [0][-]{chapter.7}{Hent en n\370gle fra en anden}{}% 7
\BOOKMARK [0][-]{chapter.8}{Send en krypteret mail}{}% 8
\BOOKMARK [0][-]{chapter.9}{Signer en n\370gle}{}% 9
\BOOKMARK [0][-]{chapter.10}{Installation af FileZilla}{}% 10
\BOOKMARK [0][-]{chapter.11}{Putty installation - Secure Shell login}{}% 11
\BOOKMARK [0][-]{chapter.12}{WinSCP installation - Secure Copy}{}% 12
\BOOKMARK [0][-]{chapter.13}{Login to Unix server}{}% 13
\BOOKMARK [0][-]{chapter.14}{Get to know some Unix}{}% 14
\BOOKMARK [0][-]{chapter.15}{Access the root on Unix}{}% 15
\BOOKMARK [0][-]{chapter.16}{Unix boot DVD}{}% 16
\BOOKMARK [0][-]{chapter.17}{Wireshark installation}{}% 17
\BOOKMARK [0][-]{chapter.18}{Sniffing network packets}{}% 18
\BOOKMARK [0][-]{chapter.19}{Discovery using ping and traceroute}{}% 19
\BOOKMARK [0][-]{chapter.20}{ICMP tool - icmpush}{}% 20
\BOOKMARK [0][-]{chapter.21}{Discover using DNS}{}% 21
\BOOKMARK [0][-]{chapter.22}{Try the bind-version shell script}{}% 22
\BOOKMARK [0][-]{chapter.23}{Try the dns-timecheck Perl program}{}% 23
\BOOKMARK [0][-]{chapter.24}{Discover active systems ping sweep}{}% 24
\BOOKMARK [0][-]{chapter.25}{Execute nmap TCP and UDP port scan}{}% 25
\BOOKMARK [0][-]{chapter.26}{Perform nmap OS detection}{}% 26
\BOOKMARK [0][-]{chapter.27}{Perform nmap service scan}{}% 27
\BOOKMARK [0][-]{chapter.28}{Find systems with SNMP}{}% 28
\BOOKMARK [0][-]{chapter.29}{Try Hydra brute force}{}% 29
\BOOKMARK [0][-]{chapter.30}{Try Cain brute force}{}% 30
\BOOKMARK [0][-]{chapter.31}{Network scripting using netcat}{}% 31
\BOOKMARK [0][-]{chapter.32}{OpenSSL forbindelser}{}% 32
\BOOKMARK [0][-]{chapter.33}{OpenVAS scanning}{}% 33
