This is pdfTeX, Version 3.1415926-2.5-1.40.14 (TeX Live 2013) (format=pdflatex 2013.6.27)  21 AUG 2013 15:33
entering extended mode
 restricted \write18 enabled.
 %&-line parsing enabled.
**thecamp-ddos-workshop.tex
(./thecamp-ddos-workshop.tex
LaTeX2e <2011/06/27>
Babel <3.9f> and hyphenation patterns for 78 languages loaded.
(/userdata/projects/github/security-courses/texfiles/foiltex/foils.cls
Document Class: foils 2002/10/29 v2.1.4a FoilTeX Class File, Copyright IBM 1995
,1997,1998,2002
(/userdata/projects/github/security-courses/texfiles/foiltex/fltfonts.def
File: fltfonts.def 2002/10/29 v2.1.4a FoilTeX font definition file, Copyright I
BM 1995,1997,1998,2002
\symflasy=\mathgroup4
LaTeX Info: Redefining \em on input line 243.
LaTeX Font Info:    Overwriting symbol font `operators' in version `normal'
(Font)                  OT1/cmr/m/n --> OT1/fcmr/m/n on input line 245.
LaTeX Font Info:    Overwriting symbol font `letters' in version `normal'
(Font)                  OML/cmm/m/it --> OML/fcmm/m/it on input line 246.
LaTeX Font Info:    Overwriting symbol font `symbols' in version `normal'
(Font)                  OMS/cmsy/m/n --> OMS/fcmsy/m/n on input line 247.
LaTeX Font Info:    Overwriting symbol font `largesymbols' in version `normal'
(Font)                  OMX/cmex/m/n --> OMX/fcmex/m/n on input line 248.
LaTeX Font Info:    Overwriting symbol font `operators' in version `bold'
(Font)                  OT1/cmr/bx/n --> OT1/fcmr/bx/n on input line 249.
LaTeX Font Info:    Overwriting symbol font `letters' in version `bold'
(Font)                  OML/cmm/b/it --> OML/fcmm/b/it on input line 250.
LaTeX Font Info:    Overwriting symbol font `symbols' in version `bold'
(Font)                  OMS/cmsy/b/n --> OMS/fcmsy/b/n on input line 251.
LaTeX Font Info:    Overwriting symbol font `largesymbols' in version `bold'
(Font)                  OMX/cmex/m/n --> OMX/fcmex/m/n on input line 252.
LaTeX Font Info:    Redeclaring math alphabet \mathrm on input line 253.
LaTeX Font Info:    Redeclaring math alphabet \mathbf on input line 254.
LaTeX Font Info:    Overwriting math alphabet `\mathbf' in version `normal'
(Font)                  OT1/cmr/bx/n --> OT1/fcmr/bx/n on input line 254.
LaTeX Font Info:    Overwriting math alphabet `\mathbf' in version `bold'
(Font)                  OT1/cmr/bx/n --> OT1/fcmr/bx/n on input line 254.
LaTeX Font Info:    Redeclaring math alphabet \mathsf on input line 255.
LaTeX Font Info:    Overwriting math alphabet `\mathsf' in version `normal'
(Font)                  OT1/cmss/m/n --> OT1/fcmss/m/n on input line 255.
LaTeX Font Info:    Overwriting math alphabet `\mathsf' in version `bold'
(Font)                  OT1/cmss/bx/n --> OT1/fcmss/m/n on input line 255.
LaTeX Font Info:    Redeclaring math alphabet \mathit on input line 256.
LaTeX Font Info:    Overwriting math alphabet `\mathit' in version `normal'
(Font)                  OT1/cmr/m/it --> OT1/fcmr/m/it on input line 256.
LaTeX Font Info:    Overwriting math alphabet `\mathit' in version `bold'
(Font)                  OT1/cmr/bx/it --> OT1/fcmr/m/it on input line 256.
LaTeX Font Info:    Redeclaring math alphabet \mathtt on input line 257.
LaTeX Font Info:    Overwriting math alphabet `\mathtt' in version `normal'
(Font)                  OT1/cmtt/m/n --> OT1/fcmtt/m/n on input line 257.
LaTeX Font Info:    Overwriting math alphabet `\mathtt' in version `bold'
(Font)                  OT1/cmtt/m/n --> OT1/fcmtt/m/n on input line 257.
)
(/userdata/projects/github/security-courses/texfiles/foiltex/foil20.clo
File: foil20.clo 2002/10/29 v2.1.4a FoilTeX file (size option), Copyright IBM 1
995,1997,1998,2002
)
\head@footskip=\dimen102
\@foilheight=\dimen103
\@foilwidth=\dimen104
\abovetitleskip=\skip41
\titleauthorskip=\skip42
\authorauthorskip=\skip43
\authordateskip=\skip44
\dateabstractskip=\skip45
\@tempfootbox=\box26
\@tempfootht=\dimen105
\bibindent=\dimen106
\abovecaptionskip=\skip46
\belowcaptionskip=\skip47
\@captionwidth=\skip48
\captionwidth=\skip49
\abovefloatskip=\skip50
\c@table=\count79
\c@figure=\count80
\foilheadskip=\skip51
\c@Theorem=\count81
\c@Lemma=\count82
\c@Corollary=\count83
\c@Proposition=\count84
\c@Definition=\count85
)
(/userdata/projects/github/security-courses/texfiles/thecamp-slides.sty
(/usr/local/texlive/2013/texmf-dist/tex/latex/base/inputenc.sty
Package: inputenc 2008/03/30 v1.1d Input encoding file
\inpenc@prehook=\toks14
\inpenc@posthook=\toks15

(/usr/local/texlive/2013/texmf-dist/tex/latex/base/latin1.def
File: latin1.def 2008/03/30 v1.1d Input encoding file
))
(/usr/local/texlive/2013/texmf-dist/tex/latex/psnfss/times.sty
Package: times 2005/04/12 PSNFSS-v9.2a (SPQR) 
)
(/usr/local/texlive/2013/texmf-dist/tex/latex/graphics/color.sty
Package: color 2005/11/14 v1.0j Standard LaTeX Color (DPC)

(/usr/local/texlive/2013/texmf-dist/tex/latex/latexconfig/color.cfg
File: color.cfg 2007/01/18 v1.5 color configuration of teTeX/TeXLive
)
Package color Info: Driver file: pdftex.def on input line 130.

(/usr/local/texlive/2013/texmf-dist/tex/latex/pdftex-def/pdftex.def
File: pdftex.def 2011/05/27 v0.06d Graphics/color for pdfTeX

(/usr/local/texlive/2013/texmf-dist/tex/generic/oberdiek/infwarerr.sty
Package: infwarerr 2010/04/08 v1.3 Providing info/warning/error messages (HO)
)
(/usr/local/texlive/2013/texmf-dist/tex/generic/oberdiek/ltxcmds.sty
Package: ltxcmds 2011/11/09 v1.22 LaTeX kernel commands for general use (HO)
)
\Gread@gobject=\count86
))
(/usr/local/texlive/2013/texmf-dist/tex/latex/wallpaper/wallpaper.sty
Package: wallpaper 2005/01/18, v1.01 easy wallpaper formatting (MHFW)

(/usr/local/texlive/2013/texmf-dist/tex/latex/base/ifthen.sty
Package: ifthen 2001/05/26 v1.1c Standard LaTeX ifthen package (DPC)
)
(/usr/local/texlive/2013/texmf-dist/tex/latex/tools/calc.sty
Package: calc 2007/08/22 v4.3 Infix arithmetic (KKT,FJ)
\calc@Acount=\count87
\calc@Bcount=\count88
\calc@Adimen=\dimen107
\calc@Bdimen=\dimen108
\calc@Askip=\skip52
\calc@Bskip=\skip53
LaTeX Info: Redefining \setlength on input line 76.
LaTeX Info: Redefining \addtolength on input line 77.
\calc@Ccount=\count89
\calc@Cskip=\skip54
)
(/usr/local/texlive/2013/texmf-dist/tex/latex/eso-pic/eso-pic.sty
Package: eso-pic 2010/10/06 v2.0c eso-pic (RN)

(/usr/local/texlive/2013/texmf-dist/tex/generic/oberdiek/atbegshi.sty
Package: atbegshi 2011/10/05 v1.16 At begin shipout hook (HO)

(/usr/local/texlive/2013/texmf-dist/tex/generic/oberdiek/ifpdf.sty
Package: ifpdf 2011/01/30 v2.3 Provides the ifpdf switch (HO)
Package ifpdf Info: pdfTeX in PDF mode is detected.
))
(/usr/local/texlive/2013/texmf-dist/tex/latex/graphics/keyval.sty
Package: keyval 1999/03/16 v1.13 key=value parser (DPC)
\KV@toks@=\toks16
))
(/usr/local/texlive/2013/texmf-dist/tex/latex/graphics/graphicx.sty
Package: graphicx 1999/02/16 v1.0f Enhanced LaTeX Graphics (DPC,SPQR)

(/usr/local/texlive/2013/texmf-dist/tex/latex/graphics/graphics.sty
Package: graphics 2009/02/05 v1.0o Standard LaTeX Graphics (DPC,SPQR)

(/usr/local/texlive/2013/texmf-dist/tex/latex/graphics/trig.sty
Package: trig 1999/03/16 v1.09 sin cos tan (DPC)
)
(/usr/local/texlive/2013/texmf-dist/tex/latex/latexconfig/graphics.cfg
File: graphics.cfg 2010/04/23 v1.9 graphics configuration of TeX Live
)
Package graphics Info: Driver file: pdftex.def on input line 91.
)
\Gin@req@height=\dimen109
\Gin@req@width=\dimen110
)
\wpXoffset=\skip55
\wpYoffset=\skip56
\tileXoffset=\skip57
\tileYoffset=\skip58
\tilewidth=\skip59
\tileheight=\skip60
\tileX=\skip61
\tileY=\skip62
)
(/usr/local/texlive/2013/texmf-dist/tex/latex/hyperref/hyperref.sty
Package: hyperref 2012/11/06 v6.83m Hypertext links for LaTeX

(/usr/local/texlive/2013/texmf-dist/tex/generic/oberdiek/hobsub-hyperref.sty
Package: hobsub-hyperref 2012/05/28 v1.13 Bundle oberdiek, subset hyperref (HO)


(/usr/local/texlive/2013/texmf-dist/tex/generic/oberdiek/hobsub-generic.sty
Package: hobsub-generic 2012/05/28 v1.13 Bundle oberdiek, subset generic (HO)
Package: hobsub 2012/05/28 v1.13 Construct package bundles (HO)
Package hobsub Info: Skipping package `infwarerr' (already loaded).
Package hobsub Info: Skipping package `ltxcmds' (already loaded).
Package: ifluatex 2010/03/01 v1.3 Provides the ifluatex switch (HO)
Package ifluatex Info: LuaTeX not detected.
Package: ifvtex 2010/03/01 v1.5 Detect VTeX and its facilities (HO)
Package ifvtex Info: VTeX not detected.
Package: intcalc 2007/09/27 v1.1 Expandable calculations with integers (HO)
Package hobsub Info: Skipping package `ifpdf' (already loaded).
Package: etexcmds 2011/02/16 v1.5 Avoid name clashes with e-TeX commands (HO)
Package etexcmds Info: Could not find \expanded.
(etexcmds)             That can mean that you are not using pdfTeX 1.50 or
(etexcmds)             that some package has redefined \expanded.
(etexcmds)             In the latter case, load this package earlier.
Package: kvsetkeys 2012/04/25 v1.16 Key value parser (HO)
Package: kvdefinekeys 2011/04/07 v1.3 Define keys (HO)
Package: pdftexcmds 2011/11/29 v0.20 Utility functions of pdfTeX for LuaTeX (HO
)
Package pdftexcmds Info: LuaTeX not detected.
Package pdftexcmds Info: \pdf@primitive is available.
Package pdftexcmds Info: \pdf@ifprimitive is available.
Package pdftexcmds Info: \pdfdraftmode found.
Package: pdfescape 2011/11/25 v1.13 Implements pdfTeX's escape features (HO)
Package: bigintcalc 2012/04/08 v1.3 Expandable calculations on big integers (HO
)
Package: bitset 2011/01/30 v1.1 Handle bit-vector datatype (HO)
Package: uniquecounter 2011/01/30 v1.2 Provide unlimited unique counter (HO)
)
Package hobsub Info: Skipping package `hobsub' (already loaded).
Package: letltxmacro 2010/09/02 v1.4 Let assignment for LaTeX macros (HO)
Package: hopatch 2012/05/28 v1.2 Wrapper for package hooks (HO)
Package: xcolor-patch 2011/01/30 xcolor patch
Package: atveryend 2011/06/30 v1.8 Hooks at the very end of document (HO)
Package atveryend Info: \enddocument detected (standard20110627).
Package hobsub Info: Skipping package `atbegshi' (already loaded).
Package: refcount 2011/10/16 v3.4 Data extraction from label references (HO)
Package: hycolor 2011/01/30 v1.7 Color options for hyperref/bookmark (HO)
)
(/usr/local/texlive/2013/texmf-dist/tex/generic/ifxetex/ifxetex.sty
Package: ifxetex 2010/09/12 v0.6 Provides ifxetex conditional
)
(/usr/local/texlive/2013/texmf-dist/tex/latex/oberdiek/auxhook.sty
Package: auxhook 2011/03/04 v1.3 Hooks for auxiliary files (HO)
)
(/usr/local/texlive/2013/texmf-dist/tex/latex/oberdiek/kvoptions.sty
Package: kvoptions 2011/06/30 v3.11 Key value format for package options (HO)
)
\@linkdim=\dimen111
\Hy@linkcounter=\count90
\Hy@pagecounter=\count91

(/usr/local/texlive/2013/texmf-dist/tex/latex/hyperref/pd1enc.def
File: pd1enc.def 2012/11/06 v6.83m Hyperref: PDFDocEncoding definition (HO)
)
\Hy@SavedSpaceFactor=\count92

(/usr/local/texlive/2013/texmf-dist/tex/latex/latexconfig/hyperref.cfg
File: hyperref.cfg 2002/06/06 v1.2 hyperref configuration of TeXLive
)
Package hyperref Info: Hyper figures OFF on input line 4443.
Package hyperref Info: Link nesting OFF on input line 4448.
Package hyperref Info: Hyper index ON on input line 4451.
Package hyperref Info: Plain pages OFF on input line 4458.
Package hyperref Info: Backreferencing OFF on input line 4463.
Package hyperref Info: Implicit mode ON; LaTeX internals redefined.
Package hyperref Info: Bookmarks ON on input line 4688.
\c@Hy@tempcnt=\count93

(/usr/local/texlive/2013/texmf-dist/tex/latex/url/url.sty
\Urlmuskip=\muskip10
Package: url 2006/04/12  ver 3.3  Verb mode for urls, etc.
)
LaTeX Info: Redefining \url on input line 5041.
\XeTeXLinkMargin=\dimen112
\Fld@menulength=\count94
\Field@Width=\dimen113
\Fld@charsize=\dimen114
Package hyperref Info: Hyper figures OFF on input line 6295.
Package hyperref Info: Link nesting OFF on input line 6300.
Package hyperref Info: Hyper index ON on input line 6303.
Package hyperref Info: backreferencing OFF on input line 6310.
Package hyperref Info: Link coloring OFF on input line 6315.
Package hyperref Info: Link coloring with OCG OFF on input line 6320.
Package hyperref Info: PDF/A mode OFF on input line 6325.
LaTeX Info: Redefining \ref on input line 6365.
LaTeX Info: Redefining \pageref on input line 6369.
\Hy@abspage=\count95
\c@Item=\count96
\c@Hfootnote=\count97
)

Package hyperref Message: Driver (autodetected): hpdftex.

(/usr/local/texlive/2013/texmf-dist/tex/latex/hyperref/hpdftex.def
File: hpdftex.def 2012/11/06 v6.83m Hyperref driver for pdfTeX
\Fld@listcount=\count98
\c@bookmark@seq@number=\count99

(/usr/local/texlive/2013/texmf-dist/tex/latex/oberdiek/rerunfilecheck.sty
Package: rerunfilecheck 2011/04/15 v1.7 Rerun checks for auxiliary files (HO)
Package uniquecounter Info: New unique counter `rerunfilecheck' on input line 2
82.
)
\Hy@SectionHShift=\skip63
)
(/userdata/Dropbox/Networks/marketing/latex/texslides/pause.sty)
(/usr/local/texlive/2013/texmf-dist/tex/latex/base/alltt.sty
Package: alltt 1997/06/16 v2.0g defines alltt environment
)
(/usr/local/texlive/2013/texmf-dist/tex/latex/wasysym/wasysym.sty
Package: wasysym 2003/10/30 v2.0 Wasy-2 symbol support package
\symwasy=\mathgroup5
LaTeX Font Info:    Overwriting symbol font `wasy' in version `bold'
(Font)                  U/wasy/m/n --> U/wasy/b/n on input line 90.
)
(/usr/local/texlive/2013/texmf-dist/tex/generic/babel/babel.sty
Package: babel 2013/05/16 v3.9f The Babel package

(/usr/local/texlive/2013/texmf-dist/tex/generic/babel-danish/danish.ldf
Language: danish 2009/09/19 v1.3r Danish support from the babel system

(/usr/local/texlive/2013/texmf-dist/tex/generic/babel/babel.def
File: babel.def 2013/05/16 v3.9f Babel common definitions
\babel@savecnt=\count100
\U@D=\dimen115
)
Package babel Info: Making " an active character on input line 82.
)
(/usr/local/texlive/2013/texmf-dist/tex/generic/babel-english/english.ldf
Language: english 2012/08/20 v3.3p English support from the babel system
\l@canadian = a dialect from \language\l@american 
\l@australian = a dialect from \language\l@british 
\l@newzealand = a dialect from \language\l@british 
))
(/usr/local/texlive/2013/texmf-dist/tex/latex/fancyhdr/fancyhdr.sty
\fancy@headwidth=\skip64
\f@ncyO@elh=\skip65
\f@ncyO@erh=\skip66
\f@ncyO@olh=\skip67
\f@ncyO@orh=\skip68
\f@ncyO@elf=\skip69
\f@ncyO@erf=\skip70
\f@ncyO@olf=\skip71
\f@ncyO@orf=\skip72
)
(/usr/local/texlive/2013/texmf-dist/tex/latex/moreverb/moreverb.sty
Package: moreverb 2008/06/03 v2.3a `more' verbatim facilities

(/usr/local/texlive/2013/texmf-dist/tex/latex/tools/verbatim.sty
Package: verbatim 2003/08/22 v1.5q LaTeX2e package for verbatim enhancements
\every@verbatim=\toks17
\verbatim@line=\toks18
\verbatim@in@stream=\read1
)
\tab@position=\count101
\tab@size=\count102
\listing@line=\count103
)
(/usr/local/texlive/2013/texmf-dist/tex/latex/tools/xr.sty
Package: xr 1994/05/28 v5.02 eXternal References (DPC)
)
(/usr/local/texlive/2013/texmf-dist/tex/latex/wrapfig/wrapfig.sty
\wrapoverhang=\dimen116
\WF@size=\dimen117
\c@WF@wrappedlines=\count104
\WF@box=\box27
\WF@everypar=\toks19
Package: wrapfig 2003/01/31  v 3.6
)
Package hyperref Info: Option `colorlinks' set `true' on input line 69.
Package hyperref Info: Option `pdfmenubar' set `true' on input line 69.
Package hyperref Info: Option `pdftoolbar' set `true' on input line 69.
Package color Info: Redefining color titlecolor on input line 294.
Package color Info: Redefining color titlecolor on input line 298.
)
(./thecamp-ddos-workshop.aux)
\openout1 = `thecamp-ddos-workshop.aux'.

LaTeX Font Info:    Checking defaults for OML/cmm/m/it on input line 15.
LaTeX Font Info:    ... okay on input line 15.
LaTeX Font Info:    Checking defaults for T1/cmr/m/n on input line 15.
LaTeX Font Info:    ... okay on input line 15.
LaTeX Font Info:    Checking defaults for OT1/cmr/m/n on input line 15.
LaTeX Font Info:    ... okay on input line 15.
LaTeX Font Info:    Checking defaults for OMS/cmsy/m/n on input line 15.
LaTeX Font Info:    ... okay on input line 15.
LaTeX Font Info:    Checking defaults for OMX/cmex/m/n on input line 15.
LaTeX Font Info:    ... okay on input line 15.
LaTeX Font Info:    Checking defaults for U/cmr/m/n on input line 15.
LaTeX Font Info:    ... okay on input line 15.
LaTeX Font Info:    Checking defaults for PD1/pdf/m/n on input line 15.
LaTeX Font Info:    ... okay on input line 15.
LaTeX Font Info:    Try loading font information for OT1+phv on input line 15.

(/usr/local/texlive/2013/texmf-dist/tex/latex/psnfss/ot1phv.fd
File: ot1phv.fd 2001/06/04 scalable font definitions for OT1/phv.
)
(/usr/local/texlive/2013/texmf-dist/tex/context/base/supp-pdf.mkii
[Loading MPS to PDF converter (version 2006.09.02).]
\scratchcounter=\count105
\scratchdimen=\dimen118
\scratchbox=\box28
\nofMPsegments=\count106
\nofMParguments=\count107
\everyMPshowfont=\toks20
\MPscratchCnt=\count108
\MPscratchDim=\dimen119
\MPnumerator=\count109
\makeMPintoPDFobject=\count110
\everyMPtoPDFconversion=\toks21
)
\AtBeginShipoutBox=\box29
 (/usr/local/texlive/2013/texmf-dist/tex/latex/oberdiek/epstopdf-base.sty
Package: epstopdf-base 2010/02/09 v2.5 Base part for package epstopdf

(/usr/local/texlive/2013/texmf-dist/tex/latex/oberdiek/grfext.sty
Package: grfext 2010/08/19 v1.1 Manage graphics extensions (HO)
)
Package grfext Info: Graphics extension search list:
(grfext)             [.png,.pdf,.jpg,.mps,.jpeg,.jbig2,.jb2,.PNG,.PDF,.JPG,.JPE
G,.JBIG2,.JB2,.eps]
(grfext)             \AppendGraphicsExtensions on input line 452.

(/usr/local/texlive/2013/texmf-dist/tex/latex/latexconfig/epstopdf-sys.cfg
File: epstopdf-sys.cfg 2010/07/13 v1.3 Configuration of (r)epstopdf for TeX Liv
e
))
Package hyperref Info: Link coloring ON on input line 15.

(/usr/local/texlive/2013/texmf-dist/tex/latex/hyperref/nameref.sty
Package: nameref 2012/10/27 v2.43 Cross-referencing by name of section

(/usr/local/texlive/2013/texmf-dist/tex/generic/oberdiek/gettitlestring.sty
Package: gettitlestring 2010/12/03 v1.4 Cleanup title references (HO)
)
\c@section@level=\count111
)
LaTeX Info: Redefining \ref on input line 15.
LaTeX Info: Redefining \pageref on input line 15.
LaTeX Info: Redefining \nameref on input line 15.

(./thecamp-ddos-workshop.out) (./thecamp-ddos-workshop.out)
\@outlinefile=\write3
\openout3 = `thecamp-ddos-workshop.out'.

LaTeX Font Info:    Font shape `OT1/phv/bx/n' in size <24.88> not available
(Font)              Font shape `OT1/phv/b/n' tried instead on input line 18.
LaTeX Font Info:    Font shape `OT1/phv/bx/n' in size <29.86> not available
(Font)              Font shape `OT1/phv/b/n' tried instead on input line 18.

<Wiki_thecamp.png, id=4, 505.89pt x 50.1875pt>
File: Wiki_thecamp.png Graphic file (type png)
 <use Wiki_thecamp.png>
Package pdftex.def Info: Wiki_thecamp.png used on input line 18.
(pdftex.def)             Requested size: 455.24408pt x 45.16371pt.

<thecamp-cat5.png, id=5, 135.50626pt x 135.50626pt>
File: thecamp-cat5.png Graphic file (type png)
 <use thecamp-cat5.png>
Package pdftex.def Info: thecamp-cat5.png used on input line 20.
(pdftex.def)             Requested size: 113.81102pt x 113.81412pt.

Overfull \vbox (115.2783pt too high) has occurred while \output is active []

LaTeX Font Info:    Try loading font information for OMS+phv on input line 20.

(/usr/local/texlive/2013/texmf-dist/tex/latex/psnfss/omsphv.fd
File: omsphv.fd 
)
LaTeX Font Info:    Font shape `OMS/phv/m/n' in size <12> not available
(Font)              Font shape `OMS/cmsy/m/n' tried instead on input line 20.
 [1

{/usr/local/texlive/2013/texmf-var/fonts/map/pdftex/updmap/pdftex.map} </userda
ta/projects/github/security-courses/images/thecamp-cat5.png> </userdata/project
s/github/security-courses/images/Wiki_thecamp.png>]
File: thecamp-cat5.png Graphic file (type png)
 <use thecamp-cat5.png>
Package pdftex.def Info: thecamp-cat5.png used on input line 32.
(pdftex.def)             Requested size: 113.81102pt x 113.81412pt.

Overfull \vbox (115.2783pt too high) has occurred while \output is active []


[2] <thecamp-2012-hlk.jpg, id=20, 1747.52875pt x 2377.88374pt>
File: thecamp-2012-hlk.jpg Graphic file (type jpg)

<use thecamp-2012-hlk.jpg>
Package pdftex.def Info: thecamp-2012-hlk.jpg used on input line 34.
(pdftex.def)             Requested size: 199.16928pt x 271.00174pt.
File: thecamp-cat5.png Graphic file (type png)
 <use thecamp-cat5.png>
Package pdftex.def Info: thecamp-cat5.png used on input line 44.
(pdftex.def)             Requested size: 113.81102pt x 113.81412pt.

Overfull \vbox (115.2783pt too high) has occurred while \output is active []


[3 </userdata/projects/github/security-courses/images/thecamp-2012-hlk.jpg>]
<sicherheitstacho.png, id=25, 1173.38374pt x 706.64pt>
File: sicherheitstacho.png Graphic file (type png)

<use sicherheitstacho.png>
Package pdftex.def Info: sicherheitstacho.png used on input line 46.
(pdftex.def)             Requested size: 625.96062pt x 376.96503pt.
LaTeX Font Info:    Try loading font information for OT1+pcr on input line 48.

(/usr/local/texlive/2013/texmf-dist/tex/latex/psnfss/ot1pcr.fd
File: ot1pcr.fd 2001/06/04 font definitions for OT1/pcr.
)
LaTeX Font Info:    Try loading font information for U+wasy on input line 48.

(/usr/local/texlive/2013/texmf-dist/tex/latex/wasysym/uwasy.fd
File: uwasy.fd 2003/10/30 v2.0 Wasy-2 symbol font definitions
)
File: thecamp-cat5.png Graphic file (type png)

<use thecamp-cat5.png>
Package pdftex.def Info: thecamp-cat5.png used on input line 50.
(pdftex.def)             Requested size: 113.81102pt x 113.81412pt.

Overfull \vbox (115.2783pt too high) has occurred while \output is active []


[4 </userdata/projects/github/security-courses/images/sicherheitstacho.png>]
<spamhaus-services.png, id=32, 743.77875pt x 353.32pt>
File: spamhaus-services.png Graphic file (type png)

<use spamhaus-services.png>
Package pdftex.def Info: spamhaus-services.png used on input line 51.
(pdftex.def)             Requested size: 682.86613pt x 324.39522pt.
File: thecamp-cat5.png Graphic file (type png)
 <use thecamp-cat5.png>
Package pdftex.def Info: thecamp-cat5.png used on input line 55.
(pdftex.def)             Requested size: 113.81102pt x 113.81412pt.

Overfull \vbox (115.2783pt too high) has occurred while \output is active []


[5 </userdata/projects/github/security-courses/presentations/misc/tendenser-i-s
ikkerhed/2013-april/images/spamhaus-services.png>]
File: thecamp-cat5.png Graphic file (type png)
 <use thecamp-cat5.png>
Package pdftex.def Info: thecamp-cat5.png used on input line 67.
(pdftex.def)             Requested size: 113.81102pt x 113.81412pt.

Overfull \vbox (115.2783pt too high) has occurred while \output is active []


[6]
Overfull \hbox (123.55861pt too wide) in paragraph at lines 75--78
[][]$\OT1/pcr/m/n/14.4 http : / / www . techweekeurope . co . uk / news / prole
xic-[]ceo-[]scott-[]hammack-[]biggest-[]cyber-[]attack-[]lies-[]spamhaus-[]1135
51$[][] 
 []

File: thecamp-cat5.png Graphic file (type png)
<use thecamp-cat5.png>
Package pdftex.def Info: thecamp-cat5.png used on input line 83.
(pdftex.def)             Requested size: 113.81102pt x 113.81412pt.

Overfull \vbox (115.2783pt too high) has occurred while \output is active []


[7] <observium-screenshot.png, id=50, 859.21pt x 584.1825pt>
File: observium-screenshot.png Graphic file (type png)

<use observium-screenshot.png>
Package pdftex.def Info: observium-screenshot.png used on input line 85.
(pdftex.def)             Requested size: 569.05511pt x 386.90762pt.
File: thecamp-cat5.png Graphic file (type png)
 <use thecamp-cat5.png>
Package pdftex.def Info: thecamp-cat5.png used on input line 88.
(pdftex.def)             Requested size: 113.81102pt x 113.81412pt.

Overfull \vbox (115.2783pt too high) has occurred while \output is active []


[8 </userdata/projects/github/security-courses/images/observium-screenshot.png>
]
File: thecamp-cat5.png Graphic file (type png)
 <use thecamp-cat5.png>
Package pdftex.def Info: thecamp-cat5.png used on input line 98.
(pdftex.def)             Requested size: 113.81102pt x 113.81412pt.

Overfull \vbox (115.2783pt too high) has occurred while \output is active []


[9] <junos-dos-example.png, id=61, 1032.85875pt x 386.44376pt>
File: junos-dos-example.png Graphic file (type png)

<use junos-dos-example.png>
Package pdftex.def Info: junos-dos-example.png used on input line 99.
(pdftex.def)             Requested size: 768.2244pt x 287.43806pt.
File: thecamp-cat5.png Graphic file (type png)
 <use thecamp-cat5.png>
Package pdftex.def Info: thecamp-cat5.png used on input line 103.
(pdftex.def)             Requested size: 113.81102pt x 113.81412pt.

Overfull \vbox (115.2783pt too high) has occurred while \output is active []


[10 </userdata/projects/github/security-courses/images/junos-dos-example.png>]
LaTeX Font Info:    Font shape `OT1/phv/bx/sl' in size <24.88> not available
(Font)              Font shape `OT1/phv/b/sl' tried instead on input line 103.
File: thecamp-cat5.png Graphic file (type png)

<use thecamp-cat5.png>
Package pdftex.def Info: thecamp-cat5.png used on input line 126.
(pdftex.def)             Requested size: 113.81102pt x 113.81412pt.

Overfull \vbox (115.2783pt too high) has occurred while \output is active []


[11] <overview-routing-customer-2015.pdf, id=72, 791.95876pt x 514.92375pt>
File: overview-routing-customer-2015.pdf Graphic file (type pdf)

<use overview-routing-customer-2015.pdf>
Package pdftex.def Info: overview-routing-customer-2015.pdf used on input line 
127.
(pdftex.def)             Requested size: 569.05511pt x 369.99838pt.
File: thecamp-cat5.png Graphic file (type png)
 <use thecamp-cat5.png>
Package pdftex.def Info: thecamp-cat5.png used on input line 129.
(pdftex.def)             Requested size: 113.81102pt x 113.81412pt.

Overfull \vbox (115.2783pt too high) has occurred while \output is active []


[12 </userdata/projects/github/security-courses/images/overview-routing-custome
r-2015.pdf>] <riorey-ddos-tcp.png, id=845, 1029.8475pt x 644.4075pt>
File: riorey-ddos-tcp.png Graphic file (type png)

<use riorey-ddos-tcp.png>
Package pdftex.def Info: riorey-ddos-tcp.png used on input line 130.
(pdftex.def)             Requested size: 625.96062pt x 391.69174pt.
File: thecamp-cat5.png Graphic file (type png)
 <use thecamp-cat5.png>
Package pdftex.def Info: thecamp-cat5.png used on input line 132.
(pdftex.def)             Requested size: 113.81102pt x 113.81412pt.

Overfull \vbox (115.2783pt too high) has occurred while \output is active []


[13 </userdata/projects/github/security-courses/images/riorey-ddos-tcp.png>]
<riorey-ddos-http.png, id=851, 1031.855pt x 385.44pt>
File: riorey-ddos-http.png Graphic file (type png)

<use riorey-ddos-http.png>
Package pdftex.def Info: riorey-ddos-http.png used on input line 133.
(pdftex.def)             Requested size: 625.96062pt x 233.83005pt.
File: thecamp-cat5.png Graphic file (type png)
 <use thecamp-cat5.png>
Package pdftex.def Info: thecamp-cat5.png used on input line 135.
(pdftex.def)             Requested size: 113.81102pt x 113.81412pt.

Overfull \vbox (115.2783pt too high) has occurred while \output is active []


[14 </userdata/projects/github/security-courses/images/riorey-ddos-http.png>]
<riorey-ddos-udp.png, id=856, 1029.8475pt x 319.1925pt>
File: riorey-ddos-udp.png Graphic file (type png)

<use riorey-ddos-udp.png>
Package pdftex.def Info: riorey-ddos-udp.png used on input line 136.
(pdftex.def)             Requested size: 625.96062pt x 194.01552pt.

<riorey-ddos-icmp.png, id=857, 1030.85126pt x 187.70125pt>
File: riorey-ddos-icmp.png Graphic file (type png)

<use riorey-ddos-icmp.png>
Package pdftex.def Info: riorey-ddos-icmp.png used on input line 138.
(pdftex.def)             Requested size: 625.96062pt x 113.97919pt.
File: thecamp-cat5.png Graphic file (type png)
 <use thecamp-cat5.png>
Package pdftex.def Info: thecamp-cat5.png used on input line 141.
(pdftex.def)             Requested size: 113.81102pt x 113.81412pt.

Overfull \vbox (115.2783pt too high) has occurred while \output is active []


[15 </userdata/projects/github/security-courses/images/riorey-ddos-udp.png> </u
serdata/projects/github/security-courses/images/riorey-ddos-icmp.png>]
<nfsen-udp-flood.png, id=862, 902.37125pt x 520.94624pt>
File: nfsen-udp-flood.png Graphic file (type png)

<use nfsen-udp-flood.png>
Package pdftex.def Info: nfsen-udp-flood.png used on input line 143.
(pdftex.def)             Requested size: 625.96062pt x 361.39285pt.
File: thecamp-cat5.png Graphic file (type png)
 <use thecamp-cat5.png>
Package pdftex.def Info: thecamp-cat5.png used on input line 147.
(pdftex.def)             Requested size: 113.81102pt x 113.81412pt.

Overfull \vbox (115.2783pt too high) has occurred while \output is active []


[16 </userdata/projects/github/security-courses/images/nfsen-udp-flood.png>]
<network-layers-1.pdf, id=867, 788.9475pt x 498.86375pt>
File: network-layers-1.pdf Graphic file (type pdf)

<use network-layers-1.pdf>
Package pdftex.def Info: network-layers-1.pdf used on input line 149.
(pdftex.def)             Requested size: 654.41338pt x 413.798pt.
File: thecamp-cat5.png Graphic file (type png)
 <use thecamp-cat5.png>
Package pdftex.def Info: thecamp-cat5.png used on input line 151.
(pdftex.def)             Requested size: 113.81102pt x 113.81412pt.

Overfull \vbox (115.2783pt too high) has occurred while \output is active []


[17 </userdata/projects/github/security-courses/images/network-layers-1.pdf>]
<ddos-before-filtering.png, id=1316, 678.535pt x 296.10625pt>
File: ddos-before-filtering.png Graphic file (type png)

<use ddos-before-filtering.png>
Package pdftex.def Info: ddos-before-filtering.png used on input line 152.
(pdftex.def)             Requested size: 739.77165pt x 322.84428pt.
File: thecamp-cat5.png Graphic file (type png)
 <use thecamp-cat5.png>
Package pdftex.def Info: thecamp-cat5.png used on input line 156.
(pdftex.def)             Requested size: 113.81102pt x 113.81412pt.

Overfull \vbox (115.2783pt too high) has occurred while \output is active []


[18 </userdata/projects/github/security-courses/images/ddos-before-filtering.pn
g>] <ddos-after-filtering.png, id=1322, 1274.7625pt x 991.705pt>
File: ddos-after-filtering.png Graphic file (type png)

<use ddos-after-filtering.png>
Package pdftex.def Info: ddos-after-filtering.png used on input line 157.
(pdftex.def)             Requested size: 512.1496pt x 398.43031pt.
File: thecamp-cat5.png Graphic file (type png)
 <use thecamp-cat5.png>
Package pdftex.def Info: thecamp-cat5.png used on input line 162.
(pdftex.def)             Requested size: 113.81102pt x 113.81412pt.

Overfull \vbox (115.2783pt too high) has occurred while \output is active []


[19 </userdata/projects/github/security-courses/images/ddos-after-filtering.png
>]
LaTeX Font Info:    Try loading font information for OMS+pcr on input line 167.

 (/usr/local/texlive/2013/texmf-dist/tex/latex/psnfss/omspcr.fd
File: omspcr.fd 
)
LaTeX Font Info:    Font shape `OMS/pcr/m/n' in size <14.4> not available
(Font)              Font shape `OMS/cmsy/m/n' tried instead on input line 167.
File: thecamp-cat5.png Graphic file (type png)

<use thecamp-cat5.png>
Package pdftex.def Info: thecamp-cat5.png used on input line 187.
(pdftex.def)             Requested size: 113.81102pt x 113.81412pt.

Overfull \vbox (115.2783pt too high) has occurred while \output is active []


[20]
File: thecamp-cat5.png Graphic file (type png)
 <use thecamp-cat5.png>
Package pdftex.def Info: thecamp-cat5.png used on input line 212.
(pdftex.def)             Requested size: 113.81102pt x 113.81412pt.

Overfull \vbox (115.2783pt too high) has occurred while \output is active []


[21]
File: thecamp-cat5.png Graphic file (type png)
 <use thecamp-cat5.png>
Package pdftex.def Info: thecamp-cat5.png used on input line 242.
(pdftex.def)             Requested size: 113.81102pt x 113.81412pt.

Overfull \vbox (115.2783pt too high) has occurred while \output is active []


[22]
LaTeX Font Info:    Font shape `OMS/pcr/m/n' in size <17.28> not available
(Font)              Font shape `OMS/cmsy/m/n' tried instead on input line 248.
File: thecamp-cat5.png Graphic file (type png)
 <use thecamp-cat5.png>
Package pdftex.def Info: thecamp-cat5.png used on input line 269.
(pdftex.def)             Requested size: 113.81102pt x 113.81412pt.

Overfull \vbox (115.2783pt too high) has occurred while \output is active []


[23]
File: thecamp-cat5.png Graphic file (type png)
 <use thecamp-cat5.png>
Package pdftex.def Info: thecamp-cat5.png used on input line 279.
(pdftex.def)             Requested size: 113.81102pt x 113.81412pt.

Overfull \vbox (115.2783pt too high) has occurred while \output is active []


[24]
File: thecamp-cat5.png Graphic file (type png)
 <use thecamp-cat5.png>
Package pdftex.def Info: thecamp-cat5.png used on input line 299.
(pdftex.def)             Requested size: 113.81102pt x 113.81412pt.

Overfull \vbox (115.2783pt too high) has occurred while \output is active []


[25] <uRPF-check-1.pdf, id=1356, 588.1975pt x 244.915pt>
File: uRPF-check-1.pdf Graphic file (type pdf)

<use uRPF-check-1.pdf>
Package pdftex.def Info: uRPF-check-1.pdf used on input line 301.
(pdftex.def)             Requested size: 682.86613pt x 284.337pt.
LaTeX Font Info:    Font shape `OT1/phv/bx/n' in size <20.74> not available
(Font)              Font shape `OT1/phv/b/n' tried instead on input line 304.
File: thecamp-cat5.png Graphic file (type png)
 <use thecamp-cat5.png>
Package pdftex.def Info: thecamp-cat5.png used on input line 309.
(pdftex.def)             Requested size: 113.81102pt x 113.81412pt.

Overfull \vbox (115.2783pt too high) has occurred while \output is active []


[26 </userdata/projects/github/security-courses/presentations/misc/tendenser-i-
sikkerhed/2013-april/images/uRPF-check-1.pdf>]
File: thecamp-cat5.png Graphic file (type png)
 <use thecamp-cat5.png>
Package pdftex.def Info: thecamp-cat5.png used on input line 338.
(pdftex.def)             Requested size: 113.81102pt x 113.81412pt.

Overfull \vbox (115.2783pt too high) has occurred while \output is active []


[27] <packetlife-RTBH.png, id=1472, 418.56375pt x 370.38374pt>
File: packetlife-RTBH.png Graphic file (type png)

<use packetlife-RTBH.png>
Package pdftex.def Info: packetlife-RTBH.png used on input line 340.
(pdftex.def)             Requested size: 284.52756pt x 251.77283pt.
File: thecamp-cat5.png Graphic file (type png)
 <use thecamp-cat5.png>
Package pdftex.def Info: thecamp-cat5.png used on input line 349.
(pdftex.def)             Requested size: 113.81102pt x 113.81412pt.

Overfull \vbox (115.2783pt too high) has occurred while \output is active []


[28 </userdata/projects/github/security-courses/presentations/misc/tendenser-i-
sikkerhed/2013-april/images/packetlife-RTBH.png>]
File: thecamp-cat5.png Graphic file (type png)
 <use thecamp-cat5.png>
Package pdftex.def Info: thecamp-cat5.png used on input line 376.
(pdftex.def)             Requested size: 113.81102pt x 113.81412pt.

Overfull \vbox (115.2783pt too high) has occurred while \output is active []


[29]
File: thecamp-cat5.png Graphic file (type png)
 <use thecamp-cat5.png>
Package pdftex.def Info: thecamp-cat5.png used on input line 389.
(pdftex.def)             Requested size: 113.81102pt x 113.81412pt.

Overfull \vbox (115.2783pt too high) has occurred while \output is active []


[30]
File: thecamp-cat5.png Graphic file (type png)
 <use thecamp-cat5.png>
Package pdftex.def Info: thecamp-cat5.png used on input line 409.
(pdftex.def)             Requested size: 113.81102pt x 113.81412pt.

Overfull \vbox (115.2783pt too high) has occurred while \output is active []


[31]
LaTeX Font Info:    Font shape `OMS/pcr/m/n' in size <20.74> not available
(Font)              Font shape `OMS/cmsy/m/n' tried instead on input line 413.
File: thecamp-cat5.png Graphic file (type png)
 <use thecamp-cat5.png>
Package pdftex.def Info: thecamp-cat5.png used on input line 425.
(pdftex.def)             Requested size: 113.81102pt x 113.81412pt.

Overfull \vbox (115.2783pt too high) has occurred while \output is active []


[32]
File: thecamp-cat5.png Graphic file (type png)
 <use thecamp-cat5.png>
Package pdftex.def Info: thecamp-cat5.png used on input line 435.
(pdftex.def)             Requested size: 113.81102pt x 113.81412pt.

Overfull \vbox (115.2783pt too high) has occurred while \output is active []


[33]
Overfull \hbox (85.77036pt too wide) in paragraph at lines 451--456
[][]$\OT1/pcr/m/n/17.28 http : / / www . slideshare . net / junipernetworks / f
lowspec-[]bay-[]area-[]juniper-[]user-[]group-[]bajug$[][]
 []


Underfull \hbox (badness 10000) in paragraph at lines 451--456

 []

File: thecamp-cat5.png Graphic file (type png)
<use thecamp-cat5.png>
Package pdftex.def Info: thecamp-cat5.png used on input line 459.
(pdftex.def)             Requested size: 113.81102pt x 113.81412pt.

Overfull \vbox (115.2783pt too high) has occurred while \output is active []


[34] <ddos-workshop-network-1.pdf, id=1517, 605.26125pt x 273.02pt>
File: ddos-workshop-network-1.pdf Graphic file (type pdf)

<use ddos-workshop-network-1.pdf>
Package pdftex.def Info: ddos-workshop-network-1.pdf used on input line 461.
(pdftex.def)             Requested size: 682.86613pt x 308.02992pt.
File: thecamp-cat5.png Graphic file (type png)
 <use thecamp-cat5.png>
Package pdftex.def Info: thecamp-cat5.png used on input line 465.
(pdftex.def)             Requested size: 113.81102pt x 113.81412pt.

Overfull \vbox (115.2783pt too high) has occurred while \output is active []


[35 </userdata/projects/github/security-courses/images/ddos-workshop-network-1.
pdf>]
LaTeX Font Info:    Font shape `OT1/phv/bx/n' in size <17.28> not available
(Font)              Font shape `OT1/phv/b/n' tried instead on input line 474.
File: thecamp-cat5.png Graphic file (type png)
 <use thecamp-cat5.png>
Package pdftex.def Info: thecamp-cat5.png used on input line 483.
(pdftex.def)             Requested size: 113.81102pt x 113.81412pt.

Overfull \vbox (115.2783pt too high) has occurred while \output is active []


[36]
LaTeX Font Info:    Font shape `OT1/phv/bx/n' in size <14.4> not available
(Font)              Font shape `OT1/phv/b/n' tried instead on input line 499.
File: thecamp-cat5.png Graphic file (type png)
 <use thecamp-cat5.png>
Package pdftex.def Info: thecamp-cat5.png used on input line 506.
(pdftex.def)             Requested size: 113.81102pt x 113.81412pt.

Overfull \vbox (115.2783pt too high) has occurred while \output is active []


[37]
File: thecamp-cat5.png Graphic file (type png)
 <use thecamp-cat5.png>
Package pdftex.def Info: thecamp-cat5.png used on input line 514.
(pdftex.def)             Requested size: 113.81102pt x 113.81412pt.

Overfull \vbox (115.2783pt too high) has occurred while \output is active []


[38]
File: thecamp-cat5.png Graphic file (type png)
 <use thecamp-cat5.png>
Package pdftex.def Info: thecamp-cat5.png used on input line 537.
(pdftex.def)             Requested size: 113.81102pt x 113.81412pt.

Overfull \vbox (115.2783pt too high) has occurred while \output is active []


[39] <kali-linux.png, id=1618, 1015.795pt x 435.6275pt>
File: kali-linux.png Graphic file (type png)
 <use kali-linux.png>
Package pdftex.def Info: kali-linux.png used on input line 539.
(pdftex.def)             Requested size: 731.23582pt x 313.60503pt.
File: thecamp-cat5.png Graphic file (type png)

<use thecamp-cat5.png>
Package pdftex.def Info: thecamp-cat5.png used on input line 546.
(pdftex.def)             Requested size: 113.81102pt x 113.81412pt.

Overfull \vbox (115.2783pt too high) has occurred while \output is active []


[40 </userdata/projects/github/security-courses/images/kali-linux.png>]
<twitter-unix-security.png, id=1625, 555.07375pt x 122.4575pt>
File: twitter-unix-security.png Graphic file (type png)

<use twitter-unix-security.png>
Package pdftex.def Info: twitter-unix-security.png used on input line 549.
(pdftex.def)             Requested size: 682.86613pt x 150.6517pt.
File: thecamp-cat5.png Graphic file (type png)
 <use thecamp-cat5.png>
Package pdftex.def Info: thecamp-cat5.png used on input line 560.
(pdftex.def)             Requested size: 113.81102pt x 113.81412pt.

Overfull \vbox (115.2783pt too high) has occurred while \output is active []


[41 </userdata/projects/github/security-courses/presentations/misc/tendenser-i-
sikkerhed/2011-march/images/twitter-unix-security.png>]
<images/linux-tsung-size_rcv.png, id=1631, 578.16pt x 433.62pt>
File: images/linux-tsung-size_rcv.png Graphic file (type png)

<use images/linux-tsung-size_rcv.png>
Package pdftex.def Info: images/linux-tsung-size_rcv.png used on input line 562
.
(pdftex.def)             Requested size: 369.88582pt x 277.40999pt.
File: thecamp-cat5.png Graphic file (type png)
 <use thecamp-cat5.png>
Package pdftex.def Info: thecamp-cat5.png used on input line 570.
(pdftex.def)             Requested size: 113.81102pt x 113.81412pt.

Overfull \vbox (115.2783pt too high) has occurred while \output is active []


[42 </userdata/projects/github/security-courses/presentations/network/network-c
amp-2012/images/linux-tsung-size_rcv.png>]
<security-onion.png, id=1639, 917.4275pt x 771.88374pt>
File: security-onion.png Graphic file (type png)

<use security-onion.png>
Package pdftex.def Info: security-onion.png used on input line 572.
(pdftex.def)             Requested size: 426.79134pt x 359.08711pt.
File: thecamp-cat5.png Graphic file (type png)
 <use thecamp-cat5.png>
Package pdftex.def Info: thecamp-cat5.png used on input line 576.
(pdftex.def)             Requested size: 113.81102pt x 113.81412pt.

Overfull \vbox (115.2783pt too high) has occurred while \output is active []


[43 </userdata/projects/github/security-courses/images/security-onion.png>]
<bro-ids.png, id=1647, 706.64pt x 351.3125pt>
File: bro-ids.png Graphic file (type png)
 <use bro-ids.png>
Package pdftex.def Info: bro-ids.png used on input line 578.
(pdftex.def)             Requested size: 398.33858pt x 198.03627pt.
File: thecamp-cat5.png Graphic file (type png)

<use thecamp-cat5.png>
Package pdftex.def Info: thecamp-cat5.png used on input line 586.
(pdftex.def)             Requested size: 113.81102pt x 113.81412pt.

Overfull \vbox (115.2783pt too high) has occurred while \output is active []


[44 </userdata/projects/github/security-courses/images/bro-ids.png>]
Underfull \hbox (badness 10000) in paragraph at lines 594--596

 []

File: thecamp-cat5.png Graphic file (type png)
<use thecamp-cat5.png>
Package pdftex.def Info: thecamp-cat5.png used on input line 598.
(pdftex.def)             Requested size: 113.81102pt x 113.81412pt.

Overfull \vbox (115.2783pt too high) has occurred while \output is active []


[45]
Overfull \hbox (211.3787pt too wide) in paragraph at lines 613--615
[][]$\OT1/pcr/m/n/20.74 http : / / www . version2 . dk / blog / hvad-[]er-[]ddo
s-[]distributed-[]denial-[]of-[]service-[]101-[]46653$[][] 
 []

File: thecamp-cat5.png Graphic file (type png)
<use thecamp-cat5.png>
Package pdftex.def Info: thecamp-cat5.png used on input line 619.
(pdftex.def)             Requested size: 113.81102pt x 113.81412pt.

Overfull \vbox (115.2783pt too high) has occurred while \output is active []


[46]
File: thecamp-cat5.png Graphic file (type png)
 <use thecamp-cat5.png>
Package pdftex.def Info: thecamp-cat5.png used on input line 626.
(pdftex.def)             Requested size: 113.81102pt x 113.81412pt.

Overfull \vbox (115.2783pt too high) has occurred while \output is active []


[47]
File: Wiki_thecamp.png Graphic file (type png)
 <use Wiki_thecamp.png>
Package pdftex.def Info: Wiki_thecamp.png used on input line 626.
(pdftex.def)             Requested size: 455.24408pt x 45.16371pt.
File: thecamp-cat5.png Graphic file (type png)
 <use thecamp-cat5.png>
Package pdftex.def Info: thecamp-cat5.png used on input line 628.
(pdftex.def)             Requested size: 113.81102pt x 113.81412pt.

Overfull \vbox (115.2783pt too high) has occurred while \output is active []


[48] <images/henrik-2009.jpg, id=1672, 2793.43625pt x 2285.53876pt>
File: images/henrik-2009.jpg Graphic file (type jpg)

<use images/henrik-2009.jpg>
Package pdftex.def Info: images/henrik-2009.jpg used on input line 628.
(pdftex.def)             Requested size: 227.62204pt x 186.22966pt.
Package atveryend Info: Empty hook `BeforeClearDocument' on input line 630.
File: thecamp-cat5.png Graphic file (type png)
 <use thecamp-cat5.png>
Package pdftex.def Info: thecamp-cat5.png used on input line 630.
(pdftex.def)             Requested size: 113.81102pt x 113.81412pt.

Overfull \vbox (115.2783pt too high) has occurred while \output is active []


[49 </userdata/projects/github/security-courses/images/henrik-2009.jpg>]
Package atveryend Info: Empty hook `AfterLastShipout' on input line 630.

(./thecamp-ddos-workshop.aux)
Package atveryend Info: Executing hook `AtVeryEndDocument' on input line 630.
Package atveryend Info: Executing hook `AtEndAfterFileList' on input line 630.
Package rerunfilecheck Info: File `thecamp-ddos-workshop.out' has not changed.
(rerunfilecheck)             Checksum: D41D8CD98F00B204E9800998ECF8427E;0.
Package atveryend Info: Empty hook `AtVeryVeryEnd' on input line 630.
 ) 
Here is how much of TeX's memory you used:
 6966 strings out of 493315
 104757 string characters out of 6137910
 189962 words of memory out of 5000000
 10210 multiletter control sequences out of 15000+600000
 30282 words of font info for 70 fonts, out of 8000000 for 9000
 957 hyphenation exceptions out of 8191
 39i,10n,45p,398b,338s stack positions out of 5000i,500n,10000p,200000b,80000s
{/usr/local/texlive/2013/texmf-dist/fonts/enc/dvips/base/8r.enc}</usr/local/t
exlive/2013/texmf-dist/fonts/type1/public/amsfonts/cm/cmsy10.pfb></usr/local/te
xlive/2013/texmf-dist/fonts/type1/public/amsfonts/cm/cmsy7.pfb></usr/local/texl
ive/2013/texmf-dist/fonts/type1/urw/courier/ucrr8a.pfb></usr/local/texlive/2013
/texmf-dist/fonts/type1/urw/helvetic/uhvb8a.pfb></usr/local/texlive/2013/texmf-
dist/fonts/type1/urw/helvetic/uhvbo8a.pfb></usr/local/texlive/2013/texmf-dist/f
onts/type1/urw/helvetic/uhvr8a.pfb></usr/local/texlive/2013/texmf-dist/fonts/ty
pe1/public/wasy/wasy10.pfb>
Output written on thecamp-ddos-workshop.pdf (49 pages, 6706114 bytes).
PDF statistics:
 1719 PDF objects out of 1728 (max. 8388607)
 978 compressed objects within 10 object streams
 50 named destinations out of 1000 (max. 500000)
 126 words of extra memory for PDF output out of 10000 (max. 10000000)

