This is pdfTeX, Version 3.141592-1.40.3 (Web2C 7.5.6) (format=pdflatex 2010.3.24)  26 SEP 2010 11:16
entering extended mode
**ipv6-intro.tex
(./ipv6-intro.tex
LaTeX2e <2005/12/01>
Babel <v3.8h> and hyphenation patterns for english, usenglishmax, dumylang, noh
yphenation, arabic, basque, bulgarian, coptic, welsh, czech, slovak, german, ng
erman, danish, esperanto, spanish, catalan, galician, estonian, farsi, finnish,
 french, greek, monogreek, ancientgreek, croatian, hungarian, interlingua, ibyc
us, indonesian, icelandic, italian, latin, mongolian, dutch, norsk, polish, por
tuguese, pinyin, romanian, russian, slovenian, uppersorbian, serbian, swedish, 
turkish, ukenglish, ukrainian, loaded.
(/userdata/projects/security-courses/texfiles/foiltex/foils.cls
Document Class: foils 2002/10/29 v2.1.4a FoilTeX Class File, Copyright IBM 1995
,1997,1998,2002
(/userdata/projects/security-courses/texfiles/foiltex/fltfonts.def
File: fltfonts.def 2002/10/29 v2.1.4a FoilTeX font definition file, Copyright I
BM 1995,1997,1998,2002
\symflasy=\mathgroup4
LaTeX Info: Redefining \em on input line 243.
LaTeX Font Info:    Overwriting symbol font `operators' in version `normal'
(Font)                  OT1/cmr/m/n --> OT1/fcmr/m/n on input line 245.
LaTeX Font Info:    Overwriting symbol font `letters' in version `normal'
(Font)                  OML/cmm/m/it --> OML/fcmm/m/it on input line 246.
LaTeX Font Info:    Overwriting symbol font `symbols' in version `normal'
(Font)                  OMS/cmsy/m/n --> OMS/fcmsy/m/n on input line 247.
LaTeX Font Info:    Overwriting symbol font `largesymbols' in version `normal'
(Font)                  OMX/cmex/m/n --> OMX/fcmex/m/n on input line 248.
LaTeX Font Info:    Overwriting symbol font `operators' in version `bold'
(Font)                  OT1/cmr/bx/n --> OT1/fcmr/bx/n on input line 249.
LaTeX Font Info:    Overwriting symbol font `letters' in version `bold'
(Font)                  OML/cmm/b/it --> OML/fcmm/b/it on input line 250.
LaTeX Font Info:    Overwriting symbol font `symbols' in version `bold'
(Font)                  OMS/cmsy/b/n --> OMS/fcmsy/b/n on input line 251.
LaTeX Font Info:    Overwriting symbol font `largesymbols' in version `bold'
(Font)                  OMX/cmex/m/n --> OMX/fcmex/m/n on input line 252.
LaTeX Font Info:    Redeclaring math alphabet \mathrm on input line 253.
LaTeX Font Info:    Redeclaring math alphabet \mathbf on input line 254.
LaTeX Font Info:    Overwriting math alphabet `\mathbf' in version `normal'
(Font)                  OT1/cmr/bx/n --> OT1/fcmr/bx/n on input line 254.
LaTeX Font Info:    Overwriting math alphabet `\mathbf' in version `bold'
(Font)                  OT1/cmr/bx/n --> OT1/fcmr/bx/n on input line 254.
LaTeX Font Info:    Redeclaring math alphabet \mathsf on input line 255.
LaTeX Font Info:    Overwriting math alphabet `\mathsf' in version `normal'
(Font)                  OT1/cmss/m/n --> OT1/fcmss/m/n on input line 255.
LaTeX Font Info:    Overwriting math alphabet `\mathsf' in version `bold'
(Font)                  OT1/cmss/bx/n --> OT1/fcmss/m/n on input line 255.
LaTeX Font Info:    Redeclaring math alphabet \mathit on input line 256.
LaTeX Font Info:    Overwriting math alphabet `\mathit' in version `normal'
(Font)                  OT1/cmr/m/it --> OT1/fcmr/m/it on input line 256.
LaTeX Font Info:    Overwriting math alphabet `\mathit' in version `bold'
(Font)                  OT1/cmr/bx/it --> OT1/fcmr/m/it on input line 256.
LaTeX Font Info:    Redeclaring math alphabet \mathtt on input line 257.
LaTeX Font Info:    Overwriting math alphabet `\mathtt' in version `normal'
(Font)                  OT1/cmtt/m/n --> OT1/fcmtt/m/n on input line 257.
LaTeX Font Info:    Overwriting math alphabet `\mathtt' in version `bold'
(Font)                  OT1/cmtt/m/n --> OT1/fcmtt/m/n on input line 257.
)
(/userdata/projects/security-courses/texfiles/foiltex/foil20.clo
File: foil20.clo 2002/10/29 v2.1.4a FoilTeX file (size option), Copyright IBM 1
995,1997,1998,2002
)
\head@footskip=\dimen102
\@foilheight=\dimen103
\@foilwidth=\dimen104
\abovetitleskip=\skip41
\titleauthorskip=\skip42
\authorauthorskip=\skip43
\authordateskip=\skip44
\dateabstractskip=\skip45
\@tempfootbox=\box26
\@tempfootht=\dimen105
\bibindent=\dimen106
\abovecaptionskip=\skip46
\belowcaptionskip=\skip47
\@captionwidth=\skip48
\captionwidth=\skip49
\abovefloatskip=\skip50
\c@table=\count79
\c@figure=\count80
\foilheadskip=\skip51
\c@Theorem=\count81
\c@Lemma=\count82
\c@Corollary=\count83
\c@Proposition=\count84
\c@Definition=\count85
)
(/userdata/projects/security-courses/texfiles/solido-network-slides.sty
(/usr/local/share/texmf-dist/tex/latex/base/inputenc.sty
Package: inputenc 2006/05/05 v1.1b Input encoding file
\inpenc@prehook=\toks14
\inpenc@posthook=\toks15

(/usr/local/share/texmf-dist/tex/latex/base/latin1.def
File: latin1.def 2006/05/05 v1.1b Input encoding file
))
(/usr/local/share/texmf-dist/tex/latex/psnfss/times.sty
Package: times 2005/04/12 PSNFSS-v9.2a (SPQR) 
)
(/usr/local/share/texmf-dist/tex/latex/graphics/color.sty
Package: color 2005/11/14 v1.0j Standard LaTeX Color (DPC)

(/usr/local/share/texmf/tex/latex/config/color.cfg
File: color.cfg 2007/01/18 v1.5 color configuration of teTeX/TeXLive
)
Package color Info: Driver file: pdftex.def on input line 130.

(/usr/local/share/texmf-dist/tex/latex/pdftex-def/pdftex.def
File: pdftex.def 2007/01/08 v0.04d Graphics/color for pdfTeX
\Gread@gobject=\count86
))
(/usr/local/share/texmf-dist/tex/latex/wallpaper/wallpaper.sty
Package: wallpaper 2005/01/18, v1.01 easy wallpaper formatting (MHFW)

(/usr/local/share/texmf-dist/tex/latex/base/ifthen.sty
Package: ifthen 2001/05/26 v1.1c Standard LaTeX ifthen package (DPC)
)
(/usr/local/share/texmf-dist/tex/latex/tools/calc.sty
Package: calc 2005/08/06 v4.2 Infix arithmetic (KKT,FJ)
\calc@Acount=\count87
\calc@Bcount=\count88
\calc@Adimen=\dimen107
\calc@Bdimen=\dimen108
\calc@Askip=\skip52
\calc@Bskip=\skip53
LaTeX Info: Redefining \setlength on input line 75.
LaTeX Info: Redefining \addtolength on input line 76.
\calc@Ccount=\count89
\calc@Cskip=\skip54
)
(/usr/local/share/texmf-dist/tex/latex/eso-pic/eso-pic.sty
Package: eso-pic 2006/07/14 v1.1d eso-pic (RN)

(/usr/local/share/texmf-dist/tex/latex/everyshi/everyshi.sty
Package: everyshi 2001/05/15 v3.00 EveryShipout Package (MS)
)
(/usr/local/share/texmf-dist/tex/latex/graphics/keyval.sty
Package: keyval 1999/03/16 v1.13 key=value parser (DPC)
\KV@toks@=\toks16
))
(/usr/local/share/texmf-dist/tex/latex/graphics/graphicx.sty
Package: graphicx 1999/02/16 v1.0f Enhanced LaTeX Graphics (DPC,SPQR)

(/usr/local/share/texmf-dist/tex/latex/graphics/graphics.sty
Package: graphics 2006/02/20 v1.0o Standard LaTeX Graphics (DPC,SPQR)

(/usr/local/share/texmf-dist/tex/latex/graphics/trig.sty
Package: trig 1999/03/16 v1.09 sin cos tan (DPC)
)
(/usr/local/share/texmf/tex/latex/config/graphics.cfg
File: graphics.cfg 2007/01/18 v1.5 graphics configuration of teTeX/TeXLive
)
Package graphics Info: Driver file: pdftex.def on input line 90.
)
\Gin@req@height=\dimen109
\Gin@req@width=\dimen110
)
\wpXoffset=\skip55
\wpYoffset=\skip56
\tileXoffset=\skip57
\tileYoffset=\skip58
\tilewidth=\skip59
\tileheight=\skip60
\tileX=\skip61
\tileY=\skip62
)
(/usr/local/share/texmf-dist/tex/latex/hyperref/hyperref.sty
Package: hyperref 2007/02/07 v6.75r Hypertext links for LaTeX
\@linkdim=\dimen111
\Hy@linkcounter=\count90
\Hy@pagecounter=\count91

(/usr/local/share/texmf-dist/tex/latex/hyperref/pd1enc.def
File: pd1enc.def 2007/02/07 v6.75r Hyperref: PDFDocEncoding definition (HO)
)
(/usr/local/share/texmf/tex/latex/config/hyperref.cfg
File: hyperref.cfg 2002/06/06 v1.2 hyperref configuration of TeXLive
)
(/usr/local/share/texmf-dist/tex/latex/oberdiek/kvoptions.sty
Package: kvoptions 2006/08/22 v2.4 Connects package keyval with LaTeX options (
HO)
)
Package hyperref Info: Hyper figures OFF on input line 2288.
Package hyperref Info: Link nesting OFF on input line 2293.
Package hyperref Info: Hyper index ON on input line 2296.
Package hyperref Info: Plain pages OFF on input line 2303.
Package hyperref Info: Backreferencing OFF on input line 2308.

Implicit mode ON; LaTeX internals redefined
Package hyperref Info: Bookmarks ON on input line 2444.
(/usr/local/share/texmf-dist/tex/latex/ltxmisc/url.sty
\Urlmuskip=\muskip10
Package: url 2005/06/27  ver 3.2  Verb mode for urls, etc.
)
LaTeX Info: Redefining \url on input line 2599.
\Fld@menulength=\count92
\Field@Width=\dimen112
\Fld@charsize=\dimen113
\Choice@toks=\toks17
\Field@toks=\toks18
Package hyperref Info: Hyper figures OFF on input line 3102.
Package hyperref Info: Link nesting OFF on input line 3107.
Package hyperref Info: Hyper index ON on input line 3110.
Package hyperref Info: backreferencing OFF on input line 3117.
Package hyperref Info: Link coloring OFF on input line 3122.
\Hy@abspage=\count93
\c@Item=\count94
\c@Hfootnote=\count95
)
*hyperref using default driver hpdftex*
(/usr/local/share/texmf-dist/tex/latex/hyperref/hpdftex.def
File: hpdftex.def 2007/02/07 v6.75r Hyperref driver for pdfTeX
\Fld@listcount=\count96
)
(/userdata/projects/security-courses/texfiles/pagetrans.sty)
(/usr/local/share/texmf-dist/tex/latex/ppower4/pause.sty)
(/usr/local/share/texmf-dist/tex/latex/base/alltt.sty
Package: alltt 1997/06/16 v2.0g defines alltt environment
)
(/usr/local/share/texmf-dist/tex/latex/floatflt/floatflt.sty
Package: floatflt 1997/07/16 v. 1.31
\c@OptionTest=\count97
\figbox=\box27
\tabbox=\box28
\pagebox=\box29
\ffigcount=\count98
\ftabcount=\count99
\fftest=\count100
\hangcount=\count101
\nosuccesstryfig=\count102
\nosuccesstrytab=\count103
\figgutter=\dimen114
\tabgutter=\dimen115
\htdone=\dimen116
\pageht=\dimen117
\startpageht=\dimen118
\tabbredd=\dimen119
\floatfltwidth=\dimen120
\fltitemwidth=\dimen121
\outputpretest=\toks19
)
(/usr/local/share/texmf-dist/tex/latex/wasysym/wasysym.sty
Package: wasysym 2003/10/30 v2.0 Wasy-2 symbol support package
\symwasy=\mathgroup5
LaTeX Font Info:    Overwriting symbol font `wasy' in version `bold'
(Font)                  U/wasy/m/n --> U/wasy/b/n on input line 90.
)
(/usr/local/share/texmf-dist/tex/generic/babel/babel.sty
Package: babel 2005/11/23 v3.8h The Babel package

(/usr/local/share/texmf-dist/tex/generic/babel/danish.ldf
Language: danish 2005/03/30 v1.3p Danish support from the babel system

(/usr/local/share/texmf-dist/tex/generic/babel/babel.def
File: babel.def 2005/11/23 v3.8h Babel common definitions
\babel@savecnt=\count104
\U@D=\dimen122
)
Package babel Info: Making " an active character on input line 82.
)
(/usr/local/share/texmf-dist/tex/generic/babel/english.ldf
Language: english 2005/03/30 v3.3o English support from the babel system
\l@british = a dialect from \language\l@english 
\l@UKenglish = a dialect from \language\l@english 
\l@canadian = a dialect from \language\l@american 
\l@australian = a dialect from \language\l@british 
\l@newzealand = a dialect from \language\l@british 
))
(/usr/local/share/texmf-dist/tex/latex/fancyhdr/fancyhdr.sty
\fancy@headwidth=\skip63
\f@ncyO@elh=\skip64
\f@ncyO@erh=\skip65
\f@ncyO@olh=\skip66
\f@ncyO@orh=\skip67
\f@ncyO@elf=\skip68
\f@ncyO@erf=\skip69
\f@ncyO@olf=\skip70
\f@ncyO@orf=\skip71
)
(/usr/local/share/texmf-dist/tex/latex/moreverb/moreverb.sty
Package: moreverb 1997/12/07 v2.2d.2 `more' verbatim facilities

(/usr/local/share/texmf-dist/tex/latex/tools/verbatim.sty
Package: verbatim 2003/08/22 v1.5q LaTeX2e package for verbatim enhancements
\every@verbatim=\toks20
\verbatim@line=\toks21
\verbatim@in@stream=\read1
)
\verbatim@out=\write3
\tab@position=\count105
\tab@size=\count106
\listing@line=\count107
)
(/usr/local/share/texmf-dist/tex/latex/tools/xr.sty
Package: xr 1994/05/28 v5.02 eXternal References (DPC)
)
Package hyperref Info: Option `colorlinks' set `true' on input line 67.
Package hyperref Info: Option `pdfmenubar' set `true' on input line 67.
Package hyperref Info: Option `pdftoolbar' set `true' on input line 67.
Package color Info: Redefining color titlecolor on input line 282.
) (./ipv6-intro.aux)
\openout1 = `ipv6-intro.aux'.

LaTeX Font Info:    Checking defaults for OML/cmm/m/it on input line 4.
LaTeX Font Info:    ... okay on input line 4.
LaTeX Font Info:    Checking defaults for T1/cmr/m/n on input line 4.
LaTeX Font Info:    ... okay on input line 4.
LaTeX Font Info:    Checking defaults for OT1/cmr/m/n on input line 4.
LaTeX Font Info:    ... okay on input line 4.
LaTeX Font Info:    Checking defaults for OMS/cmsy/m/n on input line 4.
LaTeX Font Info:    ... okay on input line 4.
LaTeX Font Info:    Checking defaults for OMX/cmex/m/n on input line 4.
LaTeX Font Info:    ... okay on input line 4.
LaTeX Font Info:    Checking defaults for U/cmr/m/n on input line 4.
LaTeX Font Info:    ... okay on input line 4.
LaTeX Font Info:    Checking defaults for PD1/pdf/m/n on input line 4.
LaTeX Font Info:    ... okay on input line 4.
LaTeX Font Info:    Try loading font information for OT1+phv on input line 4.

(/usr/local/share/texmf-dist/tex/latex/psnfss/ot1phv.fd
File: ot1phv.fd 2001/06/04 scalable font definitions for OT1/phv.
)
(/usr/local/share/texmf-dist/tex/context/base/supp-pdf.tex
[Loading MPS to PDF converter (version 2006.09.02).]
\scratchcounter=\count108
\scratchdimen=\dimen123
\scratchbox=\box30
\nofMPsegments=\count109
\nofMParguments=\count110
\MPscratchCnt=\count111
\MPscratchDim=\dimen124
\MPnumerator=\count112
\everyMPtoPDFconversion=\toks22
) ABD: EveryShipout initializing macros
Package hyperref Info: Link coloring ON on input line 4.

(/usr/local/share/texmf-dist/tex/latex/hyperref/nameref.sty
Package: nameref 2006/12/27 v2.28 Cross-referencing by name of section

(/usr/local/share/texmf-dist/tex/latex/oberdiek/refcount.sty
Package: refcount 2006/02/20 v3.0 Data extraction from references (HO)
)
\c@section@level=\count113
)
LaTeX Info: Redefining \ref on input line 4.
LaTeX Info: Redefining \pageref on input line 4.

(./ipv6-intro.out) (./ipv6-intro.out)
\@outlinefile=\write4
\openout4 = `ipv6-intro.out'.

LaTeX Font Info:    Font shape `OT1/phv/bx/n' in size <24.88> not available
(Font)              Font shape `OT1/phv/b/n' tried instead on input line 7.
LaTeX Font Info:    Font shape `OT1/phv/bx/n' in size <35.83> not available
(Font)              Font shape `OT1/phv/b/n' tried instead on input line 7.
LaTeX Font Info:    Try loading font information for OT1+pcr on input line 7.

(/usr/local/share/texmf-dist/tex/latex/psnfss/ot1pcr.fd
File: ot1pcr.fd 2001/06/04 font definitions for OT1/pcr.
)
LaTeX Font Info:    Try loading font information for U+wasy on input line 7.

(/usr/local/share/texmf-dist/tex/latex/wasysym/uwasy.fd
File: uwasy.fd 2003/10/30 v2.0 Wasy-2 symbol font definitions
)
<solido_networks_solid_RGB.png, id=8, 1003.75pt x 387.4475pt>
File: solido_networks_solid_RGB.png Graphic file (type png)

<use solido_networks_solid_RGB.png>
Overfull \vbox (45.39008pt too high) has occurred while \output is active []

LaTeX Font Info:    Try loading font information for OMS+phv on input line 12.

(/usr/local/share/texmf-dist/tex/latex/psnfss/omsphv.fd
File: omsphv.fd 
)
LaTeX Font Info:    Font shape `OMS/phv/m/n' in size <12> not available
(Font)              Font shape `OMS/cmsy/m/n' tried instead on input line 12.

<networks_front_divider.jpg, id=9, 971.63pt x 257.96375pt>
File: networks_front_divider.jpg Graphic file (type jpg)

<use networks_front_divider.jpg> [1

{/usr/local/share/texmf/fonts/map/pdftex/updmap/pdftex.map} </userdata/projects
/security-courses/images/networks_front_divider.jpg> </userdata/projects/securi
ty-courses/images/solido_networks_solid_RGB.png>] <kame-noanime-small.png, id=2
0, 124.465pt x 100.375pt>
File: kame-noanime-small.png Graphic file (type png)

<use kame-noanime-small.png>
File: solido_networks_solid_RGB.png Graphic file (type png)
 <use solido_networks_solid_RGB.png>
Overfull \vbox (45.39008pt too high) has occurred while \output is active []


[2 </userdata/projects/security-courses/images/kame-noanime-small.png>]
<images/server-client.pdf, id=26, 522.94168pt x 298.36469pt>
File: images/server-client.pdf Graphic file (type pdf)

<use images/server-client.pdf>
File: solido_networks_solid_RGB.png Graphic file (type png)
 <use solido_networks_solid_RGB.png>
Overfull \vbox (45.39008pt too high) has occurred while \output is active []


[3 </userdata/projects/security-courses/images/server-client.pdf>]
Underfull \hbox (badness 10000) in paragraph at lines 45--46

 []

File: solido_networks_solid_RGB.png Graphic file (type png)
<use solido_networks_solid_RGB.png>
Overfull \vbox (45.39008pt too high) has occurred while \output is active []


[4]
File: solido_networks_solid_RGB.png Graphic file (type png)
 <use solido_networks_solid_RGB.png>
Overfull \vbox (45.39008pt too high) has occurred while \output is active []


[5] <ipv4-report.png, id=144, 557.08125pt x 345.29pt>
File: ipv4-report.png Graphic file (type png)
 <use ipv4-report.png>
File: solido_networks_solid_RGB.png Graphic file (type png)

<use solido_networks_solid_RGB.png>
Overfull \vbox (45.39008pt too high) has occurred while \output is active []


[6 </userdata/projects/security-courses/images/ipv4-report.png (PNG copy)>]
<images/compare-osi-ip.pdf, id=150, 451.6875pt x 717.68124pt>
File: images/compare-osi-ip.pdf Graphic file (type pdf)

<use images/compare-osi-ip.pdf>
File: solido_networks_solid_RGB.png Graphic file (type png)
 <use solido_networks_solid_RGB.png>
Overfull \vbox (45.39008pt too high) has occurred while \output is active []


[7 </userdata/projects/security-courses/images/compare-osi-ip.pdf, page is rota
ted 90 degrees>]
File: solido_networks_solid_RGB.png Graphic file (type png)
 <use solido_networks_solid_RGB.png>
Overfull \vbox (45.39008pt too high) has occurred while \output is active []


[8]
File: solido_networks_solid_RGB.png Graphic file (type png)
 <use solido_networks_solid_RGB.png>
Overfull \vbox (45.39008pt too high) has occurred while \output is active []


[9]
File: solido_networks_solid_RGB.png Graphic file (type png)
 <use solido_networks_solid_RGB.png>
Overfull \vbox (45.39008pt too high) has occurred while \output is active []


[10]
File: solido_networks_solid_RGB.png Graphic file (type png)
 <use solido_networks_solid_RGB.png>
Overfull \vbox (45.39008pt too high) has occurred while \output is active []


[11]
File: solido_networks_solid_RGB.png Graphic file (type png)
 <use solido_networks_solid_RGB.png>
Overfull \vbox (45.39008pt too high) has occurred while \output is active []


[12]
File: solido_networks_solid_RGB.png Graphic file (type png)
 <use solido_networks_solid_RGB.png>
Overfull \vbox (45.39008pt too high) has occurred while \output is active []


[13]
File: solido_networks_solid_RGB.png Graphic file (type png)
 <use solido_networks_solid_RGB.png>
Overfull \vbox (45.39008pt too high) has occurred while \output is active []


[14]

LaTeX Warning: File `ipv6-address-1.pdf' not found on input line 274.


!pdfTeX error: pdflatex (file ipv6-address-1.pdf): cannot find image file
 ==> Fatal error occurred, no output PDF file produced!
