This is pdfTeX, Version 3.1415926-2.4-1.40.13 (TeX Live 2012) (format=pdflatex 2012.7.16)  29 MAY 2013 12:11
entering extended mode
 restricted \write18 enabled.
 %&-line parsing enabled.
**developer-awareness-2013.tex
(./developer-awareness-2013.tex
LaTeX2e <2011/06/27>
Babel <v3.8m> and hyphenation patterns for english, dumylang, nohyphenation, ge
rman-x-2012-05-30, ngerman-x-2012-05-30, afrikaans, ancientgreek, ibycus, arabi
c, armenian, basque, bulgarian, catalan, pinyin, coptic, croatian, czech, danis
h, dutch, ukenglish, usenglishmax, esperanto, estonian, ethiopic, farsi, finnis
h, french, friulan, galician, german, ngerman, swissgerman, monogreek, greek, h
ungarian, icelandic, assamese, bengali, gujarati, hindi, kannada, malayalam, ma
rathi, oriya, panjabi, tamil, telugu, indonesian, interlingua, irish, italian, 
kurmanji, latin, latvian, lithuanian, mongolian, mongolianlmc, bokmal, nynorsk,
 polish, portuguese, romanian, romansh, russian, sanskrit, serbian, serbianc, s
lovak, slovenian, spanish, swedish, turkish, turkmen, ukrainian, uppersorbian, 
welsh, loaded.
(/userdata/projects/github/security-courses/texfiles/foiltex/foils.cls
Document Class: foils 2002/10/29 v2.1.4a FoilTeX Class File, Copyright IBM 1995
,1997,1998,2002
(/userdata/projects/github/security-courses/texfiles/foiltex/fltfonts.def
File: fltfonts.def 2002/10/29 v2.1.4a FoilTeX font definition file, Copyright I
BM 1995,1997,1998,2002
\symflasy=\mathgroup4
LaTeX Info: Redefining \em on input line 243.
LaTeX Font Info:    Overwriting symbol font `operators' in version `normal'
(Font)                  OT1/cmr/m/n --> OT1/fcmr/m/n on input line 245.
LaTeX Font Info:    Overwriting symbol font `letters' in version `normal'
(Font)                  OML/cmm/m/it --> OML/fcmm/m/it on input line 246.
LaTeX Font Info:    Overwriting symbol font `symbols' in version `normal'
(Font)                  OMS/cmsy/m/n --> OMS/fcmsy/m/n on input line 247.
LaTeX Font Info:    Overwriting symbol font `largesymbols' in version `normal'
(Font)                  OMX/cmex/m/n --> OMX/fcmex/m/n on input line 248.
LaTeX Font Info:    Overwriting symbol font `operators' in version `bold'
(Font)                  OT1/cmr/bx/n --> OT1/fcmr/bx/n on input line 249.
LaTeX Font Info:    Overwriting symbol font `letters' in version `bold'
(Font)                  OML/cmm/b/it --> OML/fcmm/b/it on input line 250.
LaTeX Font Info:    Overwriting symbol font `symbols' in version `bold'
(Font)                  OMS/cmsy/b/n --> OMS/fcmsy/b/n on input line 251.
LaTeX Font Info:    Overwriting symbol font `largesymbols' in version `bold'
(Font)                  OMX/cmex/m/n --> OMX/fcmex/m/n on input line 252.
LaTeX Font Info:    Redeclaring math alphabet \mathrm on input line 253.
LaTeX Font Info:    Redeclaring math alphabet \mathbf on input line 254.
LaTeX Font Info:    Overwriting math alphabet `\mathbf' in version `normal'
(Font)                  OT1/cmr/bx/n --> OT1/fcmr/bx/n on input line 254.
LaTeX Font Info:    Overwriting math alphabet `\mathbf' in version `bold'
(Font)                  OT1/cmr/bx/n --> OT1/fcmr/bx/n on input line 254.
LaTeX Font Info:    Redeclaring math alphabet \mathsf on input line 255.
LaTeX Font Info:    Overwriting math alphabet `\mathsf' in version `normal'
(Font)                  OT1/cmss/m/n --> OT1/fcmss/m/n on input line 255.
LaTeX Font Info:    Overwriting math alphabet `\mathsf' in version `bold'
(Font)                  OT1/cmss/bx/n --> OT1/fcmss/m/n on input line 255.
LaTeX Font Info:    Redeclaring math alphabet \mathit on input line 256.
LaTeX Font Info:    Overwriting math alphabet `\mathit' in version `normal'
(Font)                  OT1/cmr/m/it --> OT1/fcmr/m/it on input line 256.
LaTeX Font Info:    Overwriting math alphabet `\mathit' in version `bold'
(Font)                  OT1/cmr/bx/it --> OT1/fcmr/m/it on input line 256.
LaTeX Font Info:    Redeclaring math alphabet \mathtt on input line 257.
LaTeX Font Info:    Overwriting math alphabet `\mathtt' in version `normal'
(Font)                  OT1/cmtt/m/n --> OT1/fcmtt/m/n on input line 257.
LaTeX Font Info:    Overwriting math alphabet `\mathtt' in version `bold'
(Font)                  OT1/cmtt/m/n --> OT1/fcmtt/m/n on input line 257.
)
(/userdata/projects/github/security-courses/texfiles/foiltex/foil20.clo
File: foil20.clo 2002/10/29 v2.1.4a FoilTeX file (size option), Copyright IBM 1
995,1997,1998,2002
)
\head@footskip=\dimen102
\@foilheight=\dimen103
\@foilwidth=\dimen104
\abovetitleskip=\skip41
\titleauthorskip=\skip42
\authorauthorskip=\skip43
\authordateskip=\skip44
\dateabstractskip=\skip45
\@tempfootbox=\box26
\@tempfootht=\dimen105
\bibindent=\dimen106
\abovecaptionskip=\skip46
\belowcaptionskip=\skip47
\@captionwidth=\skip48
\captionwidth=\skip49
\abovefloatskip=\skip50
\c@table=\count79
\c@figure=\count80
\foilheadskip=\skip51
\c@Theorem=\count81
\c@Lemma=\count82
\c@Corollary=\count83
\c@Proposition=\count84
\c@Definition=\count85
)
(/userdata/projects/github/security-courses/texfiles/solido-network-slides.sty
(/usr/local/texlive/2012/texmf-dist/tex/latex/base/inputenc.sty
Package: inputenc 2008/03/30 v1.1d Input encoding file
\inpenc@prehook=\toks14
\inpenc@posthook=\toks15

(/usr/local/texlive/2012/texmf-dist/tex/latex/base/latin1.def
File: latin1.def 2008/03/30 v1.1d Input encoding file
))
(/usr/local/texlive/2012/texmf-dist/tex/latex/psnfss/times.sty
Package: times 2005/04/12 PSNFSS-v9.2a (SPQR) 
)
(/usr/local/texlive/2012/texmf-dist/tex/latex/graphics/color.sty
Package: color 2005/11/14 v1.0j Standard LaTeX Color (DPC)

(/usr/local/texlive/2012/texmf-dist/tex/latex/latexconfig/color.cfg
File: color.cfg 2007/01/18 v1.5 color configuration of teTeX/TeXLive
)
Package color Info: Driver file: pdftex.def on input line 130.

(/usr/local/texlive/2012/texmf-dist/tex/latex/pdftex-def/pdftex.def
File: pdftex.def 2011/05/27 v0.06d Graphics/color for pdfTeX

(/usr/local/texlive/2012/texmf-dist/tex/generic/oberdiek/infwarerr.sty
Package: infwarerr 2010/04/08 v1.3 Providing info/warning/error messages (HO)
)
(/usr/local/texlive/2012/texmf-dist/tex/generic/oberdiek/ltxcmds.sty
Package: ltxcmds 2011/11/09 v1.22 LaTeX kernel commands for general use (HO)
)
\Gread@gobject=\count86
))
(/usr/local/texlive/2012/texmf-dist/tex/latex/wallpaper/wallpaper.sty
Package: wallpaper 2005/01/18, v1.01 easy wallpaper formatting (MHFW)

(/usr/local/texlive/2012/texmf-dist/tex/latex/base/ifthen.sty
Package: ifthen 2001/05/26 v1.1c Standard LaTeX ifthen package (DPC)
)
(/usr/local/texlive/2012/texmf-dist/tex/latex/tools/calc.sty
Package: calc 2007/08/22 v4.3 Infix arithmetic (KKT,FJ)
\calc@Acount=\count87
\calc@Bcount=\count88
\calc@Adimen=\dimen107
\calc@Bdimen=\dimen108
\calc@Askip=\skip52
\calc@Bskip=\skip53
LaTeX Info: Redefining \setlength on input line 76.
LaTeX Info: Redefining \addtolength on input line 77.
\calc@Ccount=\count89
\calc@Cskip=\skip54
)
(/usr/local/texlive/2012/texmf-dist/tex/latex/eso-pic/eso-pic.sty
Package: eso-pic 2010/10/06 v2.0c eso-pic (RN)

(/usr/local/texlive/2012/texmf-dist/tex/generic/oberdiek/atbegshi.sty
Package: atbegshi 2011/10/05 v1.16 At begin shipout hook (HO)

(/usr/local/texlive/2012/texmf-dist/tex/generic/oberdiek/ifpdf.sty
Package: ifpdf 2011/01/30 v2.3 Provides the ifpdf switch (HO)
Package ifpdf Info: pdfTeX in PDF mode is detected.
))
(/usr/local/texlive/2012/texmf-dist/tex/latex/graphics/keyval.sty
Package: keyval 1999/03/16 v1.13 key=value parser (DPC)
\KV@toks@=\toks16
))
(/usr/local/texlive/2012/texmf-dist/tex/latex/graphics/graphicx.sty
Package: graphicx 1999/02/16 v1.0f Enhanced LaTeX Graphics (DPC,SPQR)

(/usr/local/texlive/2012/texmf-dist/tex/latex/graphics/graphics.sty
Package: graphics 2009/02/05 v1.0o Standard LaTeX Graphics (DPC,SPQR)

(/usr/local/texlive/2012/texmf-dist/tex/latex/graphics/trig.sty
Package: trig 1999/03/16 v1.09 sin cos tan (DPC)
)
(/usr/local/texlive/2012/texmf-dist/tex/latex/latexconfig/graphics.cfg
File: graphics.cfg 2010/04/23 v1.9 graphics configuration of TeX Live
)
Package graphics Info: Driver file: pdftex.def on input line 91.
)
\Gin@req@height=\dimen109
\Gin@req@width=\dimen110
)
\wpXoffset=\skip55
\wpYoffset=\skip56
\tileXoffset=\skip57
\tileYoffset=\skip58
\tilewidth=\skip59
\tileheight=\skip60
\tileX=\skip61
\tileY=\skip62
)
(/usr/local/texlive/2012/texmf-dist/tex/latex/hyperref/hyperref.sty
Package: hyperref 2012/05/13 v6.82q Hypertext links for LaTeX

(/usr/local/texlive/2012/texmf-dist/tex/generic/oberdiek/hobsub-hyperref.sty
Package: hobsub-hyperref 2012/05/28 v1.13 Bundle oberdiek, subset hyperref (HO)


(/usr/local/texlive/2012/texmf-dist/tex/generic/oberdiek/hobsub-generic.sty
Package: hobsub-generic 2012/05/28 v1.13 Bundle oberdiek, subset generic (HO)
Package: hobsub 2012/05/28 v1.13 Construct package bundles (HO)
Package hobsub Info: Skipping package `infwarerr' (already loaded).
Package hobsub Info: Skipping package `ltxcmds' (already loaded).
Package: ifluatex 2010/03/01 v1.3 Provides the ifluatex switch (HO)
Package ifluatex Info: LuaTeX not detected.
Package: ifvtex 2010/03/01 v1.5 Detect VTeX and its facilities (HO)
Package ifvtex Info: VTeX not detected.
Package: intcalc 2007/09/27 v1.1 Expandable calculations with integers (HO)
Package hobsub Info: Skipping package `ifpdf' (already loaded).
Package: etexcmds 2011/02/16 v1.5 Avoid name clashes with e-TeX commands (HO)
Package etexcmds Info: Could not find \expanded.
(etexcmds)             That can mean that you are not using pdfTeX 1.50 or
(etexcmds)             that some package has redefined \expanded.
(etexcmds)             In the latter case, load this package earlier.
Package: kvsetkeys 2012/04/25 v1.16 Key value parser (HO)
Package: kvdefinekeys 2011/04/07 v1.3 Define keys (HO)
Package: pdftexcmds 2011/11/29 v0.20 Utility functions of pdfTeX for LuaTeX (HO
)
Package pdftexcmds Info: LuaTeX not detected.
Package pdftexcmds Info: \pdf@primitive is available.
Package pdftexcmds Info: \pdf@ifprimitive is available.
Package pdftexcmds Info: \pdfdraftmode found.
Package: pdfescape 2011/11/25 v1.13 Implements pdfTeX's escape features (HO)
Package: bigintcalc 2012/04/08 v1.3 Expandable calculations on big integers (HO
)
Package: bitset 2011/01/30 v1.1 Handle bit-vector datatype (HO)
Package: uniquecounter 2011/01/30 v1.2 Provide unlimited unique counter (HO)
)
Package hobsub Info: Skipping package `hobsub' (already loaded).
Package: letltxmacro 2010/09/02 v1.4 Let assignment for LaTeX macros (HO)
Package: hopatch 2012/05/28 v1.2 Wrapper for package hooks (HO)
Package: xcolor-patch 2011/01/30 xcolor patch
Package: atveryend 2011/06/30 v1.8 Hooks at the very end of document (HO)
Package atveryend Info: \enddocument detected (standard20110627).
Package hobsub Info: Skipping package `atbegshi' (already loaded).
Package: refcount 2011/10/16 v3.4 Data extraction from label references (HO)
Package: hycolor 2011/01/30 v1.7 Color options for hyperref/bookmark (HO)
)
(/usr/local/texlive/2012/texmf-dist/tex/generic/ifxetex/ifxetex.sty
Package: ifxetex 2010/09/12 v0.6 Provides ifxetex conditional
)
(/usr/local/texlive/2012/texmf-dist/tex/latex/oberdiek/kvoptions.sty
Package: kvoptions 2011/06/30 v3.11 Key value format for package options (HO)
)
\@linkdim=\dimen111
\Hy@linkcounter=\count90
\Hy@pagecounter=\count91

(/usr/local/texlive/2012/texmf-dist/tex/latex/hyperref/pd1enc.def
File: pd1enc.def 2012/05/13 v6.82q Hyperref: PDFDocEncoding definition (HO)
)
\Hy@SavedSpaceFactor=\count92

(/usr/local/texlive/2012/texmf-dist/tex/latex/latexconfig/hyperref.cfg
File: hyperref.cfg 2002/06/06 v1.2 hyperref configuration of TeXLive
)
Package hyperref Info: Option `breaklinks' set `true' on input line 3941.
Package hyperref Info: Hyper figures OFF on input line 4062.
Package hyperref Info: Link nesting OFF on input line 4067.
Package hyperref Info: Hyper index ON on input line 4070.
Package hyperref Info: Plain pages OFF on input line 4077.
Package hyperref Info: Backreferencing OFF on input line 4082.
Package hyperref Info: Implicit mode ON; LaTeX internals redefined.
Package hyperref Info: Bookmarks ON on input line 4300.
\c@Hy@tempcnt=\count93

(/usr/local/texlive/2012/texmf-dist/tex/latex/url/url.sty
\Urlmuskip=\muskip10
Package: url 2006/04/12  ver 3.3  Verb mode for urls, etc.
)
LaTeX Info: Redefining \url on input line 4653.
\Fld@menulength=\count94
\Field@Width=\dimen112
\Fld@charsize=\dimen113
Package hyperref Info: Hyper figures OFF on input line 5773.
Package hyperref Info: Link nesting OFF on input line 5778.
Package hyperref Info: Hyper index ON on input line 5781.
Package hyperref Info: backreferencing OFF on input line 5788.
Package hyperref Info: Link coloring OFF on input line 5793.
Package hyperref Info: Link coloring with OCG OFF on input line 5798.
Package hyperref Info: PDF/A mode OFF on input line 5803.
LaTeX Info: Redefining \ref on input line 5843.
LaTeX Info: Redefining \pageref on input line 5847.
\Hy@abspage=\count95
\c@Item=\count96
\c@Hfootnote=\count97
)

Package hyperref Message: Driver (autodetected): hpdftex.

(/usr/local/texlive/2012/texmf-dist/tex/latex/hyperref/hpdftex.def
File: hpdftex.def 2012/05/13 v6.82q Hyperref driver for pdfTeX
\Fld@listcount=\count98
\c@bookmark@seq@number=\count99

(/usr/local/texlive/2012/texmf-dist/tex/latex/oberdiek/rerunfilecheck.sty
Package: rerunfilecheck 2011/04/15 v1.7 Rerun checks for auxiliary files (HO)
Package uniquecounter Info: New unique counter `rerunfilecheck' on input line 2
82.
)
\Hy@SectionHShift=\skip63
)
(/usr/local/texlive/2012/texmf-dist/tex/latex/breakurl/breakurl.sty
Package: breakurl 2009/01/24 v1.30 Breakable hyperref URLs

(/usr/local/texlive/2012/texmf-dist/tex/latex/xkeyval/xkeyval.sty
Package: xkeyval 2008/08/13 v2.6a package option processing (HA)

(/usr/local/texlive/2012/texmf-dist/tex/generic/xkeyval/xkeyval.tex
\XKV@toks=\toks17
\XKV@tempa@toks=\toks18
\XKV@depth=\count100
File: xkeyval.tex 2008/08/13 v2.6a key=value parser (HA)
))

Package breakurl Warning: You are using breakurl while processing via pdflatex.

(breakurl)                \burl will be just a synonym of \url.
(breakurl)                 on input line 47.

)
(/userdata/owncloud/Shared/Solido/networks/marketing/latex/texslides/pause.sty)
(/usr/local/texlive/2012/texmf-dist/tex/latex/base/alltt.sty
Package: alltt 1997/06/16 v2.0g defines alltt environment
)
(/usr/local/texlive/2012/texmf-dist/tex/latex/wasysym/wasysym.sty
Package: wasysym 2003/10/30 v2.0 Wasy-2 symbol support package
\symwasy=\mathgroup5
LaTeX Font Info:    Overwriting symbol font `wasy' in version `bold'
(Font)                  U/wasy/m/n --> U/wasy/b/n on input line 90.
)
(/usr/local/texlive/2012/texmf-dist/tex/generic/babel/babel.sty
Package: babel 2008/07/08 v3.8m The Babel package

(/usr/local/texlive/2012/texmf-dist/tex/generic/babel/danish.ldf
Language: danish 2009/09/19 v1.3r Danish support from the babel system

(/usr/local/texlive/2012/texmf-dist/tex/generic/babel/babel.def
File: babel.def 2008/07/08 v3.8m Babel common definitions
\babel@savecnt=\count101
\U@D=\dimen114
)
Package babel Info: Making " an active character on input line 82.
)
(/usr/local/texlive/2012/texmf-dist/tex/generic/babel/english.ldf
Language: english 2005/03/30 v3.3o English support from the babel system
\l@canadian = a dialect from \language\l@american 
\l@australian = a dialect from \language\l@british 
\l@newzealand = a dialect from \language\l@british 
))
(/usr/local/texlive/2012/texmf-dist/tex/latex/fancyhdr/fancyhdr.sty
\fancy@headwidth=\skip64
\f@ncyO@elh=\skip65
\f@ncyO@erh=\skip66
\f@ncyO@olh=\skip67
\f@ncyO@orh=\skip68
\f@ncyO@elf=\skip69
\f@ncyO@erf=\skip70
\f@ncyO@olf=\skip71
\f@ncyO@orf=\skip72
)
(/usr/local/texlive/2012/texmf-dist/tex/latex/moreverb/moreverb.sty
Package: moreverb 2008/06/03 v2.3a `more' verbatim facilities

(/usr/local/texlive/2012/texmf-dist/tex/latex/tools/verbatim.sty
Package: verbatim 2003/08/22 v1.5q LaTeX2e package for verbatim enhancements
\every@verbatim=\toks19
\verbatim@line=\toks20
\verbatim@in@stream=\read1
)
\tab@position=\count102
\tab@size=\count103
\listing@line=\count104
)
(/usr/local/texlive/2012/texmf-dist/tex/latex/tools/xr.sty
Package: xr 1994/05/28 v5.02 eXternal References (DPC)
)
(/usr/local/texlive/2012/texmf-dist/tex/latex/wrapfig/wrapfig.sty
\wrapoverhang=\dimen115
\WF@size=\dimen116
\c@WF@wrappedlines=\count105
\WF@box=\box27
\WF@everypar=\toks21
Package: wrapfig 2003/01/31  v 3.6
)
(/usr/local/texlive/2012/texmf-dist/tex/latex/listings/listings.sty
\lst@mode=\count106
\lst@gtempboxa=\box28
\lst@token=\toks22
\lst@length=\count107
\lst@currlwidth=\dimen117
\lst@column=\count108
\lst@pos=\count109
\lst@lostspace=\dimen118
\lst@width=\dimen119
\lst@newlines=\count110
\lst@lineno=\count111
\lst@maxwidth=\dimen120

(/usr/local/texlive/2012/texmf-dist/tex/latex/listings/lstmisc.sty
File: lstmisc.sty 2007/02/22 1.4 (Carsten Heinz)
\c@lstnumber=\count112
\lst@skipnumbers=\count113
\lst@framebox=\box29
)
(/usr/local/texlive/2012/texmf-dist/tex/latex/listings/listings.cfg
File: listings.cfg 2007/02/22 1.4 listings configuration
))
Package: listings 2007/02/22 1.4 (Carsten Heinz)
Package hyperref Info: Option `colorlinks' set `true' on input line 74.
Package hyperref Info: Option `pdfmenubar' set `true' on input line 74.
Package hyperref Info: Option `pdftoolbar' set `true' on input line 74.
Package color Info: Redefining color titlecolor on input line 297.
)
(/usr/local/texlive/2012/texmf-dist/tex/latex/pdf14/pdf14.sty
Package: pdf14 2010/03/26 v0.1 Generate PDF 1.4 documents (mpg)
)

Package xr Warning: 
No file developer-awareness-2013-exercises.aux
LABELS NOT IMPORTED.
 on input line 10.

(./developer-awareness-2013.aux)
\openout1 = `developer-awareness-2013.aux'.

LaTeX Font Info:    Checking defaults for OML/cmm/m/it on input line 12.
LaTeX Font Info:    ... okay on input line 12.
LaTeX Font Info:    Checking defaults for T1/cmr/m/n on input line 12.
LaTeX Font Info:    ... okay on input line 12.
LaTeX Font Info:    Checking defaults for OT1/cmr/m/n on input line 12.
LaTeX Font Info:    ... okay on input line 12.
LaTeX Font Info:    Checking defaults for OMS/cmsy/m/n on input line 12.
LaTeX Font Info:    ... okay on input line 12.
LaTeX Font Info:    Checking defaults for OMX/cmex/m/n on input line 12.
LaTeX Font Info:    ... okay on input line 12.
LaTeX Font Info:    Checking defaults for U/cmr/m/n on input line 12.
LaTeX Font Info:    ... okay on input line 12.
LaTeX Font Info:    Checking defaults for PD1/pdf/m/n on input line 12.
LaTeX Font Info:    ... okay on input line 12.
LaTeX Font Info:    Try loading font information for OT1+phv on input line 12.

(/usr/local/texlive/2012/texmf-dist/tex/latex/psnfss/ot1phv.fd
File: ot1phv.fd 2001/06/04 scalable font definitions for OT1/phv.
)
(/usr/local/texlive/2012/texmf-dist/tex/context/base/supp-pdf.mkii
[Loading MPS to PDF converter (version 2006.09.02).]
\scratchcounter=\count114
\scratchdimen=\dimen121
\scratchbox=\box30
\nofMPsegments=\count115
\nofMParguments=\count116
\everyMPshowfont=\toks23
\MPscratchCnt=\count117
\MPscratchDim=\dimen122
\MPnumerator=\count118
\makeMPintoPDFobject=\count119
\everyMPtoPDFconversion=\toks24
)
\AtBeginShipoutBox=\box31
 (/usr/local/texlive/2012/texmf-dist/tex/latex/oberdiek/epstopdf-base.sty
Package: epstopdf-base 2010/02/09 v2.5 Base part for package epstopdf

(/usr/local/texlive/2012/texmf-dist/tex/latex/oberdiek/grfext.sty
Package: grfext 2010/08/19 v1.1 Manage graphics extensions (HO)
)
Package grfext Info: Graphics extension search list:
(grfext)             [.png,.pdf,.jpg,.mps,.jpeg,.jbig2,.jb2,.PNG,.PDF,.JPG,.JPE
G,.JBIG2,.JB2,.eps]
(grfext)             \AppendGraphicsExtensions on input line 452.

(/usr/local/texlive/2012/texmf-dist/tex/latex/latexconfig/epstopdf-sys.cfg
File: epstopdf-sys.cfg 2010/07/13 v1.3 Configuration of (r)epstopdf for TeX Liv
e
))
Package hyperref Info: Link coloring ON on input line 12.

(/usr/local/texlive/2012/texmf-dist/tex/latex/hyperref/nameref.sty
Package: nameref 2010/04/30 v2.40 Cross-referencing by name of section

(/usr/local/texlive/2012/texmf-dist/tex/generic/oberdiek/gettitlestring.sty
Package: gettitlestring 2010/12/03 v1.4 Cleanup title references (HO)
)
\c@section@level=\count120
)
LaTeX Info: Redefining \ref on input line 12.
LaTeX Info: Redefining \pageref on input line 12.
LaTeX Info: Redefining \nameref on input line 12.

(./developer-awareness-2013.out) (./developer-awareness-2013.out)
\@outlinefile=\write3
\openout3 = `developer-awareness-2013.out'.

\c@lstlisting=\count121
LaTeX Font Info:    Font shape `OT1/phv/bx/n' in size <24.88> not available
(Font)              Font shape `OT1/phv/b/n' tried instead on input line 22.
LaTeX Font Info:    Font shape `OT1/phv/bx/n' in size <35.83> not available
(Font)              Font shape `OT1/phv/b/n' tried instead on input line 22.
LaTeX Font Info:    Try loading font information for OT1+pcr on input line 22.

(/usr/local/texlive/2012/texmf-dist/tex/latex/psnfss/ot1pcr.fd
File: ot1pcr.fd 2001/06/04 font definitions for OT1/pcr.
)
LaTeX Font Info:    Try loading font information for U+wasy on input line 22.

(/usr/local/texlive/2012/texmf-dist/tex/latex/wasysym/uwasy.fd
File: uwasy.fd 2003/10/30 v2.0 Wasy-2 symbol font definitions
)
<solido_networks_solid_RGB.png, id=4, 1003.75pt x 387.4475pt>
File: solido_networks_solid_RGB.png Graphic file (type png)

<use solido_networks_solid_RGB.png>
Package pdftex.def Info: solido_networks_solid_RGB.png used on input line 27.
(pdftex.def)             Requested size: 113.81102pt x 43.92589pt.

Overfull \vbox (45.39008pt too high) has occurred while \output is active []

LaTeX Font Info:    Try loading font information for OMS+phv on input line 27.

(/usr/local/texlive/2012/texmf-dist/tex/latex/psnfss/omsphv.fd
File: omsphv.fd 
)
LaTeX Font Info:    Font shape `OMS/phv/m/n' in size <12> not available
(Font)              Font shape `OMS/cmsy/m/n' tried instead on input line 27.

<networks_front_divider.jpg, id=6, 971.63pt x 257.96375pt>
File: networks_front_divider.jpg Graphic file (type jpg)

<use networks_front_divider.jpg>
Package pdftex.def Info: networks_front_divider.jpg used on input line 27.
(pdftex.def)             Requested size: 845.04443pt x 224.35579pt.
 [1

{/usr/local/texlive/2012/texmf-var/fonts/map/pdftex/updmap/pdftex.map} </userda
ta/projects/github/security-courses/images/networks_front_divider.jpg> </userda
ta/projects/github/security-courses/images/solido_networks_solid_RGB.png>] <don
t-panic.png, id=17, 361.35pt x 311.9655pt>
File: dont-panic.png Graphic file (type png)

<use dont-panic.png>
Package pdftex.def Info: dont-panic.png used on input line 30.
(pdftex.def)             Requested size: 142.26378pt x 122.82278pt.
File: solido_networks_solid_RGB.png Graphic file (type png)
 <use solido_networks_solid_RGB.png>
Package pdftex.def Info: solido_networks_solid_RGB.png used on input line 41.
(pdftex.def)             Requested size: 113.81102pt x 43.92589pt.

Overfull \vbox (45.39008pt too high) has occurred while \output is active []


[2 </userdata/projects/github/security-courses/images/dont-panic.png>]
<homer-end-is-near.jpg, id=23, 401.5pt x 301.125pt>
File: homer-end-is-near.jpg Graphic file (type jpg)

<use homer-end-is-near.jpg>
Package pdftex.def Info: homer-end-is-near.jpg used on input line 43.
(pdftex.def)             Requested size: 284.52756pt x 213.40968pt.
File: solido_networks_solid_RGB.png Graphic file (type png)
 <use solido_networks_solid_RGB.png>
Package pdftex.def Info: solido_networks_solid_RGB.png used on input line 50.
(pdftex.def)             Requested size: 113.81102pt x 43.92589pt.

Overfull \vbox (45.39008pt too high) has occurred while \output is active []


[3 </userdata/projects/github/security-courses/images/homer-end-is-near.jpg>]
<wizard_in_blue_hat.png, id=28, 221.628pt x 320.397pt>
File: wizard_in_blue_hat.png Graphic file (type png)

<use wizard_in_blue_hat.png>
Package pdftex.def Info: wizard_in_blue_hat.png used on input line 54.
(pdftex.def)             Requested size: 113.81102pt x 164.52963pt.

<003scawebgoshindomanicon.png, id=29, 224.84pt x 351.3125pt>
File: 003scawebgoshindomanicon.png Graphic file (type png)

<use 003scawebgoshindomanicon.png>
Package pdftex.def Info: 003scawebgoshindomanicon.png used on input line 56.
(pdftex.def)             Requested size: 142.26378pt x 222.2983pt.
File: solido_networks_solid_RGB.png Graphic file (type png)
 <use solido_networks_solid_RGB.png>
Package pdftex.def Info: solido_networks_solid_RGB.png used on input line 67.
(pdftex.def)             Requested size: 113.81102pt x 43.92589pt.

Overfull \vbox (45.39008pt too high) has occurred while \output is active []


[4 </userdata/projects/github/security-courses/images/wizard_in_blue_hat.png> <
/userdata/projects/github/security-courses/images/003scawebgoshindomanicon.png 
(PNG copy)>] <hackers_JOLIE+1995.jpg, id=34, 301.125pt x 401.5pt>
File: hackers_JOLIE+1995.jpg Graphic file (type jpg)

<use hackers_JOLIE+1995.jpg>
Package pdftex.def Info: hackers_JOLIE+1995.jpg used on input line 69.
(pdftex.def)             Requested size: 85.35826pt x 113.80992pt.
File: solido_networks_solid_RGB.png Graphic file (type png)
 <use solido_networks_solid_RGB.png>
Package pdftex.def Info: solido_networks_solid_RGB.png used on input line 89.
(pdftex.def)             Requested size: 113.81102pt x 43.92589pt.

Overfull \vbox (45.39008pt too high) has occurred while \output is active []


[5 </userdata/projects/github/security-courses/images/hackers_JOLIE+1995.jpg>]
<evernote-password-reset.png, id=48, 703.62875pt x 335.2525pt>
File: evernote-password-reset.png Graphic file (type png)

<use evernote-password-reset.png>
Package pdftex.def Info: evernote-password-reset.png used on input line 92.
(pdftex.def)             Requested size: 597.50787pt x 284.68973pt.
File: solido_networks_solid_RGB.png Graphic file (type png)
 <use solido_networks_solid_RGB.png>
Package pdftex.def Info: solido_networks_solid_RGB.png used on input line 97.
(pdftex.def)             Requested size: 113.81102pt x 43.92589pt.

Overfull \vbox (45.39008pt too high) has occurred while \output is active []


[6 </userdata/projects/github/security-courses/images/evernote-password-reset.p
ng>] <twitter-250k-users.png, id=54, 558.085pt x 395.4775pt>
File: twitter-250k-users.png Graphic file (type png)

<use twitter-250k-users.png>
Package pdftex.def Info: twitter-250k-users.png used on input line 99.
(pdftex.def)             Requested size: 512.1496pt x 362.93854pt.
File: solido_networks_solid_RGB.png Graphic file (type png)
 <use solido_networks_solid_RGB.png>
Package pdftex.def Info: solido_networks_solid_RGB.png used on input line 104.
(pdftex.def)             Requested size: 113.81102pt x 43.92589pt.

Overfull \vbox (45.39008pt too high) has occurred while \output is active []


[7 </userdata/projects/github/security-courses/presentations/misc/tendenser-i-s
ikkerhed/2013-april/images/twitter-250k-users.png>]
<github-credentials.png, id=61, 781.92125pt x 305.14pt>
File: github-credentials.png Graphic file (type png)

<use github-credentials.png>
Package pdftex.def Info: github-credentials.png used on input line 107.
(pdftex.def)             Requested size: 569.05511pt x 222.07986pt.

Overfull \hbox (79.85861pt too wide) in paragraph at lines 109--115
[][]$\OT1/pcr/m/n/14.4 http : / / www . webmonkey . com / 2013 / 01 / users-[]s
cramble-[]as-[]github-[]search-[]exposes-[]passwords-[]security-[]details/$[][]
 
 []

File: solido_networks_solid_RGB.png Graphic file (type png)
<use solido_networks_solid_RGB.png>
Package pdftex.def Info: solido_networks_solid_RGB.png used on input line 117.
(pdftex.def)             Requested size: 113.81102pt x 43.92589pt.

Overfull \vbox (45.39008pt too high) has occurred while \output is active []


[8 </userdata/projects/github/security-courses/images/github-credentials.png>]
File: solido_networks_solid_RGB.png Graphic file (type png)

<use solido_networks_solid_RGB.png>
Package pdftex.def Info: solido_networks_solid_RGB.png used on input line 129.
(pdftex.def)             Requested size: 113.81102pt x 43.92589pt.

Overfull \vbox (45.39008pt too high) has occurred while \output is active []


[9] <images/passwordsafe-yubico.png, id=76, 483.8075pt x 217.81375pt>
File: images/passwordsafe-yubico.png Graphic file (type png)

<use images/passwordsafe-yubico.png>
Package pdftex.def Info: images/passwordsafe-yubico.png used on input line 131.

(pdftex.def)             Requested size: 569.05511pt x 256.22032pt.
File: solido_networks_solid_RGB.png Graphic file (type png)
 <use solido_networks_solid_RGB.png>
Package pdftex.def Info: solido_networks_solid_RGB.png used on input line 141.
(pdftex.def)             Requested size: 113.81102pt x 43.92589pt.

Overfull \vbox (45.39008pt too high) has occurred while \output is active []


[10 </userdata/projects/github/security-courses/images/passwordsafe-yubico.png>
] <yubico-neo-v1-454x284.jpg, id=82, 455.7025pt x 285.065pt>
File: yubico-neo-v1-454x284.jpg Graphic file (type jpg)

<use yubico-neo-v1-454x284.jpg>
Package pdftex.def Info: yubico-neo-v1-454x284.jpg used on input line 143.
(pdftex.def)             Requested size: 284.52756pt x 177.9912pt.

Overfull \hbox (135.45857pt too wide) in paragraph at lines 149--152
[]\OT1/phv/m/n/14.4 Source: [][]$\OT1/pcr/m/n/14.4 http : / / www . zdnet . com
 / google-[]looks-[]to-[]ditch-[]passwords-[]for-[]good-[]with-[]nfc-[]based-[]
replacement-[]7000010073/$[][]
 []


Underfull \hbox (badness 10000) in paragraph at lines 149--152

 []

File: solido_networks_solid_RGB.png Graphic file (type png)
<use solido_networks_solid_RGB.png>
Package pdftex.def Info: solido_networks_solid_RGB.png used on input line 153.
(pdftex.def)             Requested size: 113.81102pt x 43.92589pt.

Overfull \vbox (45.39008pt too high) has occurred while \output is active []


[11 </userdata/projects/github/security-courses/images/yubico-neo-v1-454x284.jp
g>] <yubico-overview.png, id=88, 931.48pt x 379.4175pt>
File: yubico-overview.png Graphic file (type png)

<use yubico-overview.png>
Package pdftex.def Info: yubico-overview.png used on input line 155.
(pdftex.def)             Requested size: 569.05511pt x 231.79749pt.
File: solido_networks_solid_RGB.png Graphic file (type png)
 <use solido_networks_solid_RGB.png>
Package pdftex.def Info: solido_networks_solid_RGB.png used on input line 162.
(pdftex.def)             Requested size: 113.81102pt x 43.92589pt.

Overfull \vbox (45.39008pt too high) has occurred while \output is active []


[12 </userdata/projects/github/security-courses/images/yubico-overview.png>]
<duosecurity-overview.png, id=94, 257.96375pt x 236.885pt>
File: duosecurity-overview.png Graphic file (type png)

<use duosecurity-overview.png>
Package pdftex.def Info: duosecurity-overview.png used on input line 164.
(pdftex.def)             Requested size: 341.43306pt x 313.56387pt.
File: solido_networks_solid_RGB.png Graphic file (type png)
 <use solido_networks_solid_RGB.png>
Package pdftex.def Info: solido_networks_solid_RGB.png used on input line 170.
(pdftex.def)             Requested size: 113.81102pt x 43.92589pt.

Overfull \vbox (45.39008pt too high) has occurred while \output is active []


[13 </userdata/projects/github/security-courses/images/duosecurity-overview.png
>] <google-backup-codes.png, id=102, 318.18875pt x 204.765pt>
File: google-backup-codes.png Graphic file (type png)

<use google-backup-codes.png>
Package pdftex.def Info: google-backup-codes.png used on input line 174.
(pdftex.def)             Requested size: 256.0748pt x 164.79016pt.
File: solido_networks_solid_RGB.png Graphic file (type png)
 <use solido_networks_solid_RGB.png>
Package pdftex.def Info: solido_networks_solid_RGB.png used on input line 184.
(pdftex.def)             Requested size: 113.81102pt x 43.92589pt.

Overfull \vbox (45.39008pt too high) has occurred while \output is active []


[14 </userdata/projects/github/security-courses/images/google-backup-codes.png>
]
File: solido_networks_solid_RGB.png Graphic file (type png)
 <use solido_networks_solid_RGB.png>
Package pdftex.def Info: solido_networks_solid_RGB.png used on input line 207.
(pdftex.def)             Requested size: 113.81102pt x 43.92589pt.

Overfull \vbox (45.39008pt too high) has occurred while \output is active []


[15]
Underfull \hbox (badness 10000) in paragraph at lines 210--211

 []

LaTeX Font Info:    Font shape `OT1/phv/bx/n' in size <20.74> not available
(Font)              Font shape `OT1/phv/b/n' tried instead on input line 214.

Overfull \hbox (560.3107pt too wide) in paragraph at lines 224--226
[][]$\OT1/pcr/m/n/20.74 http : / / arstechnica . com / security / 2013 / 03 / c
isco-[]switches-[]to-[]weaker-[]hashing-[]scheme-[]passwords-[]cracked-[]wide-[
]open/$[][] 
 []

File: solido_networks_solid_RGB.png Graphic file (type png)
<use solido_networks_solid_RGB.png>
Package pdftex.def Info: solido_networks_solid_RGB.png used on input line 229.
(pdftex.def)             Requested size: 113.81102pt x 43.92589pt.

Overfull \vbox (45.39008pt too high) has occurred while \output is active []


[16]
File: solido_networks_solid_RGB.png Graphic file (type png)
 <use solido_networks_solid_RGB.png>
Package pdftex.def Info: solido_networks_solid_RGB.png used on input line 254.
(pdftex.def)             Requested size: 113.81102pt x 43.92589pt.

Overfull \vbox (45.39008pt too high) has occurred while \output is active []


[17] <HTTPS_Everywhere_new_logo.jpg, id=122, 361.35pt x 312.16624pt>
File: HTTPS_Everywhere_new_logo.jpg Graphic file (type jpg)

<use HTTPS_Everywhere_new_logo.jpg>
Package pdftex.def Info: HTTPS_Everywhere_new_logo.jpg used on input line 256.
(pdftex.def)             Requested size: 142.26378pt x 122.90181pt.
File: solido_networks_solid_RGB.png Graphic file (type png)
 <use solido_networks_solid_RGB.png>
Package pdftex.def Info: solido_networks_solid_RGB.png used on input line 265.
(pdftex.def)             Requested size: 113.81102pt x 43.92589pt.

Overfull \vbox (45.39008pt too high) has occurred while \output is active []


[18 </userdata/projects/github/security-courses/images/HTTPS_Everywhere_new_log
o.jpg>]
File: solido_networks_solid_RGB.png Graphic file (type png)
 <use solido_networks_solid_RGB.png>
Package pdftex.def Info: solido_networks_solid_RGB.png used on input line 271.
(pdftex.def)             Requested size: 113.81102pt x 43.92589pt.

Overfull \vbox (45.39008pt too high) has occurred while \output is active []


[19]
File: solido_networks_solid_RGB.png Graphic file (type png)
 <use solido_networks_solid_RGB.png>
Package pdftex.def Info: solido_networks_solid_RGB.png used on input line 287.
(pdftex.def)             Requested size: 113.81102pt x 43.92589pt.

Overfull \vbox (45.39008pt too high) has occurred while \output is active []


[20] <buffer-overflow-1.pdf, id=137, 464.73625pt x 173.64874pt>
File: buffer-overflow-1.pdf Graphic file (type pdf)

<use buffer-overflow-1.pdf>
Package pdftex.def Info: buffer-overflow-1.pdf used on input line 289.
(pdftex.def)             Requested size: 569.05511pt x 212.6487pt.
LaTeX Font Info:    Try loading font information for OMS+pcr on input line 293.


(/usr/local/texlive/2012/texmf-dist/tex/latex/psnfss/omspcr.fd
File: omspcr.fd 
)
LaTeX Font Info:    Font shape `OMS/pcr/m/n' in size <20.74> not available
(Font)              Font shape `OMS/cmsy/m/n' tried instead on input line 293.
File: solido_networks_solid_RGB.png Graphic file (type png)

<use solido_networks_solid_RGB.png>
Package pdftex.def Info: solido_networks_solid_RGB.png used on input line 300.
(pdftex.def)             Requested size: 113.81102pt x 43.92589pt.

Overfull \vbox (45.39008pt too high) has occurred while \output is active []


[21 </userdata/projects/github/security-courses/images/buffer-overflow-1.pdf>]
<buffer-overflow-2.pdf, id=175, 464.73625pt x 199.74625pt>
File: buffer-overflow-2.pdf Graphic file (type pdf)

<use buffer-overflow-2.pdf>
Package pdftex.def Info: buffer-overflow-2.pdf used on input line 302.
(pdftex.def)             Requested size: 569.05511pt x 244.60747pt.
File: solido_networks_solid_RGB.png Graphic file (type png)
 <use solido_networks_solid_RGB.png>
Package pdftex.def Info: solido_networks_solid_RGB.png used on input line 312.
(pdftex.def)             Requested size: 113.81102pt x 43.92589pt.

Overfull \vbox (45.39008pt too high) has occurred while \output is active []


[22 </userdata/projects/github/security-courses/images/buffer-overflow-2.pdf>]
File: solido_networks_solid_RGB.png Graphic file (type png)

<use solido_networks_solid_RGB.png>
Package pdftex.def Info: solido_networks_solid_RGB.png used on input line 325.
(pdftex.def)             Requested size: 113.81102pt x 43.92589pt.

Overfull \vbox (45.39008pt too high) has occurred while \output is active []


[23]
Overfull \hbox (20.71869pt too wide) in paragraph at lines 334--334
[]\OT1/pcr/m/n/20.74 $len = 201; // what is needed to overflow, maybe 201, mayb
e more![] 
 []

File: solido_networks_solid_RGB.png Graphic file (type png)
<use solido_networks_solid_RGB.png>
Package pdftex.def Info: solido_networks_solid_RGB.png used on input line 348.
(pdftex.def)             Requested size: 113.81102pt x 43.92589pt.

Overfull \vbox (45.39008pt too high) has occurred while \output is active []


[24]
File: solido_networks_solid_RGB.png Graphic file (type png)
 <use solido_networks_solid_RGB.png>
Package pdftex.def Info: solido_networks_solid_RGB.png used on input line 360.
(pdftex.def)             Requested size: 113.81102pt x 43.92589pt.

Overfull \vbox (45.39008pt too high) has occurred while \output is active []


[25]
File: solido_networks_solid_RGB.png Graphic file (type png)
 <use solido_networks_solid_RGB.png>
Package pdftex.def Info: solido_networks_solid_RGB.png used on input line 372.
(pdftex.def)             Requested size: 113.81102pt x 43.92589pt.

Overfull \vbox (45.39008pt too high) has occurred while \output is active []


[26]
File: solido_networks_solid_RGB.png Graphic file (type png)
 <use solido_networks_solid_RGB.png>
Package pdftex.def Info: solido_networks_solid_RGB.png used on input line 392.
(pdftex.def)             Requested size: 113.81102pt x 43.92589pt.

Overfull \vbox (45.39008pt too high) has occurred while \output is active []


[27] <tomcat-exploit-bid-6721.png, id=234, 585.18625pt x 202.7575pt>
File: tomcat-exploit-bid-6721.png Graphic file (type png)

<use tomcat-exploit-bid-6721.png>
Package pdftex.def Info: tomcat-exploit-bid-6721.png used on input line 394.
(pdftex.def)             Requested size: 711.3189pt x 246.48514pt.
File: solido_networks_solid_RGB.png Graphic file (type png)
 <use solido_networks_solid_RGB.png>
Package pdftex.def Info: solido_networks_solid_RGB.png used on input line 403.
(pdftex.def)             Requested size: 113.81102pt x 43.92589pt.

Overfull \vbox (45.39008pt too high) has occurred while \output is active []


[28 </userdata/projects/github/security-courses/images/tomcat-exploit-bid-6721.
png>] <tomcat-exploit-bid-6721-result.png, id=240, 1029.8475pt x 413.545pt>
File: tomcat-exploit-bid-6721-result.png Graphic file (type png)

<use tomcat-exploit-bid-6721-result.png>
Package pdftex.def Info: tomcat-exploit-bid-6721-result.png used on input line 
405.
(pdftex.def)             Requested size: 711.3189pt x 285.64293pt.
File: solido_networks_solid_RGB.png Graphic file (type png)
 <use solido_networks_solid_RGB.png>
Package pdftex.def Info: solido_networks_solid_RGB.png used on input line 409.
(pdftex.def)             Requested size: 113.81102pt x 43.92589pt.

Overfull \vbox (45.39008pt too high) has occurred while \output is active []


[29 </userdata/projects/github/security-courses/images/tomcat-exploit-bid-6721-
result.png>]
<tomcat-exploit-bid-6721-non-result.png, id=245, 1042.89626pt x 220.825pt>
File: tomcat-exploit-bid-6721-non-result.png Graphic file (type png)

<use tomcat-exploit-bid-6721-non-result.png>
Package pdftex.def Info: tomcat-exploit-bid-6721-non-result.png used on input l
ine 411.
(pdftex.def)             Requested size: 711.3189pt x 150.61725pt.
File: solido_networks_solid_RGB.png Graphic file (type png)

<use solido_networks_solid_RGB.png>
Package pdftex.def Info: solido_networks_solid_RGB.png used on input line 417.
(pdftex.def)             Requested size: 113.81102pt x 43.92589pt.

Overfull \vbox (45.39008pt too high) has occurred while \output is active []


[30 </userdata/projects/github/security-courses/images/tomcat-exploit-bid-6721-
non-result.png>]
Overfull \hbox (8.27469pt too wide) in paragraph at lines 427--429
[][]$\OT1/pcr/m/n/20.74 http : / / samate . nist . gov / index . php / Source _
 Code _ Security _ Analyzers .
 []

File: solido_networks_solid_RGB.png Graphic file (type png)
<use solido_networks_solid_RGB.png>
Package pdftex.def Info: solido_networks_solid_RGB.png used on input line 434.
(pdftex.def)             Requested size: 113.81102pt x 43.92589pt.

Overfull \vbox (45.39008pt too high) has occurred while \output is active []


[31]
File: solido_networks_solid_RGB.png Graphic file (type png)
 <use solido_networks_solid_RGB.png>
Package pdftex.def Info: solido_networks_solid_RGB.png used on input line 451.
(pdftex.def)             Requested size: 113.81102pt x 43.92589pt.

Overfull \vbox (45.39008pt too high) has occurred while \output is active []


[32]
File: solido_networks_solid_RGB.png Graphic file (type png)
 <use solido_networks_solid_RGB.png>
Package pdftex.def Info: solido_networks_solid_RGB.png used on input line 463.
(pdftex.def)             Requested size: 113.81102pt x 43.92589pt.

Overfull \vbox (45.39008pt too high) has occurred while \output is active []


[33]
File: solido_networks_solid_RGB.png Graphic file (type png)
 <use solido_networks_solid_RGB.png>
Package pdftex.def Info: solido_networks_solid_RGB.png used on input line 476.
(pdftex.def)             Requested size: 113.81102pt x 43.92589pt.

Overfull \vbox (45.39008pt too high) has occurred while \output is active []


[34]

LaTeX Warning: Characters dropped after `\end{verbatim}' on input line 498.

File: solido_networks_solid_RGB.png Graphic file (type png)
<use solido_networks_solid_RGB.png>
Package pdftex.def Info: solido_networks_solid_RGB.png used on input line 500.
(pdftex.def)             Requested size: 113.81102pt x 43.92589pt.

Overfull \vbox (45.39008pt too high) has occurred while \output is active []


[35] <tamper-data.png, id=276, 801.99625pt x 398.48875pt>
File: tamper-data.png Graphic file (type png)

<use tamper-data.png>
Package pdftex.def Info: tamper-data.png used on input line 503.
(pdftex.def)             Requested size: 398.33858pt x 197.92442pt.
File: solido_networks_solid_RGB.png Graphic file (type png)
 <use solido_networks_solid_RGB.png>
Package pdftex.def Info: solido_networks_solid_RGB.png used on input line 508.
(pdftex.def)             Requested size: 113.81102pt x 43.92589pt.

Overfull \vbox (45.39008pt too high) has occurred while \output is active []


[36 </userdata/projects/github/security-courses/images/tamper-data.png>]
<owasp.jpg, id=282, 326.21875pt x 60.225pt>
File: owasp.jpg Graphic file (type jpg)
 <use owasp.jpg>
Package pdftex.def Info: owasp.jpg used on input line 510.
(pdftex.def)             Requested size: 455.24408pt x 84.05249pt.
File: solido_networks_solid_RGB.png Graphic file (type png)

<use solido_networks_solid_RGB.png>
Package pdftex.def Info: solido_networks_solid_RGB.png used on input line 528.
(pdftex.def)             Requested size: 113.81102pt x 43.92589pt.

Overfull \vbox (45.39008pt too high) has occurred while \output is active []


[37 </userdata/projects/github/security-courses/images/owasp.jpg>]
File: solido_networks_solid_RGB.png Graphic file (type png)

<use solido_networks_solid_RGB.png>
Package pdftex.def Info: solido_networks_solid_RGB.png used on input line 548.
(pdftex.def)             Requested size: 113.81102pt x 43.92589pt.

Overfull \vbox (45.39008pt too high) has occurred while \output is active []


[38]
File: solido_networks_solid_RGB.png Graphic file (type png)
 <use solido_networks_solid_RGB.png>
Package pdftex.def Info: solido_networks_solid_RGB.png used on input line 569.
(pdftex.def)             Requested size: 113.81102pt x 43.92589pt.

Overfull \vbox (45.39008pt too high) has occurred while \output is active []


[39]
File: solido_networks_solid_RGB.png Graphic file (type png)
 <use solido_networks_solid_RGB.png>
Package pdftex.def Info: solido_networks_solid_RGB.png used on input line 581.
(pdftex.def)             Requested size: 113.81102pt x 43.92589pt.

Overfull \vbox (45.39008pt too high) has occurred while \output is active []


[40] <cwe-mitre-org.png, id=302, 703.62875pt x 351.3125pt>
File: cwe-mitre-org.png Graphic file (type png)

<use cwe-mitre-org.png>
Package pdftex.def Info: cwe-mitre-org.png used on input line 583.
(pdftex.def)             Requested size: 625.96062pt x 312.53311pt.
File: solido_networks_solid_RGB.png Graphic file (type png)
 <use solido_networks_solid_RGB.png>
Package pdftex.def Info: solido_networks_solid_RGB.png used on input line 586.
(pdftex.def)             Requested size: 113.81102pt x 43.92589pt.

Overfull \vbox (45.39008pt too high) has occurred while \output is active []


[41 </userdata/projects/github/security-courses/images/cwe-mitre-org.png>]
<cwe-monster-mitigations.png, id=308, 759.83875pt x 566.115pt>
File: cwe-monster-mitigations.png Graphic file (type png)

<use cwe-monster-mitigations.png>
Package pdftex.def Info: cwe-monster-mitigations.png used on input line 588.
(pdftex.def)             Requested size: 512.1496pt x 381.5842pt.
File: solido_networks_solid_RGB.png Graphic file (type png)
 <use solido_networks_solid_RGB.png>
Package pdftex.def Info: solido_networks_solid_RGB.png used on input line 594.
(pdftex.def)             Requested size: 113.81102pt x 43.92589pt.

Overfull \vbox (45.39008pt too high) has occurred while \output is active []


[42 </userdata/projects/github/security-courses/images/cwe-monster-mitigations.
png>] <24-deadly.jpg, id=314, 301.125pt x 301.125pt>
File: 24-deadly.jpg Graphic file (type jpg)
 <use 24-deadly.jpg>
Package pdftex.def Info: 24-deadly.jpg used on input line 596.
(pdftex.def)             Requested size: 227.62204pt x 227.63055pt.
File: solido_networks_solid_RGB.png Graphic file (type png)

<use solido_networks_solid_RGB.png>
Package pdftex.def Info: solido_networks_solid_RGB.png used on input line 603.
(pdftex.def)             Requested size: 113.81102pt x 43.92589pt.

Overfull \vbox (45.39008pt too high) has occurred while \output is active []


[43 </userdata/projects/github/security-courses/images/24-deadly.jpg>]
<24-deadly-sins-close-up.png, id=320, 632.3625pt x 583.17876pt>
File: 24-deadly-sins-close-up.png Graphic file (type png)

<use 24-deadly-sins-close-up.png>
Package pdftex.def Info: 24-deadly-sins-close-up.png used on input line 605.
(pdftex.def)             Requested size: 455.24408pt x 419.84389pt.
File: solido_networks_solid_RGB.png Graphic file (type png)
 <use solido_networks_solid_RGB.png>
Package pdftex.def Info: solido_networks_solid_RGB.png used on input line 607.
(pdftex.def)             Requested size: 113.81102pt x 43.92589pt.

Overfull \vbox (45.39008pt too high) has occurred while \output is active []


[44 </userdata/projects/github/security-courses/images/24-deadly-sins-close-up.
png>]
File: solido_networks_solid_RGB.png Graphic file (type png)
 <use solido_networks_solid_RGB.png>
Package pdftex.def Info: solido_networks_solid_RGB.png used on input line 632.
(pdftex.def)             Requested size: 113.81102pt x 43.92589pt.

Overfull \vbox (45.39008pt too high) has occurred while \output is active []


[45]
File: solido_networks_solid_RGB.png Graphic file (type png)
 <use solido_networks_solid_RGB.png>
Package pdftex.def Info: solido_networks_solid_RGB.png used on input line 649.
(pdftex.def)             Requested size: 113.81102pt x 43.92589pt.

Overfull \vbox (45.39008pt too high) has occurred while \output is active []


[46] <WebGoat.png, id=333, 223.83624pt x 139.52126pt>
File: WebGoat.png Graphic file (type png)
 <use WebGoat.png>
Package pdftex.def Info: WebGoat.png used on input line 651.
(pdftex.def)             Requested size: 398.33858pt x 248.31723pt.
File: solido_networks_solid_RGB.png Graphic file (type png)

<use solido_networks_solid_RGB.png>
Package pdftex.def Info: solido_networks_solid_RGB.png used on input line 661.
(pdftex.def)             Requested size: 113.81102pt x 43.92589pt.

Overfull \vbox (45.39008pt too high) has occurred while \output is active []


[47 </userdata/projects/github/security-courses/images/WebGoat.png>]
<WebGoat-overview.png, id=340, 1012.78375pt x 779.91376pt>
File: WebGoat-overview.png Graphic file (type png)

<use WebGoat-overview.png>
Package pdftex.def Info: WebGoat-overview.png used on input line 663.
(pdftex.def)             Requested size: 540.60236pt x 416.30365pt.
File: solido_networks_solid_RGB.png Graphic file (type png)
 <use solido_networks_solid_RGB.png>
Package pdftex.def Info: solido_networks_solid_RGB.png used on input line 665.
(pdftex.def)             Requested size: 113.81102pt x 43.92589pt.

Overfull \vbox (45.39008pt too high) has occurred while \output is active []


[48 </userdata/projects/github/security-courses/images/WebGoat-overview.png>]
File: solido_networks_solid_RGB.png Graphic file (type png)

<use solido_networks_solid_RGB.png>
Package pdftex.def Info: solido_networks_solid_RGB.png used on input line 684.
(pdftex.def)             Requested size: 113.81102pt x 43.92589pt.

Overfull \vbox (45.39008pt too high) has occurred while \output is active []


[49]
File: solido_networks_solid_RGB.png Graphic file (type png)
 <use solido_networks_solid_RGB.png>
Package pdftex.def Info: solido_networks_solid_RGB.png used on input line 703.
(pdftex.def)             Requested size: 113.81102pt x 43.92589pt.

Overfull \vbox (45.39008pt too high) has occurred while \output is active []


[50] <version2-dong-hackerkursus.png, id=358, 651.43375pt x 482.80376pt>
File: version2-dong-hackerkursus.png Graphic file (type png)

<use version2-dong-hackerkursus.png>
Package pdftex.def Info: version2-dong-hackerkursus.png used on input line 705.

(pdftex.def)             Requested size: 569.05511pt x 421.78186pt.
File: solido_networks_solid_RGB.png Graphic file (type png)
 <use solido_networks_solid_RGB.png>
Package pdftex.def Info: solido_networks_solid_RGB.png used on input line 708.
(pdftex.def)             Requested size: 113.81102pt x 43.92589pt.

Overfull \vbox (45.39008pt too high) has occurred while \output is active []


[51 </userdata/projects/github/security-courses/presentations/pentest/pentest-I
-foredrag/version2-dong-hackerkursus.png>]
Underfull \hbox (badness 10000) in paragraph at lines 723--724

 []

File: solido_networks_solid_RGB.png Graphic file (type png)
<use solido_networks_solid_RGB.png>
Package pdftex.def Info: solido_networks_solid_RGB.png used on input line 728.
(pdftex.def)             Requested size: 113.81102pt x 43.92589pt.

Overfull \vbox (45.39008pt too high) has occurred while \output is active []


[52] <kali-linux.png, id=368, 1015.795pt x 435.6275pt>
File: kali-linux.png Graphic file (type png)
 <use kali-linux.png>
Package pdftex.def Info: kali-linux.png used on input line 730.
(pdftex.def)             Requested size: 731.23582pt x 313.60503pt.
File: solido_networks_solid_RGB.png Graphic file (type png)

<use solido_networks_solid_RGB.png>
Package pdftex.def Info: solido_networks_solid_RGB.png used on input line 737.
(pdftex.def)             Requested size: 113.81102pt x 43.92589pt.

Overfull \vbox (45.39008pt too high) has occurred while \output is active []


[53 </userdata/projects/github/security-courses/images/kali-linux.png>]
<twitter-unix-security.png, id=375, 555.07375pt x 122.4575pt>
File: twitter-unix-security.png Graphic file (type png)

<use twitter-unix-security.png>
Package pdftex.def Info: twitter-unix-security.png used on input line 740.
(pdftex.def)             Requested size: 682.86613pt x 150.6517pt.
File: solido_networks_solid_RGB.png Graphic file (type png)
 <use solido_networks_solid_RGB.png>
Package pdftex.def Info: solido_networks_solid_RGB.png used on input line 752.
(pdftex.def)             Requested size: 113.81102pt x 43.92589pt.

Overfull \vbox (45.39008pt too high) has occurred while \output is active []


[54 </userdata/projects/github/security-courses/presentations/misc/tendenser-i-
sikkerhed/2011-march/images/twitter-unix-security.png>]
File: solido_networks_solid_RGB.png Graphic file (type png)

<use solido_networks_solid_RGB.png>
Package pdftex.def Info: solido_networks_solid_RGB.png used on input line 780.
(pdftex.def)             Requested size: 113.81102pt x 43.92589pt.

Overfull \vbox (45.39008pt too high) has occurred while \output is active []


[55]
Overfull \hbox (9.27469pt too wide) in paragraph at lines 787--789
[][]$\OT1/pcr/m/n/20.74 http : / / www . offensive-[]security . com / metasploi
t-[]unleashed / Main _ Page$[][] 
 []

File: solido_networks_solid_RGB.png Graphic file (type png)
<use solido_networks_solid_RGB.png>
Package pdftex.def Info: solido_networks_solid_RGB.png used on input line 794.
(pdftex.def)             Requested size: 113.81102pt x 43.92589pt.

Overfull \vbox (45.39008pt too high) has occurred while \output is active []


[56] <exploit-db.png, id=395, 926.46124pt x 560.0925pt>
File: exploit-db.png Graphic file (type png)
 <use exploit-db.png>
Package pdftex.def Info: exploit-db.png used on input line 796.
(pdftex.def)             Requested size: 569.05511pt x 344.02325pt.
File: solido_networks_solid_RGB.png Graphic file (type png)

<use solido_networks_solid_RGB.png>
Package pdftex.def Info: solido_networks_solid_RGB.png used on input line 801.
(pdftex.def)             Requested size: 113.81102pt x 43.92589pt.

Overfull \vbox (45.39008pt too high) has occurred while \output is active []


[57 </userdata/projects/github/security-courses/images/exploit-db.png>]
<skipfish-screen.png, id=401, 803.0pt x 510.90875pt>
File: skipfish-screen.png Graphic file (type png)
 <use skipfish-screen.png>
Package pdftex.def Info: skipfish-screen.png used on input line 803.
(pdftex.def)             Requested size: 455.24408pt x 289.65405pt.
File: solido_networks_solid_RGB.png Graphic file (type png)

<use solido_networks_solid_RGB.png>
Package pdftex.def Info: solido_networks_solid_RGB.png used on input line 811.
(pdftex.def)             Requested size: 113.81102pt x 43.92589pt.

Overfull \vbox (45.39008pt too high) has occurred while \output is active []


[58 </userdata/projects/github/security-courses/images/skipfish-screen.png>]
<burp-suite-1.png, id=407, 594.22pt x 336.25626pt>
File: burp-suite-1.png Graphic file (type png)
 <use burp-suite-1.png>
Package pdftex.def Info: burp-suite-1.png used on input line 813.
(pdftex.def)             Requested size: 540.60236pt x 305.92697pt.
File: solido_networks_solid_RGB.png Graphic file (type png)

<use solido_networks_solid_RGB.png>
Package pdftex.def Info: solido_networks_solid_RGB.png used on input line 821.
(pdftex.def)             Requested size: 113.81102pt x 43.92589pt.

Overfull \vbox (45.39008pt too high) has occurred while \output is active []


[59 </userdata/projects/github/security-courses/images/burp-suite-1.png>]
File: solido_networks_solid_RGB.png Graphic file (type png)

<use solido_networks_solid_RGB.png>
Package pdftex.def Info: solido_networks_solid_RGB.png used on input line 834.
(pdftex.def)             Requested size: 113.81102pt x 43.92589pt.

Overfull \vbox (45.39008pt too high) has occurred while \output is active []


[60] <images/web-app-hackers-handbook.jpeg, id=418, 115.43124pt x 146.5475pt>
File: images/web-app-hackers-handbook.jpeg Graphic file (type jpg)

<use images/web-app-hackers-handbook.jpeg>
Package pdftex.def Info: images/web-app-hackers-handbook.jpeg used on input lin
e 836.
(pdftex.def)             Requested size: 142.26378pt x 180.62576pt.
File: solido_networks_solid_RGB.png Graphic file (type png)
 <use solido_networks_solid_RGB.png>
Package pdftex.def Info: solido_networks_solid_RGB.png used on input line 848.
(pdftex.def)             Requested size: 113.81102pt x 43.92589pt.

Overfull \vbox (45.39008pt too high) has occurred while \output is active []


[61 </userdata/projects/github/security-courses/images/web-app-hackers-handbook
.jpeg>] <twitter-safety.png, id=424, 544.0325pt x 590.205pt>
File: twitter-safety.png Graphic file (type png)

<use twitter-safety.png>
Package pdftex.def Info: twitter-safety.png used on input line 851.
(pdftex.def)             Requested size: 284.52756pt x 308.69151pt.
File: solido_networks_solid_RGB.png Graphic file (type png)
 <use solido_networks_solid_RGB.png>
Package pdftex.def Info: solido_networks_solid_RGB.png used on input line 858.
(pdftex.def)             Requested size: 113.81102pt x 43.92589pt.

Overfull \vbox (45.39008pt too high) has occurred while \output is active []


[62 </userdata/projects/github/security-courses/images/twitter-safety.png>]
<twitter-security-feed.png, id=429, 546.04pt x 361.35pt>
File: twitter-security-feed.png Graphic file (type png)

<use twitter-security-feed.png>
Package pdftex.def Info: twitter-security-feed.png used on input line 860.
(pdftex.def)             Requested size: 512.1496pt x 338.94124pt.
File: solido_networks_solid_RGB.png Graphic file (type png)
 <use solido_networks_solid_RGB.png>
Package pdftex.def Info: solido_networks_solid_RGB.png used on input line 867.
(pdftex.def)             Requested size: 113.81102pt x 43.92589pt.

Overfull \vbox (45.39008pt too high) has occurred while \output is active []


[63 </userdata/projects/github/security-courses/images/twitter-security-feed.pn
g>] <michael-conrad.jpg, id=434, 361.35pt x 451.6875pt>
File: michael-conrad.jpg Graphic file (type jpg)

<use michael-conrad.jpg>
Package pdftex.def Info: michael-conrad.jpg used on input line 869.
(pdftex.def)             Requested size: 142.26378pt x 177.83221pt.
File: solido_networks_solid_RGB.png Graphic file (type png)
 <use solido_networks_solid_RGB.png>
Package pdftex.def Info: solido_networks_solid_RGB.png used on input line 882.
(pdftex.def)             Requested size: 113.81102pt x 43.92589pt.

Overfull \vbox (45.39008pt too high) has occurred while \output is active []


[64 </userdata/projects/github/security-courses/images/michael-conrad.jpg>]
<vikingscan-reklame.png, id=440, 666.49pt x 278.03876pt>
File: vikingscan-reklame.png Graphic file (type png)

<use vikingscan-reklame.png>
Package pdftex.def Info: vikingscan-reklame.png used on input line 884.
(pdftex.def)             Requested size: 512.1496pt x 213.66624pt.
Package atveryend Info: Empty hook `BeforeClearDocument' on input line 889.
File: solido_networks_solid_RGB.png Graphic file (type png)
 <use solido_networks_solid_RGB.png>
Package pdftex.def Info: solido_networks_solid_RGB.png used on input line 889.
(pdftex.def)             Requested size: 113.81102pt x 43.92589pt.

Overfull \vbox (45.39008pt too high) has occurred while \output is active []


[65 </userdata/projects/github/security-courses/images/vikingscan-reklame.png>]
Package atveryend Info: Empty hook `AfterLastShipout' on input line 889.
(./developer-awareness-2013.aux)
Package atveryend Info: Executing hook `AtVeryEndDocument' on input line 889.
Package atveryend Info: Executing hook `AtEndAfterFileList' on input line 889.
Package rerunfilecheck Info: File `developer-awareness-2013.out' has not change
d.
(rerunfilecheck)             Checksum: D41D8CD98F00B204E9800998ECF8427E;0.
Package atveryend Info: Empty hook `AtVeryVeryEnd' on input line 889.
 )
(\end occurred inside a group at level 1)

### simple group (level 1) entered at line 478 ({)
### bottom level 
Here is how much of TeX's memory you used:
 8416 strings out of 493488
 126332 string characters out of 3141347
 206566 words of memory out of 3000000
 11462 multiletter control sequences out of 15000+200000
 32583 words of font info for 70 fonts, out of 3000000 for 9000
 957 hyphenation exceptions out of 8191
 39i,13n,50p,332b,432s stack positions out of 5000i,500n,10000p,200000b,50000s
{/usr/local/texlive/2012/texmf-dist/fonts/enc/dvips/base/8r.enc
}</usr/local/texlive/2012/texmf-dist/fonts/type1/public/amsfonts/cm/cmsy10.pfb>
</usr/local/texlive/2012/texmf-dist/fonts/type1/public/amsfonts/cm/cmsy7.pfb></
usr/local/texlive/2012/texmf-dist/fonts/type1/urw/courier/ucrr8a.pfb></usr/loca
l/texlive/2012/texmf-dist/fonts/type1/urw/helvetic/uhvb8a.pfb></usr/local/texli
ve/2012/texmf-dist/fonts/type1/urw/helvetic/uhvr8a.pfb></usr/local/texlive/2012
/texmf-dist/fonts/type1/urw/helvetic/uhvro8a.pfb>
Output written on developer-awareness-2013.pdf (65 pages, 2892795 bytes).
PDF statistics:
 483 PDF objects out of 1000 (max. 8388607)
 66 named destinations out of 1000 (max. 500000)
 201 words of extra memory for PDF output out of 10000 (max. 10000000)

